<?xml version="1.0" encoding="UTF-8"?>
<testsuite xmlns:xsi="http://www.w3.org/2001/XMLSchema-instance" xsi:noNamespaceSchemaLocation="https://maven.apache.org/surefire/maven-failsafe-plugin/xsd/failsafe-test-report.xsd" name="ViewProfile" time="0.029" tests="1" errors="0" skipped="1" failures="0">
  <properties>
    <property name="sun.desktop" value="windows"/>
    <property name="awt.toolkit" value="sun.awt.windows.WToolkit"/>
    <property name="file.encoding.pkg" value="sun.io"/>
    <property name="java.specification.version" value="1.8"/>
    <property name="sun.cpu.isalist" value="amd64"/>
    <property name="sun.jnu.encoding" value="Cp1252"/>
    <property name="java.class.path" value="D:\PERKULIAHAN\SEMESTER 6\KAMPUS MERDEKA\New folder\17_Behaviour Driven Development\praktikum\TugasALTA\target\test-classes;D:\PERKULIAHAN\SEMESTER 6\KAMPUS MERDEKA\New folder\17_Behaviour Driven Development\praktikum\TugasALTA\target\TugasALTA-1.0-SNAPSHOT.jar;C:\Users\ACER\.m2\repository\ch\qos\logback\logback-classic\1.0.13\logback-classic-1.0.13.jar;C:\Users\ACER\.m2\repository\ch\qos\logback\logback-core\1.0.13\logback-core-1.0.13.jar;C:\Users\ACER\.m2\repository\org\slf4j\slf4j-api\1.7.5\slf4j-api-1.7.5.jar;C:\Users\ACER\.m2\repository\net\serenity-bdd\serenity-core\2.0.91\serenity-core-2.0.91.jar;C:\Users\ACER\.m2\repository\net\bytebuddy\byte-buddy\1.10.1\byte-buddy-1.10.1.jar;C:\Users\ACER\.m2\repository\net\bytebuddy\byte-buddy-agent\1.10.1\byte-buddy-agent-1.10.1.jar;C:\Users\ACER\.m2\repository\com\google\guava\guava\25.0-jre\guava-25.0-jre.jar;C:\Users\ACER\.m2\repository\com\google\code\findbugs\jsr305\1.3.9\jsr305-1.3.9.jar;C:\Users\ACER\.m2\repository\org\checkerframework\checker-compat-qual\2.0.0\checker-compat-qual-2.0.0.jar;C:\Users\ACER\.m2\repository\com\google\errorprone\error_prone_annotations\2.1.3\error_prone_annotations-2.1.3.jar;C:\Users\ACER\.m2\repository\com\google\j2objc\j2objc-annotations\1.1\j2objc-annotations-1.1.jar;C:\Users\ACER\.m2\repository\org\codehaus\mojo\animal-sniffer-annotations\1.14\animal-sniffer-annotations-1.14.jar;C:\Users\ACER\.m2\repository\com\google\inject\guice\4.2.2\guice-4.2.2.jar;C:\Users\ACER\.m2\repository\javax\inject\javax.inject\1\javax.inject-1.jar;C:\Users\ACER\.m2\repository\aopalliance\aopalliance\1.0\aopalliance-1.0.jar;C:\Users\ACER\.m2\repository\org\ow2\asm\asm\7.2\asm-7.2.jar;C:\Users\ACER\.m2\repository\commons-codec\commons-codec\1.10\commons-codec-1.10.jar;C:\Users\ACER\.m2\repository\org\objenesis\objenesis\3.0.1\objenesis-3.0.1.jar;C:\Users\ACER\.m2\repository\xml-apis\xml-apis\1.4.01\xml-apis-1.4.01.jar;C:\Users\ACER\.m2\repository\commons-logging\commons-logging\1.2\commons-logging-1.2.jar;C:\Users\ACER\.m2\repository\io\vavr\vavr\0.9.0\vavr-0.9.0.jar;C:\Users\ACER\.m2\repository\io\vavr\vavr-match\0.9.0\vavr-match-0.9.0.jar;C:\Users\ACER\.m2\repository\javax\xml\bind\jaxb-api\2.2.12\jaxb-api-2.2.12.jar;C:\Users\ACER\.m2\repository\com\sun\xml\bind\jaxb-core\2.3.0.1\jaxb-core-2.3.0.1.jar;C:\Users\ACER\.m2\repository\com\sun\xml\bind\jaxb-impl\2.3.0.1\jaxb-impl-2.3.0.1.jar;C:\Users\ACER\.m2\repository\javax\activation\activation\1.1.1\activation-1.1.1.jar;C:\Users\ACER\.m2\repository\org\mockito\mockito-core\3.1.0\mockito-core-3.1.0.jar;C:\Users\ACER\.m2\repository\net\serenity-bdd\serenity-report-resources\2.0.91\serenity-report-resources-2.0.91.jar;C:\Users\ACER\.m2\repository\net\serenity-bdd\serenity-model\2.0.91\serenity-model-2.0.91.jar;C:\Users\ACER\.m2\repository\commons-net\commons-net\3.6\commons-net-3.6.jar;C:\Users\ACER\.m2\repository\org\apache\commons\commons-text\1.6\commons-text-1.6.jar;C:\Users\ACER\.m2\repository\es\nitaur\markdown\txtmark\0.16\txtmark-0.16.jar;C:\Users\ACER\.m2\repository\net\serenity-bdd\serenity-reports\2.0.91\serenity-reports-2.0.91.jar;C:\Users\ACER\.m2\repository\net\serenity-bdd\serenity-stats\2.0.91\serenity-stats-2.0.91.jar;C:\Users\ACER\.m2\repository\org\jetbrains\kotlin\kotlin-stdlib\1.3.31\kotlin-stdlib-1.3.31.jar;C:\Users\ACER\.m2\repository\org\jetbrains\kotlin\kotlin-stdlib-common\1.3.31\kotlin-stdlib-common-1.3.31.jar;C:\Users\ACER\.m2\repository\org\jetbrains\annotations\13.0\annotations-13.0.jar;C:\Users\ACER\.m2\repository\com\google\code\gson\gson\2.8.4\gson-2.8.4.jar;C:\Users\ACER\.m2\repository\commons-io\commons-io\2.6\commons-io-2.6.jar;C:\Users\ACER\.m2\repository\org\seleniumhq\selenium\selenium-server\3.141.59\selenium-server-3.141.59.jar;C:\Users\ACER\.m2\repository\org\seleniumhq\selenium\selenium-firefox-driver\3.141.59\selenium-firefox-driver-3.141.59.jar;C:\Users\ACER\.m2\repository\org\seleniumhq\selenium\selenium-ie-driver\3.141.59\selenium-ie-driver-3.141.59.jar;C:\Users\ACER\.m2\repository\com\beust\jcommander\1.72\jcommander-1.72.jar;C:\Users\ACER\.m2\repository\org\apache\commons\commons-exec\1.3\commons-exec-1.3.jar;C:\Users\ACER\.m2\repository\net\jcip\jcip-annotations\1.0\jcip-annotations-1.0.jar;C:\Users\ACER\.m2\repository\org\seleniumhq\selenium\jetty-repacked\9.4.12.v20180830\jetty-repacked-9.4.12.v20180830.jar;C:\Users\ACER\.m2\repository\com\squareup\okhttp3\okhttp\3.11.0\okhttp-3.11.0.jar;C:\Users\ACER\.m2\repository\com\squareup\okio\okio\1.14.0\okio-1.14.0.jar;C:\Users\ACER\.m2\repository\javax\servlet\javax.servlet-api\3.1.0\javax.servlet-api-3.1.0.jar;C:\Users\ACER\.m2\repository\org\yaml\snakeyaml\1.19\snakeyaml-1.19.jar;C:\Users\ACER\.m2\repository\org\seleniumhq\selenium\selenium-java\3.141.59\selenium-java-3.141.59.jar;C:\Users\ACER\.m2\repository\org\seleniumhq\selenium\selenium-api\3.141.59\selenium-api-3.141.59.jar;C:\Users\ACER\.m2\repository\org\seleniumhq\selenium\selenium-chrome-driver\3.141.59\selenium-chrome-driver-3.141.59.jar;C:\Users\ACER\.m2\repository\org\seleniumhq\selenium\selenium-edge-driver\3.141.59\selenium-edge-driver-3.141.59.jar;C:\Users\ACER\.m2\repository\org\seleniumhq\selenium\selenium-remote-driver\3.141.59\selenium-remote-driver-3.141.59.jar;C:\Users\ACER\.m2\repository\org\seleniumhq\selenium\selenium-safari-driver\3.141.59\selenium-safari-driver-3.141.59.jar;C:\Users\ACER\.m2\repository\org\seleniumhq\selenium\selenium-opera-driver\3.141.59\selenium-opera-driver-3.141.59.jar;C:\Users\ACER\.m2\repository\org\seleniumhq\selenium\selenium-support\3.141.59\selenium-support-3.141.59.jar;C:\Users\ACER\.m2\repository\com\paulhammant\ngwebdriver\1.1.4\ngwebdriver-1.1.4.jar;C:\Users\ACER\.m2\repository\com\codeborne\phantomjsdriver\1.4.4\phantomjsdriver-1.4.4.jar;C:\Users\ACER\.m2\repository\org\seleniumhq\selenium\htmlunit-driver\2.36.0\htmlunit-driver-2.36.0.jar;C:\Users\ACER\.m2\repository\io\appium\java-client\7.3.0\java-client-7.3.0.jar;C:\Users\ACER\.m2\repository\commons-validator\commons-validator\1.6\commons-validator-1.6.jar;C:\Users\ACER\.m2\repository\commons-beanutils\commons-beanutils\1.9.2\commons-beanutils-1.9.2.jar;C:\Users\ACER\.m2\repository\commons-digester\commons-digester\1.8.1\commons-digester-1.8.1.jar;C:\Users\ACER\.m2\repository\org\aspectj\aspectjweaver\1.9.4\aspectjweaver-1.9.4.jar;C:\Users\ACER\.m2\repository\org\springframework\spring-context-support\5.1.2.RELEASE\spring-context-support-5.1.2.RELEASE.jar;C:\Users\ACER\.m2\repository\org\springframework\spring-beans\5.1.2.RELEASE\spring-beans-5.1.2.RELEASE.jar;C:\Users\ACER\.m2\repository\org\springframework\spring-context\5.1.2.RELEASE\spring-context-5.1.2.RELEASE.jar;C:\Users\ACER\.m2\repository\org\springframework\spring-aop\5.1.2.RELEASE\spring-aop-5.1.2.RELEASE.jar;C:\Users\ACER\.m2\repository\org\springframework\spring-expression\5.1.2.RELEASE\spring-expression-5.1.2.RELEASE.jar;C:\Users\ACER\.m2\repository\org\springframework\spring-core\5.1.2.RELEASE\spring-core-5.1.2.RELEASE.jar;C:\Users\ACER\.m2\repository\org\springframework\spring-jcl\5.1.2.RELEASE\spring-jcl-5.1.2.RELEASE.jar;C:\Users\ACER\.m2\repository\org\codehaus\groovy\groovy\2.5.5\groovy-2.5.5.jar;C:\Users\ACER\.m2\repository\net\sf\opencsv\opencsv\2.0\opencsv-2.0.jar;C:\Users\ACER\.m2\repository\commons-beanutils\commons-beanutils-core\1.8.3\commons-beanutils-core-1.8.3.jar;C:\Users\ACER\.m2\repository\joda-time\joda-time\2.7\joda-time-2.7.jar;C:\Users\ACER\.m2\repository\com\thoughtworks\xstream\xstream\1.4.9\xstream-1.4.9.jar;C:\Users\ACER\.m2\repository\xmlpull\xmlpull\1.1.3.1\xmlpull-1.1.3.1.jar;C:\Users\ACER\.m2\repository\xpp3\xpp3_min\1.1.4c\xpp3_min-1.1.4c.jar;C:\Users\ACER\.m2\repository\org\apache\commons\commons-lang3\3.8.1\commons-lang3-3.8.1.jar;C:\Users\ACER\.m2\repository\commons-collections\commons-collections\3.2.2\commons-collections-3.2.2.jar;C:\Users\ACER\.m2\repository\org\freemarker\freemarker\2.3.28\freemarker-2.3.28.jar;C:\Users\ACER\.m2\repository\net\sourceforge\jexcelapi\jxl\2.6.12\jxl-2.6.12.jar;C:\Users\ACER\.m2\repository\org\hamcrest\hamcrest-core\1.3\hamcrest-core-1.3.jar;C:\Users\ACER\.m2\repository\org\hamcrest\hamcrest-library\1.3\hamcrest-library-1.3.jar;C:\Users\ACER\.m2\repository\net\sourceforge\htmlunit\htmlunit\2.36.0\htmlunit-2.36.0.jar;C:\Users\ACER\.m2\repository\net\sourceforge\htmlunit\htmlunit-core-js\2.36.0\htmlunit-core-js-2.36.0.jar;C:\Users\ACER\.m2\repository\net\sourceforge\htmlunit\neko-htmlunit\2.36.0\neko-htmlunit-2.36.0.jar;C:\Users\ACER\.m2\repository\xerces\xercesImpl\2.12.0\xercesImpl-2.12.0.jar;C:\Users\ACER\.m2\repository\net\sourceforge\htmlunit\htmlunit-cssparser\1.5.0\htmlunit-cssparser-1.5.0.jar;C:\Users\ACER\.m2\repository\org\brotli\dec\0.1.2\dec-0.1.2.jar;C:\Users\ACER\.m2\repository\org\eclipse\jetty\websocket\websocket-client\9.4.20.v20190813\websocket-client-9.4.20.v20190813.jar;C:\Users\ACER\.m2\repository\org\eclipse\jetty\jetty-client\9.4.20.v20190813\jetty-client-9.4.20.v20190813.jar;C:\Users\ACER\.m2\repository\org\eclipse\jetty\jetty-http\9.4.20.v20190813\jetty-http-9.4.20.v20190813.jar;C:\Users\ACER\.m2\repository\org\eclipse\jetty\jetty-xml\9.4.20.v20190813\jetty-xml-9.4.20.v20190813.jar;C:\Users\ACER\.m2\repository\org\eclipse\jetty\jetty-util\9.4.20.v20190813\jetty-util-9.4.20.v20190813.jar;C:\Users\ACER\.m2\repository\org\eclipse\jetty\jetty-io\9.4.20.v20190813\jetty-io-9.4.20.v20190813.jar;C:\Users\ACER\.m2\repository\org\eclipse\jetty\websocket\websocket-common\9.4.20.v20190813\websocket-common-9.4.20.v20190813.jar;C:\Users\ACER\.m2\repository\org\eclipse\jetty\websocket\websocket-api\9.4.20.v20190813\websocket-api-9.4.20.v20190813.jar;C:\Users\ACER\.m2\repository\org\apache\httpcomponents\httpclient\4.5.5\httpclient-4.5.5.jar;C:\Users\ACER\.m2\repository\org\apache\httpcomponents\httpcore\4.4.9\httpcore-4.4.9.jar;C:\Users\ACER\.m2\repository\org\apache\httpcomponents\httpmime\4.5.5\httpmime-4.5.5.jar;C:\Users\ACER\.m2\repository\org\fluentlenium\fluentlenium-core\0.10.2\fluentlenium-core-0.10.2.jar;C:\Users\ACER\.m2\repository\com\jhlabs\filters\2.0.235\filters-2.0.235.jar;C:\Users\ACER\.m2\repository\org\asciidoctor\asciidoctorj\1.5.6\asciidoctorj-1.5.6.jar;C:\Users\ACER\.m2\repository\org\jruby\jruby-complete\1.7.26\jruby-complete-1.7.26.jar;C:\Users\ACER\.m2\repository\org\imgscalr\imgscalr-lib\4.2\imgscalr-lib-4.2.jar;C:\Users\ACER\.m2\repository\javax\el\javax.el-api\2.2.4\javax.el-api-2.2.4.jar;C:\Users\ACER\.m2\repository\org\glassfish\web\javax.el\2.2.4\javax.el-2.2.4.jar;C:\Users\ACER\.m2\repository\xalan\xalan\2.7.2\xalan-2.7.2.jar;C:\Users\ACER\.m2\repository\xalan\serializer\2.7.2\serializer-2.7.2.jar;C:\Users\ACER\.m2\repository\org\awaitility\awaitility\4.0.1\awaitility-4.0.1.jar;C:\Users\ACER\.m2\repository\org\hamcrest\hamcrest\2.1\hamcrest-2.1.jar;C:\Users\ACER\.m2\repository\com\typesafe\config\1.3.1\config-1.3.1.jar;C:\Users\ACER\.m2\repository\org\jsoup\jsoup\1.10.3\jsoup-1.10.3.jar;C:\Users\ACER\.m2\repository\com\google\jimfs\jimfs\1.1\jimfs-1.1.jar;C:\Users\ACER\.m2\repository\com\vladsch\flexmark\flexmark-all\0.34.30\flexmark-all-0.34.30.jar;C:\Users\ACER\.m2\repository\com\vladsch\flexmark\flexmark\0.34.30\flexmark-0.34.30.jar;C:\Users\ACER\.m2\repository\com\vladsch\flexmark\flexmark-ext-abbreviation\0.34.30\flexmark-ext-abbreviation-0.34.30.jar;C:\Users\ACER\.m2\repository\com\vladsch\flexmark\flexmark-ext-admonition\0.34.30\flexmark-ext-admonition-0.34.30.jar;C:\Users\ACER\.m2\repository\com\vladsch\flexmark\flexmark-ext-anchorlink\0.34.30\flexmark-ext-anchorlink-0.34.30.jar;C:\Users\ACER\.m2\repository\com\vladsch\flexmark\flexmark-ext-aside\0.34.30\flexmark-ext-aside-0.34.30.jar;C:\Users\ACER\.m2\repository\com\vladsch\flexmark\flexmark-ext-attributes\0.34.30\flexmark-ext-attributes-0.34.30.jar;C:\Users\ACER\.m2\repository\com\vladsch\flexmark\flexmark-ext-autolink\0.34.30\flexmark-ext-autolink-0.34.30.jar;C:\Users\ACER\.m2\repository\org\nibor\autolink\autolink\0.6.0\autolink-0.6.0.jar;C:\Users\ACER\.m2\repository\com\vladsch\flexmark\flexmark-ext-definition\0.34.30\flexmark-ext-definition-0.34.30.jar;C:\Users\ACER\.m2\repository\com\vladsch\flexmark\flexmark-ext-emoji\0.34.30\flexmark-ext-emoji-0.34.30.jar;C:\Users\ACER\.m2\repository\com\vladsch\flexmark\flexmark-ext-enumerated-reference\0.34.30\flexmark-ext-enumerated-reference-0.34.30.jar;C:\Users\ACER\.m2\repository\com\vladsch\flexmark\flexmark-ext-escaped-character\0.34.30\flexmark-ext-escaped-character-0.34.30.jar;C:\Users\ACER\.m2\repository\com\vladsch\flexmark\flexmark-ext-footnotes\0.34.30\flexmark-ext-footnotes-0.34.30.jar;C:\Users\ACER\.m2\repository\com\vladsch\flexmark\flexmark-ext-gfm-issues\0.34.30\flexmark-ext-gfm-issues-0.34.30.jar;C:\Users\ACER\.m2\repository\com\vladsch\flexmark\flexmark-ext-gfm-strikethrough\0.34.30\flexmark-ext-gfm-strikethrough-0.34.30.jar;C:\Users\ACER\.m2\repository\com\vladsch\flexmark\flexmark-ext-gfm-tables\0.34.30\flexmark-ext-gfm-tables-0.34.30.jar;C:\Users\ACER\.m2\repository\com\vladsch\flexmark\flexmark-ext-gfm-tasklist\0.34.30\flexmark-ext-gfm-tasklist-0.34.30.jar;C:\Users\ACER\.m2\repository\com\vladsch\flexmark\flexmark-ext-gfm-users\0.34.30\flexmark-ext-gfm-users-0.34.30.jar;C:\Users\ACER\.m2\repository\com\vladsch\flexmark\flexmark-ext-gitlab\0.34.30\flexmark-ext-gitlab-0.34.30.jar;C:\Users\ACER\.m2\repository\com\vladsch\flexmark\flexmark-ext-jekyll-front-matter\0.34.30\flexmark-ext-jekyll-front-matter-0.34.30.jar;C:\Users\ACER\.m2\repository\com\vladsch\flexmark\flexmark-ext-jekyll-tag\0.34.30\flexmark-ext-jekyll-tag-0.34.30.jar;C:\Users\ACER\.m2\repository\com\vladsch\flexmark\flexmark-ext-media-tags\0.34.30\flexmark-ext-media-tags-0.34.30.jar;C:\Users\ACER\.m2\repository\com\vladsch\flexmark\flexmark-test-util\0.34.30\flexmark-test-util-0.34.30.jar;C:\Users\ACER\.m2\repository\com\vladsch\flexmark\flexmark-ext-ins\0.34.30\flexmark-ext-ins-0.34.30.jar;C:\Users\ACER\.m2\repository\com\vladsch\flexmark\flexmark-ext-xwiki-macros\0.34.30\flexmark-ext-xwiki-macros-0.34.30.jar;C:\Users\ACER\.m2\repository\com\vladsch\flexmark\flexmark-ext-superscript\0.34.30\flexmark-ext-superscript-0.34.30.jar;C:\Users\ACER\.m2\repository\com\vladsch\flexmark\flexmark-ext-tables\0.34.30\flexmark-ext-tables-0.34.30.jar;C:\Users\ACER\.m2\repository\com\vladsch\flexmark\flexmark-ext-toc\0.34.30\flexmark-ext-toc-0.34.30.jar;C:\Users\ACER\.m2\repository\com\vladsch\flexmark\flexmark-ext-typographic\0.34.30\flexmark-ext-typographic-0.34.30.jar;C:\Users\ACER\.m2\repository\com\vladsch\flexmark\flexmark-ext-wikilink\0.34.30\flexmark-ext-wikilink-0.34.30.jar;C:\Users\ACER\.m2\repository\com\vladsch\flexmark\flexmark-ext-yaml-front-matter\0.34.30\flexmark-ext-yaml-front-matter-0.34.30.jar;C:\Users\ACER\.m2\repository\com\vladsch\flexmark\flexmark-ext-youtube-embedded\0.34.30\flexmark-ext-youtube-embedded-0.34.30.jar;C:\Users\ACER\.m2\repository\com\vladsch\flexmark\flexmark-formatter\0.34.30\flexmark-formatter-0.34.30.jar;C:\Users\ACER\.m2\repository\com\vladsch\flexmark\flexmark-html-parser\0.34.30\flexmark-html-parser-0.34.30.jar;C:\Users\ACER\.m2\repository\com\vladsch\flexmark\flexmark-jira-converter\0.34.30\flexmark-jira-converter-0.34.30.jar;C:\Users\ACER\.m2\repository\com\vladsch\flexmark\flexmark-pdf-converter\0.34.30\flexmark-pdf-converter-0.34.30.jar;C:\Users\ACER\.m2\repository\com\openhtmltopdf\openhtmltopdf-core\0.0.1-RC13\openhtmltopdf-core-0.0.1-RC13.jar;C:\Users\ACER\.m2\repository\com\openhtmltopdf\openhtmltopdf-pdfbox\0.0.1-RC13\openhtmltopdf-pdfbox-0.0.1-RC13.jar;C:\Users\ACER\.m2\repository\org\apache\pdfbox\pdfbox\2.0.8\pdfbox-2.0.8.jar;C:\Users\ACER\.m2\repository\org\apache\pdfbox\fontbox\2.0.8\fontbox-2.0.8.jar;C:\Users\ACER\.m2\repository\org\apache\pdfbox\xmpbox\2.0.8\xmpbox-2.0.8.jar;C:\Users\ACER\.m2\repository\de\rototor\pdfbox\graphics2d\0.12\graphics2d-0.12.jar;C:\Users\ACER\.m2\repository\com\openhtmltopdf\openhtmltopdf-rtl-support\0.0.1-RC13\openhtmltopdf-rtl-support-0.0.1-RC13.jar;C:\Users\ACER\.m2\repository\com\ibm\icu\icu4j\59.1\icu4j-59.1.jar;C:\Users\ACER\.m2\repository\com\openhtmltopdf\openhtmltopdf-jsoup-dom-converter\0.0.1-RC13\openhtmltopdf-jsoup-dom-converter-0.0.1-RC13.jar;C:\Users\ACER\.m2\repository\com\vladsch\flexmark\flexmark-profile-pegdown\0.34.30\flexmark-profile-pegdown-0.34.30.jar;C:\Users\ACER\.m2\repository\com\vladsch\flexmark\flexmark-util\0.34.30\flexmark-util-0.34.30.jar;C:\Users\ACER\.m2\repository\com\vladsch\flexmark\flexmark-youtrack-converter\0.34.30\flexmark-youtrack-converter-0.34.30.jar;C:\Users\ACER\.m2\repository\io\cucumber\cucumber-java\4.8.0\cucumber-java-4.8.0.jar;C:\Users\ACER\.m2\repository\io\cucumber\cucumber-core\4.8.0\cucumber-core-4.8.0.jar;C:\Users\ACER\.m2\repository\io\cucumber\gherkin\5.1.0\gherkin-5.1.0.jar;C:\Users\ACER\.m2\repository\io\cucumber\tag-expressions\1.1.1\tag-expressions-1.1.1.jar;C:\Users\ACER\.m2\repository\io\cucumber\cucumber-expressions\7.0.2\cucumber-expressions-7.0.2.jar;C:\Users\ACER\.m2\repository\io\cucumber\datatable\1.1.14\datatable-1.1.14.jar;C:\Users\ACER\.m2\repository\io\cucumber\datatable-dependencies\1.1.14\datatable-dependencies-1.1.14.jar;C:\Users\ACER\.m2\repository\org\apiguardian\apiguardian-api\1.1.0\apiguardian-api-1.1.0.jar;C:\Users\ACER\.m2\repository\io\cucumber\cucumber-junit\4.8.0\cucumber-junit-4.8.0.jar;C:\Users\ACER\.m2\repository\net\serenity-bdd\serenity-junit\2.0.91\serenity-junit-2.0.91.jar;C:\Users\ACER\.m2\repository\net\serenity-bdd\serenity-screenplay\2.0.91\serenity-screenplay-2.0.91.jar;C:\Users\ACER\.m2\repository\net\serenity-bdd\serenity-screenplay-webdriver\2.0.91\serenity-screenplay-webdriver-2.0.91.jar;C:\Users\ACER\.m2\repository\net\serenity-bdd\serenity-cucumber4\2.1.2\serenity-cucumber4-2.1.2.jar;C:\Users\ACER\.m2\repository\io\cucumber\datatable-matchers\1.1.14\datatable-matchers-1.1.14.jar;C:\Users\ACER\.m2\repository\org\apache\commons\commons-csv\1.5\commons-csv-1.5.jar;C:\Users\ACER\.m2\repository\junit\junit\4.12\junit-4.12.jar;C:\Users\ACER\.m2\repository\org\assertj\assertj-core\3.6.2\assertj-core-3.6.2.jar;C:\Users\ACER\.m2\repository\org\hamcrest\hamcrest-all\1.3\hamcrest-all-1.3.jar;"/>
    <property name="java.vm.vendor" value="Oracle Corporation"/>
    <property name="sun.arch.data.model" value="64"/>
    <property name="user.variant" value=""/>
    <property name="java.vendor.url" value="http://java.oracle.com/"/>
    <property name="user.timezone" value="Asia/Bangkok"/>
    <property name="java.vm.specification.version" value="1.8"/>
    <property name="os.name" value="Windows 10"/>
    <property name="user.country" value="ID"/>
    <property name="sun.java.launcher" value="SUN_STANDARD"/>
    <property name="sun.boot.library.path" value="C:\Program Files\Java\jdk1.8.0_241\jre\bin"/>
    <property name="sun.java.command" value="C:\Users\ACER\AppData\Local\Temp\surefire6814783695719173576\surefirebooter6976799251022422648.jar C:\Users\ACER\AppData\Local\Temp\surefire6814783695719173576 2022-03-22T18-41-04_515-jvmRun1 surefire7692507405104924930tmp surefire_05733062594529742609tmp"/>
    <property name="surefire.test.class.path" value="D:\PERKULIAHAN\SEMESTER 6\KAMPUS MERDEKA\New folder\17_Behaviour Driven Development\praktikum\TugasALTA\target\test-classes;D:\PERKULIAHAN\SEMESTER 6\KAMPUS MERDEKA\New folder\17_Behaviour Driven Development\praktikum\TugasALTA\target\TugasALTA-1.0-SNAPSHOT.jar;C:\Users\ACER\.m2\repository\ch\qos\logback\logback-classic\1.0.13\logback-classic-1.0.13.jar;C:\Users\ACER\.m2\repository\ch\qos\logback\logback-core\1.0.13\logback-core-1.0.13.jar;C:\Users\ACER\.m2\repository\org\slf4j\slf4j-api\1.7.5\slf4j-api-1.7.5.jar;C:\Users\ACER\.m2\repository\net\serenity-bdd\serenity-core\2.0.91\serenity-core-2.0.91.jar;C:\Users\ACER\.m2\repository\net\bytebuddy\byte-buddy\1.10.1\byte-buddy-1.10.1.jar;C:\Users\ACER\.m2\repository\net\bytebuddy\byte-buddy-agent\1.10.1\byte-buddy-agent-1.10.1.jar;C:\Users\ACER\.m2\repository\com\google\guava\guava\25.0-jre\guava-25.0-jre.jar;C:\Users\ACER\.m2\repository\com\google\code\findbugs\jsr305\1.3.9\jsr305-1.3.9.jar;C:\Users\ACER\.m2\repository\org\checkerframework\checker-compat-qual\2.0.0\checker-compat-qual-2.0.0.jar;C:\Users\ACER\.m2\repository\com\google\errorprone\error_prone_annotations\2.1.3\error_prone_annotations-2.1.3.jar;C:\Users\ACER\.m2\repository\com\google\j2objc\j2objc-annotations\1.1\j2objc-annotations-1.1.jar;C:\Users\ACER\.m2\repository\org\codehaus\mojo\animal-sniffer-annotations\1.14\animal-sniffer-annotations-1.14.jar;C:\Users\ACER\.m2\repository\com\google\inject\guice\4.2.2\guice-4.2.2.jar;C:\Users\ACER\.m2\repository\javax\inject\javax.inject\1\javax.inject-1.jar;C:\Users\ACER\.m2\repository\aopalliance\aopalliance\1.0\aopalliance-1.0.jar;C:\Users\ACER\.m2\repository\org\ow2\asm\asm\7.2\asm-7.2.jar;C:\Users\ACER\.m2\repository\commons-codec\commons-codec\1.10\commons-codec-1.10.jar;C:\Users\ACER\.m2\repository\org\objenesis\objenesis\3.0.1\objenesis-3.0.1.jar;C:\Users\ACER\.m2\repository\xml-apis\xml-apis\1.4.01\xml-apis-1.4.01.jar;C:\Users\ACER\.m2\repository\commons-logging\commons-logging\1.2\commons-logging-1.2.jar;C:\Users\ACER\.m2\repository\io\vavr\vavr\0.9.0\vavr-0.9.0.jar;C:\Users\ACER\.m2\repository\io\vavr\vavr-match\0.9.0\vavr-match-0.9.0.jar;C:\Users\ACER\.m2\repository\javax\xml\bind\jaxb-api\2.2.12\jaxb-api-2.2.12.jar;C:\Users\ACER\.m2\repository\com\sun\xml\bind\jaxb-core\2.3.0.1\jaxb-core-2.3.0.1.jar;C:\Users\ACER\.m2\repository\com\sun\xml\bind\jaxb-impl\2.3.0.1\jaxb-impl-2.3.0.1.jar;C:\Users\ACER\.m2\repository\javax\activation\activation\1.1.1\activation-1.1.1.jar;C:\Users\ACER\.m2\repository\org\mockito\mockito-core\3.1.0\mockito-core-3.1.0.jar;C:\Users\ACER\.m2\repository\net\serenity-bdd\serenity-report-resources\2.0.91\serenity-report-resources-2.0.91.jar;C:\Users\ACER\.m2\repository\net\serenity-bdd\serenity-model\2.0.91\serenity-model-2.0.91.jar;C:\Users\ACER\.m2\repository\commons-net\commons-net\3.6\commons-net-3.6.jar;C:\Users\ACER\.m2\repository\org\apache\commons\commons-text\1.6\commons-text-1.6.jar;C:\Users\ACER\.m2\repository\es\nitaur\markdown\txtmark\0.16\txtmark-0.16.jar;C:\Users\ACER\.m2\repository\net\serenity-bdd\serenity-reports\2.0.91\serenity-reports-2.0.91.jar;C:\Users\ACER\.m2\repository\net\serenity-bdd\serenity-stats\2.0.91\serenity-stats-2.0.91.jar;C:\Users\ACER\.m2\repository\org\jetbrains\kotlin\kotlin-stdlib\1.3.31\kotlin-stdlib-1.3.31.jar;C:\Users\ACER\.m2\repository\org\jetbrains\kotlin\kotlin-stdlib-common\1.3.31\kotlin-stdlib-common-1.3.31.jar;C:\Users\ACER\.m2\repository\org\jetbrains\annotations\13.0\annotations-13.0.jar;C:\Users\ACER\.m2\repository\com\google\code\gson\gson\2.8.4\gson-2.8.4.jar;C:\Users\ACER\.m2\repository\commons-io\commons-io\2.6\commons-io-2.6.jar;C:\Users\ACER\.m2\repository\org\seleniumhq\selenium\selenium-server\3.141.59\selenium-server-3.141.59.jar;C:\Users\ACER\.m2\repository\org\seleniumhq\selenium\selenium-firefox-driver\3.141.59\selenium-firefox-driver-3.141.59.jar;C:\Users\ACER\.m2\repository\org\seleniumhq\selenium\selenium-ie-driver\3.141.59\selenium-ie-driver-3.141.59.jar;C:\Users\ACER\.m2\repository\com\beust\jcommander\1.72\jcommander-1.72.jar;C:\Users\ACER\.m2\repository\org\apache\commons\commons-exec\1.3\commons-exec-1.3.jar;C:\Users\ACER\.m2\repository\net\jcip\jcip-annotations\1.0\jcip-annotations-1.0.jar;C:\Users\ACER\.m2\repository\org\seleniumhq\selenium\jetty-repacked\9.4.12.v20180830\jetty-repacked-9.4.12.v20180830.jar;C:\Users\ACER\.m2\repository\com\squareup\okhttp3\okhttp\3.11.0\okhttp-3.11.0.jar;C:\Users\ACER\.m2\repository\com\squareup\okio\okio\1.14.0\okio-1.14.0.jar;C:\Users\ACER\.m2\repository\javax\servlet\javax.servlet-api\3.1.0\javax.servlet-api-3.1.0.jar;C:\Users\ACER\.m2\repository\org\yaml\snakeyaml\1.19\snakeyaml-1.19.jar;C:\Users\ACER\.m2\repository\org\seleniumhq\selenium\selenium-java\3.141.59\selenium-java-3.141.59.jar;C:\Users\ACER\.m2\repository\org\seleniumhq\selenium\selenium-api\3.141.59\selenium-api-3.141.59.jar;C:\Users\ACER\.m2\repository\org\seleniumhq\selenium\selenium-chrome-driver\3.141.59\selenium-chrome-driver-3.141.59.jar;C:\Users\ACER\.m2\repository\org\seleniumhq\selenium\selenium-edge-driver\3.141.59\selenium-edge-driver-3.141.59.jar;C:\Users\ACER\.m2\repository\org\seleniumhq\selenium\selenium-remote-driver\3.141.59\selenium-remote-driver-3.141.59.jar;C:\Users\ACER\.m2\repository\org\seleniumhq\selenium\selenium-safari-driver\3.141.59\selenium-safari-driver-3.141.59.jar;C:\Users\ACER\.m2\repository\org\seleniumhq\selenium\selenium-opera-driver\3.141.59\selenium-opera-driver-3.141.59.jar;C:\Users\ACER\.m2\repository\org\seleniumhq\selenium\selenium-support\3.141.59\selenium-support-3.141.59.jar;C:\Users\ACER\.m2\repository\com\paulhammant\ngwebdriver\1.1.4\ngwebdriver-1.1.4.jar;C:\Users\ACER\.m2\repository\com\codeborne\phantomjsdriver\1.4.4\phantomjsdriver-1.4.4.jar;C:\Users\ACER\.m2\repository\org\seleniumhq\selenium\htmlunit-driver\2.36.0\htmlunit-driver-2.36.0.jar;C:\Users\ACER\.m2\repository\io\appium\java-client\7.3.0\java-client-7.3.0.jar;C:\Users\ACER\.m2\repository\commons-validator\commons-validator\1.6\commons-validator-1.6.jar;C:\Users\ACER\.m2\repository\commons-beanutils\commons-beanutils\1.9.2\commons-beanutils-1.9.2.jar;C:\Users\ACER\.m2\repository\commons-digester\commons-digester\1.8.1\commons-digester-1.8.1.jar;C:\Users\ACER\.m2\repository\org\aspectj\aspectjweaver\1.9.4\aspectjweaver-1.9.4.jar;C:\Users\ACER\.m2\repository\org\springframework\spring-context-support\5.1.2.RELEASE\spring-context-support-5.1.2.RELEASE.jar;C:\Users\ACER\.m2\repository\org\springframework\spring-beans\5.1.2.RELEASE\spring-beans-5.1.2.RELEASE.jar;C:\Users\ACER\.m2\repository\org\springframework\spring-context\5.1.2.RELEASE\spring-context-5.1.2.RELEASE.jar;C:\Users\ACER\.m2\repository\org\springframework\spring-aop\5.1.2.RELEASE\spring-aop-5.1.2.RELEASE.jar;C:\Users\ACER\.m2\repository\org\springframework\spring-expression\5.1.2.RELEASE\spring-expression-5.1.2.RELEASE.jar;C:\Users\ACER\.m2\repository\org\springframework\spring-core\5.1.2.RELEASE\spring-core-5.1.2.RELEASE.jar;C:\Users\ACER\.m2\repository\org\springframework\spring-jcl\5.1.2.RELEASE\spring-jcl-5.1.2.RELEASE.jar;C:\Users\ACER\.m2\repository\org\codehaus\groovy\groovy\2.5.5\groovy-2.5.5.jar;C:\Users\ACER\.m2\repository\net\sf\opencsv\opencsv\2.0\opencsv-2.0.jar;C:\Users\ACER\.m2\repository\commons-beanutils\commons-beanutils-core\1.8.3\commons-beanutils-core-1.8.3.jar;C:\Users\ACER\.m2\repository\joda-time\joda-time\2.7\joda-time-2.7.jar;C:\Users\ACER\.m2\repository\com\thoughtworks\xstream\xstream\1.4.9\xstream-1.4.9.jar;C:\Users\ACER\.m2\repository\xmlpull\xmlpull\1.1.3.1\xmlpull-1.1.3.1.jar;C:\Users\ACER\.m2\repository\xpp3\xpp3_min\1.1.4c\xpp3_min-1.1.4c.jar;C:\Users\ACER\.m2\repository\org\apache\commons\commons-lang3\3.8.1\commons-lang3-3.8.1.jar;C:\Users\ACER\.m2\repository\commons-collections\commons-collections\3.2.2\commons-collections-3.2.2.jar;C:\Users\ACER\.m2\repository\org\freemarker\freemarker\2.3.28\freemarker-2.3.28.jar;C:\Users\ACER\.m2\repository\net\sourceforge\jexcelapi\jxl\2.6.12\jxl-2.6.12.jar;C:\Users\ACER\.m2\repository\org\hamcrest\hamcrest-core\1.3\hamcrest-core-1.3.jar;C:\Users\ACER\.m2\repository\org\hamcrest\hamcrest-library\1.3\hamcrest-library-1.3.jar;C:\Users\ACER\.m2\repository\net\sourceforge\htmlunit\htmlunit\2.36.0\htmlunit-2.36.0.jar;C:\Users\ACER\.m2\repository\net\sourceforge\htmlunit\htmlunit-core-js\2.36.0\htmlunit-core-js-2.36.0.jar;C:\Users\ACER\.m2\repository\net\sourceforge\htmlunit\neko-htmlunit\2.36.0\neko-htmlunit-2.36.0.jar;C:\Users\ACER\.m2\repository\xerces\xercesImpl\2.12.0\xercesImpl-2.12.0.jar;C:\Users\ACER\.m2\repository\net\sourceforge\htmlunit\htmlunit-cssparser\1.5.0\htmlunit-cssparser-1.5.0.jar;C:\Users\ACER\.m2\repository\org\brotli\dec\0.1.2\dec-0.1.2.jar;C:\Users\ACER\.m2\repository\org\eclipse\jetty\websocket\websocket-client\9.4.20.v20190813\websocket-client-9.4.20.v20190813.jar;C:\Users\ACER\.m2\repository\org\eclipse\jetty\jetty-client\9.4.20.v20190813\jetty-client-9.4.20.v20190813.jar;C:\Users\ACER\.m2\repository\org\eclipse\jetty\jetty-http\9.4.20.v20190813\jetty-http-9.4.20.v20190813.jar;C:\Users\ACER\.m2\repository\org\eclipse\jetty\jetty-xml\9.4.20.v20190813\jetty-xml-9.4.20.v20190813.jar;C:\Users\ACER\.m2\repository\org\eclipse\jetty\jetty-util\9.4.20.v20190813\jetty-util-9.4.20.v20190813.jar;C:\Users\ACER\.m2\repository\org\eclipse\jetty\jetty-io\9.4.20.v20190813\jetty-io-9.4.20.v20190813.jar;C:\Users\ACER\.m2\repository\org\eclipse\jetty\websocket\websocket-common\9.4.20.v20190813\websocket-common-9.4.20.v20190813.jar;C:\Users\ACER\.m2\repository\org\eclipse\jetty\websocket\websocket-api\9.4.20.v20190813\websocket-api-9.4.20.v20190813.jar;C:\Users\ACER\.m2\repository\org\apache\httpcomponents\httpclient\4.5.5\httpclient-4.5.5.jar;C:\Users\ACER\.m2\repository\org\apache\httpcomponents\httpcore\4.4.9\httpcore-4.4.9.jar;C:\Users\ACER\.m2\repository\org\apache\httpcomponents\httpmime\4.5.5\httpmime-4.5.5.jar;C:\Users\ACER\.m2\repository\org\fluentlenium\fluentlenium-core\0.10.2\fluentlenium-core-0.10.2.jar;C:\Users\ACER\.m2\repository\com\jhlabs\filters\2.0.235\filters-2.0.235.jar;C:\Users\ACER\.m2\repository\org\asciidoctor\asciidoctorj\1.5.6\asciidoctorj-1.5.6.jar;C:\Users\ACER\.m2\repository\org\jruby\jruby-complete\1.7.26\jruby-complete-1.7.26.jar;C:\Users\ACER\.m2\repository\org\imgscalr\imgscalr-lib\4.2\imgscalr-lib-4.2.jar;C:\Users\ACER\.m2\repository\javax\el\javax.el-api\2.2.4\javax.el-api-2.2.4.jar;C:\Users\ACER\.m2\repository\org\glassfish\web\javax.el\2.2.4\javax.el-2.2.4.jar;C:\Users\ACER\.m2\repository\xalan\xalan\2.7.2\xalan-2.7.2.jar;C:\Users\ACER\.m2\repository\xalan\serializer\2.7.2\serializer-2.7.2.jar;C:\Users\ACER\.m2\repository\org\awaitility\awaitility\4.0.1\awaitility-4.0.1.jar;C:\Users\ACER\.m2\repository\org\hamcrest\hamcrest\2.1\hamcrest-2.1.jar;C:\Users\ACER\.m2\repository\com\typesafe\config\1.3.1\config-1.3.1.jar;C:\Users\ACER\.m2\repository\org\jsoup\jsoup\1.10.3\jsoup-1.10.3.jar;C:\Users\ACER\.m2\repository\com\google\jimfs\jimfs\1.1\jimfs-1.1.jar;C:\Users\ACER\.m2\repository\com\vladsch\flexmark\flexmark-all\0.34.30\flexmark-all-0.34.30.jar;C:\Users\ACER\.m2\repository\com\vladsch\flexmark\flexmark\0.34.30\flexmark-0.34.30.jar;C:\Users\ACER\.m2\repository\com\vladsch\flexmark\flexmark-ext-abbreviation\0.34.30\flexmark-ext-abbreviation-0.34.30.jar;C:\Users\ACER\.m2\repository\com\vladsch\flexmark\flexmark-ext-admonition\0.34.30\flexmark-ext-admonition-0.34.30.jar;C:\Users\ACER\.m2\repository\com\vladsch\flexmark\flexmark-ext-anchorlink\0.34.30\flexmark-ext-anchorlink-0.34.30.jar;C:\Users\ACER\.m2\repository\com\vladsch\flexmark\flexmark-ext-aside\0.34.30\flexmark-ext-aside-0.34.30.jar;C:\Users\ACER\.m2\repository\com\vladsch\flexmark\flexmark-ext-attributes\0.34.30\flexmark-ext-attributes-0.34.30.jar;C:\Users\ACER\.m2\repository\com\vladsch\flexmark\flexmark-ext-autolink\0.34.30\flexmark-ext-autolink-0.34.30.jar;C:\Users\ACER\.m2\repository\org\nibor\autolink\autolink\0.6.0\autolink-0.6.0.jar;C:\Users\ACER\.m2\repository\com\vladsch\flexmark\flexmark-ext-definition\0.34.30\flexmark-ext-definition-0.34.30.jar;C:\Users\ACER\.m2\repository\com\vladsch\flexmark\flexmark-ext-emoji\0.34.30\flexmark-ext-emoji-0.34.30.jar;C:\Users\ACER\.m2\repository\com\vladsch\flexmark\flexmark-ext-enumerated-reference\0.34.30\flexmark-ext-enumerated-reference-0.34.30.jar;C:\Users\ACER\.m2\repository\com\vladsch\flexmark\flexmark-ext-escaped-character\0.34.30\flexmark-ext-escaped-character-0.34.30.jar;C:\Users\ACER\.m2\repository\com\vladsch\flexmark\flexmark-ext-footnotes\0.34.30\flexmark-ext-footnotes-0.34.30.jar;C:\Users\ACER\.m2\repository\com\vladsch\flexmark\flexmark-ext-gfm-issues\0.34.30\flexmark-ext-gfm-issues-0.34.30.jar;C:\Users\ACER\.m2\repository\com\vladsch\flexmark\flexmark-ext-gfm-strikethrough\0.34.30\flexmark-ext-gfm-strikethrough-0.34.30.jar;C:\Users\ACER\.m2\repository\com\vladsch\flexmark\flexmark-ext-gfm-tables\0.34.30\flexmark-ext-gfm-tables-0.34.30.jar;C:\Users\ACER\.m2\repository\com\vladsch\flexmark\flexmark-ext-gfm-tasklist\0.34.30\flexmark-ext-gfm-tasklist-0.34.30.jar;C:\Users\ACER\.m2\repository\com\vladsch\flexmark\flexmark-ext-gfm-users\0.34.30\flexmark-ext-gfm-users-0.34.30.jar;C:\Users\ACER\.m2\repository\com\vladsch\flexmark\flexmark-ext-gitlab\0.34.30\flexmark-ext-gitlab-0.34.30.jar;C:\Users\ACER\.m2\repository\com\vladsch\flexmark\flexmark-ext-jekyll-front-matter\0.34.30\flexmark-ext-jekyll-front-matter-0.34.30.jar;C:\Users\ACER\.m2\repository\com\vladsch\flexmark\flexmark-ext-jekyll-tag\0.34.30\flexmark-ext-jekyll-tag-0.34.30.jar;C:\Users\ACER\.m2\repository\com\vladsch\flexmark\flexmark-ext-media-tags\0.34.30\flexmark-ext-media-tags-0.34.30.jar;C:\Users\ACER\.m2\repository\com\vladsch\flexmark\flexmark-test-util\0.34.30\flexmark-test-util-0.34.30.jar;C:\Users\ACER\.m2\repository\com\vladsch\flexmark\flexmark-ext-ins\0.34.30\flexmark-ext-ins-0.34.30.jar;C:\Users\ACER\.m2\repository\com\vladsch\flexmark\flexmark-ext-xwiki-macros\0.34.30\flexmark-ext-xwiki-macros-0.34.30.jar;C:\Users\ACER\.m2\repository\com\vladsch\flexmark\flexmark-ext-superscript\0.34.30\flexmark-ext-superscript-0.34.30.jar;C:\Users\ACER\.m2\repository\com\vladsch\flexmark\flexmark-ext-tables\0.34.30\flexmark-ext-tables-0.34.30.jar;C:\Users\ACER\.m2\repository\com\vladsch\flexmark\flexmark-ext-toc\0.34.30\flexmark-ext-toc-0.34.30.jar;C:\Users\ACER\.m2\repository\com\vladsch\flexmark\flexmark-ext-typographic\0.34.30\flexmark-ext-typographic-0.34.30.jar;C:\Users\ACER\.m2\repository\com\vladsch\flexmark\flexmark-ext-wikilink\0.34.30\flexmark-ext-wikilink-0.34.30.jar;C:\Users\ACER\.m2\repository\com\vladsch\flexmark\flexmark-ext-yaml-front-matter\0.34.30\flexmark-ext-yaml-front-matter-0.34.30.jar;C:\Users\ACER\.m2\repository\com\vladsch\flexmark\flexmark-ext-youtube-embedded\0.34.30\flexmark-ext-youtube-embedded-0.34.30.jar;C:\Users\ACER\.m2\repository\com\vladsch\flexmark\flexmark-formatter\0.34.30\flexmark-formatter-0.34.30.jar;C:\Users\ACER\.m2\repository\com\vladsch\flexmark\flexmark-html-parser\0.34.30\flexmark-html-parser-0.34.30.jar;C:\Users\ACER\.m2\repository\com\vladsch\flexmark\flexmark-jira-converter\0.34.30\flexmark-jira-converter-0.34.30.jar;C:\Users\ACER\.m2\repository\com\vladsch\flexmark\flexmark-pdf-converter\0.34.30\flexmark-pdf-converter-0.34.30.jar;C:\Users\ACER\.m2\repository\com\openhtmltopdf\openhtmltopdf-core\0.0.1-RC13\openhtmltopdf-core-0.0.1-RC13.jar;C:\Users\ACER\.m2\repository\com\openhtmltopdf\openhtmltopdf-pdfbox\0.0.1-RC13\openhtmltopdf-pdfbox-0.0.1-RC13.jar;C:\Users\ACER\.m2\repository\org\apache\pdfbox\pdfbox\2.0.8\pdfbox-2.0.8.jar;C:\Users\ACER\.m2\repository\org\apache\pdfbox\fontbox\2.0.8\fontbox-2.0.8.jar;C:\Users\ACER\.m2\repository\org\apache\pdfbox\xmpbox\2.0.8\xmpbox-2.0.8.jar;C:\Users\ACER\.m2\repository\de\rototor\pdfbox\graphics2d\0.12\graphics2d-0.12.jar;C:\Users\ACER\.m2\repository\com\openhtmltopdf\openhtmltopdf-rtl-support\0.0.1-RC13\openhtmltopdf-rtl-support-0.0.1-RC13.jar;C:\Users\ACER\.m2\repository\com\ibm\icu\icu4j\59.1\icu4j-59.1.jar;C:\Users\ACER\.m2\repository\com\openhtmltopdf\openhtmltopdf-jsoup-dom-converter\0.0.1-RC13\openhtmltopdf-jsoup-dom-converter-0.0.1-RC13.jar;C:\Users\ACER\.m2\repository\com\vladsch\flexmark\flexmark-profile-pegdown\0.34.30\flexmark-profile-pegdown-0.34.30.jar;C:\Users\ACER\.m2\repository\com\vladsch\flexmark\flexmark-util\0.34.30\flexmark-util-0.34.30.jar;C:\Users\ACER\.m2\repository\com\vladsch\flexmark\flexmark-youtrack-converter\0.34.30\flexmark-youtrack-converter-0.34.30.jar;C:\Users\ACER\.m2\repository\io\cucumber\cucumber-java\4.8.0\cucumber-java-4.8.0.jar;C:\Users\ACER\.m2\repository\io\cucumber\cucumber-core\4.8.0\cucumber-core-4.8.0.jar;C:\Users\ACER\.m2\repository\io\cucumber\gherkin\5.1.0\gherkin-5.1.0.jar;C:\Users\ACER\.m2\repository\io\cucumber\tag-expressions\1.1.1\tag-expressions-1.1.1.jar;C:\Users\ACER\.m2\repository\io\cucumber\cucumber-expressions\7.0.2\cucumber-expressions-7.0.2.jar;C:\Users\ACER\.m2\repository\io\cucumber\datatable\1.1.14\datatable-1.1.14.jar;C:\Users\ACER\.m2\repository\io\cucumber\datatable-dependencies\1.1.14\datatable-dependencies-1.1.14.jar;C:\Users\ACER\.m2\repository\org\apiguardian\apiguardian-api\1.1.0\apiguardian-api-1.1.0.jar;C:\Users\ACER\.m2\repository\io\cucumber\cucumber-junit\4.8.0\cucumber-junit-4.8.0.jar;C:\Users\ACER\.m2\repository\net\serenity-bdd\serenity-junit\2.0.91\serenity-junit-2.0.91.jar;C:\Users\ACER\.m2\repository\net\serenity-bdd\serenity-screenplay\2.0.91\serenity-screenplay-2.0.91.jar;C:\Users\ACER\.m2\repository\net\serenity-bdd\serenity-screenplay-webdriver\2.0.91\serenity-screenplay-webdriver-2.0.91.jar;C:\Users\ACER\.m2\repository\net\serenity-bdd\serenity-cucumber4\2.1.2\serenity-cucumber4-2.1.2.jar;C:\Users\ACER\.m2\repository\io\cucumber\datatable-matchers\1.1.14\datatable-matchers-1.1.14.jar;C:\Users\ACER\.m2\repository\org\apache\commons\commons-csv\1.5\commons-csv-1.5.jar;C:\Users\ACER\.m2\repository\junit\junit\4.12\junit-4.12.jar;C:\Users\ACER\.m2\repository\org\assertj\assertj-core\3.6.2\assertj-core-3.6.2.jar;C:\Users\ACER\.m2\repository\org\hamcrest\hamcrest-all\1.3\hamcrest-all-1.3.jar;"/>
    <property name="sun.cpu.endian" value="little"/>
    <property name="user.home" value="C:\Users\ACER"/>
    <property name="user.language" value="en"/>
    <property name="java.specification.vendor" value="Oracle Corporation"/>
    <property name="java.home" value="C:\Program Files\Java\jdk1.8.0_241\jre"/>
    <property name="basedir" value="D:\PERKULIAHAN\SEMESTER 6\KAMPUS MERDEKA\New folder\17_Behaviour Driven Development\praktikum\TugasALTA"/>
    <property name="file.separator" value="\"/>
    <property name="line.separator" value="&#10;"/>
    <property name="java.vm.specification.vendor" value="Oracle Corporation"/>
    <property name="java.specification.name" value="Java Platform API Specification"/>
    <property name="java.awt.graphicsenv" value="sun.awt.Win32GraphicsEnvironment"/>
    <property name="surefire.real.class.path" value="C:\Users\ACER\AppData\Local\Temp\surefire6814783695719173576\surefirebooter6976799251022422648.jar"/>
    <property name="sun.boot.class.path" value="C:\Program Files\Java\jdk1.8.0_241\jre\lib\resources.jar;C:\Program Files\Java\jdk1.8.0_241\jre\lib\rt.jar;C:\Program Files\Java\jdk1.8.0_241\jre\lib\sunrsasign.jar;C:\Program Files\Java\jdk1.8.0_241\jre\lib\jsse.jar;C:\Program Files\Java\jdk1.8.0_241\jre\lib\jce.jar;C:\Program Files\Java\jdk1.8.0_241\jre\lib\charsets.jar;C:\Program Files\Java\jdk1.8.0_241\jre\lib\jfr.jar;C:\Program Files\Java\jdk1.8.0_241\jre\classes"/>
    <property name="user.script" value=""/>
    <property name="sun.management.compiler" value="HotSpot 64-Bit Tiered Compilers"/>
    <property name="java.runtime.version" value="1.8.0_241-b07"/>
    <property name="user.name" value="ACER"/>
    <property name="path.separator" value=";"/>
    <property name="os.version" value="10.0"/>
    <property name="java.endorsed.dirs" value="C:\Program Files\Java\jdk1.8.0_241\jre\lib\endorsed"/>
    <property name="java.runtime.name" value="Java(TM) SE Runtime Environment"/>
    <property name="file.encoding" value="Cp1252"/>
    <property name="java.vm.name" value="Java HotSpot(TM) 64-Bit Server VM"/>
    <property name="localRepository" value="C:\Users\ACER\.m2\repository"/>
    <property name="java.vendor.url.bug" value="http://bugreport.sun.com/bugreport/"/>
    <property name="java.io.tmpdir" value="C:\Users\ACER\AppData\Local\Temp\"/>
    <property name="java.version" value="1.8.0_241"/>
    <property name="user.dir" value="D:\PERKULIAHAN\SEMESTER 6\KAMPUS MERDEKA\New folder\17_Behaviour Driven Development\praktikum\TugasALTA"/>
    <property name="os.arch" value="amd64"/>
    <property name="java.vm.specification.name" value="Java Virtual Machine Specification"/>
    <property name="java.awt.printerjob" value="sun.awt.windows.WPrinterJob"/>
    <property name="sun.os.patch.level" value=""/>
    <property name="java.library.path" value="C:\Program Files\Java\jdk1.8.0_241\jre\bin;C:\WINDOWS\Sun\Java\bin;C:\WINDOWS\system32;C:\WINDOWS;C:\Program Files\Microsoft MPI\Bin\;C:\Program Files (x86)\Common Files\Oracle\Java\javapath;C:\Program Files (x86)\Intel\Intel(R) Management Engine Components\iCLS\;C:\Program Files\Intel\Intel(R) Management Engine Components\iCLS\;C:\Windows\system32;C:\Windows;C:\Windows\System32\Wbem;C:\Windows\System32\WindowsPowerShell\v1.0\;C:\Windows\System32\OpenSSH\;C:\Program Files (x86)\Intel\Intel(R) Management Engine Components\DAL;C:\Program Files\Intel\Intel(R) Management Engine Components\DAL;C:\Program Files (x86)\Intel\Intel(R) Management Engine Components\IPT;C:\Program Files\Intel\Intel(R) Management Engine Components\IPT;C:\Program Files (x86)\NVIDIA Corporation\PhysX\Common;C:\Users\ACER\Downloads\MinGW\bin;C:\WINDOWS\system32;C:\WINDOWS;C:\WINDOWS\System32\Wbem;C:\WINDOWS\System32\WindowsPowerShell\v1.0\;C:\WINDOWS\System32\OpenSSH\;C:\Program Files\Microsoft SQL Server\120\DTS\Binn\;C:\Program Files\Microsoft SQL Server\Client SDK\ODBC\110\Tools\Binn\;C:\Program Files (x86)\Microsoft SQL Server\120\Tools\Binn\;C:\Program Files\Microsoft SQL Server\120\Tools\Binn\;C:\Program Files (x86)\Microsoft SQL Server\120\Tools\Binn\ManagementStudio\;C:\Program Files (x86)\Microsoft SQL Server\120\DTS\Binn\;C:\Program Files\dotnet\;C:\Program Files (x86)\dotnet\;C:\Program Files\Microsoft SQL Server\130\Tools\Binn\;C:\Program Files\Microsoft SQL Server\Client SDK\ODBC\170\Tools\Binn\;C:\Program Files\Downloads\MinGW\bin;C:\Program Files\chromedriver_win32;C:\Program Files\Git\cmd;C:\xampp\php;C:\ProgramData\ComposerSetup\bin;C:\ProgramData\chocolatey\bin;C:\Program Files\nodejs\;C:\Program Files\Go\bin;C:\Program Files\Java\jdk1.8.0_241\bin;C:\Program Files\apache-maven-3.8.5\bin;C:\Users\ACER\AppData\Local\Microsoft\WindowsApps;;C:\Users\ACER\AppData\Local\Programs\Microsoft VS Code\bin;C:\Users\ACER\.dotnet\tools;C:\Users\ACER\AppData\Roaming\Composer\vendor\bin;C:\Users\ACER\AppData\Roaming\npm;C:\Users\ACER\go\bin;C:\Program Files\JetBrains\IntelliJ IDEA Community Edition 2021.3.3\bin;;."/>
    <property name="java.vm.info" value="mixed mode"/>
    <property name="java.vendor" value="Oracle Corporation"/>
    <property name="java.vm.version" value="25.241-b07"/>
    <property name="java.ext.dirs" value="C:\Program Files\Java\jdk1.8.0_241\jre\lib\ext;C:\WINDOWS\Sun\Java\lib\ext"/>
    <property name="sun.io.unicode.encoding" value="UnicodeLittle"/>
    <property name="java.class.version" value="52.0"/>
  </properties>
  <testcase name="As a user i have be able to see my profile" classname="ViewProfile" time="0">
    <skipped message="The step &quot;I am on Profile Page&quot; is undefined"/>
    <system-out><![CDATA[18:41:08.610 [pool-1-thread-1] INFO  n.t.c.steps.ConsoleLoggingListener - 
          __  _____ _____ ____ _____   ____  _____ _   _ ____ ___ _   _  ____ 
 _       / / |_   _| ____/ ___|_   _| |  _ \| ____| \ | |  _ \_ _| \ | |/ ___|
(_)____ / /    | | |  _| \___ \ | |   | |_) |  _| |  \| | | | | ||  \| | |  _ 
 |_____/ /     | | | |___ ___) || |   |  __/| |___| |\  | |_| | || |\  | |_| |
(_)   /_/      |_| |_____|____/ |_|   |_|   |_____|_| \_|____/___|_| \_|\____|
                                                                                

TEST PENDING: As a user i have be able to see my profile
---------------------------------------------------------------------------------
Feature: Add My Network
  As a user
  I want to add my network

  Scenario: As user i have be able to add my network &amp#27;[90m# src/test/resources/features/AddMyNetwork.feature:5&amp#27;[0m
    &amp#27;[32mGiven &amp#27;[0m&amp#27;[32mI am on My Network page&amp#27;[0m                    &amp#27;[90m# AddMyNetworkSteps.onTheMyNetworkPage()&amp#27;[0m
    &amp#27;[32mThen &amp#27;[0m&amp#27;[32mChoose one account&amp#27;[0m                          &amp#27;[90m# AddMyNetworkSteps.ChooseAccount()&amp#27;[0m
    &amp#27;[32mAnd &amp#27;[0m&amp#27;[32mI click connect button&amp#27;[0m                       &amp#27;[90m# AddMyNetworkSteps.ClickConnectButton()&amp#27;[0m

Feature: FindJob
  As a user
  I want to see the job in linkedin
  So that I can find job

  Scenario: As user i have to find job in linkedin &amp#27;[90m# src/test/resources/features/FindJob.feature:6&amp#27;[0m
    &amp#27;[32mGiven &amp#27;[0m&amp#27;[32mI am on homepage page&amp#27;[0m                    &amp#27;[90m# FindJobSteps.onHomePage()&amp#27;[0m
    &amp#27;[32mAnd &amp#27;[0m&amp#27;[32mI am click button homepage&amp#27;[0m                 &amp#27;[90m# FindJobSteps.onClickButton()&amp#27;[0m
    &amp#27;[32mThen &amp#27;[0m&amp#27;[32mI am find job page&amp#27;[0m                        &amp#27;[90m# FindJobSteps.findJobPage()&amp#27;[0m
    &amp#27;[32mAnd &amp#27;[0m&amp#27;[32mI am click Free Job Posting&amp#27;[0m                &amp#27;[90m# FindJobSteps.freeJobPosting()&amp#27;[0m
    &amp#27;[32mThen &amp#27;[0m&amp#27;[32mI am write a form job posting&amp#27;[0m             &amp#27;[90m# FindJobSteps.writeFormJob()&amp#27;[0m
    &amp#27;[32mAnd &amp#27;[0m&amp#27;[32mI click button submit&amp#27;[0m                      &amp#27;[90m# FindJobSteps.buttonSubmit()&amp#27;[0m

Feature: Login
  As a user
  I want to see my home page

  Scenario: As user i have be able to success login &amp#27;[90m# src/test/resources/features/Login.feature:5&amp#27;[0m
    &amp#27;[32mGiven &amp#27;[0m&amp#27;[32mI am on login page&amp#27;[0m                        &amp#27;[90m# LoginSteps.onTheLoginPage()&amp#27;[0m
    &amp#27;[32mWhen &amp#27;[0m&amp#27;[32mI enter my username and password correctly&amp#27;[0m &amp#27;[90m# LoginSteps.enterUsernamePassword()&amp#27;[0m
    &amp#27;[32mAnd &amp#27;[0m&amp#27;[32mI click login button&amp#27;[0m                        &amp#27;[90m# LoginSteps.ClickButtonLogin()&amp#27;[0m
    &amp#27;[32mThen &amp#27;[0m&amp#27;[32mI am on the dashboard page&amp#27;[0m                 &amp#27;[90m# LoginSteps.onTheDashboardPage()&amp#27;[0m

Feature: View Message
  As a user
  I want to see my message

  Scenario: As user i have be able to view my message &amp#27;[90m# src/test/resources/features/ViewMessage.feature:5&amp#27;[0m
    &amp#27;[32mGiven &amp#27;[0m&amp#27;[32mI am on message page&amp#27;[0m                        &amp#27;[90m# ViewMessageSteps.onMessagePage()&amp#27;[0m
    &amp#27;[32mAnd &amp#27;[0m&amp#27;[32mI click the message of someone&amp#27;[0m                &amp#27;[90m# ViewMessageSteps.ClickTheMessage()&amp#27;[0m
    &amp#27;[32mThen &amp#27;[0m&amp#27;[32mI am see the message&amp#27;[0m                         &amp#27;[90m# ViewMessageSteps.SeeTheMessage()&amp#27;[0m

Feature: ForgotPassword
  As a user
  I want to reset my password
  So that I can login

  Scenario: As user i have be able to success reset password &amp#27;[90m# src/test/resources/features/forgotpassword.feature:6&amp#27;[0m
    &amp#27;[32mGiven &amp#27;[0m&amp#27;[32mI am on forgot password page&amp#27;[0m                       &amp#27;[90m# ForgotPasswordSteps.onTheForgotPasswordPage()&amp#27;[0m
    &amp#27;[32mWhen &amp#27;[0m&amp#27;[32mI enter my email or number phone is correct&amp#27;[0m         &amp#27;[90m# ForgotPasswordSteps.enterEmail()&amp#27;[0m
    &amp#27;[32mAnd &amp#27;[0m&amp#27;[32mI click forgot button&amp#27;[0m                                &amp#27;[90m# ForgotPasswordSteps.ClickButtonForgot()&amp#27;[0m

Feature: ViewProfile
  As a user
  I want to check my profile
  So that i can see my profile

  Scenario: As a user i have be able to see my profile &amp#27;[90m# src/test/resources/features/viewprofile.feature:6&amp#27;[0m
    &amp#27;[33mGiven &amp#27;[0m&amp#27;[33mI am on Profile Page&amp#27;[0m                         &amp#27;[90m# null&amp#27;[0m
    &amp#27;[36mAnd &amp#27;[0m&amp#27;[36mI click button click profile&amp#27;[0m                   &amp#27;[90m# ViewProfileSteps.onClickButton()&amp#27;[0m
    &amp#27;[36mThen &amp#27;[0m&amp#27;[36mI am see my profile&amp#27;[0m                           &amp#27;[90m# ViewProfileSteps.Profile()&amp#27;[0m

There were undefined steps. You can implement missing steps with the snippets below:

@Given("I am on Profile Page")
public void i_am_on_Profile_Page() {
    // Write code here that turns the phrase above into concrete actions
    throw new cucumber.api.PendingException();
}

18:41:08.629 [pool-1-thread-1] DEBUG n.t.core.reports.ReportService - Reporting formats: [JSON, HTML]
18:41:08.729 [pool-1-thread-1] DEBUG n.t.core.reports.ReportService - Reporting formats: [JSON, HTML]
18:41:08.744 [pool-1-thread-1] DEBUG n.t.core.reports.ReportService - Generating reports for 6 test outcomes using: net.thucydides.core.reports.json.JSONTestOutcomeReporter@c9ee029
18:41:08.745 [pool-1-thread-1] DEBUG n.t.core.reports.ReportService - Processing test outcome Add My Network:As user i have be able to add my network
18:41:08.746 [pool-1-thread-2] DEBUG n.t.core.reports.ReportService - Processing test outcome FindJob:As user i have to find job in linkedin
18:41:08.746 [pool-1-thread-4] DEBUG n.t.core.reports.ReportService - Processing test outcome View Message:As user i have be able to view my message
18:41:08.746 [pool-1-thread-5] DEBUG n.t.core.reports.ReportService - Processing test outcome ForgotPassword:As user i have be able to success reset password
18:41:08.746 [pool-1-thread-3] DEBUG n.t.core.reports.ReportService - Processing test outcome Login:As user i have be able to success login
18:41:08.746 [pool-1-thread-1] DEBUG n.t.core.reports.ReportService - net.thucydides.core.reports.json.JSONTestOutcomeReporter@c9ee029: Generating report for test outcome: Add My Network:As user i have be able to add my network
18:41:08.746 [pool-1-thread-3] DEBUG n.t.core.reports.ReportService - net.thucydides.core.reports.json.JSONTestOutcomeReporter@c9ee029: Generating report for test outcome: Login:As user i have be able to success login
18:41:08.746 [pool-1-thread-5] DEBUG n.t.core.reports.ReportService - net.thucydides.core.reports.json.JSONTestOutcomeReporter@c9ee029: Generating report for test outcome: ForgotPassword:As user i have be able to success reset password
18:41:08.746 [pool-1-thread-6] DEBUG n.t.core.reports.ReportService - Processing test outcome ViewProfile:As a user i have be able to see my profile
18:41:08.746 [pool-1-thread-4] DEBUG n.t.core.reports.ReportService - net.thucydides.core.reports.json.JSONTestOutcomeReporter@c9ee029: Generating report for test outcome: View Message:As user i have be able to view my message
18:41:08.746 [pool-1-thread-2] DEBUG n.t.core.reports.ReportService - net.thucydides.core.reports.json.JSONTestOutcomeReporter@c9ee029: Generating report for test outcome: FindJob:As user i have to find job in linkedin
18:41:08.747 [pool-1-thread-6] DEBUG n.t.core.reports.ReportService - net.thucydides.core.reports.json.JSONTestOutcomeReporter@c9ee029: Generating report for test outcome: ViewProfile:As a user i have be able to see my profile
18:41:09.166 [pool-1-thread-6] DEBUG n.t.c.r.json.JSONTestOutcomeReporter - Generating JSON report for As a user i have be able to see my profile to file D:\PERKULIAHAN\SEMESTER 6\KAMPUS MERDEKA\New folder\17_Behaviour Driven Development\praktikum\TugasALTA\target\site\serenity\fcf0134c08957f68e57382fba5b9c4b5fa74bab595f3c2996ed0b6011d5d8e2d.json (using temp file D:\PERKULIAHAN\SEMESTER 6\KAMPUS MERDEKA\New folder\17_Behaviour Driven Development\praktikum\TugasALTA\target\site\serenity\fcf0134c08957f68e57382fba5b9c4b5fa74bab595f3c2996ed0b6011d5d8e2d.json419163d3-fc02-43fe-8836-3bea7b2a4424)
18:41:09.167 [pool-1-thread-2] DEBUG n.t.c.r.json.JSONTestOutcomeReporter - Generating JSON report for As user i have to find job in linkedin to file D:\PERKULIAHAN\SEMESTER 6\KAMPUS MERDEKA\New folder\17_Behaviour Driven Development\praktikum\TugasALTA\target\site\serenity\d7bb6a80ea5fe222cc2cff7d75dba8dd1e50f7ed2b18bed2c7a62536841fc166.json (using temp file D:\PERKULIAHAN\SEMESTER 6\KAMPUS MERDEKA\New folder\17_Behaviour Driven Development\praktikum\TugasALTA\target\site\serenity\d7bb6a80ea5fe222cc2cff7d75dba8dd1e50f7ed2b18bed2c7a62536841fc166.jsona5802184-f1c2-4931-9d03-029c9eb99dfc)
18:41:09.167 [pool-1-thread-3] DEBUG n.t.c.r.json.JSONTestOutcomeReporter - Generating JSON report for As user i have be able to success login to file D:\PERKULIAHAN\SEMESTER 6\KAMPUS MERDEKA\New folder\17_Behaviour Driven Development\praktikum\TugasALTA\target\site\serenity\62b7dd45c26136ff8212fa43c5369b3d39443fdf2af6e578f32f3c139b538fbb.json (using temp file D:\PERKULIAHAN\SEMESTER 6\KAMPUS MERDEKA\New folder\17_Behaviour Driven Development\praktikum\TugasALTA\target\site\serenity\62b7dd45c26136ff8212fa43c5369b3d39443fdf2af6e578f32f3c139b538fbb.jsonbd988f5e-6bc9-4144-88d2-431ffc88be30)
18:41:09.167 [pool-1-thread-1] DEBUG n.t.c.r.json.JSONTestOutcomeReporter - Generating JSON report for As user i have be able to add my network to file D:\PERKULIAHAN\SEMESTER 6\KAMPUS MERDEKA\New folder\17_Behaviour Driven Development\praktikum\TugasALTA\target\site\serenity\5bfa69fc197794e9763d8a81a10b51a670e2d55b8d0f03e99c933f498e993ffa.json (using temp file D:\PERKULIAHAN\SEMESTER 6\KAMPUS MERDEKA\New folder\17_Behaviour Driven Development\praktikum\TugasALTA\target\site\serenity\5bfa69fc197794e9763d8a81a10b51a670e2d55b8d0f03e99c933f498e993ffa.json3179e595-9cd3-42d5-a70f-fd6271b0eb79)
18:41:09.167 [pool-1-thread-5] DEBUG n.t.c.r.json.JSONTestOutcomeReporter - Generating JSON report for As user i have be able to success reset password to file D:\PERKULIAHAN\SEMESTER 6\KAMPUS MERDEKA\New folder\17_Behaviour Driven Development\praktikum\TugasALTA\target\site\serenity\cd884d09a051f0ef5c1ad684c748f29d5c1c6e00967a3fdf8738682441800676.json (using temp file D:\PERKULIAHAN\SEMESTER 6\KAMPUS MERDEKA\New folder\17_Behaviour Driven Development\praktikum\TugasALTA\target\site\serenity\cd884d09a051f0ef5c1ad684c748f29d5c1c6e00967a3fdf8738682441800676.json800a9cef-2863-4774-8b3e-4c18d58f19c2)
18:41:09.167 [pool-1-thread-4] DEBUG n.t.c.r.json.JSONTestOutcomeReporter - Generating JSON report for As user i have be able to view my message to file D:\PERKULIAHAN\SEMESTER 6\KAMPUS MERDEKA\New folder\17_Behaviour Driven Development\praktikum\TugasALTA\target\site\serenity\ff9d27079af517fc4a01d3bb08b72aaa9405cee0eef5ba1f282c03747e09c90e.json (using temp file D:\PERKULIAHAN\SEMESTER 6\KAMPUS MERDEKA\New folder\17_Behaviour Driven Development\praktikum\TugasALTA\target\site\serenity\ff9d27079af517fc4a01d3bb08b72aaa9405cee0eef5ba1f282c03747e09c90e.json407ee741-cd42-4999-b09f-dab5d801cb59)
18:41:09.222 [pool-1-thread-4] DEBUG n.t.core.reports.ReportService - Processing test outcome View Message:As user i have be able to view my message done
18:41:09.222 [pool-1-thread-3] DEBUG n.t.core.reports.ReportService - Processing test outcome Login:As user i have be able to success login done
18:41:09.222 [pool-1-thread-5] DEBUG n.t.core.reports.ReportService - Processing test outcome ForgotPassword:As user i have be able to success reset password done
18:41:09.222 [pool-1-thread-6] DEBUG n.t.core.reports.ReportService - Processing test outcome ViewProfile:As a user i have be able to see my profile done
18:41:09.222 [pool-1-thread-1] DEBUG n.t.core.reports.ReportService - Processing test outcome Add My Network:As user i have be able to add my network done
18:41:09.224 [pool-1-thread-2] DEBUG n.t.core.reports.ReportService - Processing test outcome FindJob:As user i have to find job in linkedin done
18:41:09.224 [pool-1-thread-1] DEBUG n.t.core.reports.ReportService - Shutting down executor service
18:41:09.224 [pool-1-thread-1] DEBUG n.t.core.reports.ReportService - Reports generated in: 480 ms
18:41:09.225 [pool-1-thread-1] DEBUG n.t.core.reports.ReportService - Generating reports for 6 test outcomes using: net.thucydides.core.reports.html.HtmlAcceptanceTestReporter@3733694a
18:41:09.225 [pool-2-thread-1] DEBUG n.t.core.reports.ReportService - Processing test outcome Add My Network:As user i have be able to add my network
18:41:09.225 [pool-2-thread-2] DEBUG n.t.core.reports.ReportService - Processing test outcome FindJob:As user i have to find job in linkedin
18:41:09.226 [pool-2-thread-3] DEBUG n.t.core.reports.ReportService - Processing test outcome Login:As user i have be able to success login
18:41:09.225 [pool-2-thread-1] DEBUG n.t.core.reports.ReportService - net.thucydides.core.reports.html.HtmlAcceptanceTestReporter@3733694a: Generating report for test outcome: Add My Network:As user i have be able to add my network
18:41:09.226 [pool-2-thread-5] DEBUG n.t.core.reports.ReportService - Processing test outcome ForgotPassword:As user i have be able to success reset password
18:41:09.226 [pool-2-thread-5] DEBUG n.t.core.reports.ReportService - net.thucydides.core.reports.html.HtmlAcceptanceTestReporter@3733694a: Generating report for test outcome: ForgotPassword:As user i have be able to success reset password
18:41:09.226 [pool-2-thread-6] DEBUG n.t.core.reports.ReportService - Processing test outcome ViewProfile:As a user i have be able to see my profile
18:41:09.226 [pool-2-thread-3] DEBUG n.t.core.reports.ReportService - net.thucydides.core.reports.html.HtmlAcceptanceTestReporter@3733694a: Generating report for test outcome: Login:As user i have be able to success login
18:41:09.226 [pool-2-thread-4] DEBUG n.t.core.reports.ReportService - Processing test outcome View Message:As user i have be able to view my message
18:41:09.227 [pool-2-thread-4] DEBUG n.t.core.reports.ReportService - net.thucydides.core.reports.html.HtmlAcceptanceTestReporter@3733694a: Generating report for test outcome: View Message:As user i have be able to view my message
18:41:09.227 [pool-2-thread-1] DEBUG n.t.c.r.h.HtmlAcceptanceTestReporter - GENERATE TEST OUTCOME REPORT FOR As user i have be able to add my network in 5bfa69fc197794e9763d8a81a10b51a670e2d55b8d0f03e99c933f498e993ffa
18:41:09.227 [pool-2-thread-3] DEBUG n.t.c.r.h.HtmlAcceptanceTestReporter - GENERATE TEST OUTCOME REPORT FOR As user i have be able to success login in 62b7dd45c26136ff8212fa43c5369b3d39443fdf2af6e578f32f3c139b538fbb
18:41:09.226 [pool-2-thread-2] DEBUG n.t.core.reports.ReportService - net.thucydides.core.reports.html.HtmlAcceptanceTestReporter@3733694a: Generating report for test outcome: FindJob:As user i have to find job in linkedin
18:41:09.227 [pool-2-thread-5] DEBUG n.t.c.r.h.HtmlAcceptanceTestReporter - GENERATE TEST OUTCOME REPORT FOR As user i have be able to success reset password in cd884d09a051f0ef5c1ad684c748f29d5c1c6e00967a3fdf8738682441800676
18:41:09.226 [pool-2-thread-6] DEBUG n.t.core.reports.ReportService - net.thucydides.core.reports.html.HtmlAcceptanceTestReporter@3733694a: Generating report for test outcome: ViewProfile:As a user i have be able to see my profile
18:41:09.227 [pool-2-thread-4] DEBUG n.t.c.r.h.HtmlAcceptanceTestReporter - GENERATE TEST OUTCOME REPORT FOR As user i have be able to view my message in ff9d27079af517fc4a01d3bb08b72aaa9405cee0eef5ba1f282c03747e09c90e
18:41:09.227 [pool-2-thread-2] DEBUG n.t.c.r.h.HtmlAcceptanceTestReporter - GENERATE TEST OUTCOME REPORT FOR As user i have to find job in linkedin in d7bb6a80ea5fe222cc2cff7d75dba8dd1e50f7ed2b18bed2c7a62536841fc166
18:41:09.227 [pool-2-thread-6] DEBUG n.t.c.r.h.HtmlAcceptanceTestReporter - GENERATE TEST OUTCOME REPORT FOR As a user i have be able to see my profile in fcf0134c08957f68e57382fba5b9c4b5fa74bab595f3c2996ed0b6011d5d8e2d
18:41:09.289 [pool-2-thread-4] DEBUG n.t.c.r.RequirementsTagProvider -  found:[Requirement{name='Add My Network', type='feature' parent = 'null', cardNumber='null'}, Requirement{name='FindJob', type='feature' parent = 'null', cardNumber='null'}, Requirement{name='Login', type='feature' parent = 'null', cardNumber='null'}, Requirement{name='View Message', type='feature' parent = 'null', cardNumber='null'}, Requirement{name='ForgotPassword', type='feature' parent = 'null', cardNumber='null'}, Requirement{name='ViewProfile', type='feature' parent = 'null', cardNumber='null'}]
18:41:09.292 [pool-2-thread-2] DEBUG n.t.c.r.RequirementsTagProvider -  found:[Requirement{name='Add My Network', type='feature' parent = 'null', cardNumber='null'}, Requirement{name='FindJob', type='feature' parent = 'null', cardNumber='null'}, Requirement{name='Login', type='feature' parent = 'null', cardNumber='null'}, Requirement{name='View Message', type='feature' parent = 'null', cardNumber='null'}, Requirement{name='ForgotPassword', type='feature' parent = 'null', cardNumber='null'}, Requirement{name='ViewProfile', type='feature' parent = 'null', cardNumber='null'}]
18:41:09.293 [pool-2-thread-5] DEBUG n.t.c.r.RequirementsTagProvider -  found:[Requirement{name='Add My Network', type='feature' parent = 'null', cardNumber='null'}, Requirement{name='FindJob', type='feature' parent = 'null', cardNumber='null'}, Requirement{name='Login', type='feature' parent = 'null', cardNumber='null'}, Requirement{name='View Message', type='feature' parent = 'null', cardNumber='null'}, Requirement{name='ForgotPassword', type='feature' parent = 'null', cardNumber='null'}, Requirement{name='ViewProfile', type='feature' parent = 'null', cardNumber='null'}]
18:41:09.293 [pool-2-thread-3] DEBUG n.t.c.r.RequirementsTagProvider -  found:[Requirement{name='Add My Network', type='feature' parent = 'null', cardNumber='null'}, Requirement{name='FindJob', type='feature' parent = 'null', cardNumber='null'}, Requirement{name='Login', type='feature' parent = 'null', cardNumber='null'}, Requirement{name='View Message', type='feature' parent = 'null', cardNumber='null'}, Requirement{name='ForgotPassword', type='feature' parent = 'null', cardNumber='null'}, Requirement{name='ViewProfile', type='feature' parent = 'null', cardNumber='null'}]
18:41:09.292 [pool-2-thread-6] DEBUG n.t.c.r.RequirementsTagProvider -  found:[Requirement{name='Add My Network', type='feature' parent = 'null', cardNumber='null'}, Requirement{name='FindJob', type='feature' parent = 'null', cardNumber='null'}, Requirement{name='Login', type='feature' parent = 'null', cardNumber='null'}, Requirement{name='View Message', type='feature' parent = 'null', cardNumber='null'}, Requirement{name='ForgotPassword', type='feature' parent = 'null', cardNumber='null'}, Requirement{name='ViewProfile', type='feature' parent = 'null', cardNumber='null'}]
18:41:09.292 [pool-2-thread-1] DEBUG n.t.c.r.RequirementsTagProvider -  found:[Requirement{name='Add My Network', type='feature' parent = 'null', cardNumber='null'}, Requirement{name='FindJob', type='feature' parent = 'null', cardNumber='null'}, Requirement{name='Login', type='feature' parent = 'null', cardNumber='null'}, Requirement{name='View Message', type='feature' parent = 'null', cardNumber='null'}, Requirement{name='ForgotPassword', type='feature' parent = 'null', cardNumber='null'}, Requirement{name='ViewProfile', type='feature' parent = 'null', cardNumber='null'}]
18:41:09.310 [pool-2-thread-5] DEBUG n.t.c.r.BaseRequirementsService - Requirement found for test outcome As user i have be able to success reset password-[]: Optional[Requirement{name='ForgotPassword', type='feature' parent = 'null', cardNumber='null'}]
18:41:09.310 [pool-2-thread-4] DEBUG n.t.c.r.BaseRequirementsService - Requirement found for test outcome As user i have be able to view my message-[]: Optional[Requirement{name='View Message', type='feature' parent = 'null', cardNumber='null'}]
18:41:09.310 [pool-2-thread-1] DEBUG n.t.c.r.BaseRequirementsService - Requirement found for test outcome As user i have be able to add my network-[]: Optional[Requirement{name='Add My Network', type='feature' parent = 'null', cardNumber='null'}]
18:41:09.310 [pool-2-thread-3] DEBUG n.t.c.r.BaseRequirementsService - Requirement found for test outcome As user i have be able to success login-[]: Optional[Requirement{name='Login', type='feature' parent = 'null', cardNumber='null'}]
18:41:09.310 [pool-2-thread-6] DEBUG n.t.c.r.BaseRequirementsService - Requirement found for test outcome As a user i have be able to see my profile-[]: Optional[Requirement{name='ViewProfile', type='feature' parent = 'null', cardNumber='null'}]
18:41:09.312 [pool-2-thread-2] DEBUG n.t.c.r.BaseRequirementsService - Requirement found for test outcome As user i have to find job in linkedin-[]: Optional[Requirement{name='FindJob', type='feature' parent = 'null', cardNumber='null'}]
18:41:09.316 [pool-2-thread-3] DEBUG n.t.c.r.BaseRequirementsService - Requirement found for test outcome As user i have be able to success login-[]: Optional[Requirement{name='Login', type='feature' parent = 'null', cardNumber='null'}]
18:41:09.316 [pool-2-thread-6] DEBUG n.t.c.r.BaseRequirementsService - Requirement found for test outcome As a user i have be able to see my profile-[]: Optional[Requirement{name='ViewProfile', type='feature' parent = 'null', cardNumber='null'}]
18:41:09.316 [pool-2-thread-1] DEBUG n.t.c.r.BaseRequirementsService - Requirement found for test outcome As user i have be able to add my network-[]: Optional[Requirement{name='Add My Network', type='feature' parent = 'null', cardNumber='null'}]
18:41:09.317 [pool-2-thread-4] DEBUG n.t.c.r.BaseRequirementsService - Requirement found for test outcome As user i have be able to view my message-[]: Optional[Requirement{name='View Message', type='feature' parent = 'null', cardNumber='null'}]
18:41:09.317 [pool-2-thread-5] DEBUG n.t.c.r.BaseRequirementsService - Requirement found for test outcome As user i have be able to success reset password-[]: Optional[Requirement{name='ForgotPassword', type='feature' parent = 'null', cardNumber='null'}]
18:41:09.317 [pool-2-thread-2] DEBUG n.t.c.r.BaseRequirementsService - Requirement found for test outcome As user i have to find job in linkedin-[]: Optional[Requirement{name='FindJob', type='feature' parent = 'null', cardNumber='null'}]
18:41:09.446 [pool-2-thread-4] DEBUG n.t.c.r.h.HtmlAcceptanceTestReporter - GENERATING HTML REPORT FOR View Message:As user i have be able to view my message in ff9d27079af517fc4a01d3bb08b72aaa9405cee0eef5ba1f282c03747e09c90e.html in directory target\site\serenity  
18:41:09.447 [pool-2-thread-6] DEBUG n.t.c.r.h.HtmlAcceptanceTestReporter - GENERATING HTML REPORT FOR ViewProfile:As a user i have be able to see my profile in fcf0134c08957f68e57382fba5b9c4b5fa74bab595f3c2996ed0b6011d5d8e2d.html in directory target\site\serenity  
18:41:09.447 [pool-2-thread-3] DEBUG n.t.c.r.h.HtmlAcceptanceTestReporter - GENERATING HTML REPORT FOR Login:As user i have be able to success login in 62b7dd45c26136ff8212fa43c5369b3d39443fdf2af6e578f32f3c139b538fbb.html in directory target\site\serenity  
18:41:09.447 [pool-2-thread-2] DEBUG n.t.c.r.h.HtmlAcceptanceTestReporter - GENERATING HTML REPORT FOR FindJob:As user i have to find job in linkedin in d7bb6a80ea5fe222cc2cff7d75dba8dd1e50f7ed2b18bed2c7a62536841fc166.html in directory target\site\serenity  
18:41:09.447 [pool-2-thread-5] DEBUG n.t.c.r.h.HtmlAcceptanceTestReporter - GENERATING HTML REPORT FOR ForgotPassword:As user i have be able to success reset password in cd884d09a051f0ef5c1ad684c748f29d5c1c6e00967a3fdf8738682441800676.html in directory target\site\serenity  
18:41:09.447 [pool-2-thread-1] DEBUG n.t.c.r.h.HtmlAcceptanceTestReporter - GENERATING HTML REPORT FOR Add My Network:As user i have be able to add my network in 5bfa69fc197794e9763d8a81a10b51a670e2d55b8d0f03e99c933f498e993ffa.html in directory target\site\serenity  
18:41:10.475 [pool-2-thread-1] DEBUG n.t.c.r.h.HtmlAcceptanceTestReporter - Generating report in 5bfa69fc197794e9763d8a81a10b51a670e2d55b8d0f03e99c933f498e993ffa.html
18:41:10.475 [pool-2-thread-6] DEBUG n.t.c.r.h.HtmlAcceptanceTestReporter - Generating report in fcf0134c08957f68e57382fba5b9c4b5fa74bab595f3c2996ed0b6011d5d8e2d.html
18:41:10.475 [pool-2-thread-5] DEBUG n.t.c.r.h.HtmlAcceptanceTestReporter - Generating report in cd884d09a051f0ef5c1ad684c748f29d5c1c6e00967a3fdf8738682441800676.html
18:41:10.475 [pool-2-thread-4] DEBUG n.t.c.r.h.HtmlAcceptanceTestReporter - Generating report in ff9d27079af517fc4a01d3bb08b72aaa9405cee0eef5ba1f282c03747e09c90e.html
18:41:10.475 [pool-2-thread-2] DEBUG n.t.c.r.h.HtmlAcceptanceTestReporter - Generating report in d7bb6a80ea5fe222cc2cff7d75dba8dd1e50f7ed2b18bed2c7a62536841fc166.html
18:41:10.475 [pool-2-thread-3] DEBUG n.t.c.r.h.HtmlAcceptanceTestReporter - Generating report in 62b7dd45c26136ff8212fa43c5369b3d39443fdf2af6e578f32f3c139b538fbb.html
18:41:11.037 [pool-2-thread-6] DEBUG n.t.c.r.h.HtmlAcceptanceTestReporter - Generated report fcf0134c08957f68e57382fba5b9c4b5fa74bab595f3c2996ed0b6011d5d8e2d.html in 562 ms
18:41:11.038 [pool-2-thread-6] DEBUG n.t.core.reports.ReportService - Processing test outcome ViewProfile:As a user i have be able to see my profile done
18:41:11.041 [pool-2-thread-5] DEBUG n.t.c.r.h.HtmlAcceptanceTestReporter - Generated report cd884d09a051f0ef5c1ad684c748f29d5c1c6e00967a3fdf8738682441800676.html in 566 ms
18:41:11.041 [pool-2-thread-5] DEBUG n.t.core.reports.ReportService - Processing test outcome ForgotPassword:As user i have be able to success reset password done
18:41:11.041 [pool-2-thread-1] DEBUG n.t.c.r.h.HtmlAcceptanceTestReporter - Generated report 5bfa69fc197794e9763d8a81a10b51a670e2d55b8d0f03e99c933f498e993ffa.html in 566 ms
18:41:11.041 [pool-2-thread-1] DEBUG n.t.core.reports.ReportService - Processing test outcome Add My Network:As user i have be able to add my network done
18:41:11.041 [pool-2-thread-4] DEBUG n.t.c.r.h.HtmlAcceptanceTestReporter - Generated report ff9d27079af517fc4a01d3bb08b72aaa9405cee0eef5ba1f282c03747e09c90e.html in 566 ms
18:41:11.043 [pool-2-thread-4] DEBUG n.t.core.reports.ReportService - Processing test outcome View Message:As user i have be able to view my message done
18:41:11.046 [pool-2-thread-3] DEBUG n.t.c.r.h.HtmlAcceptanceTestReporter - Generated report 62b7dd45c26136ff8212fa43c5369b3d39443fdf2af6e578f32f3c139b538fbb.html in 570 ms
18:41:11.046 [pool-2-thread-3] DEBUG n.t.core.reports.ReportService - Processing test outcome Login:As user i have be able to success login done
18:41:11.052 [pool-2-thread-2] DEBUG n.t.c.r.h.HtmlAcceptanceTestReporter - Generated report d7bb6a80ea5fe222cc2cff7d75dba8dd1e50f7ed2b18bed2c7a62536841fc166.html in 576 ms
18:41:11.052 [pool-2-thread-2] DEBUG n.t.core.reports.ReportService - Processing test outcome FindJob:As user i have to find job in linkedin done
18:41:11.052 [pool-1-thread-1] DEBUG n.t.core.reports.ReportService - Shutting down executor service
18:41:11.052 [pool-1-thread-1] DEBUG n.t.core.reports.ReportService - Reports generated in: 1827 ms
18:41:08.590 [pool-1-thread-1] INFO  n.t.c.steps.ConsoleLoggingListener - 
 _____ _____ ____ _____   ____ _____  _    ____ _____ _____ ____  
|_   _| ____/ ___|_   _| / ___|_   _|/ \  |  _ \_   _| ____|  _ \ 
  | | |  _| \___ \ | |   \___ \ | | / _ \ | |_) || | |  _| | | | |
  | | | |___ ___) || |    ___) || |/ ___ \|  _ < | | | |___| |_| |
  |_| |_____|____/ |_|   |____/ |_/_/   \_\_| \_\|_| |_____|____/ 
                                                                  

TEST STARTED: As a user i have be able to see my profile
-------------------------------------------------------------------(viewprofile;as-a-user-i-have-be-able-to-see-my-profile)
18:41:08.599 [pool-1-thread-1] INFO  n.t.c.steps.ConsoleLoggingListener - TEST PENDING
]]></system-out>
  </testcase>
</testsuite>