<?xml version="1.0" encoding="UTF-8"?>
<testsuite xmlns:xsi="http://www.w3.org/2001/XMLSchema-instance" xsi:noNamespaceSchemaLocation="https://maven.apache.org/surefire/maven-failsafe-plugin/xsd/failsafe-test-report-3.0.xsd" version="3.0" name="CucumberTestSuite" time="80.202" tests="5" errors="0" skipped="0" failures="0">
  <properties>
    <property name="sun.desktop" value="windows"/>
    <property name="awt.toolkit" value="sun.awt.windows.WToolkit"/>
    <property name="java.specification.version" value="1.8"/>
    <property name="file.encoding.pkg" value="sun.io"/>
    <property name="webdriver.chrome.driver" value="D:\PERKULIAHAN\SEMESTER 2\SOAL\section20\section20\src\test\resources\webdriver\chromedriver.exe"/>
    <property name="sun.cpu.isalist" value="amd64"/>
    <property name="sun.jnu.encoding" value="Cp1252"/>
    <property name="java.class.path" value="D:\PERKULIAHAN\SEMESTER 2\SOAL\section20\section20\target\test-classes;D:\PERKULIAHAN\SEMESTER 2\SOAL\section20\section20\target\Section18-baru-1.0-SNAPSHOT.jar;C:\Users\ACER\.m2\repository\net\serenity-bdd\serenity-core\3.2.1\serenity-core-3.2.1.jar;C:\Users\ACER\.m2\repository\net\serenity-bdd\serenity-model\3.2.1\serenity-model-3.2.1.jar;C:\Users\ACER\.m2\repository\org\apache\commons\commons-text\1.9\commons-text-1.9.jar;C:\Users\ACER\.m2\repository\commons-net\commons-net\3.8.0\commons-net-3.8.0.jar;C:\Users\ACER\.m2\repository\com\google\guava\guava\31.1-jre\guava-31.1-jre.jar;C:\Users\ACER\.m2\repository\com\google\guava\failureaccess\1.0.1\failureaccess-1.0.1.jar;C:\Users\ACER\.m2\repository\com\google\guava\listenablefuture\9999.0-empty-to-avoid-conflict-with-guava\listenablefuture-9999.0-empty-to-avoid-conflict-with-guava.jar;C:\Users\ACER\.m2\repository\com\google\code\findbugs\jsr305\3.0.2\jsr305-3.0.2.jar;C:\Users\ACER\.m2\repository\org\checkerframework\checker-qual\3.12.0\checker-qual-3.12.0.jar;C:\Users\ACER\.m2\repository\com\google\errorprone\error_prone_annotations\2.11.0\error_prone_annotations-2.11.0.jar;C:\Users\ACER\.m2\repository\com\google\j2objc\j2objc-annotations\1.3\j2objc-annotations-1.3.jar;C:\Users\ACER\.m2\repository\com\google\inject\guice\5.1.0\guice-5.1.0.jar;C:\Users\ACER\.m2\repository\javax\inject\javax.inject\1\javax.inject-1.jar;C:\Users\ACER\.m2\repository\aopalliance\aopalliance\1.0\aopalliance-1.0.jar;C:\Users\ACER\.m2\repository\org\jsoup\jsoup\1.14.3\jsoup-1.14.3.jar;C:\Users\ACER\.m2\repository\com\thoughtworks\xstream\xstream\1.4.19\xstream-1.4.19.jar;C:\Users\ACER\.m2\repository\io\github\x-stream\mxparser\1.2.2\mxparser-1.2.2.jar;C:\Users\ACER\.m2\repository\xmlpull\xmlpull\1.1.3.1\xmlpull-1.1.3.1.jar;C:\Users\ACER\.m2\repository\io\cucumber\cucumber-java\7.2.3\cucumber-java-7.2.3.jar;C:\Users\ACER\.m2\repository\com\typesafe\config\1.4.2\config-1.4.2.jar;C:\Users\ACER\.m2\repository\org\imgscalr\imgscalr-lib\4.2\imgscalr-lib-4.2.jar;C:\Users\ACER\.m2\repository\org\awaitility\awaitility\4.2.0\awaitility-4.2.0.jar;C:\Users\ACER\.m2\repository\org\freemarker\freemarker\2.3.31\freemarker-2.3.31.jar;C:\Users\ACER\.m2\repository\io\github\classgraph\classgraph\4.8.138\classgraph-4.8.138.jar;C:\Users\ACER\.m2\repository\net\sourceforge\jexcelapi\jxl\2.6.12\jxl-2.6.12.jar;C:\Users\ACER\.m2\repository\net\bytebuddy\byte-buddy\1.12.8\byte-buddy-1.12.8.jar;C:\Users\ACER\.m2\repository\net\bytebuddy\byte-buddy-agent\1.12.8\byte-buddy-agent-1.12.8.jar;C:\Users\ACER\.m2\repository\org\objenesis\objenesis\3.1\objenesis-3.1.jar;C:\Users\ACER\.m2\repository\net\serenity-bdd\serenity-reports\3.2.1\serenity-reports-3.2.1.jar;C:\Users\ACER\.m2\repository\net\serenity-bdd\serenity-stats\3.2.1\serenity-stats-3.2.1.jar;C:\Users\ACER\.m2\repository\net\serenity-bdd\serenity-reports-configuration\3.2.1\serenity-reports-configuration-3.2.1.jar;C:\Users\ACER\.m2\repository\com\vladsch\flexmark\flexmark-all\0.34.30\flexmark-all-0.34.30.jar;C:\Users\ACER\.m2\repository\com\vladsch\flexmark\flexmark\0.34.30\flexmark-0.34.30.jar;C:\Users\ACER\.m2\repository\com\vladsch\flexmark\flexmark-ext-abbreviation\0.34.30\flexmark-ext-abbreviation-0.34.30.jar;C:\Users\ACER\.m2\repository\com\vladsch\flexmark\flexmark-ext-admonition\0.34.30\flexmark-ext-admonition-0.34.30.jar;C:\Users\ACER\.m2\repository\com\vladsch\flexmark\flexmark-ext-anchorlink\0.34.30\flexmark-ext-anchorlink-0.34.30.jar;C:\Users\ACER\.m2\repository\com\vladsch\flexmark\flexmark-ext-aside\0.34.30\flexmark-ext-aside-0.34.30.jar;C:\Users\ACER\.m2\repository\com\vladsch\flexmark\flexmark-ext-attributes\0.34.30\flexmark-ext-attributes-0.34.30.jar;C:\Users\ACER\.m2\repository\com\vladsch\flexmark\flexmark-ext-autolink\0.34.30\flexmark-ext-autolink-0.34.30.jar;C:\Users\ACER\.m2\repository\org\nibor\autolink\autolink\0.6.0\autolink-0.6.0.jar;C:\Users\ACER\.m2\repository\com\vladsch\flexmark\flexmark-ext-definition\0.34.30\flexmark-ext-definition-0.34.30.jar;C:\Users\ACER\.m2\repository\com\vladsch\flexmark\flexmark-ext-emoji\0.34.30\flexmark-ext-emoji-0.34.30.jar;C:\Users\ACER\.m2\repository\com\vladsch\flexmark\flexmark-ext-enumerated-reference\0.34.30\flexmark-ext-enumerated-reference-0.34.30.jar;C:\Users\ACER\.m2\repository\com\vladsch\flexmark\flexmark-ext-escaped-character\0.34.30\flexmark-ext-escaped-character-0.34.30.jar;C:\Users\ACER\.m2\repository\com\vladsch\flexmark\flexmark-ext-footnotes\0.34.30\flexmark-ext-footnotes-0.34.30.jar;C:\Users\ACER\.m2\repository\com\vladsch\flexmark\flexmark-ext-gfm-issues\0.34.30\flexmark-ext-gfm-issues-0.34.30.jar;C:\Users\ACER\.m2\repository\com\vladsch\flexmark\flexmark-ext-gfm-strikethrough\0.34.30\flexmark-ext-gfm-strikethrough-0.34.30.jar;C:\Users\ACER\.m2\repository\com\vladsch\flexmark\flexmark-ext-gfm-tables\0.34.30\flexmark-ext-gfm-tables-0.34.30.jar;C:\Users\ACER\.m2\repository\com\vladsch\flexmark\flexmark-ext-gfm-tasklist\0.34.30\flexmark-ext-gfm-tasklist-0.34.30.jar;C:\Users\ACER\.m2\repository\com\vladsch\flexmark\flexmark-ext-gfm-users\0.34.30\flexmark-ext-gfm-users-0.34.30.jar;C:\Users\ACER\.m2\repository\com\vladsch\flexmark\flexmark-ext-gitlab\0.34.30\flexmark-ext-gitlab-0.34.30.jar;C:\Users\ACER\.m2\repository\com\vladsch\flexmark\flexmark-ext-jekyll-front-matter\0.34.30\flexmark-ext-jekyll-front-matter-0.34.30.jar;C:\Users\ACER\.m2\repository\com\vladsch\flexmark\flexmark-ext-jekyll-tag\0.34.30\flexmark-ext-jekyll-tag-0.34.30.jar;C:\Users\ACER\.m2\repository\com\vladsch\flexmark\flexmark-ext-media-tags\0.34.30\flexmark-ext-media-tags-0.34.30.jar;C:\Users\ACER\.m2\repository\com\vladsch\flexmark\flexmark-test-util\0.34.30\flexmark-test-util-0.34.30.jar;C:\Users\ACER\.m2\repository\com\vladsch\flexmark\flexmark-ext-ins\0.34.30\flexmark-ext-ins-0.34.30.jar;C:\Users\ACER\.m2\repository\com\vladsch\flexmark\flexmark-ext-xwiki-macros\0.34.30\flexmark-ext-xwiki-macros-0.34.30.jar;C:\Users\ACER\.m2\repository\com\vladsch\flexmark\flexmark-ext-superscript\0.34.30\flexmark-ext-superscript-0.34.30.jar;C:\Users\ACER\.m2\repository\com\vladsch\flexmark\flexmark-ext-tables\0.34.30\flexmark-ext-tables-0.34.30.jar;C:\Users\ACER\.m2\repository\com\vladsch\flexmark\flexmark-ext-toc\0.34.30\flexmark-ext-toc-0.34.30.jar;C:\Users\ACER\.m2\repository\com\vladsch\flexmark\flexmark-ext-typographic\0.34.30\flexmark-ext-typographic-0.34.30.jar;C:\Users\ACER\.m2\repository\com\vladsch\flexmark\flexmark-ext-wikilink\0.34.30\flexmark-ext-wikilink-0.34.30.jar;C:\Users\ACER\.m2\repository\com\vladsch\flexmark\flexmark-ext-yaml-front-matter\0.34.30\flexmark-ext-yaml-front-matter-0.34.30.jar;C:\Users\ACER\.m2\repository\com\vladsch\flexmark\flexmark-ext-youtube-embedded\0.34.30\flexmark-ext-youtube-embedded-0.34.30.jar;C:\Users\ACER\.m2\repository\com\vladsch\flexmark\flexmark-formatter\0.34.30\flexmark-formatter-0.34.30.jar;C:\Users\ACER\.m2\repository\com\vladsch\flexmark\flexmark-html-parser\0.34.30\flexmark-html-parser-0.34.30.jar;C:\Users\ACER\.m2\repository\com\vladsch\flexmark\flexmark-jira-converter\0.34.30\flexmark-jira-converter-0.34.30.jar;C:\Users\ACER\.m2\repository\com\vladsch\flexmark\flexmark-pdf-converter\0.34.30\flexmark-pdf-converter-0.34.30.jar;C:\Users\ACER\.m2\repository\com\openhtmltopdf\openhtmltopdf-core\0.0.1-RC13\openhtmltopdf-core-0.0.1-RC13.jar;C:\Users\ACER\.m2\repository\com\openhtmltopdf\openhtmltopdf-pdfbox\0.0.1-RC13\openhtmltopdf-pdfbox-0.0.1-RC13.jar;C:\Users\ACER\.m2\repository\org\apache\pdfbox\pdfbox\2.0.8\pdfbox-2.0.8.jar;C:\Users\ACER\.m2\repository\org\apache\pdfbox\fontbox\2.0.8\fontbox-2.0.8.jar;C:\Users\ACER\.m2\repository\org\apache\pdfbox\xmpbox\2.0.8\xmpbox-2.0.8.jar;C:\Users\ACER\.m2\repository\de\rototor\pdfbox\graphics2d\0.12\graphics2d-0.12.jar;C:\Users\ACER\.m2\repository\com\openhtmltopdf\openhtmltopdf-rtl-support\0.0.1-RC13\openhtmltopdf-rtl-support-0.0.1-RC13.jar;C:\Users\ACER\.m2\repository\com\ibm\icu\icu4j\59.1\icu4j-59.1.jar;C:\Users\ACER\.m2\repository\com\openhtmltopdf\openhtmltopdf-jsoup-dom-converter\0.0.1-RC13\openhtmltopdf-jsoup-dom-converter-0.0.1-RC13.jar;C:\Users\ACER\.m2\repository\com\vladsch\flexmark\flexmark-profile-pegdown\0.34.30\flexmark-profile-pegdown-0.34.30.jar;C:\Users\ACER\.m2\repository\com\vladsch\flexmark\flexmark-util\0.34.30\flexmark-util-0.34.30.jar;C:\Users\ACER\.m2\repository\com\vladsch\flexmark\flexmark-youtrack-converter\0.34.30\flexmark-youtrack-converter-0.34.30.jar;C:\Users\ACER\.m2\repository\es\nitaur\markdown\txtmark\0.16\txtmark-0.16.jar;C:\Users\ACER\.m2\repository\net\serenity-bdd\serenity-report-resources\3.2.1\serenity-report-resources-3.2.1.jar;C:\Users\ACER\.m2\repository\com\google\code\gson\gson\2.9.0\gson-2.9.0.jar;C:\Users\ACER\.m2\repository\com\fasterxml\jackson\core\jackson-core\2.13.2\jackson-core-2.13.2.jar;C:\Users\ACER\.m2\repository\com\fasterxml\jackson\core\jackson-databind\2.13.2\jackson-databind-2.13.2.jar;C:\Users\ACER\.m2\repository\com\fasterxml\jackson\core\jackson-annotations\2.13.2\jackson-annotations-2.13.2.jar;C:\Users\ACER\.m2\repository\commons-codec\commons-codec\1.15\commons-codec-1.15.jar;C:\Users\ACER\.m2\repository\commons-io\commons-io\2.11.0\commons-io-2.11.0.jar;C:\Users\ACER\.m2\repository\org\seleniumhq\selenium\selenium-java\4.1.2\selenium-java-4.1.2.jar;C:\Users\ACER\.m2\repository\org\seleniumhq\selenium\selenium-devtools-v85\4.1.2\selenium-devtools-v85-4.1.2.jar;C:\Users\ACER\.m2\repository\org\seleniumhq\selenium\selenium-devtools-v95\4.1.2\selenium-devtools-v95-4.1.2.jar;C:\Users\ACER\.m2\repository\org\seleniumhq\selenium\selenium-devtools-v96\4.1.2\selenium-devtools-v96-4.1.2.jar;C:\Users\ACER\.m2\repository\org\seleniumhq\selenium\selenium-devtools-v97\4.1.2\selenium-devtools-v97-4.1.2.jar;C:\Users\ACER\.m2\repository\org\seleniumhq\selenium\selenium-firefox-xpi-driver\4.1.2\selenium-firefox-xpi-driver-4.1.2.jar;C:\Users\ACER\.m2\repository\org\seleniumhq\selenium\selenium-opera-driver\4.1.2\selenium-opera-driver-4.1.2.jar;C:\Users\ACER\.m2\repository\org\seleniumhq\selenium\selenium-remote-driver\4.1.2\selenium-remote-driver-4.1.2.jar;C:\Users\ACER\.m2\repository\com\beust\jcommander\1.82\jcommander-1.82.jar;C:\Users\ACER\.m2\repository\io\netty\netty-buffer\4.1.73.Final\netty-buffer-4.1.73.Final.jar;C:\Users\ACER\.m2\repository\io\netty\netty-codec-http\4.1.73.Final\netty-codec-http-4.1.73.Final.jar;C:\Users\ACER\.m2\repository\io\netty\netty-codec\4.1.73.Final\netty-codec-4.1.73.Final.jar;C:\Users\ACER\.m2\repository\io\netty\netty-handler\4.1.73.Final\netty-handler-4.1.73.Final.jar;C:\Users\ACER\.m2\repository\io\netty\netty-tcnative-classes\2.0.46.Final\netty-tcnative-classes-2.0.46.Final.jar;C:\Users\ACER\.m2\repository\io\netty\netty-common\4.1.73.Final\netty-common-4.1.73.Final.jar;C:\Users\ACER\.m2\repository\io\netty\netty-transport-classes-epoll\4.1.73.Final\netty-transport-classes-epoll-4.1.73.Final.jar;C:\Users\ACER\.m2\repository\io\netty\netty-transport-classes-kqueue\4.1.73.Final\netty-transport-classes-kqueue-4.1.73.Final.jar;C:\Users\ACER\.m2\repository\io\netty\netty-transport-native-epoll\4.1.73.Final\netty-transport-native-epoll-4.1.73.Final.jar;C:\Users\ACER\.m2\repository\io\netty\netty-transport-native-kqueue\4.1.73.Final\netty-transport-native-kqueue-4.1.73.Final.jar;C:\Users\ACER\.m2\repository\io\netty\netty-transport-native-unix-common\4.1.73.Final\netty-transport-native-unix-common-4.1.73.Final.jar;C:\Users\ACER\.m2\repository\io\netty\netty-transport\4.1.73.Final\netty-transport-4.1.73.Final.jar;C:\Users\ACER\.m2\repository\io\netty\netty-resolver\4.1.73.Final\netty-resolver-4.1.73.Final.jar;C:\Users\ACER\.m2\repository\io\opentelemetry\opentelemetry-api\1.10.1\opentelemetry-api-1.10.1.jar;C:\Users\ACER\.m2\repository\io\opentelemetry\opentelemetry-context\1.10.1\opentelemetry-context-1.10.1.jar;C:\Users\ACER\.m2\repository\io\opentelemetry\opentelemetry-exporter-logging\1.10.1\opentelemetry-exporter-logging-1.10.1.jar;C:\Users\ACER\.m2\repository\io\opentelemetry\opentelemetry-sdk-metrics\1.10.1-alpha\opentelemetry-sdk-metrics-1.10.1-alpha.jar;C:\Users\ACER\.m2\repository\io\opentelemetry\opentelemetry-sdk-logs\1.10.1-alpha\opentelemetry-sdk-logs-1.10.1-alpha.jar;C:\Users\ACER\.m2\repository\io\opentelemetry\opentelemetry-sdk-common\1.10.1\opentelemetry-sdk-common-1.10.1.jar;C:\Users\ACER\.m2\repository\io\opentelemetry\opentelemetry-sdk-extension-autoconfigure-spi\1.10.1\opentelemetry-sdk-extension-autoconfigure-spi-1.10.1.jar;C:\Users\ACER\.m2\repository\io\opentelemetry\opentelemetry-sdk-extension-autoconfigure\1.10.1-alpha\opentelemetry-sdk-extension-autoconfigure-1.10.1-alpha.jar;C:\Users\ACER\.m2\repository\io\opentelemetry\opentelemetry-sdk-trace\1.10.1\opentelemetry-sdk-trace-1.10.1.jar;C:\Users\ACER\.m2\repository\io\opentelemetry\opentelemetry-sdk\1.10.1\opentelemetry-sdk-1.10.1.jar;C:\Users\ACER\.m2\repository\io\opentelemetry\opentelemetry-semconv\1.10.1-alpha\opentelemetry-semconv-1.10.1-alpha.jar;C:\Users\ACER\.m2\repository\io\ous\jtoml\2.0.0\jtoml-2.0.0.jar;C:\Users\ACER\.m2\repository\org\apache\commons\commons-exec\1.3\commons-exec-1.3.jar;C:\Users\ACER\.m2\repository\org\asynchttpclient\async-http-client\2.12.3\async-http-client-2.12.3.jar;C:\Users\ACER\.m2\repository\org\asynchttpclient\async-http-client-netty-utils\2.12.3\async-http-client-netty-utils-2.12.3.jar;C:\Users\ACER\.m2\repository\io\netty\netty-codec-socks\4.1.60.Final\netty-codec-socks-4.1.60.Final.jar;C:\Users\ACER\.m2\repository\io\netty\netty-handler-proxy\4.1.60.Final\netty-handler-proxy-4.1.60.Final.jar;C:\Users\ACER\.m2\repository\io\netty\netty-transport-native-epoll\4.1.60.Final\netty-transport-native-epoll-4.1.60.Final-linux-x86_64.jar;C:\Users\ACER\.m2\repository\io\netty\netty-transport-native-kqueue\4.1.60.Final\netty-transport-native-kqueue-4.1.60.Final-osx-x86_64.jar;C:\Users\ACER\.m2\repository\org\reactivestreams\reactive-streams\1.0.3\reactive-streams-1.0.3.jar;C:\Users\ACER\.m2\repository\com\typesafe\netty\netty-reactive-streams\2.0.4\netty-reactive-streams-2.0.4.jar;C:\Users\ACER\.m2\repository\org\seleniumhq\selenium\selenium-http\4.1.2\selenium-http-4.1.2.jar;C:\Users\ACER\.m2\repository\net\jodah\failsafe\2.4.4\failsafe-2.4.4.jar;C:\Users\ACER\.m2\repository\org\seleniumhq\selenium\selenium-safari-driver\4.1.2\selenium-safari-driver-4.1.2.jar;C:\Users\ACER\.m2\repository\org\seleniumhq\selenium\selenium-api\4.1.2\selenium-api-4.1.2.jar;C:\Users\ACER\.m2\repository\org\seleniumhq\selenium\selenium-support\4.1.2\selenium-support-4.1.2.jar;C:\Users\ACER\.m2\repository\com\google\auto\service\auto-service-annotations\1.0.1\auto-service-annotations-1.0.1.jar;C:\Users\ACER\.m2\repository\com\google\auto\service\auto-service\1.0.1\auto-service-1.0.1.jar;C:\Users\ACER\.m2\repository\com\google\auto\auto-common\1.2\auto-common-1.2.jar;C:\Users\ACER\.m2\repository\org\seleniumhq\selenium\selenium-json\4.1.2\selenium-json-4.1.2.jar;C:\Users\ACER\.m2\repository\org\seleniumhq\selenium\selenium-chrome-driver\4.1.2\selenium-chrome-driver-4.1.2.jar;C:\Users\ACER\.m2\repository\org\seleniumhq\selenium\selenium-chromium-driver\4.1.2\selenium-chromium-driver-4.1.2.jar;C:\Users\ACER\.m2\repository\org\seleniumhq\selenium\selenium-firefox-driver\4.1.2\selenium-firefox-driver-4.1.2.jar;C:\Users\ACER\.m2\repository\org\seleniumhq\selenium\selenium-edge-driver\4.1.2\selenium-edge-driver-4.1.2.jar;C:\Users\ACER\.m2\repository\org\seleniumhq\selenium\selenium-ie-driver\4.1.2\selenium-ie-driver-4.1.2.jar;C:\Users\ACER\.m2\repository\org\projectlombok\lombok\1.18.20\lombok-1.18.20.jar;C:\Users\ACER\.m2\repository\io\appium\java-client\8.0.0\java-client-8.0.0.jar;C:\Users\ACER\.m2\repository\commons-validator\commons-validator\1.7\commons-validator-1.7.jar;C:\Users\ACER\.m2\repository\commons-digester\commons-digester\2.1\commons-digester-2.1.jar;C:\Users\ACER\.m2\repository\org\aspectj\aspectjweaver\1.9.8\aspectjweaver-1.9.8.jar;C:\Users\ACER\.m2\repository\net\sf\opencsv\opencsv\2.0\opencsv-2.0.jar;C:\Users\ACER\.m2\repository\commons-beanutils\commons-beanutils\1.9.4\commons-beanutils-1.9.4.jar;C:\Users\ACER\.m2\repository\org\apache\commons\commons-lang3\3.12.0\commons-lang3-3.12.0.jar;C:\Users\ACER\.m2\repository\commons-collections\commons-collections\3.2.2\commons-collections-3.2.2.jar;C:\Users\ACER\.m2\repository\org\fluentlenium\fluentlenium-core\0.10.2\fluentlenium-core-0.10.2.jar;C:\Users\ACER\.m2\repository\io\github\bonigarcia\webdrivermanager\5.1.0\webdrivermanager-5.1.0.jar;C:\Users\ACER\.m2\repository\com\github\docker-java\docker-java\3.2.13\docker-java-3.2.13.jar;C:\Users\ACER\.m2\repository\com\github\docker-java\docker-java-core\3.2.13\docker-java-core-3.2.13.jar;C:\Users\ACER\.m2\repository\com\github\docker-java\docker-java-api\3.2.13\docker-java-api-3.2.13.jar;C:\Users\ACER\.m2\repository\org\apache\commons\commons-compress\1.21\commons-compress-1.21.jar;C:\Users\ACER\.m2\repository\org\bouncycastle\bcpkix-jdk15on\1.64\bcpkix-jdk15on-1.64.jar;C:\Users\ACER\.m2\repository\org\bouncycastle\bcprov-jdk15on\1.64\bcprov-jdk15on-1.64.jar;C:\Users\ACER\.m2\repository\org\slf4j\jcl-over-slf4j\1.7.30\jcl-over-slf4j-1.7.30.jar;C:\Users\ACER\.m2\repository\com\github\docker-java\docker-java-transport-httpclient5\3.2.13\docker-java-transport-httpclient5-3.2.13.jar;C:\Users\ACER\.m2\repository\com\github\docker-java\docker-java-transport\3.2.13\docker-java-transport-3.2.13.jar;C:\Users\ACER\.m2\repository\org\apache\httpcomponents\client5\httpclient5\5.0.3\httpclient5-5.0.3.jar;C:\Users\ACER\.m2\repository\org\apache\httpcomponents\core5\httpcore5\5.0.2\httpcore5-5.0.2.jar;C:\Users\ACER\.m2\repository\net\java\dev\jna\jna\5.8.0\jna-5.8.0.jar;C:\Users\ACER\.m2\repository\org\brotli\dec\0.1.2\dec-0.1.2.jar;C:\Users\ACER\.m2\repository\com\jhlabs\filters\2.0.235\filters-2.0.235.jar;C:\Users\ACER\.m2\repository\com\paulhammant\ngwebdriver\1.1.6\ngwebdriver-1.1.6.jar;C:\Users\ACER\.m2\repository\joda-time\joda-time\2.8.2\joda-time-2.8.2.jar;C:\Users\ACER\.m2\repository\org\hamcrest\hamcrest\2.2\hamcrest-2.2.jar;C:\Users\ACER\.m2\repository\com\google\jimfs\jimfs\1.2\jimfs-1.2.jar;C:\Users\ACER\.m2\repository\org\mockito\mockito-core\3.3.3\mockito-core-3.3.3.jar;C:\Users\ACER\.m2\repository\javax\xml\bind\jaxb-api\2.3.1\jaxb-api-2.3.1.jar;C:\Users\ACER\.m2\repository\javax\activation\javax.activation-api\1.2.0\javax.activation-api-1.2.0.jar;C:\Users\ACER\.m2\repository\com\sun\xml\bind\jaxb-core\2.3.0.1\jaxb-core-2.3.0.1.jar;C:\Users\ACER\.m2\repository\com\sun\xml\bind\jaxb-impl\2.3.3\jaxb-impl-2.3.3.jar;C:\Users\ACER\.m2\repository\jakarta\xml\bind\jakarta.xml.bind-api\2.3.3\jakarta.xml.bind-api-2.3.3.jar;C:\Users\ACER\.m2\repository\com\sun\activation\jakarta.activation\1.2.2\jakarta.activation-1.2.2.jar;C:\Users\ACER\.m2\repository\javax\activation\activation\1.1.1\activation-1.1.1.jar;C:\Users\ACER\.m2\repository\net\serenity-bdd\serenity-cucumber\3.2.1\serenity-cucumber-3.2.1.jar;C:\Users\ACER\.m2\repository\io\cucumber\cucumber-core\7.2.3\cucumber-core-7.2.3.jar;C:\Users\ACER\.m2\repository\io\cucumber\cucumber-gherkin\7.2.3\cucumber-gherkin-7.2.3.jar;C:\Users\ACER\.m2\repository\io\cucumber\cucumber-gherkin-messages\7.2.3\cucumber-gherkin-messages-7.2.3.jar;C:\Users\ACER\.m2\repository\io\cucumber\messages\17.1.1\messages-17.1.1.jar;C:\Users\ACER\.m2\repository\io\cucumber\tag-expressions\4.1.0\tag-expressions-4.1.0.jar;C:\Users\ACER\.m2\repository\io\cucumber\cucumber-expressions\15.0.1\cucumber-expressions-15.0.1.jar;C:\Users\ACER\.m2\repository\io\cucumber\datatable\7.2.3\datatable-7.2.3.jar;C:\Users\ACER\.m2\repository\io\cucumber\cucumber-plugin\7.2.3\cucumber-plugin-7.2.3.jar;C:\Users\ACER\.m2\repository\io\cucumber\docstring\7.2.3\docstring-7.2.3.jar;C:\Users\ACER\.m2\repository\io\cucumber\html-formatter\17.0.0\html-formatter-17.0.0.jar;C:\Users\ACER\.m2\repository\io\cucumber\ci-environment\8.1.0\ci-environment-8.1.0.jar;C:\Users\ACER\.m2\repository\io\cucumber\cucumber-junit\7.2.3\cucumber-junit-7.2.3.jar;C:\Users\ACER\.m2\repository\org\apache\commons\commons-csv\1.5\commons-csv-1.5.jar;C:\Users\ACER\.m2\repository\net\serenity-bdd\serenity-screenplay\3.2.1\serenity-screenplay-3.2.1.jar;C:\Users\ACER\.m2\repository\net\serenity-bdd\serenity-screenplay-webdriver\3.2.1\serenity-screenplay-webdriver-3.2.1.jar;C:\Users\ACER\.m2\repository\net\serenity-bdd\serenity-ensure\3.2.1\serenity-ensure-3.2.1.jar;C:\Users\ACER\.m2\repository\net\serenity-bdd\serenity-junit\3.2.1\serenity-junit-3.2.1.jar;C:\Users\ACER\.m2\repository\org\jetbrains\kotlin\kotlin-stdlib\1.6.0\kotlin-stdlib-1.6.0.jar;C:\Users\ACER\.m2\repository\org\jetbrains\annotations\13.0\annotations-13.0.jar;C:\Users\ACER\.m2\repository\org\jetbrains\kotlin\kotlin-stdlib-common\1.6.0\kotlin-stdlib-common-1.6.0.jar;C:\Users\ACER\.m2\repository\org\junit\platform\junit-platform-launcher\1.8.2\junit-platform-launcher-1.8.2.jar;C:\Users\ACER\.m2\repository\org\junit\platform\junit-platform-engine\1.8.2\junit-platform-engine-1.8.2.jar;C:\Users\ACER\.m2\repository\org\junit\platform\junit-platform-commons\1.8.2\junit-platform-commons-1.8.2.jar;C:\Users\ACER\.m2\repository\org\apiguardian\apiguardian-api\1.1.2\apiguardian-api-1.1.2.jar;C:\Users\ACER\.m2\repository\org\junit\jupiter\junit-jupiter-engine\5.8.2\junit-jupiter-engine-5.8.2.jar;C:\Users\ACER\.m2\repository\org\junit\jupiter\junit-jupiter-api\5.8.2\junit-jupiter-api-5.8.2.jar;C:\Users\ACER\.m2\repository\org\junit\vintage\junit-vintage-engine\5.8.2\junit-vintage-engine-5.8.2.jar;C:\Users\ACER\.m2\repository\junit\junit\4.13.2\junit-4.13.2.jar;C:\Users\ACER\.m2\repository\org\hamcrest\hamcrest-core\1.3\hamcrest-core-1.3.jar;C:\Users\ACER\.m2\repository\ch\qos\logback\logback-classic\1.2.11\logback-classic-1.2.11.jar;C:\Users\ACER\.m2\repository\ch\qos\logback\logback-core\1.2.11\logback-core-1.2.11.jar;C:\Users\ACER\.m2\repository\org\slf4j\slf4j-api\1.7.32\slf4j-api-1.7.32.jar;C:\Users\ACER\.m2\repository\org\assertj\assertj-core\3.22.0\assertj-core-3.22.0.jar;C:\Users\ACER\.m2\repository\net\serenity-bdd\serenity-rest-assured\3.2.1\serenity-rest-assured-3.2.1.jar;C:\Users\ACER\.m2\repository\org\apache\httpcomponents\httpclient\4.5.13\httpclient-4.5.13.jar;C:\Users\ACER\.m2\repository\org\apache\httpcomponents\httpcore\4.4.13\httpcore-4.4.13.jar;C:\Users\ACER\.m2\repository\commons-logging\commons-logging\1.2\commons-logging-1.2.jar;C:\Users\ACER\.m2\repository\org\codehaus\groovy\groovy-json\3.0.10\groovy-json-3.0.10.jar;C:\Users\ACER\.m2\repository\org\opentest4j\opentest4j\1.2.0\opentest4j-1.2.0.jar;C:\Users\ACER\.m2\repository\org\apache\maven\plugins\maven-surefire-plugin\3.0.0-M5\maven-surefire-plugin-3.0.0-M5.jar;C:\Users\ACER\.m2\repository\org\apache\maven\surefire\maven-surefire-common\3.0.0-M5\maven-surefire-common-3.0.0-M5.jar;C:\Users\ACER\.m2\repository\org\apache\maven\surefire\surefire-api\3.0.0-M5\surefire-api-3.0.0-M5.jar;C:\Users\ACER\.m2\repository\org\apache\maven\surefire\surefire-logger-api\3.0.0-M5\surefire-logger-api-3.0.0-M5.jar;C:\Users\ACER\.m2\repository\org\apache\maven\surefire\surefire-extensions-api\3.0.0-M5\surefire-extensions-api-3.0.0-M5.jar;C:\Users\ACER\.m2\repository\org\apache\maven\surefire\surefire-booter\3.0.0-M5\surefire-booter-3.0.0-M5.jar;C:\Users\ACER\.m2\repository\org\apache\maven\surefire\surefire-extensions-spi\3.0.0-M5\surefire-extensions-spi-3.0.0-M5.jar;C:\Users\ACER\.m2\repository\org\apache\maven\maven-toolchain\3.0-alpha-2\maven-toolchain-3.0-alpha-2.jar;C:\Users\ACER\.m2\repository\org\apache\maven\shared\maven-artifact-transfer\0.11.0\maven-artifact-transfer-0.11.0.jar;C:\Users\ACER\.m2\repository\org\apache\maven\shared\maven-common-artifact-filters\3.0.1\maven-common-artifact-filters-3.0.1.jar;C:\Users\ACER\.m2\repository\org\apache\maven\maven-model\3.0\maven-model-3.0.jar;C:\Users\ACER\.m2\repository\org\apache\maven\maven-plugin-api\3.0\maven-plugin-api-3.0.jar;C:\Users\ACER\.m2\repository\org\sonatype\sisu\sisu-inject-plexus\1.4.2\sisu-inject-plexus-1.4.2.jar;C:\Users\ACER\.m2\repository\org\codehaus\plexus\plexus-classworlds\2.2.3\plexus-classworlds-2.2.3.jar;C:\Users\ACER\.m2\repository\org\sonatype\sisu\sisu-inject-bean\1.4.2\sisu-inject-bean-1.4.2.jar;C:\Users\ACER\.m2\repository\org\sonatype\sisu\sisu-guice\2.1.7\sisu-guice-2.1.7-noaop.jar;C:\Users\ACER\.m2\repository\org\apache\maven\shared\maven-shared-utils\3.1.0\maven-shared-utils-3.1.0.jar;C:\Users\ACER\.m2\repository\org\codehaus\plexus\plexus-java\1.0.5\plexus-java-1.0.5.jar;C:\Users\ACER\.m2\repository\org\ow2\asm\asm\7.2\asm-7.2.jar;C:\Users\ACER\.m2\repository\com\thoughtworks\qdox\qdox\2.0-M9\qdox-2.0-M9.jar;C:\Users\ACER\.m2\repository\org\apache\maven\surefire\surefire-shared-utils\3.0.0-M4\surefire-shared-utils-3.0.0-M4.jar;C:\Users\ACER\.m2\repository\io\rest-assured\rest-assured\4.5.1\rest-assured-4.5.1.jar;C:\Users\ACER\.m2\repository\org\apache\httpcomponents\httpmime\4.5.13\httpmime-4.5.13.jar;C:\Users\ACER\.m2\repository\org\ccil\cowan\tagsoup\tagsoup\1.2.1\tagsoup-1.2.1.jar;C:\Users\ACER\.m2\repository\io\rest-assured\json-path\4.5.1\json-path-4.5.1.jar;C:\Users\ACER\.m2\repository\io\rest-assured\rest-assured-common\4.5.1\rest-assured-common-4.5.1.jar;C:\Users\ACER\.m2\repository\io\rest-assured\xml-path\4.5.1\xml-path-4.5.1.jar;C:\Users\ACER\.m2\repository\org\codehaus\groovy\groovy\3.0.10\groovy-3.0.10.jar;C:\Users\ACER\.m2\repository\org\codehaus\groovy\groovy-xml\3.0.10\groovy-xml-3.0.10.jar;C:\Users\ACER\.m2\repository\com\googlecode\json-simple\json-simple\1.1.1\json-simple-1.1.1.jar;"/>
    <property name="java.vm.vendor" value="Oracle Corporation"/>
    <property name="sun.arch.data.model" value="64"/>
    <property name="user.variant" value=""/>
    <property name="java.vendor.url" value="http://java.oracle.com/"/>
    <property name="user.timezone" value="Asia/Bangkok"/>
    <property name="java.vm.specification.version" value="1.8"/>
    <property name="os.name" value="Windows 10"/>
    <property name="user.country" value="ID"/>
    <property name="sun.java.launcher" value="SUN_STANDARD"/>
    <property name="sun.boot.library.path" value="C:\Program Files\Java\jdk1.8.0_241\jre\bin"/>
    <property name="sun.java.command" value="C:\Users\ACER\AppData\Local\Temp\surefire5069814391830033322\surefirebooter6036601899519724204.jar C:\Users\ACER\AppData\Local\Temp\surefire5069814391830033322 2022-03-30T15-40-19_085-jvmRun1 surefire119151984217473799tmp surefire_08606471503817634594tmp"/>
    <property name="surefire.test.class.path" value="D:\PERKULIAHAN\SEMESTER 2\SOAL\section20\section20\target\test-classes;D:\PERKULIAHAN\SEMESTER 2\SOAL\section20\section20\target\Section18-baru-1.0-SNAPSHOT.jar;C:\Users\ACER\.m2\repository\net\serenity-bdd\serenity-core\3.2.1\serenity-core-3.2.1.jar;C:\Users\ACER\.m2\repository\net\serenity-bdd\serenity-model\3.2.1\serenity-model-3.2.1.jar;C:\Users\ACER\.m2\repository\org\apache\commons\commons-text\1.9\commons-text-1.9.jar;C:\Users\ACER\.m2\repository\commons-net\commons-net\3.8.0\commons-net-3.8.0.jar;C:\Users\ACER\.m2\repository\com\google\guava\guava\31.1-jre\guava-31.1-jre.jar;C:\Users\ACER\.m2\repository\com\google\guava\failureaccess\1.0.1\failureaccess-1.0.1.jar;C:\Users\ACER\.m2\repository\com\google\guava\listenablefuture\9999.0-empty-to-avoid-conflict-with-guava\listenablefuture-9999.0-empty-to-avoid-conflict-with-guava.jar;C:\Users\ACER\.m2\repository\com\google\code\findbugs\jsr305\3.0.2\jsr305-3.0.2.jar;C:\Users\ACER\.m2\repository\org\checkerframework\checker-qual\3.12.0\checker-qual-3.12.0.jar;C:\Users\ACER\.m2\repository\com\google\errorprone\error_prone_annotations\2.11.0\error_prone_annotations-2.11.0.jar;C:\Users\ACER\.m2\repository\com\google\j2objc\j2objc-annotations\1.3\j2objc-annotations-1.3.jar;C:\Users\ACER\.m2\repository\com\google\inject\guice\5.1.0\guice-5.1.0.jar;C:\Users\ACER\.m2\repository\javax\inject\javax.inject\1\javax.inject-1.jar;C:\Users\ACER\.m2\repository\aopalliance\aopalliance\1.0\aopalliance-1.0.jar;C:\Users\ACER\.m2\repository\org\jsoup\jsoup\1.14.3\jsoup-1.14.3.jar;C:\Users\ACER\.m2\repository\com\thoughtworks\xstream\xstream\1.4.19\xstream-1.4.19.jar;C:\Users\ACER\.m2\repository\io\github\x-stream\mxparser\1.2.2\mxparser-1.2.2.jar;C:\Users\ACER\.m2\repository\xmlpull\xmlpull\1.1.3.1\xmlpull-1.1.3.1.jar;C:\Users\ACER\.m2\repository\io\cucumber\cucumber-java\7.2.3\cucumber-java-7.2.3.jar;C:\Users\ACER\.m2\repository\com\typesafe\config\1.4.2\config-1.4.2.jar;C:\Users\ACER\.m2\repository\org\imgscalr\imgscalr-lib\4.2\imgscalr-lib-4.2.jar;C:\Users\ACER\.m2\repository\org\awaitility\awaitility\4.2.0\awaitility-4.2.0.jar;C:\Users\ACER\.m2\repository\org\freemarker\freemarker\2.3.31\freemarker-2.3.31.jar;C:\Users\ACER\.m2\repository\io\github\classgraph\classgraph\4.8.138\classgraph-4.8.138.jar;C:\Users\ACER\.m2\repository\net\sourceforge\jexcelapi\jxl\2.6.12\jxl-2.6.12.jar;C:\Users\ACER\.m2\repository\net\bytebuddy\byte-buddy\1.12.8\byte-buddy-1.12.8.jar;C:\Users\ACER\.m2\repository\net\bytebuddy\byte-buddy-agent\1.12.8\byte-buddy-agent-1.12.8.jar;C:\Users\ACER\.m2\repository\org\objenesis\objenesis\3.1\objenesis-3.1.jar;C:\Users\ACER\.m2\repository\net\serenity-bdd\serenity-reports\3.2.1\serenity-reports-3.2.1.jar;C:\Users\ACER\.m2\repository\net\serenity-bdd\serenity-stats\3.2.1\serenity-stats-3.2.1.jar;C:\Users\ACER\.m2\repository\net\serenity-bdd\serenity-reports-configuration\3.2.1\serenity-reports-configuration-3.2.1.jar;C:\Users\ACER\.m2\repository\com\vladsch\flexmark\flexmark-all\0.34.30\flexmark-all-0.34.30.jar;C:\Users\ACER\.m2\repository\com\vladsch\flexmark\flexmark\0.34.30\flexmark-0.34.30.jar;C:\Users\ACER\.m2\repository\com\vladsch\flexmark\flexmark-ext-abbreviation\0.34.30\flexmark-ext-abbreviation-0.34.30.jar;C:\Users\ACER\.m2\repository\com\vladsch\flexmark\flexmark-ext-admonition\0.34.30\flexmark-ext-admonition-0.34.30.jar;C:\Users\ACER\.m2\repository\com\vladsch\flexmark\flexmark-ext-anchorlink\0.34.30\flexmark-ext-anchorlink-0.34.30.jar;C:\Users\ACER\.m2\repository\com\vladsch\flexmark\flexmark-ext-aside\0.34.30\flexmark-ext-aside-0.34.30.jar;C:\Users\ACER\.m2\repository\com\vladsch\flexmark\flexmark-ext-attributes\0.34.30\flexmark-ext-attributes-0.34.30.jar;C:\Users\ACER\.m2\repository\com\vladsch\flexmark\flexmark-ext-autolink\0.34.30\flexmark-ext-autolink-0.34.30.jar;C:\Users\ACER\.m2\repository\org\nibor\autolink\autolink\0.6.0\autolink-0.6.0.jar;C:\Users\ACER\.m2\repository\com\vladsch\flexmark\flexmark-ext-definition\0.34.30\flexmark-ext-definition-0.34.30.jar;C:\Users\ACER\.m2\repository\com\vladsch\flexmark\flexmark-ext-emoji\0.34.30\flexmark-ext-emoji-0.34.30.jar;C:\Users\ACER\.m2\repository\com\vladsch\flexmark\flexmark-ext-enumerated-reference\0.34.30\flexmark-ext-enumerated-reference-0.34.30.jar;C:\Users\ACER\.m2\repository\com\vladsch\flexmark\flexmark-ext-escaped-character\0.34.30\flexmark-ext-escaped-character-0.34.30.jar;C:\Users\ACER\.m2\repository\com\vladsch\flexmark\flexmark-ext-footnotes\0.34.30\flexmark-ext-footnotes-0.34.30.jar;C:\Users\ACER\.m2\repository\com\vladsch\flexmark\flexmark-ext-gfm-issues\0.34.30\flexmark-ext-gfm-issues-0.34.30.jar;C:\Users\ACER\.m2\repository\com\vladsch\flexmark\flexmark-ext-gfm-strikethrough\0.34.30\flexmark-ext-gfm-strikethrough-0.34.30.jar;C:\Users\ACER\.m2\repository\com\vladsch\flexmark\flexmark-ext-gfm-tables\0.34.30\flexmark-ext-gfm-tables-0.34.30.jar;C:\Users\ACER\.m2\repository\com\vladsch\flexmark\flexmark-ext-gfm-tasklist\0.34.30\flexmark-ext-gfm-tasklist-0.34.30.jar;C:\Users\ACER\.m2\repository\com\vladsch\flexmark\flexmark-ext-gfm-users\0.34.30\flexmark-ext-gfm-users-0.34.30.jar;C:\Users\ACER\.m2\repository\com\vladsch\flexmark\flexmark-ext-gitlab\0.34.30\flexmark-ext-gitlab-0.34.30.jar;C:\Users\ACER\.m2\repository\com\vladsch\flexmark\flexmark-ext-jekyll-front-matter\0.34.30\flexmark-ext-jekyll-front-matter-0.34.30.jar;C:\Users\ACER\.m2\repository\com\vladsch\flexmark\flexmark-ext-jekyll-tag\0.34.30\flexmark-ext-jekyll-tag-0.34.30.jar;C:\Users\ACER\.m2\repository\com\vladsch\flexmark\flexmark-ext-media-tags\0.34.30\flexmark-ext-media-tags-0.34.30.jar;C:\Users\ACER\.m2\repository\com\vladsch\flexmark\flexmark-test-util\0.34.30\flexmark-test-util-0.34.30.jar;C:\Users\ACER\.m2\repository\com\vladsch\flexmark\flexmark-ext-ins\0.34.30\flexmark-ext-ins-0.34.30.jar;C:\Users\ACER\.m2\repository\com\vladsch\flexmark\flexmark-ext-xwiki-macros\0.34.30\flexmark-ext-xwiki-macros-0.34.30.jar;C:\Users\ACER\.m2\repository\com\vladsch\flexmark\flexmark-ext-superscript\0.34.30\flexmark-ext-superscript-0.34.30.jar;C:\Users\ACER\.m2\repository\com\vladsch\flexmark\flexmark-ext-tables\0.34.30\flexmark-ext-tables-0.34.30.jar;C:\Users\ACER\.m2\repository\com\vladsch\flexmark\flexmark-ext-toc\0.34.30\flexmark-ext-toc-0.34.30.jar;C:\Users\ACER\.m2\repository\com\vladsch\flexmark\flexmark-ext-typographic\0.34.30\flexmark-ext-typographic-0.34.30.jar;C:\Users\ACER\.m2\repository\com\vladsch\flexmark\flexmark-ext-wikilink\0.34.30\flexmark-ext-wikilink-0.34.30.jar;C:\Users\ACER\.m2\repository\com\vladsch\flexmark\flexmark-ext-yaml-front-matter\0.34.30\flexmark-ext-yaml-front-matter-0.34.30.jar;C:\Users\ACER\.m2\repository\com\vladsch\flexmark\flexmark-ext-youtube-embedded\0.34.30\flexmark-ext-youtube-embedded-0.34.30.jar;C:\Users\ACER\.m2\repository\com\vladsch\flexmark\flexmark-formatter\0.34.30\flexmark-formatter-0.34.30.jar;C:\Users\ACER\.m2\repository\com\vladsch\flexmark\flexmark-html-parser\0.34.30\flexmark-html-parser-0.34.30.jar;C:\Users\ACER\.m2\repository\com\vladsch\flexmark\flexmark-jira-converter\0.34.30\flexmark-jira-converter-0.34.30.jar;C:\Users\ACER\.m2\repository\com\vladsch\flexmark\flexmark-pdf-converter\0.34.30\flexmark-pdf-converter-0.34.30.jar;C:\Users\ACER\.m2\repository\com\openhtmltopdf\openhtmltopdf-core\0.0.1-RC13\openhtmltopdf-core-0.0.1-RC13.jar;C:\Users\ACER\.m2\repository\com\openhtmltopdf\openhtmltopdf-pdfbox\0.0.1-RC13\openhtmltopdf-pdfbox-0.0.1-RC13.jar;C:\Users\ACER\.m2\repository\org\apache\pdfbox\pdfbox\2.0.8\pdfbox-2.0.8.jar;C:\Users\ACER\.m2\repository\org\apache\pdfbox\fontbox\2.0.8\fontbox-2.0.8.jar;C:\Users\ACER\.m2\repository\org\apache\pdfbox\xmpbox\2.0.8\xmpbox-2.0.8.jar;C:\Users\ACER\.m2\repository\de\rototor\pdfbox\graphics2d\0.12\graphics2d-0.12.jar;C:\Users\ACER\.m2\repository\com\openhtmltopdf\openhtmltopdf-rtl-support\0.0.1-RC13\openhtmltopdf-rtl-support-0.0.1-RC13.jar;C:\Users\ACER\.m2\repository\com\ibm\icu\icu4j\59.1\icu4j-59.1.jar;C:\Users\ACER\.m2\repository\com\openhtmltopdf\openhtmltopdf-jsoup-dom-converter\0.0.1-RC13\openhtmltopdf-jsoup-dom-converter-0.0.1-RC13.jar;C:\Users\ACER\.m2\repository\com\vladsch\flexmark\flexmark-profile-pegdown\0.34.30\flexmark-profile-pegdown-0.34.30.jar;C:\Users\ACER\.m2\repository\com\vladsch\flexmark\flexmark-util\0.34.30\flexmark-util-0.34.30.jar;C:\Users\ACER\.m2\repository\com\vladsch\flexmark\flexmark-youtrack-converter\0.34.30\flexmark-youtrack-converter-0.34.30.jar;C:\Users\ACER\.m2\repository\es\nitaur\markdown\txtmark\0.16\txtmark-0.16.jar;C:\Users\ACER\.m2\repository\net\serenity-bdd\serenity-report-resources\3.2.1\serenity-report-resources-3.2.1.jar;C:\Users\ACER\.m2\repository\com\google\code\gson\gson\2.9.0\gson-2.9.0.jar;C:\Users\ACER\.m2\repository\com\fasterxml\jackson\core\jackson-core\2.13.2\jackson-core-2.13.2.jar;C:\Users\ACER\.m2\repository\com\fasterxml\jackson\core\jackson-databind\2.13.2\jackson-databind-2.13.2.jar;C:\Users\ACER\.m2\repository\com\fasterxml\jackson\core\jackson-annotations\2.13.2\jackson-annotations-2.13.2.jar;C:\Users\ACER\.m2\repository\commons-codec\commons-codec\1.15\commons-codec-1.15.jar;C:\Users\ACER\.m2\repository\commons-io\commons-io\2.11.0\commons-io-2.11.0.jar;C:\Users\ACER\.m2\repository\org\seleniumhq\selenium\selenium-java\4.1.2\selenium-java-4.1.2.jar;C:\Users\ACER\.m2\repository\org\seleniumhq\selenium\selenium-devtools-v85\4.1.2\selenium-devtools-v85-4.1.2.jar;C:\Users\ACER\.m2\repository\org\seleniumhq\selenium\selenium-devtools-v95\4.1.2\selenium-devtools-v95-4.1.2.jar;C:\Users\ACER\.m2\repository\org\seleniumhq\selenium\selenium-devtools-v96\4.1.2\selenium-devtools-v96-4.1.2.jar;C:\Users\ACER\.m2\repository\org\seleniumhq\selenium\selenium-devtools-v97\4.1.2\selenium-devtools-v97-4.1.2.jar;C:\Users\ACER\.m2\repository\org\seleniumhq\selenium\selenium-firefox-xpi-driver\4.1.2\selenium-firefox-xpi-driver-4.1.2.jar;C:\Users\ACER\.m2\repository\org\seleniumhq\selenium\selenium-opera-driver\4.1.2\selenium-opera-driver-4.1.2.jar;C:\Users\ACER\.m2\repository\org\seleniumhq\selenium\selenium-remote-driver\4.1.2\selenium-remote-driver-4.1.2.jar;C:\Users\ACER\.m2\repository\com\beust\jcommander\1.82\jcommander-1.82.jar;C:\Users\ACER\.m2\repository\io\netty\netty-buffer\4.1.73.Final\netty-buffer-4.1.73.Final.jar;C:\Users\ACER\.m2\repository\io\netty\netty-codec-http\4.1.73.Final\netty-codec-http-4.1.73.Final.jar;C:\Users\ACER\.m2\repository\io\netty\netty-codec\4.1.73.Final\netty-codec-4.1.73.Final.jar;C:\Users\ACER\.m2\repository\io\netty\netty-handler\4.1.73.Final\netty-handler-4.1.73.Final.jar;C:\Users\ACER\.m2\repository\io\netty\netty-tcnative-classes\2.0.46.Final\netty-tcnative-classes-2.0.46.Final.jar;C:\Users\ACER\.m2\repository\io\netty\netty-common\4.1.73.Final\netty-common-4.1.73.Final.jar;C:\Users\ACER\.m2\repository\io\netty\netty-transport-classes-epoll\4.1.73.Final\netty-transport-classes-epoll-4.1.73.Final.jar;C:\Users\ACER\.m2\repository\io\netty\netty-transport-classes-kqueue\4.1.73.Final\netty-transport-classes-kqueue-4.1.73.Final.jar;C:\Users\ACER\.m2\repository\io\netty\netty-transport-native-epoll\4.1.73.Final\netty-transport-native-epoll-4.1.73.Final.jar;C:\Users\ACER\.m2\repository\io\netty\netty-transport-native-kqueue\4.1.73.Final\netty-transport-native-kqueue-4.1.73.Final.jar;C:\Users\ACER\.m2\repository\io\netty\netty-transport-native-unix-common\4.1.73.Final\netty-transport-native-unix-common-4.1.73.Final.jar;C:\Users\ACER\.m2\repository\io\netty\netty-transport\4.1.73.Final\netty-transport-4.1.73.Final.jar;C:\Users\ACER\.m2\repository\io\netty\netty-resolver\4.1.73.Final\netty-resolver-4.1.73.Final.jar;C:\Users\ACER\.m2\repository\io\opentelemetry\opentelemetry-api\1.10.1\opentelemetry-api-1.10.1.jar;C:\Users\ACER\.m2\repository\io\opentelemetry\opentelemetry-context\1.10.1\opentelemetry-context-1.10.1.jar;C:\Users\ACER\.m2\repository\io\opentelemetry\opentelemetry-exporter-logging\1.10.1\opentelemetry-exporter-logging-1.10.1.jar;C:\Users\ACER\.m2\repository\io\opentelemetry\opentelemetry-sdk-metrics\1.10.1-alpha\opentelemetry-sdk-metrics-1.10.1-alpha.jar;C:\Users\ACER\.m2\repository\io\opentelemetry\opentelemetry-sdk-logs\1.10.1-alpha\opentelemetry-sdk-logs-1.10.1-alpha.jar;C:\Users\ACER\.m2\repository\io\opentelemetry\opentelemetry-sdk-common\1.10.1\opentelemetry-sdk-common-1.10.1.jar;C:\Users\ACER\.m2\repository\io\opentelemetry\opentelemetry-sdk-extension-autoconfigure-spi\1.10.1\opentelemetry-sdk-extension-autoconfigure-spi-1.10.1.jar;C:\Users\ACER\.m2\repository\io\opentelemetry\opentelemetry-sdk-extension-autoconfigure\1.10.1-alpha\opentelemetry-sdk-extension-autoconfigure-1.10.1-alpha.jar;C:\Users\ACER\.m2\repository\io\opentelemetry\opentelemetry-sdk-trace\1.10.1\opentelemetry-sdk-trace-1.10.1.jar;C:\Users\ACER\.m2\repository\io\opentelemetry\opentelemetry-sdk\1.10.1\opentelemetry-sdk-1.10.1.jar;C:\Users\ACER\.m2\repository\io\opentelemetry\opentelemetry-semconv\1.10.1-alpha\opentelemetry-semconv-1.10.1-alpha.jar;C:\Users\ACER\.m2\repository\io\ous\jtoml\2.0.0\jtoml-2.0.0.jar;C:\Users\ACER\.m2\repository\org\apache\commons\commons-exec\1.3\commons-exec-1.3.jar;C:\Users\ACER\.m2\repository\org\asynchttpclient\async-http-client\2.12.3\async-http-client-2.12.3.jar;C:\Users\ACER\.m2\repository\org\asynchttpclient\async-http-client-netty-utils\2.12.3\async-http-client-netty-utils-2.12.3.jar;C:\Users\ACER\.m2\repository\io\netty\netty-codec-socks\4.1.60.Final\netty-codec-socks-4.1.60.Final.jar;C:\Users\ACER\.m2\repository\io\netty\netty-handler-proxy\4.1.60.Final\netty-handler-proxy-4.1.60.Final.jar;C:\Users\ACER\.m2\repository\io\netty\netty-transport-native-epoll\4.1.60.Final\netty-transport-native-epoll-4.1.60.Final-linux-x86_64.jar;C:\Users\ACER\.m2\repository\io\netty\netty-transport-native-kqueue\4.1.60.Final\netty-transport-native-kqueue-4.1.60.Final-osx-x86_64.jar;C:\Users\ACER\.m2\repository\org\reactivestreams\reactive-streams\1.0.3\reactive-streams-1.0.3.jar;C:\Users\ACER\.m2\repository\com\typesafe\netty\netty-reactive-streams\2.0.4\netty-reactive-streams-2.0.4.jar;C:\Users\ACER\.m2\repository\org\seleniumhq\selenium\selenium-http\4.1.2\selenium-http-4.1.2.jar;C:\Users\ACER\.m2\repository\net\jodah\failsafe\2.4.4\failsafe-2.4.4.jar;C:\Users\ACER\.m2\repository\org\seleniumhq\selenium\selenium-safari-driver\4.1.2\selenium-safari-driver-4.1.2.jar;C:\Users\ACER\.m2\repository\org\seleniumhq\selenium\selenium-api\4.1.2\selenium-api-4.1.2.jar;C:\Users\ACER\.m2\repository\org\seleniumhq\selenium\selenium-support\4.1.2\selenium-support-4.1.2.jar;C:\Users\ACER\.m2\repository\com\google\auto\service\auto-service-annotations\1.0.1\auto-service-annotations-1.0.1.jar;C:\Users\ACER\.m2\repository\com\google\auto\service\auto-service\1.0.1\auto-service-1.0.1.jar;C:\Users\ACER\.m2\repository\com\google\auto\auto-common\1.2\auto-common-1.2.jar;C:\Users\ACER\.m2\repository\org\seleniumhq\selenium\selenium-json\4.1.2\selenium-json-4.1.2.jar;C:\Users\ACER\.m2\repository\org\seleniumhq\selenium\selenium-chrome-driver\4.1.2\selenium-chrome-driver-4.1.2.jar;C:\Users\ACER\.m2\repository\org\seleniumhq\selenium\selenium-chromium-driver\4.1.2\selenium-chromium-driver-4.1.2.jar;C:\Users\ACER\.m2\repository\org\seleniumhq\selenium\selenium-firefox-driver\4.1.2\selenium-firefox-driver-4.1.2.jar;C:\Users\ACER\.m2\repository\org\seleniumhq\selenium\selenium-edge-driver\4.1.2\selenium-edge-driver-4.1.2.jar;C:\Users\ACER\.m2\repository\org\seleniumhq\selenium\selenium-ie-driver\4.1.2\selenium-ie-driver-4.1.2.jar;C:\Users\ACER\.m2\repository\org\projectlombok\lombok\1.18.20\lombok-1.18.20.jar;C:\Users\ACER\.m2\repository\io\appium\java-client\8.0.0\java-client-8.0.0.jar;C:\Users\ACER\.m2\repository\commons-validator\commons-validator\1.7\commons-validator-1.7.jar;C:\Users\ACER\.m2\repository\commons-digester\commons-digester\2.1\commons-digester-2.1.jar;C:\Users\ACER\.m2\repository\org\aspectj\aspectjweaver\1.9.8\aspectjweaver-1.9.8.jar;C:\Users\ACER\.m2\repository\net\sf\opencsv\opencsv\2.0\opencsv-2.0.jar;C:\Users\ACER\.m2\repository\commons-beanutils\commons-beanutils\1.9.4\commons-beanutils-1.9.4.jar;C:\Users\ACER\.m2\repository\org\apache\commons\commons-lang3\3.12.0\commons-lang3-3.12.0.jar;C:\Users\ACER\.m2\repository\commons-collections\commons-collections\3.2.2\commons-collections-3.2.2.jar;C:\Users\ACER\.m2\repository\org\fluentlenium\fluentlenium-core\0.10.2\fluentlenium-core-0.10.2.jar;C:\Users\ACER\.m2\repository\io\github\bonigarcia\webdrivermanager\5.1.0\webdrivermanager-5.1.0.jar;C:\Users\ACER\.m2\repository\com\github\docker-java\docker-java\3.2.13\docker-java-3.2.13.jar;C:\Users\ACER\.m2\repository\com\github\docker-java\docker-java-core\3.2.13\docker-java-core-3.2.13.jar;C:\Users\ACER\.m2\repository\com\github\docker-java\docker-java-api\3.2.13\docker-java-api-3.2.13.jar;C:\Users\ACER\.m2\repository\org\apache\commons\commons-compress\1.21\commons-compress-1.21.jar;C:\Users\ACER\.m2\repository\org\bouncycastle\bcpkix-jdk15on\1.64\bcpkix-jdk15on-1.64.jar;C:\Users\ACER\.m2\repository\org\bouncycastle\bcprov-jdk15on\1.64\bcprov-jdk15on-1.64.jar;C:\Users\ACER\.m2\repository\org\slf4j\jcl-over-slf4j\1.7.30\jcl-over-slf4j-1.7.30.jar;C:\Users\ACER\.m2\repository\com\github\docker-java\docker-java-transport-httpclient5\3.2.13\docker-java-transport-httpclient5-3.2.13.jar;C:\Users\ACER\.m2\repository\com\github\docker-java\docker-java-transport\3.2.13\docker-java-transport-3.2.13.jar;C:\Users\ACER\.m2\repository\org\apache\httpcomponents\client5\httpclient5\5.0.3\httpclient5-5.0.3.jar;C:\Users\ACER\.m2\repository\org\apache\httpcomponents\core5\httpcore5\5.0.2\httpcore5-5.0.2.jar;C:\Users\ACER\.m2\repository\net\java\dev\jna\jna\5.8.0\jna-5.8.0.jar;C:\Users\ACER\.m2\repository\org\brotli\dec\0.1.2\dec-0.1.2.jar;C:\Users\ACER\.m2\repository\com\jhlabs\filters\2.0.235\filters-2.0.235.jar;C:\Users\ACER\.m2\repository\com\paulhammant\ngwebdriver\1.1.6\ngwebdriver-1.1.6.jar;C:\Users\ACER\.m2\repository\joda-time\joda-time\2.8.2\joda-time-2.8.2.jar;C:\Users\ACER\.m2\repository\org\hamcrest\hamcrest\2.2\hamcrest-2.2.jar;C:\Users\ACER\.m2\repository\com\google\jimfs\jimfs\1.2\jimfs-1.2.jar;C:\Users\ACER\.m2\repository\org\mockito\mockito-core\3.3.3\mockito-core-3.3.3.jar;C:\Users\ACER\.m2\repository\javax\xml\bind\jaxb-api\2.3.1\jaxb-api-2.3.1.jar;C:\Users\ACER\.m2\repository\javax\activation\javax.activation-api\1.2.0\javax.activation-api-1.2.0.jar;C:\Users\ACER\.m2\repository\com\sun\xml\bind\jaxb-core\2.3.0.1\jaxb-core-2.3.0.1.jar;C:\Users\ACER\.m2\repository\com\sun\xml\bind\jaxb-impl\2.3.3\jaxb-impl-2.3.3.jar;C:\Users\ACER\.m2\repository\jakarta\xml\bind\jakarta.xml.bind-api\2.3.3\jakarta.xml.bind-api-2.3.3.jar;C:\Users\ACER\.m2\repository\com\sun\activation\jakarta.activation\1.2.2\jakarta.activation-1.2.2.jar;C:\Users\ACER\.m2\repository\javax\activation\activation\1.1.1\activation-1.1.1.jar;C:\Users\ACER\.m2\repository\net\serenity-bdd\serenity-cucumber\3.2.1\serenity-cucumber-3.2.1.jar;C:\Users\ACER\.m2\repository\io\cucumber\cucumber-core\7.2.3\cucumber-core-7.2.3.jar;C:\Users\ACER\.m2\repository\io\cucumber\cucumber-gherkin\7.2.3\cucumber-gherkin-7.2.3.jar;C:\Users\ACER\.m2\repository\io\cucumber\cucumber-gherkin-messages\7.2.3\cucumber-gherkin-messages-7.2.3.jar;C:\Users\ACER\.m2\repository\io\cucumber\messages\17.1.1\messages-17.1.1.jar;C:\Users\ACER\.m2\repository\io\cucumber\tag-expressions\4.1.0\tag-expressions-4.1.0.jar;C:\Users\ACER\.m2\repository\io\cucumber\cucumber-expressions\15.0.1\cucumber-expressions-15.0.1.jar;C:\Users\ACER\.m2\repository\io\cucumber\datatable\7.2.3\datatable-7.2.3.jar;C:\Users\ACER\.m2\repository\io\cucumber\cucumber-plugin\7.2.3\cucumber-plugin-7.2.3.jar;C:\Users\ACER\.m2\repository\io\cucumber\docstring\7.2.3\docstring-7.2.3.jar;C:\Users\ACER\.m2\repository\io\cucumber\html-formatter\17.0.0\html-formatter-17.0.0.jar;C:\Users\ACER\.m2\repository\io\cucumber\ci-environment\8.1.0\ci-environment-8.1.0.jar;C:\Users\ACER\.m2\repository\io\cucumber\cucumber-junit\7.2.3\cucumber-junit-7.2.3.jar;C:\Users\ACER\.m2\repository\org\apache\commons\commons-csv\1.5\commons-csv-1.5.jar;C:\Users\ACER\.m2\repository\net\serenity-bdd\serenity-screenplay\3.2.1\serenity-screenplay-3.2.1.jar;C:\Users\ACER\.m2\repository\net\serenity-bdd\serenity-screenplay-webdriver\3.2.1\serenity-screenplay-webdriver-3.2.1.jar;C:\Users\ACER\.m2\repository\net\serenity-bdd\serenity-ensure\3.2.1\serenity-ensure-3.2.1.jar;C:\Users\ACER\.m2\repository\net\serenity-bdd\serenity-junit\3.2.1\serenity-junit-3.2.1.jar;C:\Users\ACER\.m2\repository\org\jetbrains\kotlin\kotlin-stdlib\1.6.0\kotlin-stdlib-1.6.0.jar;C:\Users\ACER\.m2\repository\org\jetbrains\annotations\13.0\annotations-13.0.jar;C:\Users\ACER\.m2\repository\org\jetbrains\kotlin\kotlin-stdlib-common\1.6.0\kotlin-stdlib-common-1.6.0.jar;C:\Users\ACER\.m2\repository\org\junit\platform\junit-platform-launcher\1.8.2\junit-platform-launcher-1.8.2.jar;C:\Users\ACER\.m2\repository\org\junit\platform\junit-platform-engine\1.8.2\junit-platform-engine-1.8.2.jar;C:\Users\ACER\.m2\repository\org\junit\platform\junit-platform-commons\1.8.2\junit-platform-commons-1.8.2.jar;C:\Users\ACER\.m2\repository\org\apiguardian\apiguardian-api\1.1.2\apiguardian-api-1.1.2.jar;C:\Users\ACER\.m2\repository\org\junit\jupiter\junit-jupiter-engine\5.8.2\junit-jupiter-engine-5.8.2.jar;C:\Users\ACER\.m2\repository\org\junit\jupiter\junit-jupiter-api\5.8.2\junit-jupiter-api-5.8.2.jar;C:\Users\ACER\.m2\repository\org\junit\vintage\junit-vintage-engine\5.8.2\junit-vintage-engine-5.8.2.jar;C:\Users\ACER\.m2\repository\junit\junit\4.13.2\junit-4.13.2.jar;C:\Users\ACER\.m2\repository\org\hamcrest\hamcrest-core\1.3\hamcrest-core-1.3.jar;C:\Users\ACER\.m2\repository\ch\qos\logback\logback-classic\1.2.11\logback-classic-1.2.11.jar;C:\Users\ACER\.m2\repository\ch\qos\logback\logback-core\1.2.11\logback-core-1.2.11.jar;C:\Users\ACER\.m2\repository\org\slf4j\slf4j-api\1.7.32\slf4j-api-1.7.32.jar;C:\Users\ACER\.m2\repository\org\assertj\assertj-core\3.22.0\assertj-core-3.22.0.jar;C:\Users\ACER\.m2\repository\net\serenity-bdd\serenity-rest-assured\3.2.1\serenity-rest-assured-3.2.1.jar;C:\Users\ACER\.m2\repository\org\apache\httpcomponents\httpclient\4.5.13\httpclient-4.5.13.jar;C:\Users\ACER\.m2\repository\org\apache\httpcomponents\httpcore\4.4.13\httpcore-4.4.13.jar;C:\Users\ACER\.m2\repository\commons-logging\commons-logging\1.2\commons-logging-1.2.jar;C:\Users\ACER\.m2\repository\org\codehaus\groovy\groovy-json\3.0.10\groovy-json-3.0.10.jar;C:\Users\ACER\.m2\repository\org\opentest4j\opentest4j\1.2.0\opentest4j-1.2.0.jar;C:\Users\ACER\.m2\repository\org\apache\maven\plugins\maven-surefire-plugin\3.0.0-M5\maven-surefire-plugin-3.0.0-M5.jar;C:\Users\ACER\.m2\repository\org\apache\maven\surefire\maven-surefire-common\3.0.0-M5\maven-surefire-common-3.0.0-M5.jar;C:\Users\ACER\.m2\repository\org\apache\maven\surefire\surefire-api\3.0.0-M5\surefire-api-3.0.0-M5.jar;C:\Users\ACER\.m2\repository\org\apache\maven\surefire\surefire-logger-api\3.0.0-M5\surefire-logger-api-3.0.0-M5.jar;C:\Users\ACER\.m2\repository\org\apache\maven\surefire\surefire-extensions-api\3.0.0-M5\surefire-extensions-api-3.0.0-M5.jar;C:\Users\ACER\.m2\repository\org\apache\maven\surefire\surefire-booter\3.0.0-M5\surefire-booter-3.0.0-M5.jar;C:\Users\ACER\.m2\repository\org\apache\maven\surefire\surefire-extensions-spi\3.0.0-M5\surefire-extensions-spi-3.0.0-M5.jar;C:\Users\ACER\.m2\repository\org\apache\maven\maven-toolchain\3.0-alpha-2\maven-toolchain-3.0-alpha-2.jar;C:\Users\ACER\.m2\repository\org\apache\maven\shared\maven-artifact-transfer\0.11.0\maven-artifact-transfer-0.11.0.jar;C:\Users\ACER\.m2\repository\org\apache\maven\shared\maven-common-artifact-filters\3.0.1\maven-common-artifact-filters-3.0.1.jar;C:\Users\ACER\.m2\repository\org\apache\maven\maven-model\3.0\maven-model-3.0.jar;C:\Users\ACER\.m2\repository\org\apache\maven\maven-plugin-api\3.0\maven-plugin-api-3.0.jar;C:\Users\ACER\.m2\repository\org\sonatype\sisu\sisu-inject-plexus\1.4.2\sisu-inject-plexus-1.4.2.jar;C:\Users\ACER\.m2\repository\org\codehaus\plexus\plexus-classworlds\2.2.3\plexus-classworlds-2.2.3.jar;C:\Users\ACER\.m2\repository\org\sonatype\sisu\sisu-inject-bean\1.4.2\sisu-inject-bean-1.4.2.jar;C:\Users\ACER\.m2\repository\org\sonatype\sisu\sisu-guice\2.1.7\sisu-guice-2.1.7-noaop.jar;C:\Users\ACER\.m2\repository\org\apache\maven\shared\maven-shared-utils\3.1.0\maven-shared-utils-3.1.0.jar;C:\Users\ACER\.m2\repository\org\codehaus\plexus\plexus-java\1.0.5\plexus-java-1.0.5.jar;C:\Users\ACER\.m2\repository\org\ow2\asm\asm\7.2\asm-7.2.jar;C:\Users\ACER\.m2\repository\com\thoughtworks\qdox\qdox\2.0-M9\qdox-2.0-M9.jar;C:\Users\ACER\.m2\repository\org\apache\maven\surefire\surefire-shared-utils\3.0.0-M4\surefire-shared-utils-3.0.0-M4.jar;C:\Users\ACER\.m2\repository\io\rest-assured\rest-assured\4.5.1\rest-assured-4.5.1.jar;C:\Users\ACER\.m2\repository\org\apache\httpcomponents\httpmime\4.5.13\httpmime-4.5.13.jar;C:\Users\ACER\.m2\repository\org\ccil\cowan\tagsoup\tagsoup\1.2.1\tagsoup-1.2.1.jar;C:\Users\ACER\.m2\repository\io\rest-assured\json-path\4.5.1\json-path-4.5.1.jar;C:\Users\ACER\.m2\repository\io\rest-assured\rest-assured-common\4.5.1\rest-assured-common-4.5.1.jar;C:\Users\ACER\.m2\repository\io\rest-assured\xml-path\4.5.1\xml-path-4.5.1.jar;C:\Users\ACER\.m2\repository\org\codehaus\groovy\groovy\3.0.10\groovy-3.0.10.jar;C:\Users\ACER\.m2\repository\org\codehaus\groovy\groovy-xml\3.0.10\groovy-xml-3.0.10.jar;C:\Users\ACER\.m2\repository\com\googlecode\json-simple\json-simple\1.1.1\json-simple-1.1.1.jar;"/>
    <property name="sun.cpu.endian" value="little"/>
    <property name="user.home" value="C:\Users\ACER"/>
    <property name="user.language" value="en"/>
    <property name="java.specification.vendor" value="Oracle Corporation"/>
    <property name="java.home" value="C:\Program Files\Java\jdk1.8.0_241\jre"/>
    <property name="basedir" value="D:\PERKULIAHAN\SEMESTER 2\SOAL\section20\section20"/>
    <property name="file.separator" value="\"/>
    <property name="line.separator" value="&#10;"/>
    <property name="java.vm.specification.vendor" value="Oracle Corporation"/>
    <property name="java.specification.name" value="Java Platform API Specification"/>
    <property name="java.awt.graphicsenv" value="sun.awt.Win32GraphicsEnvironment"/>
    <property name="surefire.real.class.path" value="C:\Users\ACER\AppData\Local\Temp\surefire5069814391830033322\surefirebooter6036601899519724204.jar"/>
    <property name="sun.boot.class.path" value="C:\Program Files\Java\jdk1.8.0_241\jre\lib\resources.jar;C:\Program Files\Java\jdk1.8.0_241\jre\lib\rt.jar;C:\Program Files\Java\jdk1.8.0_241\jre\lib\sunrsasign.jar;C:\Program Files\Java\jdk1.8.0_241\jre\lib\jsse.jar;C:\Program Files\Java\jdk1.8.0_241\jre\lib\jce.jar;C:\Program Files\Java\jdk1.8.0_241\jre\lib\charsets.jar;C:\Program Files\Java\jdk1.8.0_241\jre\lib\jfr.jar;C:\Program Files\Java\jdk1.8.0_241\jre\classes"/>
    <property name="user.script" value=""/>
    <property name="java.protocol.handler.pkgs" value="com.google.common"/>
    <property name="sun.management.compiler" value="HotSpot 64-Bit Tiered Compilers"/>
    <property name="java.runtime.version" value="1.8.0_241-b07"/>
    <property name="user.name" value="ACER"/>
    <property name="path.separator" value=";"/>
    <property name="os.version" value="10.0"/>
    <property name="java.endorsed.dirs" value="C:\Program Files\Java\jdk1.8.0_241\jre\lib\endorsed"/>
    <property name="java.runtime.name" value="Java(TM) SE Runtime Environment"/>
    <property name="file.encoding" value="Cp1252"/>
    <property name="java.vm.name" value="Java HotSpot(TM) 64-Bit Server VM"/>
    <property name="localRepository" value="C:\Users\ACER\.m2\repository"/>
    <property name="java.vendor.url.bug" value="http://bugreport.sun.com/bugreport/"/>
    <property name="java.io.tmpdir" value="C:\Users\ACER\AppData\Local\Temp\"/>
    <property name="java.version" value="1.8.0_241"/>
    <property name="user.dir" value="D:\PERKULIAHAN\SEMESTER 2\SOAL\section20\section20"/>
    <property name="os.arch" value="amd64"/>
    <property name="java.vm.specification.name" value="Java Virtual Machine Specification"/>
    <property name="java.awt.printerjob" value="sun.awt.windows.WPrinterJob"/>
    <property name="sun.os.patch.level" value=""/>
    <property name="java.library.path" value="C:\Program Files\Java\jdk1.8.0_241\jre\bin;C:\WINDOWS\Sun\Java\bin;C:\WINDOWS\system32;C:\WINDOWS;C:\Program Files\Microsoft MPI\Bin\;C:\Program Files (x86)\Common Files\Oracle\Java\javapath;C:\Program Files (x86)\Intel\Intel(R) Management Engine Components\iCLS\;C:\Program Files\Intel\Intel(R) Management Engine Components\iCLS\;C:\Windows\system32;C:\Windows;C:\Windows\System32\Wbem;C:\Windows\System32\WindowsPowerShell\v1.0\;C:\Windows\System32\OpenSSH\;C:\Program Files (x86)\Intel\Intel(R) Management Engine Components\DAL;C:\Program Files\Intel\Intel(R) Management Engine Components\DAL;C:\Program Files (x86)\Intel\Intel(R) Management Engine Components\IPT;C:\Program Files\Intel\Intel(R) Management Engine Components\IPT;C:\Program Files (x86)\NVIDIA Corporation\PhysX\Common;C:\Users\ACER\Downloads\MinGW\bin;C:\WINDOWS\system32;C:\WINDOWS;C:\WINDOWS\System32\Wbem;C:\WINDOWS\System32\WindowsPowerShell\v1.0\;C:\WINDOWS\System32\OpenSSH\;C:\Program Files\Microsoft SQL Server\120\DTS\Binn\;C:\Program Files\Microsoft SQL Server\Client SDK\ODBC\110\Tools\Binn\;C:\Program Files (x86)\Microsoft SQL Server\120\Tools\Binn\;C:\Program Files\Microsoft SQL Server\120\Tools\Binn\;C:\Program Files (x86)\Microsoft SQL Server\120\Tools\Binn\ManagementStudio\;C:\Program Files (x86)\Microsoft SQL Server\120\DTS\Binn\;C:\Program Files\dotnet\;C:\Program Files (x86)\dotnet\;C:\Program Files\Microsoft SQL Server\130\Tools\Binn\;C:\Program Files\Microsoft SQL Server\Client SDK\ODBC\170\Tools\Binn\;C:\Program Files\Downloads\MinGW\bin;C:\Program Files\chromedriver_win32;C:\Program Files\Git\cmd;C:\xampp\php;C:\ProgramData\ComposerSetup\bin;C:\ProgramData\chocolatey\bin;C:\Program Files\nodejs\;C:\Program Files\Go\bin;C:\Program Files\Java\jdk1.8.0_241\bin;C:\Program Files\apache-maven-3.8.5\bin;C:\Users\ACER\AppData\Local\Microsoft\WindowsApps;;C:\Users\ACER\AppData\Local\Programs\Microsoft VS Code\bin;C:\Users\ACER\.dotnet\tools;C:\Users\ACER\AppData\Roaming\Composer\vendor\bin;C:\Users\ACER\AppData\Roaming\npm;C:\Users\ACER\go\bin;C:\Program Files\JetBrains\IntelliJ IDEA Community Edition 2021.3.3\bin;;."/>
    <property name="java.vm.info" value="mixed mode"/>
    <property name="java.vendor" value="Oracle Corporation"/>
    <property name="java.vm.version" value="25.241-b07"/>
    <property name="java.ext.dirs" value="C:\Program Files\Java\jdk1.8.0_241\jre\lib\ext;C:\WINDOWS\Sun\Java\lib\ext"/>
    <property name="sun.io.unicode.encoding" value="UnicodeLittle"/>
    <property name="java.class.version" value="52.0"/>
  </properties>
  <testcase name="As a user I have to be able to login in ToolsQa" classname="Login" time="16.78">
    <system-out><![CDATA[15:40:21.498 [main] INFO io.cucumber.core.plugin.SerenityReporter - Running feature from file:///D:/PERKULIAHAN/SEMESTER%202/SOAL/section20/section20/src/test/resources/features/Login.feature
15:40:21.698 [main] INFO  - 

-------------------------------------------------------------------------------------
     _______. _______ .______       _______ .__   __.  __  .___________.____    ____ 
    /       ||   ____||   _  \     |   ____||  \ |  | |  | |           |\   \  /   / 
   |   (----`|  |__   |  |_)  |    |  |__   |   \|  | |  | `---|  |----` \   \/   /  
    \   \    |   __|  |      /     |   __|  |  . `  | |  |     |  |       \_    _/   
.----)   |   |  |____ |  |\  \----.|  |____ |  |\   | |  |     |  |         |  |     
|_______/    |_______|| _| `._____||_______||__| \__| |__|     |__|         |__|    
                                                                                     
 News and tutorials at http://www.serenity-bdd.info                                  
 Documentation at https://wakaleo.gitbooks.io/the-serenity-book/content/             
 Join the Serenity Community on Gitter: https://gitter.im/serenity-bdd/serenity-core 
 Serenity BDD Support and Training at http://serenity-bdd.info/#/trainingandsupport  
-------------------------------------------------------------------------------------

15:40:21.700 [main] DEBUG net.thucydides.core.steps.StepEventBus - Test suite started for story net.thucydides.core.model.Story@23282f08
15:40:21.705 [main] INFO  - Test Suite Started: Login
15:40:21.757 [main] INFO io.cucumber.core.plugin.SerenityReporter - Running feature from file:///D:/PERKULIAHAN/SEMESTER%202/SOAL/section20/section20/src/test/resources/features/Login.feature
15:40:21.759 [main] DEBUG net.thucydides.core.steps.StepEventBus - Test suite started for story net.thucydides.core.model.Story@23282f08
15:40:21.760 [main] INFO  - Test Suite Started: Login

Scenario: As a user I have to be able to login in ToolsQa &amp#27;[90m# src/test/resources/features/Login.feature:6&amp#27;[0m
15:40:21.855 [main] INFO io.cucumber.core.plugin.SerenityReporter - Running feature from file:///D:/PERKULIAHAN/SEMESTER%202/SOAL/section20/section20/src/test/resources/features/Login.feature
15:40:21.961 [main] INFO  - 
  _____   ___   ___   _____     ___   _____     _     ___   _____   ___   ___  
 |_   _| | __| / __| |_   _|   / __| |_   _|   /_\   | _ \ |_   _| | __| |   \ 
   | |   | _|  \__ \   | |     \__ \   | |    / _ \  |   /   | |   | _|  | |) |
   |_|   |___| |___/   |_|     |___/   |_|   /_/ \_\ |_|_\   |_|   |___| |___/ 

As a user I have to be able to login in ToolsQa(login;as-a-user-i-have-to-be-able-to-login-in-toolsqa)
--------------------------------------------------------------------------------
15:40:22.955 [main] DEBUG net.thucydides.core.steps.StepInterceptor - STARTING STEP: LoginSteps.iAmOnTheLoginPage - openUrl
15:40:23.057 [main] INFO net.serenitybdd.core.webdriver.driverproviders.ChromeDriverProvider - Using automatically driver download
15:40:24.866 [main] DEBUG io.github.bonigarcia.wdm.cache.ResolutionCache - Resolution chrome=99 in cache (valid until 16:04:02 30/03/2022 ICT)
15:40:24.871 [main] DEBUG io.github.bonigarcia.wdm.cache.ResolutionCache - Resolution chrome99=99.0.4844.51 in cache (valid until 09:13:43 31/03/2022 ICT)
15:40:24.874 [main] INFO io.github.bonigarcia.wdm.WebDriverManager - Using chromedriver 99.0.4844.51 (resolved driver for Chrome 99)
15:40:24.888 [main] DEBUG io.github.bonigarcia.wdm.WebDriverManager - Driver chromedriver 99.0.4844.51 found in cache
15:40:24.888 [main] INFO io.github.bonigarcia.wdm.WebDriverManager - Exporting webdriver.chrome.driver as C:\Users\ACER\.cache\selenium\chromedriver\win32\99.0.4844.51\chromedriver.exe
15:40:25.003 [main] DEBUG net.thucydides.core.reflection.ClassFinder - Could not load class .CucumberTestSuite
15:40:25.003 [main] DEBUG net.thucydides.core.reflection.ClassFinder - Could not load class .starter.pages.HomePage
15:40:25.003 [main] DEBUG net.thucydides.core.reflection.ClassFinder - Could not load class .starter.pages.LoginPage
15:40:25.003 [main] DEBUG net.thucydides.core.reflection.ClassFinder - Could not load class .starter.stepdefinitions.LoginSteps
15:40:25.094 [main] DEBUG net.serenitybdd.core.webdriver.driverproviders.ProvideNewDriver - Instantiating driver
15:40:25.094 [main] DEBUG net.serenitybdd.core.webdriver.driverproviders.ProvideNewDriver - Driver capabilities: Capabilities {acceptInsecureCerts: false, base.url: https://demoqa.com/, browserName: chrome, chrome.driver: src/test/resources/webdrive..., driver: chrome, goog:chromeOptions: {args: [], extensions: []}}
15:40:25.157 [main] DEBUG io.netty.util.internal.logging.InternalLoggerFactory - Using SLF4J as the default logging framework
15:40:25.159 [main] DEBUG io.netty.util.ResourceLeakDetector - -Dio.netty.leakDetection.level: simple
15:40:25.160 [main] DEBUG io.netty.util.ResourceLeakDetector - -Dio.netty.leakDetection.targetRecords: 4
15:40:25.163 [main] DEBUG io.netty.util.ResourceLeakDetectorFactory - Loaded default ResourceLeakDetector: io.netty.util.ResourceLeakDetector@5e1a5f
15:40:25.181 [main] DEBUG io.netty.util.internal.PlatformDependent0 - -Dio.netty.noUnsafe: false
15:40:25.182 [main] DEBUG io.netty.util.internal.PlatformDependent0 - Java version: 8
15:40:25.183 [main] DEBUG io.netty.util.internal.PlatformDependent0 - sun.misc.Unsafe.theUnsafe: available
15:40:25.183 [main] DEBUG io.netty.util.internal.PlatformDependent0 - sun.misc.Unsafe.copyMemory: available
15:40:25.183 [main] DEBUG io.netty.util.internal.PlatformDependent0 - java.nio.Buffer.address: available
15:40:25.184 [main] DEBUG io.netty.util.internal.PlatformDependent0 - direct buffer constructor: available
15:40:25.184 [main] DEBUG io.netty.util.internal.PlatformDependent0 - java.nio.Bits.unaligned: available, true
15:40:25.185 [main] DEBUG io.netty.util.internal.PlatformDependent0 - jdk.internal.misc.Unsafe.allocateUninitializedArray(int): unavailable prior to Java9
15:40:25.185 [main] DEBUG io.netty.util.internal.PlatformDependent0 - java.nio.DirectByteBuffer.<init>(long, int): available
15:40:25.185 [main] DEBUG io.netty.util.internal.PlatformDependent - sun.misc.Unsafe: available
15:40:25.185 [main] DEBUG io.netty.util.internal.PlatformDependent - -Dio.netty.tmpdir: C:\Users\ACER\AppData\Local\Temp (java.io.tmpdir)
15:40:25.185 [main] DEBUG io.netty.util.internal.PlatformDependent - -Dio.netty.bitMode: 64 (sun.arch.data.model)
15:40:25.185 [main] DEBUG io.netty.util.internal.PlatformDependent - Platform: Windows
15:40:25.186 [main] DEBUG io.netty.util.internal.PlatformDependent - -Dio.netty.maxDirectMemory: 1873805312 bytes
15:40:25.187 [main] DEBUG io.netty.util.internal.PlatformDependent - -Dio.netty.uninitializedArrayAllocationThreshold: -1
15:40:25.188 [main] DEBUG io.netty.util.internal.CleanerJava6 - java.nio.ByteBuffer.cleaner(): available
15:40:25.188 [main] DEBUG io.netty.util.internal.PlatformDependent - -Dio.netty.noPreferDirect: false
15:40:25.196 [main] DEBUG io.netty.util.internal.PlatformDependent - org.jctools-core.MpscChunkedArrayQueue: available
15:40:25.218 [main] DEBUG io.netty.util.internal.InternalThreadLocalMap - -Dio.netty.threadLocalMap.stringBuilder.initialSize: 1024
15:40:25.218 [main] DEBUG io.netty.util.internal.InternalThreadLocalMap - -Dio.netty.threadLocalMap.stringBuilder.maxSize: 4096
15:40:25.254 [main] DEBUG io.netty.handler.ssl.JdkSslContext - Default protocols (JDK): [TLSv1.2, TLSv1.1, TLSv1] 
15:40:25.254 [main] DEBUG io.netty.handler.ssl.JdkSslContext - Default cipher suites (JDK): [TLS_ECDHE_ECDSA_WITH_AES_256_GCM_SHA384, TLS_ECDHE_ECDSA_WITH_AES_128_GCM_SHA256, TLS_ECDHE_RSA_WITH_AES_128_GCM_SHA256, TLS_ECDHE_RSA_WITH_AES_256_GCM_SHA384, TLS_ECDHE_RSA_WITH_AES_128_CBC_SHA, TLS_ECDHE_RSA_WITH_AES_256_CBC_SHA, TLS_RSA_WITH_AES_128_GCM_SHA256, TLS_RSA_WITH_AES_128_CBC_SHA, TLS_RSA_WITH_AES_256_CBC_SHA]
15:40:25.282 [main] DEBUG io.netty.channel.MultithreadEventLoopGroup - -Dio.netty.eventLoopThreads: 24
15:40:25.290 [main] DEBUG io.netty.channel.nio.NioEventLoop - -Dio.netty.noKeySetOptimization: false
15:40:25.290 [main] DEBUG io.netty.channel.nio.NioEventLoop - -Dio.netty.selectorAutoRebuildThreshold: 512
15:40:25.328 [main] DEBUG io.netty.buffer.PooledByteBufAllocator - -Dio.netty.allocator.numHeapArenas: 18
15:40:25.329 [main] DEBUG io.netty.buffer.PooledByteBufAllocator - -Dio.netty.allocator.numDirectArenas: 18
15:40:25.329 [main] DEBUG io.netty.buffer.PooledByteBufAllocator - -Dio.netty.allocator.pageSize: 8192
15:40:25.329 [main] DEBUG io.netty.buffer.PooledByteBufAllocator - -Dio.netty.allocator.maxOrder: 11
15:40:25.329 [main] DEBUG io.netty.buffer.PooledByteBufAllocator - -Dio.netty.allocator.chunkSize: 16777216
15:40:25.329 [main] DEBUG io.netty.buffer.PooledByteBufAllocator - -Dio.netty.allocator.smallCacheSize: 256
15:40:25.329 [main] DEBUG io.netty.buffer.PooledByteBufAllocator - -Dio.netty.allocator.normalCacheSize: 64
15:40:25.329 [main] DEBUG io.netty.buffer.PooledByteBufAllocator - -Dio.netty.allocator.maxCachedBufferCapacity: 32768
15:40:25.329 [main] DEBUG io.netty.buffer.PooledByteBufAllocator - -Dio.netty.allocator.cacheTrimInterval: 8192
15:40:25.329 [main] DEBUG io.netty.buffer.PooledByteBufAllocator - -Dio.netty.allocator.cacheTrimIntervalMillis: 0
15:40:25.329 [main] DEBUG io.netty.buffer.PooledByteBufAllocator - -Dio.netty.allocator.useCacheForAllThreads: true
15:40:25.329 [main] DEBUG io.netty.buffer.PooledByteBufAllocator - -Dio.netty.allocator.maxCachedByteBuffersPerChunk: 1023
15:40:25.337 [main] DEBUG io.netty.buffer.ByteBufUtil - -Dio.netty.allocator.type: pooled
15:40:25.337 [main] DEBUG io.netty.buffer.ByteBufUtil - -Dio.netty.threadLocalDirectBufferSize: 0
15:40:25.337 [main] DEBUG io.netty.buffer.ByteBufUtil - -Dio.netty.maxThreadLocalCharBufferSize: 16384
15:40:26.132 [Forwarding newSession on session null to remote] DEBUG io.netty.channel.DefaultChannelId - -Dio.netty.processId: 16488 (auto-detected)
15:40:26.134 [Forwarding newSession on session null to remote] DEBUG io.netty.util.NetUtil - -Djava.net.preferIPv4Stack: false
15:40:26.134 [Forwarding newSession on session null to remote] DEBUG io.netty.util.NetUtil - -Djava.net.preferIPv6Addresses: false
15:40:26.325 [Forwarding newSession on session null to remote] DEBUG io.netty.util.NetUtilInitializations - Loopback interface: lo (Software Loopback Interface 1, 127.0.0.1)
15:40:26.325 [Forwarding newSession on session null to remote] DEBUG io.netty.util.NetUtil - Failed to get SOMAXCONN from sysctl and file \proc\sys\net\core\somaxconn. Default: 200
15:40:26.524 [Forwarding newSession on session null to remote] DEBUG io.netty.channel.DefaultChannelId - -Dio.netty.machineId: 18:56:80:ff:fe:a4:99:35 (auto-detected)
15:40:26.576 [AsyncHttpClient-1-2] DEBUG io.netty.buffer.AbstractByteBuf - -Dio.netty.buffer.checkAccessible: true
15:40:26.576 [AsyncHttpClient-1-2] DEBUG io.netty.buffer.AbstractByteBuf - -Dio.netty.buffer.checkBounds: true
15:40:26.576 [AsyncHttpClient-1-2] DEBUG io.netty.util.ResourceLeakDetectorFactory - Loaded default ResourceLeakDetector: io.netty.util.ResourceLeakDetector@600d8823
15:40:26.595 [AsyncHttpClient-1-2] DEBUG org.asynchttpclient.netty.channel.NettyConnectListener - Using new Channel '[id: 0x36268949, L:/127.0.0.1:55979 - R:localhost/127.0.0.1:54181]' for 'POST' to '/session'
15:40:26.617 [AsyncHttpClient-1-2] DEBUG io.netty.util.Recycler - -Dio.netty.recycler.maxCapacityPerThread: 4096
15:40:26.617 [AsyncHttpClient-1-2] DEBUG io.netty.util.Recycler - -Dio.netty.recycler.ratio: 8
15:40:26.617 [AsyncHttpClient-1-2] DEBUG io.netty.util.Recycler - -Dio.netty.recycler.chunkSize: 32
15:40:26.617 [AsyncHttpClient-1-2] DEBUG io.netty.util.Recycler - -Dio.netty.recycler.blocking: false
15:40:27.197 [AsyncHttpClient-1-2] DEBUG io.netty.handler.codec.compression.Brotli - brotli4j not in the classpath; Brotli support will be unavailable.
15:40:27.197 [AsyncHttpClient-1-2] DEBUG org.asynchttpclient.netty.handler.HttpHandler - 

Request DefaultHttpRequest(decodeResult: success, version: HTTP/1.1)
POST /session HTTP/1.1
User-Agent: selenium/4.1.2 (java windows)
Content-Length: 605
Content-Type: application/json; charset=utf-8
host: localhost:54181
accept: */*

Response DefaultHttpResponse(decodeResult: success, version: HTTP/1.1)
HTTP/1.1 200 OK
Content-Type: application/json; charset=utf-8
cache-control: no-cache
content-length: 787

15:40:27.224 [AsyncHttpClient-1-2] DEBUG org.asynchttpclient.netty.channel.ChannelManager - Adding key: http://localhost:54181 for channel [id: 0x36268949, L:/127.0.0.1:55979 - R:localhost/127.0.0.1:54181]
15:40:27.348 [AsyncHttpClient-1-3] DEBUG org.asynchttpclient.netty.channel.NettyConnectListener - Using new Channel '[id: 0x722fa9e7, L:/127.0.0.1:55987 - R:localhost/127.0.0.1:55981]' for 'GET' to '/json/version'
15:40:27.351 [AsyncHttpClient-1-3] DEBUG org.asynchttpclient.netty.handler.HttpHandler - 

Request DefaultFullHttpRequest(decodeResult: success, version: HTTP/1.1, content: EmptyByteBufBE)
GET /json/version HTTP/1.1
User-Agent: selenium/4.1.2 (java windows)
host: localhost:55981
accept: */*

Response DefaultHttpResponse(decodeResult: success, version: HTTP/1.1)
HTTP/1.1 200 OK
Content-Type: application/json; charset=UTF-8
content-length: 424

15:40:27.351 [AsyncHttpClient-1-3] DEBUG org.asynchttpclient.netty.channel.ChannelManager - Adding key: http://localhost:55981 for channel [id: 0x722fa9e7, L:/127.0.0.1:55987 - R:localhost/127.0.0.1:55981]
15:40:27.363 [main] DEBUG io.netty.util.internal.ThreadLocalRandom - -Dio.netty.initialSeedUniquifier: 0xd335b435999fde9a
15:40:27.371 [AsyncHttpClient-1-4] DEBUG org.asynchttpclient.netty.channel.NettyConnectListener - Using new Channel '[id: 0x7a2071b3, L:/127.0.0.1:55988 - R:localhost/127.0.0.1:55981]' for 'GET' to '/devtools/browser/7ddb8905-7160-4ebb-b662-d8da3c0e917d'
15:40:27.372 [AsyncHttpClient-1-4] DEBUG org.asynchttpclient.netty.handler.WebSocketHandler - 

Request DefaultFullHttpRequest(decodeResult: success, version: HTTP/1.1, content: EmptyByteBufBE)
GET /devtools/browser/7ddb8905-7160-4ebb-b662-d8da3c0e917d HTTP/1.1
upgrade: websocket
connection: upgrade
sec-websocket-key: HdoHVl905DoMVasx5uMIrg==
sec-websocket-version: 13
origin: http://localhost:55981
host: localhost:55981
accept: */*
user-agent: AHC/2.1

Response DefaultHttpResponse(decodeResult: success, version: HTTP/1.1)
HTTP/1.1 101 WebSocket Protocol Handshake
Upgrade: WebSocket
Connection: Upgrade
Sec-WebSocket-Accept: rhXD7Za6vs36TyEupcrjiF+3ShQ=

15:40:27.403 [AsyncHttpClient-1-1] DEBUG org.asynchttpclient.netty.channel.DefaultChannelPool - Entry count for : http://localhost:54181 : 1
15:40:27.403 [AsyncHttpClient-1-1] DEBUG org.asynchttpclient.netty.channel.DefaultChannelPool - Entry count for : http://localhost:55981 : 1
15:40:27.517 [main] DEBUG net.thucydides.core.reflection.ClassFinder - Could not load class .CucumberTestSuite
15:40:27.517 [main] DEBUG net.thucydides.core.reflection.ClassFinder - Could not load class .starter.pages.HomePage
15:40:27.517 [main] DEBUG net.thucydides.core.reflection.ClassFinder - Could not load class .starter.pages.LoginPage
15:40:27.517 [main] DEBUG net.thucydides.core.reflection.ClassFinder - Could not load class .starter.stepdefinitions.LoginSteps
15:40:27.531 [Forwarding get on session 3b383b3e2a649c0d0eda4bb803ba5b50 to remote] DEBUG org.asynchttpclient.netty.request.NettyRequestSender - Using pooled Channel '[id: 0x36268949, L:/127.0.0.1:55979 - R:localhost/127.0.0.1:54181]' for 'POST' to 'http://localhost:54181/session/3b383b3e2a649c0d0eda4bb803ba5b50/url'
15:40:27.532 [Forwarding get on session 3b383b3e2a649c0d0eda4bb803ba5b50 to remote] DEBUG org.asynchttpclient.netty.request.NettyRequestSender - Using open Channel [id: 0x36268949, L:/127.0.0.1:55979 - R:localhost/127.0.0.1:54181] for POST '/session/3b383b3e2a649c0d0eda4bb803ba5b50/url'
15:40:28.507 [AsyncHttpClient-1-1] DEBUG org.asynchttpclient.netty.channel.DefaultChannelPool - Entry count for : http://localhost:55981 : 1
15:40:29.603 [AsyncHttpClient-1-1] DEBUG org.asynchttpclient.netty.channel.DefaultChannelPool - Entry count for : http://localhost:55981 : 1
15:40:30.702 [AsyncHttpClient-1-1] DEBUG org.asynchttpclient.netty.channel.DefaultChannelPool - Entry count for : http://localhost:55981 : 1
15:40:31.803 [AsyncHttpClient-1-1] DEBUG org.asynchttpclient.netty.channel.DefaultChannelPool - Entry count for : http://localhost:55981 : 1
15:40:32.908 [AsyncHttpClient-1-1] DEBUG org.asynchttpclient.netty.channel.DefaultChannelPool - Entry count for : http://localhost:55981 : 1
15:40:34.009 [AsyncHttpClient-1-1] DEBUG org.asynchttpclient.netty.channel.DefaultChannelPool - Entry count for : http://localhost:55981 : 1
15:40:34.858 [AsyncHttpClient-1-2] DEBUG org.asynchttpclient.netty.handler.HttpHandler - 

Request DefaultHttpRequest(decodeResult: success, version: HTTP/1.1)
POST /session/3b383b3e2a649c0d0eda4bb803ba5b50/url HTTP/1.1
User-Agent: selenium/4.1.2 (java windows)
Content-Length: 49
Content-Type: application/json; charset=utf-8
host: localhost:54181
accept: */*

Response DefaultHttpResponse(decodeResult: success, version: HTTP/1.1)
HTTP/1.1 200 OK
Content-Type: application/json; charset=utf-8
cache-control: no-cache
content-length: 14

15:40:34.858 [AsyncHttpClient-1-2] DEBUG org.asynchttpclient.netty.channel.ChannelManager - Adding key: http://localhost:54181 for channel [id: 0x36268949, L:/127.0.0.1:55979 - R:localhost/127.0.0.1:54181]
15:40:34.864 [Forwarding setTimeout on session 3b383b3e2a649c0d0eda4bb803ba5b50 to remote] DEBUG org.asynchttpclient.netty.request.NettyRequestSender - Using pooled Channel '[id: 0x36268949, L:/127.0.0.1:55979 - R:localhost/127.0.0.1:54181]' for 'POST' to 'http://localhost:54181/session/3b383b3e2a649c0d0eda4bb803ba5b50/timeouts'
15:40:34.864 [Forwarding setTimeout on session 3b383b3e2a649c0d0eda4bb803ba5b50 to remote] DEBUG org.asynchttpclient.netty.request.NettyRequestSender - Using open Channel [id: 0x36268949, L:/127.0.0.1:55979 - R:localhost/127.0.0.1:54181] for POST '/session/3b383b3e2a649c0d0eda4bb803ba5b50/timeouts'
15:40:34.867 [AsyncHttpClient-1-2] DEBUG org.asynchttpclient.netty.handler.HttpHandler - 

Request DefaultHttpRequest(decodeResult: success, version: HTTP/1.1)
POST /session/3b383b3e2a649c0d0eda4bb803ba5b50/timeouts HTTP/1.1
User-Agent: selenium/4.1.2 (java windows)
Content-Length: 22
Content-Type: application/json; charset=utf-8
host: localhost:54181
accept: */*

Response DefaultHttpResponse(decodeResult: success, version: HTTP/1.1)
HTTP/1.1 200 OK
Content-Type: application/json; charset=utf-8
cache-control: no-cache
content-length: 14

15:40:34.867 [AsyncHttpClient-1-2] DEBUG org.asynchttpclient.netty.channel.ChannelManager - Adding key: http://localhost:54181 for channel [id: 0x36268949, L:/127.0.0.1:55979 - R:localhost/127.0.0.1:54181]
15:40:34.872 [Forwarding getCurrentUrl on session 3b383b3e2a649c0d0eda4bb803ba5b50 to remote] DEBUG org.asynchttpclient.netty.request.NettyRequestSender - Using pooled Channel '[id: 0x36268949, L:/127.0.0.1:55979 - R:localhost/127.0.0.1:54181]' for 'GET' to 'http://localhost:54181/session/3b383b3e2a649c0d0eda4bb803ba5b50/url'
15:40:34.872 [Forwarding getCurrentUrl on session 3b383b3e2a649c0d0eda4bb803ba5b50 to remote] DEBUG org.asynchttpclient.netty.request.NettyRequestSender - Using open Channel [id: 0x36268949, L:/127.0.0.1:55979 - R:localhost/127.0.0.1:54181] for GET '/session/3b383b3e2a649c0d0eda4bb803ba5b50/url'
15:40:34.877 [AsyncHttpClient-1-2] DEBUG org.asynchttpclient.netty.handler.HttpHandler - 

Request DefaultFullHttpRequest(decodeResult: success, version: HTTP/1.1, content: EmptyByteBufBE)
GET /session/3b383b3e2a649c0d0eda4bb803ba5b50/url HTTP/1.1
User-Agent: selenium/4.1.2 (java windows)
Cache-Control: no-cache
Content-Type: application/json; charset=utf-8
host: localhost:54181
accept: */*

Response DefaultHttpResponse(decodeResult: success, version: HTTP/1.1)
HTTP/1.1 200 OK
Content-Type: application/json; charset=utf-8
cache-control: no-cache
content-length: 31

15:40:34.877 [AsyncHttpClient-1-2] DEBUG org.asynchttpclient.netty.channel.ChannelManager - Adding key: http://localhost:54181 for channel [id: 0x36268949, L:/127.0.0.1:55979 - R:localhost/127.0.0.1:54181]
15:40:34.884 [Forwarding getCurrentUrl on session 3b383b3e2a649c0d0eda4bb803ba5b50 to remote] DEBUG org.asynchttpclient.netty.request.NettyRequestSender - Using pooled Channel '[id: 0x36268949, L:/127.0.0.1:55979 - R:localhost/127.0.0.1:54181]' for 'GET' to 'http://localhost:54181/session/3b383b3e2a649c0d0eda4bb803ba5b50/url'
15:40:34.884 [Forwarding getCurrentUrl on session 3b383b3e2a649c0d0eda4bb803ba5b50 to remote] DEBUG org.asynchttpclient.netty.request.NettyRequestSender - Using open Channel [id: 0x36268949, L:/127.0.0.1:55979 - R:localhost/127.0.0.1:54181] for GET '/session/3b383b3e2a649c0d0eda4bb803ba5b50/url'
15:40:34.890 [AsyncHttpClient-1-2] DEBUG org.asynchttpclient.netty.handler.HttpHandler - 

Request DefaultFullHttpRequest(decodeResult: success, version: HTTP/1.1, content: EmptyByteBufBE)
GET /session/3b383b3e2a649c0d0eda4bb803ba5b50/url HTTP/1.1
User-Agent: selenium/4.1.2 (java windows)
Cache-Control: no-cache
Content-Type: application/json; charset=utf-8
host: localhost:54181
accept: */*

Response DefaultHttpResponse(decodeResult: success, version: HTTP/1.1)
HTTP/1.1 200 OK
Content-Type: application/json; charset=utf-8
cache-control: no-cache
content-length: 31

15:40:34.890 [AsyncHttpClient-1-2] DEBUG org.asynchttpclient.netty.channel.ChannelManager - Adding key: http://localhost:54181 for channel [id: 0x36268949, L:/127.0.0.1:55979 - R:localhost/127.0.0.1:54181]
15:40:34.912 [main] DEBUG net.serenitybdd.core.photography.Darkroom - Opening darkroom
15:40:34.913 [Darkroom Processing Line] DEBUG net.serenitybdd.core.photography.DarkroomProcessingLine - Darkroom processing line starting up
15:40:34.917 [Forwarding screenshot on session 3b383b3e2a649c0d0eda4bb803ba5b50 to remote] DEBUG org.asynchttpclient.netty.request.NettyRequestSender - Using pooled Channel '[id: 0x36268949, L:/127.0.0.1:55979 - R:localhost/127.0.0.1:54181]' for 'GET' to 'http://localhost:54181/session/3b383b3e2a649c0d0eda4bb803ba5b50/screenshot'
15:40:34.917 [Forwarding screenshot on session 3b383b3e2a649c0d0eda4bb803ba5b50 to remote] DEBUG org.asynchttpclient.netty.request.NettyRequestSender - Using open Channel [id: 0x36268949, L:/127.0.0.1:55979 - R:localhost/127.0.0.1:54181] for GET '/session/3b383b3e2a649c0d0eda4bb803ba5b50/screenshot'
15:40:35.094 [AsyncHttpClient-1-2] DEBUG org.asynchttpclient.netty.handler.HttpHandler - 

Request DefaultFullHttpRequest(decodeResult: success, version: HTTP/1.1, content: EmptyByteBufBE)
GET /session/3b383b3e2a649c0d0eda4bb803ba5b50/screenshot HTTP/1.1
User-Agent: selenium/4.1.2 (java windows)
Cache-Control: no-cache
Content-Type: application/json; charset=utf-8
host: localhost:54181
accept: */*

Response DefaultHttpResponse(decodeResult: success, version: HTTP/1.1)
HTTP/1.1 200 OK
Content-Type: application/json; charset=utf-8
cache-control: no-cache
content-length: 337476

15:40:35.097 [AsyncHttpClient-1-2] DEBUG org.asynchttpclient.netty.channel.ChannelManager - Adding key: http://localhost:54181 for channel [id: 0x36268949, L:/127.0.0.1:55979 - R:localhost/127.0.0.1:54181]
15:40:35.108 [AsyncHttpClient-1-1] DEBUG org.asynchttpclient.netty.channel.DefaultChannelPool - Entry count for : http://localhost:54181 : 1
15:40:35.108 [AsyncHttpClient-1-1] DEBUG org.asynchttpclient.netty.channel.DefaultChannelPool - Entry count for : http://localhost:55981 : 1
15:40:35.181 [main] DEBUG net.serenitybdd.core.photography.Darkroom - Send negative for processing for target\site\serenity\0eb188e035233d59364a4aec4f2cfbb554406e61d72cc6ae9e2e5916a15b5806.png
15:40:35.182 [Darkroom Processing Line] DEBUG net.serenitybdd.core.photography.DarkroomProcessingLine - Processing screenshot image in /var/screenshots/screenshot-5114559600127215549
15:40:35.182 [Darkroom Processing Line] DEBUG net.serenitybdd.core.photography.DarkroomProcessingLine - Saving screenshot to target\site\serenity\0eb188e035233d59364a4aec4f2cfbb554406e61d72cc6ae9e2e5916a15b5806.png
15:40:35.186 [main] DEBUG net.thucydides.core.steps.StepInterceptor - STEP DONE: openUrl
15:40:35.192 [main] DEBUG net.thucydides.core.steps.StepInterceptor - STARTING STEP: LoginSteps.iAmOnTheLoginPage - openBooks
15:40:35.197 [Forwarding findElement on session 3b383b3e2a649c0d0eda4bb803ba5b50 to remote] DEBUG org.asynchttpclient.netty.request.NettyRequestSender - Using pooled Channel '[id: 0x36268949, L:/127.0.0.1:55979 - R:localhost/127.0.0.1:54181]' for 'POST' to 'http://localhost:54181/session/3b383b3e2a649c0d0eda4bb803ba5b50/element'
15:40:35.197 [Forwarding findElement on session 3b383b3e2a649c0d0eda4bb803ba5b50 to remote] DEBUG org.asynchttpclient.netty.request.NettyRequestSender - Using open Channel [id: 0x36268949, L:/127.0.0.1:55979 - R:localhost/127.0.0.1:54181] for POST '/session/3b383b3e2a649c0d0eda4bb803ba5b50/element'
15:40:35.210 [AsyncHttpClient-1-2] DEBUG org.asynchttpclient.netty.handler.HttpHandler - 

Request DefaultHttpRequest(decodeResult: success, version: HTTP/1.1)
POST /session/3b383b3e2a649c0d0eda4bb803ba5b50/element HTTP/1.1
User-Agent: selenium/4.1.2 (java windows)
Content-Length: 73
Content-Type: application/json; charset=utf-8
host: localhost:54181
accept: */*

Response DefaultHttpResponse(decodeResult: success, version: HTTP/1.1)
HTTP/1.1 200 OK
Content-Type: application/json; charset=utf-8
cache-control: no-cache
content-length: 88

15:40:35.210 [AsyncHttpClient-1-2] DEBUG org.asynchttpclient.netty.channel.ChannelManager - Adding key: http://localhost:54181 for channel [id: 0x36268949, L:/127.0.0.1:55979 - R:localhost/127.0.0.1:54181]
15:40:35.214 [Forwarding getElementTagName on session 3b383b3e2a649c0d0eda4bb803ba5b50 to remote] DEBUG org.asynchttpclient.netty.request.NettyRequestSender - Using pooled Channel '[id: 0x36268949, L:/127.0.0.1:55979 - R:localhost/127.0.0.1:54181]' for 'GET' to 'http://localhost:54181/session/3b383b3e2a649c0d0eda4bb803ba5b50/element/5af6bcd0-1445-4d48-9791-c6a3db2a5a02/name'
15:40:35.214 [Forwarding getElementTagName on session 3b383b3e2a649c0d0eda4bb803ba5b50 to remote] DEBUG org.asynchttpclient.netty.request.NettyRequestSender - Using open Channel [id: 0x36268949, L:/127.0.0.1:55979 - R:localhost/127.0.0.1:54181] for GET '/session/3b383b3e2a649c0d0eda4bb803ba5b50/element/5af6bcd0-1445-4d48-9791-c6a3db2a5a02/name'
15:40:35.218 [AsyncHttpClient-1-2] DEBUG org.asynchttpclient.netty.handler.HttpHandler - 

Request DefaultFullHttpRequest(decodeResult: success, version: HTTP/1.1, content: EmptyByteBufBE)
GET /session/3b383b3e2a649c0d0eda4bb803ba5b50/element/5af6bcd0-1445-4d48-9791-c6a3db2a5a02/name HTTP/1.1
User-Agent: selenium/4.1.2 (java windows)
Cache-Control: no-cache
Content-Type: application/json; charset=utf-8
host: localhost:54181
accept: */*

Response DefaultHttpResponse(decodeResult: success, version: HTTP/1.1)
HTTP/1.1 200 OK
Content-Type: application/json; charset=utf-8
cache-control: no-cache
content-length: 15

15:40:35.218 [AsyncHttpClient-1-2] DEBUG org.asynchttpclient.netty.channel.ChannelManager - Adding key: http://localhost:54181 for channel [id: 0x36268949, L:/127.0.0.1:55979 - R:localhost/127.0.0.1:54181]
15:40:35.219 [Forwarding getElementTagName on session 3b383b3e2a649c0d0eda4bb803ba5b50 to remote] DEBUG org.asynchttpclient.netty.request.NettyRequestSender - Using pooled Channel '[id: 0x36268949, L:/127.0.0.1:55979 - R:localhost/127.0.0.1:54181]' for 'GET' to 'http://localhost:54181/session/3b383b3e2a649c0d0eda4bb803ba5b50/element/5af6bcd0-1445-4d48-9791-c6a3db2a5a02/name'
15:40:35.220 [Forwarding getElementTagName on session 3b383b3e2a649c0d0eda4bb803ba5b50 to remote] DEBUG org.asynchttpclient.netty.request.NettyRequestSender - Using open Channel [id: 0x36268949, L:/127.0.0.1:55979 - R:localhost/127.0.0.1:54181] for GET '/session/3b383b3e2a649c0d0eda4bb803ba5b50/element/5af6bcd0-1445-4d48-9791-c6a3db2a5a02/name'
15:40:35.222 [AsyncHttpClient-1-2] DEBUG org.asynchttpclient.netty.handler.HttpHandler - 

Request DefaultFullHttpRequest(decodeResult: success, version: HTTP/1.1, content: EmptyByteBufBE)
GET /session/3b383b3e2a649c0d0eda4bb803ba5b50/element/5af6bcd0-1445-4d48-9791-c6a3db2a5a02/name HTTP/1.1
User-Agent: selenium/4.1.2 (java windows)
Cache-Control: no-cache
Content-Type: application/json; charset=utf-8
host: localhost:54181
accept: */*

Response DefaultHttpResponse(decodeResult: success, version: HTTP/1.1)
HTTP/1.1 200 OK
Content-Type: application/json; charset=utf-8
cache-control: no-cache
content-length: 15

15:40:35.223 [AsyncHttpClient-1-2] DEBUG org.asynchttpclient.netty.channel.ChannelManager - Adding key: http://localhost:54181 for channel [id: 0x36268949, L:/127.0.0.1:55979 - R:localhost/127.0.0.1:54181]
15:40:35.225 [Forwarding findElement on session 3b383b3e2a649c0d0eda4bb803ba5b50 to remote] DEBUG org.asynchttpclient.netty.request.NettyRequestSender - Using pooled Channel '[id: 0x36268949, L:/127.0.0.1:55979 - R:localhost/127.0.0.1:54181]' for 'POST' to 'http://localhost:54181/session/3b383b3e2a649c0d0eda4bb803ba5b50/element'
15:40:35.225 [Forwarding findElement on session 3b383b3e2a649c0d0eda4bb803ba5b50 to remote] DEBUG org.asynchttpclient.netty.request.NettyRequestSender - Using open Channel [id: 0x36268949, L:/127.0.0.1:55979 - R:localhost/127.0.0.1:54181] for POST '/session/3b383b3e2a649c0d0eda4bb803ba5b50/element'
15:40:35.232 [AsyncHttpClient-1-2] DEBUG org.asynchttpclient.netty.handler.HttpHandler - 

Request DefaultHttpRequest(decodeResult: success, version: HTTP/1.1)
POST /session/3b383b3e2a649c0d0eda4bb803ba5b50/element HTTP/1.1
User-Agent: selenium/4.1.2 (java windows)
Content-Length: 73
Content-Type: application/json; charset=utf-8
host: localhost:54181
accept: */*

Response DefaultHttpResponse(decodeResult: success, version: HTTP/1.1)
HTTP/1.1 200 OK
Content-Type: application/json; charset=utf-8
cache-control: no-cache
content-length: 88

15:40:35.233 [AsyncHttpClient-1-2] DEBUG org.asynchttpclient.netty.channel.ChannelManager - Adding key: http://localhost:54181 for channel [id: 0x36268949, L:/127.0.0.1:55979 - R:localhost/127.0.0.1:54181]
15:40:35.234 [Forwarding clickElement on session 3b383b3e2a649c0d0eda4bb803ba5b50 to remote] DEBUG org.asynchttpclient.netty.request.NettyRequestSender - Using pooled Channel '[id: 0x36268949, L:/127.0.0.1:55979 - R:localhost/127.0.0.1:54181]' for 'POST' to 'http://localhost:54181/session/3b383b3e2a649c0d0eda4bb803ba5b50/element/5af6bcd0-1445-4d48-9791-c6a3db2a5a02/click'
15:40:35.234 [Forwarding clickElement on session 3b383b3e2a649c0d0eda4bb803ba5b50 to remote] DEBUG org.asynchttpclient.netty.request.NettyRequestSender - Using open Channel [id: 0x36268949, L:/127.0.0.1:55979 - R:localhost/127.0.0.1:54181] for POST '/session/3b383b3e2a649c0d0eda4bb803ba5b50/element/5af6bcd0-1445-4d48-9791-c6a3db2a5a02/click'
15:40:35.350 [AsyncHttpClient-1-2] DEBUG org.asynchttpclient.netty.handler.HttpHandler - 

Request DefaultHttpRequest(decodeResult: success, version: HTTP/1.1)
POST /session/3b383b3e2a649c0d0eda4bb803ba5b50/element/5af6bcd0-1445-4d48-9791-c6a3db2a5a02/click HTTP/1.1
User-Agent: selenium/4.1.2 (java windows)
Content-Length: 50
Content-Type: application/json; charset=utf-8
host: localhost:54181
accept: */*

Response DefaultHttpResponse(decodeResult: success, version: HTTP/1.1)
HTTP/1.1 200 OK
Content-Type: application/json; charset=utf-8
cache-control: no-cache
content-length: 14

15:40:35.350 [AsyncHttpClient-1-2] DEBUG org.asynchttpclient.netty.channel.ChannelManager - Adding key: http://localhost:54181 for channel [id: 0x36268949, L:/127.0.0.1:55979 - R:localhost/127.0.0.1:54181]
15:40:35.362 [Forwarding screenshot on session 3b383b3e2a649c0d0eda4bb803ba5b50 to remote] DEBUG org.asynchttpclient.netty.request.NettyRequestSender - Using pooled Channel '[id: 0x36268949, L:/127.0.0.1:55979 - R:localhost/127.0.0.1:54181]' for 'GET' to 'http://localhost:54181/session/3b383b3e2a649c0d0eda4bb803ba5b50/screenshot'
15:40:35.362 [Forwarding screenshot on session 3b383b3e2a649c0d0eda4bb803ba5b50 to remote] DEBUG org.asynchttpclient.netty.request.NettyRequestSender - Using open Channel [id: 0x36268949, L:/127.0.0.1:55979 - R:localhost/127.0.0.1:54181] for GET '/session/3b383b3e2a649c0d0eda4bb803ba5b50/screenshot'
15:40:35.623 [AsyncHttpClient-1-2] DEBUG org.asynchttpclient.netty.handler.HttpHandler - 

Request DefaultFullHttpRequest(decodeResult: success, version: HTTP/1.1, content: EmptyByteBufBE)
GET /session/3b383b3e2a649c0d0eda4bb803ba5b50/screenshot HTTP/1.1
User-Agent: selenium/4.1.2 (java windows)
Cache-Control: no-cache
Content-Type: application/json; charset=utf-8
host: localhost:54181
accept: */*

Response DefaultHttpResponse(decodeResult: success, version: HTTP/1.1)
HTTP/1.1 200 OK
Content-Type: application/json; charset=utf-8
cache-control: no-cache
content-length: 232244

15:40:35.627 [AsyncHttpClient-1-2] DEBUG org.asynchttpclient.netty.channel.ChannelManager - Adding key: http://localhost:54181 for channel [id: 0x36268949, L:/127.0.0.1:55979 - R:localhost/127.0.0.1:54181]
15:40:35.644 [main] DEBUG net.serenitybdd.core.photography.Darkroom - Send negative for processing for target\site\serenity\9bac1f97badcb951ed2c4bfe10956736338d2f033db44361ab6859d1d5258288.png
15:40:35.645 [Darkroom Processing Line] DEBUG net.serenitybdd.core.photography.DarkroomProcessingLine - Processing screenshot image in /var/screenshots/screenshot-5079033320921435438
15:40:35.646 [main] DEBUG net.thucydides.core.steps.StepInterceptor - STEP DONE: openBooks
15:40:35.646 [Darkroom Processing Line] DEBUG net.serenitybdd.core.photography.DarkroomProcessingLine - Saving screenshot to target\site\serenity\9bac1f97badcb951ed2c4bfe10956736338d2f033db44361ab6859d1d5258288.png
15:40:35.661 [main] DEBUG net.thucydides.core.steps.StepInterceptor - STARTING STEP: LoginSteps.iAmOnTheLoginPage - clickLoginButton
15:40:35.670 [Forwarding findElement on session 3b383b3e2a649c0d0eda4bb803ba5b50 to remote] DEBUG org.asynchttpclient.netty.request.NettyRequestSender - Using pooled Channel '[id: 0x36268949, L:/127.0.0.1:55979 - R:localhost/127.0.0.1:54181]' for 'POST' to 'http://localhost:54181/session/3b383b3e2a649c0d0eda4bb803ba5b50/element'
15:40:35.671 [Forwarding findElement on session 3b383b3e2a649c0d0eda4bb803ba5b50 to remote] DEBUG org.asynchttpclient.netty.request.NettyRequestSender - Using open Channel [id: 0x36268949, L:/127.0.0.1:55979 - R:localhost/127.0.0.1:54181] for POST '/session/3b383b3e2a649c0d0eda4bb803ba5b50/element'
15:40:35.693 [AsyncHttpClient-1-2] DEBUG org.asynchttpclient.netty.handler.HttpHandler - 

Request DefaultHttpRequest(decodeResult: success, version: HTTP/1.1)
POST /session/3b383b3e2a649c0d0eda4bb803ba5b50/element HTTP/1.1
User-Agent: selenium/4.1.2 (java windows)
Content-Length: 50
Content-Type: application/json; charset=utf-8
host: localhost:54181
accept: */*

Response DefaultHttpResponse(decodeResult: success, version: HTTP/1.1)
HTTP/1.1 200 OK
Content-Type: application/json; charset=utf-8
cache-control: no-cache
content-length: 88

15:40:35.694 [AsyncHttpClient-1-2] DEBUG org.asynchttpclient.netty.channel.ChannelManager - Adding key: http://localhost:54181 for channel [id: 0x36268949, L:/127.0.0.1:55979 - R:localhost/127.0.0.1:54181]
15:40:35.698 [Forwarding getElementTagName on session 3b383b3e2a649c0d0eda4bb803ba5b50 to remote] DEBUG org.asynchttpclient.netty.request.NettyRequestSender - Using pooled Channel '[id: 0x36268949, L:/127.0.0.1:55979 - R:localhost/127.0.0.1:54181]' for 'GET' to 'http://localhost:54181/session/3b383b3e2a649c0d0eda4bb803ba5b50/element/3ccb3cd8-9369-429f-b5f5-9c6875d51a08/name'
15:40:35.698 [Forwarding getElementTagName on session 3b383b3e2a649c0d0eda4bb803ba5b50 to remote] DEBUG org.asynchttpclient.netty.request.NettyRequestSender - Using open Channel [id: 0x36268949, L:/127.0.0.1:55979 - R:localhost/127.0.0.1:54181] for GET '/session/3b383b3e2a649c0d0eda4bb803ba5b50/element/3ccb3cd8-9369-429f-b5f5-9c6875d51a08/name'
15:40:35.702 [AsyncHttpClient-1-2] DEBUG org.asynchttpclient.netty.handler.HttpHandler - 

Request DefaultFullHttpRequest(decodeResult: success, version: HTTP/1.1, content: EmptyByteBufBE)
GET /session/3b383b3e2a649c0d0eda4bb803ba5b50/element/3ccb3cd8-9369-429f-b5f5-9c6875d51a08/name HTTP/1.1
User-Agent: selenium/4.1.2 (java windows)
Cache-Control: no-cache
Content-Type: application/json; charset=utf-8
host: localhost:54181
accept: */*

Response DefaultHttpResponse(decodeResult: success, version: HTTP/1.1)
HTTP/1.1 200 OK
Content-Type: application/json; charset=utf-8
cache-control: no-cache
content-length: 18

15:40:35.703 [AsyncHttpClient-1-2] DEBUG org.asynchttpclient.netty.channel.ChannelManager - Adding key: http://localhost:54181 for channel [id: 0x36268949, L:/127.0.0.1:55979 - R:localhost/127.0.0.1:54181]
15:40:35.705 [Forwarding getElementTagName on session 3b383b3e2a649c0d0eda4bb803ba5b50 to remote] DEBUG org.asynchttpclient.netty.request.NettyRequestSender - Using pooled Channel '[id: 0x36268949, L:/127.0.0.1:55979 - R:localhost/127.0.0.1:54181]' for 'GET' to 'http://localhost:54181/session/3b383b3e2a649c0d0eda4bb803ba5b50/element/3ccb3cd8-9369-429f-b5f5-9c6875d51a08/name'
15:40:35.705 [Forwarding getElementTagName on session 3b383b3e2a649c0d0eda4bb803ba5b50 to remote] DEBUG org.asynchttpclient.netty.request.NettyRequestSender - Using open Channel [id: 0x36268949, L:/127.0.0.1:55979 - R:localhost/127.0.0.1:54181] for GET '/session/3b383b3e2a649c0d0eda4bb803ba5b50/element/3ccb3cd8-9369-429f-b5f5-9c6875d51a08/name'
15:40:35.709 [AsyncHttpClient-1-2] DEBUG org.asynchttpclient.netty.handler.HttpHandler - 

Request DefaultFullHttpRequest(decodeResult: success, version: HTTP/1.1, content: EmptyByteBufBE)
GET /session/3b383b3e2a649c0d0eda4bb803ba5b50/element/3ccb3cd8-9369-429f-b5f5-9c6875d51a08/name HTTP/1.1
User-Agent: selenium/4.1.2 (java windows)
Cache-Control: no-cache
Content-Type: application/json; charset=utf-8
host: localhost:54181
accept: */*

Response DefaultHttpResponse(decodeResult: success, version: HTTP/1.1)
HTTP/1.1 200 OK
Content-Type: application/json; charset=utf-8
cache-control: no-cache
content-length: 18

15:40:35.709 [AsyncHttpClient-1-2] DEBUG org.asynchttpclient.netty.channel.ChannelManager - Adding key: http://localhost:54181 for channel [id: 0x36268949, L:/127.0.0.1:55979 - R:localhost/127.0.0.1:54181]
15:40:35.716 [Forwarding isElementEnabled on session 3b383b3e2a649c0d0eda4bb803ba5b50 to remote] DEBUG org.asynchttpclient.netty.request.NettyRequestSender - Using pooled Channel '[id: 0x36268949, L:/127.0.0.1:55979 - R:localhost/127.0.0.1:54181]' for 'GET' to 'http://localhost:54181/session/3b383b3e2a649c0d0eda4bb803ba5b50/element/3ccb3cd8-9369-429f-b5f5-9c6875d51a08/enabled'
15:40:35.716 [Forwarding isElementEnabled on session 3b383b3e2a649c0d0eda4bb803ba5b50 to remote] DEBUG org.asynchttpclient.netty.request.NettyRequestSender - Using open Channel [id: 0x36268949, L:/127.0.0.1:55979 - R:localhost/127.0.0.1:54181] for GET '/session/3b383b3e2a649c0d0eda4bb803ba5b50/element/3ccb3cd8-9369-429f-b5f5-9c6875d51a08/enabled'
15:40:35.727 [AsyncHttpClient-1-2] DEBUG org.asynchttpclient.netty.handler.HttpHandler - 

Request DefaultFullHttpRequest(decodeResult: success, version: HTTP/1.1, content: EmptyByteBufBE)
GET /session/3b383b3e2a649c0d0eda4bb803ba5b50/element/3ccb3cd8-9369-429f-b5f5-9c6875d51a08/enabled HTTP/1.1
User-Agent: selenium/4.1.2 (java windows)
Cache-Control: no-cache
Content-Type: application/json; charset=utf-8
host: localhost:54181
accept: */*

Response DefaultHttpResponse(decodeResult: success, version: HTTP/1.1)
HTTP/1.1 200 OK
Content-Type: application/json; charset=utf-8
cache-control: no-cache
content-length: 14

15:40:35.728 [AsyncHttpClient-1-2] DEBUG org.asynchttpclient.netty.channel.ChannelManager - Adding key: http://localhost:54181 for channel [id: 0x36268949, L:/127.0.0.1:55979 - R:localhost/127.0.0.1:54181]
15:40:35.732 [Forwarding isElementEnabled on session 3b383b3e2a649c0d0eda4bb803ba5b50 to remote] DEBUG org.asynchttpclient.netty.request.NettyRequestSender - Using pooled Channel '[id: 0x36268949, L:/127.0.0.1:55979 - R:localhost/127.0.0.1:54181]' for 'GET' to 'http://localhost:54181/session/3b383b3e2a649c0d0eda4bb803ba5b50/element/3ccb3cd8-9369-429f-b5f5-9c6875d51a08/enabled'
15:40:35.732 [Forwarding isElementEnabled on session 3b383b3e2a649c0d0eda4bb803ba5b50 to remote] DEBUG org.asynchttpclient.netty.request.NettyRequestSender - Using open Channel [id: 0x36268949, L:/127.0.0.1:55979 - R:localhost/127.0.0.1:54181] for GET '/session/3b383b3e2a649c0d0eda4bb803ba5b50/element/3ccb3cd8-9369-429f-b5f5-9c6875d51a08/enabled'
15:40:35.741 [AsyncHttpClient-1-2] DEBUG org.asynchttpclient.netty.handler.HttpHandler - 

Request DefaultFullHttpRequest(decodeResult: success, version: HTTP/1.1, content: EmptyByteBufBE)
GET /session/3b383b3e2a649c0d0eda4bb803ba5b50/element/3ccb3cd8-9369-429f-b5f5-9c6875d51a08/enabled HTTP/1.1
User-Agent: selenium/4.1.2 (java windows)
Cache-Control: no-cache
Content-Type: application/json; charset=utf-8
host: localhost:54181
accept: */*

Response DefaultHttpResponse(decodeResult: success, version: HTTP/1.1)
HTTP/1.1 200 OK
Content-Type: application/json; charset=utf-8
cache-control: no-cache
content-length: 14

15:40:35.741 [AsyncHttpClient-1-2] DEBUG org.asynchttpclient.netty.channel.ChannelManager - Adding key: http://localhost:54181 for channel [id: 0x36268949, L:/127.0.0.1:55979 - R:localhost/127.0.0.1:54181]
15:40:35.743 [Forwarding findElement on session 3b383b3e2a649c0d0eda4bb803ba5b50 to remote] DEBUG org.asynchttpclient.netty.request.NettyRequestSender - Using pooled Channel '[id: 0x36268949, L:/127.0.0.1:55979 - R:localhost/127.0.0.1:54181]' for 'POST' to 'http://localhost:54181/session/3b383b3e2a649c0d0eda4bb803ba5b50/element'
15:40:35.743 [Forwarding findElement on session 3b383b3e2a649c0d0eda4bb803ba5b50 to remote] DEBUG org.asynchttpclient.netty.request.NettyRequestSender - Using open Channel [id: 0x36268949, L:/127.0.0.1:55979 - R:localhost/127.0.0.1:54181] for POST '/session/3b383b3e2a649c0d0eda4bb803ba5b50/element'
15:40:35.749 [AsyncHttpClient-1-2] DEBUG org.asynchttpclient.netty.handler.HttpHandler - 

Request DefaultHttpRequest(decodeResult: success, version: HTTP/1.1)
POST /session/3b383b3e2a649c0d0eda4bb803ba5b50/element HTTP/1.1
User-Agent: selenium/4.1.2 (java windows)
Content-Length: 50
Content-Type: application/json; charset=utf-8
host: localhost:54181
accept: */*

Response DefaultHttpResponse(decodeResult: success, version: HTTP/1.1)
HTTP/1.1 200 OK
Content-Type: application/json; charset=utf-8
cache-control: no-cache
content-length: 88

15:40:35.749 [AsyncHttpClient-1-2] DEBUG org.asynchttpclient.netty.channel.ChannelManager - Adding key: http://localhost:54181 for channel [id: 0x36268949, L:/127.0.0.1:55979 - R:localhost/127.0.0.1:54181]
15:40:35.751 [Forwarding clickElement on session 3b383b3e2a649c0d0eda4bb803ba5b50 to remote] DEBUG org.asynchttpclient.netty.request.NettyRequestSender - Using pooled Channel '[id: 0x36268949, L:/127.0.0.1:55979 - R:localhost/127.0.0.1:54181]' for 'POST' to 'http://localhost:54181/session/3b383b3e2a649c0d0eda4bb803ba5b50/element/3ccb3cd8-9369-429f-b5f5-9c6875d51a08/click'
15:40:35.752 [Forwarding clickElement on session 3b383b3e2a649c0d0eda4bb803ba5b50 to remote] DEBUG org.asynchttpclient.netty.request.NettyRequestSender - Using open Channel [id: 0x36268949, L:/127.0.0.1:55979 - R:localhost/127.0.0.1:54181] for POST '/session/3b383b3e2a649c0d0eda4bb803ba5b50/element/3ccb3cd8-9369-429f-b5f5-9c6875d51a08/click'
15:40:35.802 [AsyncHttpClient-1-2] DEBUG org.asynchttpclient.netty.handler.HttpHandler - 

Request DefaultHttpRequest(decodeResult: success, version: HTTP/1.1)
POST /session/3b383b3e2a649c0d0eda4bb803ba5b50/element/3ccb3cd8-9369-429f-b5f5-9c6875d51a08/click HTTP/1.1
User-Agent: selenium/4.1.2 (java windows)
Content-Length: 50
Content-Type: application/json; charset=utf-8
host: localhost:54181
accept: */*

Response DefaultHttpResponse(decodeResult: success, version: HTTP/1.1)
HTTP/1.1 200 OK
Content-Type: application/json; charset=utf-8
cache-control: no-cache
content-length: 14

15:40:35.803 [AsyncHttpClient-1-2] DEBUG org.asynchttpclient.netty.channel.ChannelManager - Adding key: http://localhost:54181 for channel [id: 0x36268949, L:/127.0.0.1:55979 - R:localhost/127.0.0.1:54181]
15:40:35.811 [Forwarding screenshot on session 3b383b3e2a649c0d0eda4bb803ba5b50 to remote] DEBUG org.asynchttpclient.netty.request.NettyRequestSender - Using pooled Channel '[id: 0x36268949, L:/127.0.0.1:55979 - R:localhost/127.0.0.1:54181]' for 'GET' to 'http://localhost:54181/session/3b383b3e2a649c0d0eda4bb803ba5b50/screenshot'
15:40:35.812 [Forwarding screenshot on session 3b383b3e2a649c0d0eda4bb803ba5b50 to remote] DEBUG org.asynchttpclient.netty.request.NettyRequestSender - Using open Channel [id: 0x36268949, L:/127.0.0.1:55979 - R:localhost/127.0.0.1:54181] for GET '/session/3b383b3e2a649c0d0eda4bb803ba5b50/screenshot'
15:40:36.014 [AsyncHttpClient-1-2] DEBUG org.asynchttpclient.netty.handler.HttpHandler - 

Request DefaultFullHttpRequest(decodeResult: success, version: HTTP/1.1, content: EmptyByteBufBE)
GET /session/3b383b3e2a649c0d0eda4bb803ba5b50/screenshot HTTP/1.1
User-Agent: selenium/4.1.2 (java windows)
Cache-Control: no-cache
Content-Type: application/json; charset=utf-8
host: localhost:54181
accept: */*

Response DefaultHttpResponse(decodeResult: success, version: HTTP/1.1)
HTTP/1.1 200 OK
Content-Type: application/json; charset=utf-8
cache-control: no-cache
content-length: 316720

15:40:36.016 [AsyncHttpClient-1-2] DEBUG org.asynchttpclient.netty.channel.ChannelManager - Adding key: http://localhost:54181 for channel [id: 0x36268949, L:/127.0.0.1:55979 - R:localhost/127.0.0.1:54181]
15:40:36.025 [main] DEBUG net.serenitybdd.core.photography.Darkroom - Send negative for processing for target\site\serenity\9c1fd068fb2728156843d57e724d558b30ebde650f971f604319c4e48a75408e.png
15:40:36.026 [main] DEBUG net.thucydides.core.steps.StepInterceptor - STEP DONE: clickLoginButton
15:40:36.026 [Darkroom Processing Line] DEBUG net.serenitybdd.core.photography.DarkroomProcessingLine - Processing screenshot image in /var/screenshots/screenshot-6941876222749410117
15:40:36.026 [Darkroom Processing Line] DEBUG net.serenitybdd.core.photography.DarkroomProcessingLine - Saving screenshot to target\site\serenity\9c1fd068fb2728156843d57e724d558b30ebde650f971f604319c4e48a75408e.png
15:40:36.032 [main] DEBUG net.thucydides.core.steps.StepInterceptor - STARTING STEP: LoginSteps.iAmOnTheLoginPage - validateOnLoginPage
15:40:36.033 [Forwarding findElement on session 3b383b3e2a649c0d0eda4bb803ba5b50 to remote] DEBUG org.asynchttpclient.netty.request.NettyRequestSender - Using pooled Channel '[id: 0x36268949, L:/127.0.0.1:55979 - R:localhost/127.0.0.1:54181]' for 'POST' to 'http://localhost:54181/session/3b383b3e2a649c0d0eda4bb803ba5b50/element'
15:40:36.033 [Forwarding findElement on session 3b383b3e2a649c0d0eda4bb803ba5b50 to remote] DEBUG org.asynchttpclient.netty.request.NettyRequestSender - Using open Channel [id: 0x36268949, L:/127.0.0.1:55979 - R:localhost/127.0.0.1:54181] for POST '/session/3b383b3e2a649c0d0eda4bb803ba5b50/element'
15:40:36.039 [AsyncHttpClient-1-2] DEBUG org.asynchttpclient.netty.handler.HttpHandler - 

Request DefaultHttpRequest(decodeResult: success, version: HTTP/1.1)
POST /session/3b383b3e2a649c0d0eda4bb803ba5b50/element HTTP/1.1
User-Agent: selenium/4.1.2 (java windows)
Content-Length: 50
Content-Type: application/json; charset=utf-8
host: localhost:54181
accept: */*

Response DefaultHttpResponse(decodeResult: success, version: HTTP/1.1)
HTTP/1.1 200 OK
Content-Type: application/json; charset=utf-8
cache-control: no-cache
content-length: 88

15:40:36.040 [AsyncHttpClient-1-2] DEBUG org.asynchttpclient.netty.channel.ChannelManager - Adding key: http://localhost:54181 for channel [id: 0x36268949, L:/127.0.0.1:55979 - R:localhost/127.0.0.1:54181]
15:40:36.056 [Forwarding isElementDisplayed on session 3b383b3e2a649c0d0eda4bb803ba5b50 to remote] DEBUG org.asynchttpclient.netty.request.NettyRequestSender - Using pooled Channel '[id: 0x36268949, L:/127.0.0.1:55979 - R:localhost/127.0.0.1:54181]' for 'POST' to 'http://localhost:54181/session/3b383b3e2a649c0d0eda4bb803ba5b50/execute/sync'
15:40:36.056 [Forwarding isElementDisplayed on session 3b383b3e2a649c0d0eda4bb803ba5b50 to remote] DEBUG org.asynchttpclient.netty.request.NettyRequestSender - Using open Channel [id: 0x36268949, L:/127.0.0.1:55979 - R:localhost/127.0.0.1:54181] for POST '/session/3b383b3e2a649c0d0eda4bb803ba5b50/execute/sync'
15:40:36.068 [AsyncHttpClient-1-2] DEBUG org.asynchttpclient.netty.handler.HttpHandler - 

Request DefaultHttpRequest(decodeResult: success, version: HTTP/1.1)
POST /session/3b383b3e2a649c0d0eda4bb803ba5b50/execute/sync HTTP/1.1
User-Agent: selenium/4.1.2 (java windows)
Content-Length: 48780
Content-Type: application/json; charset=utf-8
host: localhost:54181
accept: */*

Response DefaultHttpResponse(decodeResult: success, version: HTTP/1.1)
HTTP/1.1 200 OK
Content-Type: application/json; charset=utf-8
cache-control: no-cache
content-length: 14

15:40:36.068 [AsyncHttpClient-1-2] DEBUG org.asynchttpclient.netty.channel.ChannelManager - Adding key: http://localhost:54181 for channel [id: 0x36268949, L:/127.0.0.1:55979 - R:localhost/127.0.0.1:54181]
15:40:36.073 [main] DEBUG net.thucydides.core.steps.StepInterceptor - STEP DONE: validateOnLoginPage
  &amp#27;[32mGiven &amp#27;[0m&amp#27;[32mI am on the login page&amp#27;[0m                            &amp#27;[90m# starter.stepdefinitions.LoginSteps.iAmOnTheLoginPage()&amp#27;[0m
15:40:36.083 [Forwarding screenshot on session 3b383b3e2a649c0d0eda4bb803ba5b50 to remote] DEBUG org.asynchttpclient.netty.request.NettyRequestSender - Using pooled Channel '[id: 0x36268949, L:/127.0.0.1:55979 - R:localhost/127.0.0.1:54181]' for 'GET' to 'http://localhost:54181/session/3b383b3e2a649c0d0eda4bb803ba5b50/screenshot'
15:40:36.083 [Forwarding screenshot on session 3b383b3e2a649c0d0eda4bb803ba5b50 to remote] DEBUG org.asynchttpclient.netty.request.NettyRequestSender - Using open Channel [id: 0x36268949, L:/127.0.0.1:55979 - R:localhost/127.0.0.1:54181] for GET '/session/3b383b3e2a649c0d0eda4bb803ba5b50/screenshot'
15:40:36.203 [AsyncHttpClient-1-1] DEBUG org.asynchttpclient.netty.channel.DefaultChannelPool - Entry count for : http://localhost:55981 : 1
15:40:36.249 [AsyncHttpClient-1-2] DEBUG org.asynchttpclient.netty.handler.HttpHandler - 

Request DefaultFullHttpRequest(decodeResult: success, version: HTTP/1.1, content: EmptyByteBufBE)
GET /session/3b383b3e2a649c0d0eda4bb803ba5b50/screenshot HTTP/1.1
User-Agent: selenium/4.1.2 (java windows)
Cache-Control: no-cache
Content-Type: application/json; charset=utf-8
host: localhost:54181
accept: */*

Response DefaultHttpResponse(decodeResult: success, version: HTTP/1.1)
HTTP/1.1 200 OK
Content-Type: application/json; charset=utf-8
cache-control: no-cache
content-length: 316720

15:40:36.250 [AsyncHttpClient-1-2] DEBUG org.asynchttpclient.netty.channel.ChannelManager - Adding key: http://localhost:54181 for channel [id: 0x36268949, L:/127.0.0.1:55979 - R:localhost/127.0.0.1:54181]
15:40:36.260 [main] DEBUG net.serenitybdd.core.photography.Darkroom - Send negative for processing for target\site\serenity\9c1fd068fb2728156843d57e724d558b30ebde650f971f604319c4e48a75408e.png
15:40:36.271 [main] DEBUG net.thucydides.core.steps.StepInterceptor - STARTING STEP: LoginSteps.iInputValidUsername - inputUsername
15:40:36.274 [Forwarding findElement on session 3b383b3e2a649c0d0eda4bb803ba5b50 to remote] DEBUG org.asynchttpclient.netty.request.NettyRequestSender - Using pooled Channel '[id: 0x36268949, L:/127.0.0.1:55979 - R:localhost/127.0.0.1:54181]' for 'POST' to 'http://localhost:54181/session/3b383b3e2a649c0d0eda4bb803ba5b50/element'
15:40:36.274 [Forwarding findElement on session 3b383b3e2a649c0d0eda4bb803ba5b50 to remote] DEBUG org.asynchttpclient.netty.request.NettyRequestSender - Using open Channel [id: 0x36268949, L:/127.0.0.1:55979 - R:localhost/127.0.0.1:54181] for POST '/session/3b383b3e2a649c0d0eda4bb803ba5b50/element'
15:40:36.285 [AsyncHttpClient-1-2] DEBUG org.asynchttpclient.netty.handler.HttpHandler - 

Request DefaultHttpRequest(decodeResult: success, version: HTTP/1.1)
POST /session/3b383b3e2a649c0d0eda4bb803ba5b50/element HTTP/1.1
User-Agent: selenium/4.1.2 (java windows)
Content-Length: 53
Content-Type: application/json; charset=utf-8
host: localhost:54181
accept: */*

Response DefaultHttpResponse(decodeResult: success, version: HTTP/1.1)
HTTP/1.1 200 OK
Content-Type: application/json; charset=utf-8
cache-control: no-cache
content-length: 88

15:40:36.285 [AsyncHttpClient-1-2] DEBUG org.asynchttpclient.netty.channel.ChannelManager - Adding key: http://localhost:54181 for channel [id: 0x36268949, L:/127.0.0.1:55979 - R:localhost/127.0.0.1:54181]
15:40:36.286 [Forwarding clearElement on session 3b383b3e2a649c0d0eda4bb803ba5b50 to remote] DEBUG org.asynchttpclient.netty.request.NettyRequestSender - Using pooled Channel '[id: 0x36268949, L:/127.0.0.1:55979 - R:localhost/127.0.0.1:54181]' for 'POST' to 'http://localhost:54181/session/3b383b3e2a649c0d0eda4bb803ba5b50/element/2cd43258-9c64-4eb7-b649-4e576c4a7e28/clear'
15:40:36.286 [Forwarding clearElement on session 3b383b3e2a649c0d0eda4bb803ba5b50 to remote] DEBUG org.asynchttpclient.netty.request.NettyRequestSender - Using open Channel [id: 0x36268949, L:/127.0.0.1:55979 - R:localhost/127.0.0.1:54181] for POST '/session/3b383b3e2a649c0d0eda4bb803ba5b50/element/2cd43258-9c64-4eb7-b649-4e576c4a7e28/clear'
15:40:36.315 [AsyncHttpClient-1-2] DEBUG org.asynchttpclient.netty.handler.HttpHandler - 

Request DefaultHttpRequest(decodeResult: success, version: HTTP/1.1)
POST /session/3b383b3e2a649c0d0eda4bb803ba5b50/element/2cd43258-9c64-4eb7-b649-4e576c4a7e28/clear HTTP/1.1
User-Agent: selenium/4.1.2 (java windows)
Content-Length: 50
Content-Type: application/json; charset=utf-8
host: localhost:54181
accept: */*

Response DefaultHttpResponse(decodeResult: success, version: HTTP/1.1)
HTTP/1.1 200 OK
Content-Type: application/json; charset=utf-8
cache-control: no-cache
content-length: 14

15:40:36.316 [AsyncHttpClient-1-2] DEBUG org.asynchttpclient.netty.channel.ChannelManager - Adding key: http://localhost:54181 for channel [id: 0x36268949, L:/127.0.0.1:55979 - R:localhost/127.0.0.1:54181]
15:40:36.319 [Forwarding sendKeysToElement on session 3b383b3e2a649c0d0eda4bb803ba5b50 to remote] DEBUG org.asynchttpclient.netty.request.NettyRequestSender - Using pooled Channel '[id: 0x36268949, L:/127.0.0.1:55979 - R:localhost/127.0.0.1:54181]' for 'POST' to 'http://localhost:54181/session/3b383b3e2a649c0d0eda4bb803ba5b50/element/2cd43258-9c64-4eb7-b649-4e576c4a7e28/value'
15:40:36.319 [Forwarding sendKeysToElement on session 3b383b3e2a649c0d0eda4bb803ba5b50 to remote] DEBUG org.asynchttpclient.netty.request.NettyRequestSender - Using open Channel [id: 0x36268949, L:/127.0.0.1:55979 - R:localhost/127.0.0.1:54181] for POST '/session/3b383b3e2a649c0d0eda4bb803ba5b50/element/2cd43258-9c64-4eb7-b649-4e576c4a7e28/value'
15:40:36.389 [AsyncHttpClient-1-2] DEBUG org.asynchttpclient.netty.handler.HttpHandler - 

Request DefaultHttpRequest(decodeResult: success, version: HTTP/1.1)
POST /session/3b383b3e2a649c0d0eda4bb803ba5b50/element/2cd43258-9c64-4eb7-b649-4e576c4a7e28/value HTTP/1.1
User-Agent: selenium/4.1.2 (java windows)
Content-Length: 221
Content-Type: application/json; charset=utf-8
host: localhost:54181
accept: */*

Response DefaultHttpResponse(decodeResult: success, version: HTTP/1.1)
HTTP/1.1 200 OK
Content-Type: application/json; charset=utf-8
cache-control: no-cache
content-length: 14

15:40:36.389 [AsyncHttpClient-1-2] DEBUG org.asynchttpclient.netty.channel.ChannelManager - Adding key: http://localhost:54181 for channel [id: 0x36268949, L:/127.0.0.1:55979 - R:localhost/127.0.0.1:54181]
15:40:36.395 [Forwarding screenshot on session 3b383b3e2a649c0d0eda4bb803ba5b50 to remote] DEBUG org.asynchttpclient.netty.request.NettyRequestSender - Using pooled Channel '[id: 0x36268949, L:/127.0.0.1:55979 - R:localhost/127.0.0.1:54181]' for 'GET' to 'http://localhost:54181/session/3b383b3e2a649c0d0eda4bb803ba5b50/screenshot'
15:40:36.396 [Forwarding screenshot on session 3b383b3e2a649c0d0eda4bb803ba5b50 to remote] DEBUG org.asynchttpclient.netty.request.NettyRequestSender - Using open Channel [id: 0x36268949, L:/127.0.0.1:55979 - R:localhost/127.0.0.1:54181] for GET '/session/3b383b3e2a649c0d0eda4bb803ba5b50/screenshot'
15:40:36.593 [AsyncHttpClient-1-2] DEBUG org.asynchttpclient.netty.handler.HttpHandler - 

Request DefaultFullHttpRequest(decodeResult: success, version: HTTP/1.1, content: EmptyByteBufBE)
GET /session/3b383b3e2a649c0d0eda4bb803ba5b50/screenshot HTTP/1.1
User-Agent: selenium/4.1.2 (java windows)
Cache-Control: no-cache
Content-Type: application/json; charset=utf-8
host: localhost:54181
accept: */*

Response DefaultHttpResponse(decodeResult: success, version: HTTP/1.1)
HTTP/1.1 200 OK
Content-Type: application/json; charset=utf-8
cache-control: no-cache
content-length: 317608

15:40:36.595 [AsyncHttpClient-1-2] DEBUG org.asynchttpclient.netty.channel.ChannelManager - Adding key: http://localhost:54181 for channel [id: 0x36268949, L:/127.0.0.1:55979 - R:localhost/127.0.0.1:54181]
15:40:36.604 [main] DEBUG net.serenitybdd.core.photography.Darkroom - Send negative for processing for target\site\serenity\b3e94e34cd1b4fa9aadb77d96cc1504dd7f296a7837332ad0a416f865a51e739.png
15:40:36.605 [main] DEBUG net.thucydides.core.steps.StepInterceptor - STEP DONE: inputUsername
15:40:36.605 [Darkroom Processing Line] DEBUG net.serenitybdd.core.photography.DarkroomProcessingLine - Processing screenshot image in /var/screenshots/screenshot-4830239246045120122
15:40:36.605 [Darkroom Processing Line] DEBUG net.serenitybdd.core.photography.DarkroomProcessingLine - Saving screenshot to target\site\serenity\b3e94e34cd1b4fa9aadb77d96cc1504dd7f296a7837332ad0a416f865a51e739.png
  &amp#27;[32mWhen &amp#27;[0m&amp#27;[32mI input valid username&amp#27;[0m                             &amp#27;[90m# starter.stepdefinitions.LoginSteps.iInputValidUsername()&amp#27;[0m
15:40:36.621 [main] DEBUG net.thucydides.core.steps.StepInterceptor - STARTING STEP: LoginSteps.iInputValidPassword - inputPassword
15:40:36.625 [Forwarding findElement on session 3b383b3e2a649c0d0eda4bb803ba5b50 to remote] DEBUG org.asynchttpclient.netty.request.NettyRequestSender - Using pooled Channel '[id: 0x36268949, L:/127.0.0.1:55979 - R:localhost/127.0.0.1:54181]' for 'POST' to 'http://localhost:54181/session/3b383b3e2a649c0d0eda4bb803ba5b50/element'
15:40:36.625 [Forwarding findElement on session 3b383b3e2a649c0d0eda4bb803ba5b50 to remote] DEBUG org.asynchttpclient.netty.request.NettyRequestSender - Using open Channel [id: 0x36268949, L:/127.0.0.1:55979 - R:localhost/127.0.0.1:54181] for POST '/session/3b383b3e2a649c0d0eda4bb803ba5b50/element'
15:40:36.637 [AsyncHttpClient-1-2] DEBUG org.asynchttpclient.netty.handler.HttpHandler - 

Request DefaultHttpRequest(decodeResult: success, version: HTTP/1.1)
POST /session/3b383b3e2a649c0d0eda4bb803ba5b50/element HTTP/1.1
User-Agent: selenium/4.1.2 (java windows)
Content-Length: 53
Content-Type: application/json; charset=utf-8
host: localhost:54181
accept: */*

Response DefaultHttpResponse(decodeResult: success, version: HTTP/1.1)
HTTP/1.1 200 OK
Content-Type: application/json; charset=utf-8
cache-control: no-cache
content-length: 88

15:40:36.637 [AsyncHttpClient-1-2] DEBUG org.asynchttpclient.netty.channel.ChannelManager - Adding key: http://localhost:54181 for channel [id: 0x36268949, L:/127.0.0.1:55979 - R:localhost/127.0.0.1:54181]
15:40:36.638 [Forwarding clearElement on session 3b383b3e2a649c0d0eda4bb803ba5b50 to remote] DEBUG org.asynchttpclient.netty.request.NettyRequestSender - Using pooled Channel '[id: 0x36268949, L:/127.0.0.1:55979 - R:localhost/127.0.0.1:54181]' for 'POST' to 'http://localhost:54181/session/3b383b3e2a649c0d0eda4bb803ba5b50/element/dd9d0dd6-ee2e-4395-bca9-eee0a48a2bc4/clear'
15:40:36.639 [Forwarding clearElement on session 3b383b3e2a649c0d0eda4bb803ba5b50 to remote] DEBUG org.asynchttpclient.netty.request.NettyRequestSender - Using open Channel [id: 0x36268949, L:/127.0.0.1:55979 - R:localhost/127.0.0.1:54181] for POST '/session/3b383b3e2a649c0d0eda4bb803ba5b50/element/dd9d0dd6-ee2e-4395-bca9-eee0a48a2bc4/clear'
15:40:36.664 [AsyncHttpClient-1-2] DEBUG org.asynchttpclient.netty.handler.HttpHandler - 

Request DefaultHttpRequest(decodeResult: success, version: HTTP/1.1)
POST /session/3b383b3e2a649c0d0eda4bb803ba5b50/element/dd9d0dd6-ee2e-4395-bca9-eee0a48a2bc4/clear HTTP/1.1
User-Agent: selenium/4.1.2 (java windows)
Content-Length: 50
Content-Type: application/json; charset=utf-8
host: localhost:54181
accept: */*

Response DefaultHttpResponse(decodeResult: success, version: HTTP/1.1)
HTTP/1.1 200 OK
Content-Type: application/json; charset=utf-8
cache-control: no-cache
content-length: 14

15:40:36.664 [AsyncHttpClient-1-2] DEBUG org.asynchttpclient.netty.channel.ChannelManager - Adding key: http://localhost:54181 for channel [id: 0x36268949, L:/127.0.0.1:55979 - R:localhost/127.0.0.1:54181]
15:40:36.667 [Forwarding sendKeysToElement on session 3b383b3e2a649c0d0eda4bb803ba5b50 to remote] DEBUG org.asynchttpclient.netty.request.NettyRequestSender - Using pooled Channel '[id: 0x36268949, L:/127.0.0.1:55979 - R:localhost/127.0.0.1:54181]' for 'POST' to 'http://localhost:54181/session/3b383b3e2a649c0d0eda4bb803ba5b50/element/dd9d0dd6-ee2e-4395-bca9-eee0a48a2bc4/value'
15:40:36.667 [Forwarding sendKeysToElement on session 3b383b3e2a649c0d0eda4bb803ba5b50 to remote] DEBUG org.asynchttpclient.netty.request.NettyRequestSender - Using open Channel [id: 0x36268949, L:/127.0.0.1:55979 - R:localhost/127.0.0.1:54181] for POST '/session/3b383b3e2a649c0d0eda4bb803ba5b50/element/dd9d0dd6-ee2e-4395-bca9-eee0a48a2bc4/value'
15:40:36.754 [AsyncHttpClient-1-2] DEBUG org.asynchttpclient.netty.handler.HttpHandler - 

Request DefaultHttpRequest(decodeResult: success, version: HTTP/1.1)
POST /session/3b383b3e2a649c0d0eda4bb803ba5b50/element/dd9d0dd6-ee2e-4395-bca9-eee0a48a2bc4/value HTTP/1.1
User-Agent: selenium/4.1.2 (java windows)
Content-Length: 241
Content-Type: application/json; charset=utf-8
host: localhost:54181
accept: */*

Response DefaultHttpResponse(decodeResult: success, version: HTTP/1.1)
HTTP/1.1 200 OK
Content-Type: application/json; charset=utf-8
cache-control: no-cache
content-length: 14

15:40:36.755 [AsyncHttpClient-1-2] DEBUG org.asynchttpclient.netty.channel.ChannelManager - Adding key: http://localhost:54181 for channel [id: 0x36268949, L:/127.0.0.1:55979 - R:localhost/127.0.0.1:54181]
15:40:36.762 [Forwarding screenshot on session 3b383b3e2a649c0d0eda4bb803ba5b50 to remote] DEBUG org.asynchttpclient.netty.request.NettyRequestSender - Using pooled Channel '[id: 0x36268949, L:/127.0.0.1:55979 - R:localhost/127.0.0.1:54181]' for 'GET' to 'http://localhost:54181/session/3b383b3e2a649c0d0eda4bb803ba5b50/screenshot'
15:40:36.762 [Forwarding screenshot on session 3b383b3e2a649c0d0eda4bb803ba5b50 to remote] DEBUG org.asynchttpclient.netty.request.NettyRequestSender - Using open Channel [id: 0x36268949, L:/127.0.0.1:55979 - R:localhost/127.0.0.1:54181] for GET '/session/3b383b3e2a649c0d0eda4bb803ba5b50/screenshot'
15:40:36.974 [AsyncHttpClient-1-2] DEBUG org.asynchttpclient.netty.handler.HttpHandler - 

Request DefaultFullHttpRequest(decodeResult: success, version: HTTP/1.1, content: EmptyByteBufBE)
GET /session/3b383b3e2a649c0d0eda4bb803ba5b50/screenshot HTTP/1.1
User-Agent: selenium/4.1.2 (java windows)
Cache-Control: no-cache
Content-Type: application/json; charset=utf-8
host: localhost:54181
accept: */*

Response DefaultHttpResponse(decodeResult: success, version: HTTP/1.1)
HTTP/1.1 200 OK
Content-Type: application/json; charset=utf-8
cache-control: no-cache
content-length: 315584

15:40:36.976 [AsyncHttpClient-1-2] DEBUG org.asynchttpclient.netty.channel.ChannelManager - Adding key: http://localhost:54181 for channel [id: 0x36268949, L:/127.0.0.1:55979 - R:localhost/127.0.0.1:54181]
15:40:36.987 [main] DEBUG net.serenitybdd.core.photography.Darkroom - Send negative for processing for target\site\serenity\c31050df3998ddefcc76559772e6cdf5174675fefdd43fbe0f1348af2a350a55.png
15:40:36.987 [main] DEBUG net.thucydides.core.steps.StepInterceptor - STEP DONE: inputPassword
15:40:36.987 [Darkroom Processing Line] DEBUG net.serenitybdd.core.photography.DarkroomProcessingLine - Processing screenshot image in /var/screenshots/screenshot-4871802419382710305
  &amp#27;[32mAnd &amp#27;[0m&amp#27;[32mI input valid password&amp#27;[0m                              &amp#27;[90m# starter.stepdefinitions.LoginSteps.iInputValidPassword()&amp#27;[0m
15:40:36.987 [Darkroom Processing Line] DEBUG net.serenitybdd.core.photography.DarkroomProcessingLine - Saving screenshot to target\site\serenity\c31050df3998ddefcc76559772e6cdf5174675fefdd43fbe0f1348af2a350a55.png
15:40:37.022 [main] DEBUG net.thucydides.core.steps.StepInterceptor - STARTING STEP: LoginSteps.clickLoginButton - clickLoginButton
15:40:37.025 [Forwarding findElement on session 3b383b3e2a649c0d0eda4bb803ba5b50 to remote] DEBUG org.asynchttpclient.netty.request.NettyRequestSender - Using pooled Channel '[id: 0x36268949, L:/127.0.0.1:55979 - R:localhost/127.0.0.1:54181]' for 'POST' to 'http://localhost:54181/session/3b383b3e2a649c0d0eda4bb803ba5b50/element'
15:40:37.025 [Forwarding findElement on session 3b383b3e2a649c0d0eda4bb803ba5b50 to remote] DEBUG org.asynchttpclient.netty.request.NettyRequestSender - Using open Channel [id: 0x36268949, L:/127.0.0.1:55979 - R:localhost/127.0.0.1:54181] for POST '/session/3b383b3e2a649c0d0eda4bb803ba5b50/element'
15:40:37.030 [AsyncHttpClient-1-2] DEBUG org.asynchttpclient.netty.handler.HttpHandler - 

Request DefaultHttpRequest(decodeResult: success, version: HTTP/1.1)
POST /session/3b383b3e2a649c0d0eda4bb803ba5b50/element HTTP/1.1
User-Agent: selenium/4.1.2 (java windows)
Content-Length: 50
Content-Type: application/json; charset=utf-8
host: localhost:54181
accept: */*

Response DefaultHttpResponse(decodeResult: success, version: HTTP/1.1)
HTTP/1.1 200 OK
Content-Type: application/json; charset=utf-8
cache-control: no-cache
content-length: 88

15:40:37.030 [AsyncHttpClient-1-2] DEBUG org.asynchttpclient.netty.channel.ChannelManager - Adding key: http://localhost:54181 for channel [id: 0x36268949, L:/127.0.0.1:55979 - R:localhost/127.0.0.1:54181]
15:40:37.031 [Forwarding getElementTagName on session 3b383b3e2a649c0d0eda4bb803ba5b50 to remote] DEBUG org.asynchttpclient.netty.request.NettyRequestSender - Using pooled Channel '[id: 0x36268949, L:/127.0.0.1:55979 - R:localhost/127.0.0.1:54181]' for 'GET' to 'http://localhost:54181/session/3b383b3e2a649c0d0eda4bb803ba5b50/element/ef09209a-8f81-4256-b652-19120cd5a3de/name'
15:40:37.031 [Forwarding getElementTagName on session 3b383b3e2a649c0d0eda4bb803ba5b50 to remote] DEBUG org.asynchttpclient.netty.request.NettyRequestSender - Using open Channel [id: 0x36268949, L:/127.0.0.1:55979 - R:localhost/127.0.0.1:54181] for GET '/session/3b383b3e2a649c0d0eda4bb803ba5b50/element/ef09209a-8f81-4256-b652-19120cd5a3de/name'
15:40:37.034 [AsyncHttpClient-1-2] DEBUG org.asynchttpclient.netty.handler.HttpHandler - 

Request DefaultFullHttpRequest(decodeResult: success, version: HTTP/1.1, content: EmptyByteBufBE)
GET /session/3b383b3e2a649c0d0eda4bb803ba5b50/element/ef09209a-8f81-4256-b652-19120cd5a3de/name HTTP/1.1
User-Agent: selenium/4.1.2 (java windows)
Cache-Control: no-cache
Content-Type: application/json; charset=utf-8
host: localhost:54181
accept: */*

Response DefaultHttpResponse(decodeResult: success, version: HTTP/1.1)
HTTP/1.1 200 OK
Content-Type: application/json; charset=utf-8
cache-control: no-cache
content-length: 18

15:40:37.034 [AsyncHttpClient-1-2] DEBUG org.asynchttpclient.netty.channel.ChannelManager - Adding key: http://localhost:54181 for channel [id: 0x36268949, L:/127.0.0.1:55979 - R:localhost/127.0.0.1:54181]
15:40:37.035 [Forwarding getElementTagName on session 3b383b3e2a649c0d0eda4bb803ba5b50 to remote] DEBUG org.asynchttpclient.netty.request.NettyRequestSender - Using pooled Channel '[id: 0x36268949, L:/127.0.0.1:55979 - R:localhost/127.0.0.1:54181]' for 'GET' to 'http://localhost:54181/session/3b383b3e2a649c0d0eda4bb803ba5b50/element/ef09209a-8f81-4256-b652-19120cd5a3de/name'
15:40:37.035 [Forwarding getElementTagName on session 3b383b3e2a649c0d0eda4bb803ba5b50 to remote] DEBUG org.asynchttpclient.netty.request.NettyRequestSender - Using open Channel [id: 0x36268949, L:/127.0.0.1:55979 - R:localhost/127.0.0.1:54181] for GET '/session/3b383b3e2a649c0d0eda4bb803ba5b50/element/ef09209a-8f81-4256-b652-19120cd5a3de/name'
15:40:37.038 [AsyncHttpClient-1-2] DEBUG org.asynchttpclient.netty.handler.HttpHandler - 

Request DefaultFullHttpRequest(decodeResult: success, version: HTTP/1.1, content: EmptyByteBufBE)
GET /session/3b383b3e2a649c0d0eda4bb803ba5b50/element/ef09209a-8f81-4256-b652-19120cd5a3de/name HTTP/1.1
User-Agent: selenium/4.1.2 (java windows)
Cache-Control: no-cache
Content-Type: application/json; charset=utf-8
host: localhost:54181
accept: */*

Response DefaultHttpResponse(decodeResult: success, version: HTTP/1.1)
HTTP/1.1 200 OK
Content-Type: application/json; charset=utf-8
cache-control: no-cache
content-length: 18

15:40:37.038 [AsyncHttpClient-1-2] DEBUG org.asynchttpclient.netty.channel.ChannelManager - Adding key: http://localhost:54181 for channel [id: 0x36268949, L:/127.0.0.1:55979 - R:localhost/127.0.0.1:54181]
15:40:37.041 [Forwarding isElementEnabled on session 3b383b3e2a649c0d0eda4bb803ba5b50 to remote] DEBUG org.asynchttpclient.netty.request.NettyRequestSender - Using pooled Channel '[id: 0x36268949, L:/127.0.0.1:55979 - R:localhost/127.0.0.1:54181]' for 'GET' to 'http://localhost:54181/session/3b383b3e2a649c0d0eda4bb803ba5b50/element/ef09209a-8f81-4256-b652-19120cd5a3de/enabled'
15:40:37.041 [Forwarding isElementEnabled on session 3b383b3e2a649c0d0eda4bb803ba5b50 to remote] DEBUG org.asynchttpclient.netty.request.NettyRequestSender - Using open Channel [id: 0x36268949, L:/127.0.0.1:55979 - R:localhost/127.0.0.1:54181] for GET '/session/3b383b3e2a649c0d0eda4bb803ba5b50/element/ef09209a-8f81-4256-b652-19120cd5a3de/enabled'
15:40:37.048 [AsyncHttpClient-1-2] DEBUG org.asynchttpclient.netty.handler.HttpHandler - 

Request DefaultFullHttpRequest(decodeResult: success, version: HTTP/1.1, content: EmptyByteBufBE)
GET /session/3b383b3e2a649c0d0eda4bb803ba5b50/element/ef09209a-8f81-4256-b652-19120cd5a3de/enabled HTTP/1.1
User-Agent: selenium/4.1.2 (java windows)
Cache-Control: no-cache
Content-Type: application/json; charset=utf-8
host: localhost:54181
accept: */*

Response DefaultHttpResponse(decodeResult: success, version: HTTP/1.1)
HTTP/1.1 200 OK
Content-Type: application/json; charset=utf-8
cache-control: no-cache
content-length: 14

15:40:37.048 [AsyncHttpClient-1-2] DEBUG org.asynchttpclient.netty.channel.ChannelManager - Adding key: http://localhost:54181 for channel [id: 0x36268949, L:/127.0.0.1:55979 - R:localhost/127.0.0.1:54181]
15:40:37.050 [Forwarding isElementEnabled on session 3b383b3e2a649c0d0eda4bb803ba5b50 to remote] DEBUG org.asynchttpclient.netty.request.NettyRequestSender - Using pooled Channel '[id: 0x36268949, L:/127.0.0.1:55979 - R:localhost/127.0.0.1:54181]' for 'GET' to 'http://localhost:54181/session/3b383b3e2a649c0d0eda4bb803ba5b50/element/ef09209a-8f81-4256-b652-19120cd5a3de/enabled'
15:40:37.050 [Forwarding isElementEnabled on session 3b383b3e2a649c0d0eda4bb803ba5b50 to remote] DEBUG org.asynchttpclient.netty.request.NettyRequestSender - Using open Channel [id: 0x36268949, L:/127.0.0.1:55979 - R:localhost/127.0.0.1:54181] for GET '/session/3b383b3e2a649c0d0eda4bb803ba5b50/element/ef09209a-8f81-4256-b652-19120cd5a3de/enabled'
15:40:37.055 [AsyncHttpClient-1-2] DEBUG org.asynchttpclient.netty.handler.HttpHandler - 

Request DefaultFullHttpRequest(decodeResult: success, version: HTTP/1.1, content: EmptyByteBufBE)
GET /session/3b383b3e2a649c0d0eda4bb803ba5b50/element/ef09209a-8f81-4256-b652-19120cd5a3de/enabled HTTP/1.1
User-Agent: selenium/4.1.2 (java windows)
Cache-Control: no-cache
Content-Type: application/json; charset=utf-8
host: localhost:54181
accept: */*

Response DefaultHttpResponse(decodeResult: success, version: HTTP/1.1)
HTTP/1.1 200 OK
Content-Type: application/json; charset=utf-8
cache-control: no-cache
content-length: 14

15:40:37.056 [AsyncHttpClient-1-2] DEBUG org.asynchttpclient.netty.channel.ChannelManager - Adding key: http://localhost:54181 for channel [id: 0x36268949, L:/127.0.0.1:55979 - R:localhost/127.0.0.1:54181]
15:40:37.059 [Forwarding findElement on session 3b383b3e2a649c0d0eda4bb803ba5b50 to remote] DEBUG org.asynchttpclient.netty.request.NettyRequestSender - Using pooled Channel '[id: 0x36268949, L:/127.0.0.1:55979 - R:localhost/127.0.0.1:54181]' for 'POST' to 'http://localhost:54181/session/3b383b3e2a649c0d0eda4bb803ba5b50/element'
15:40:37.060 [Forwarding findElement on session 3b383b3e2a649c0d0eda4bb803ba5b50 to remote] DEBUG org.asynchttpclient.netty.request.NettyRequestSender - Using open Channel [id: 0x36268949, L:/127.0.0.1:55979 - R:localhost/127.0.0.1:54181] for POST '/session/3b383b3e2a649c0d0eda4bb803ba5b50/element'
15:40:37.071 [AsyncHttpClient-1-2] DEBUG org.asynchttpclient.netty.handler.HttpHandler - 

Request DefaultHttpRequest(decodeResult: success, version: HTTP/1.1)
POST /session/3b383b3e2a649c0d0eda4bb803ba5b50/element HTTP/1.1
User-Agent: selenium/4.1.2 (java windows)
Content-Length: 50
Content-Type: application/json; charset=utf-8
host: localhost:54181
accept: */*

Response DefaultHttpResponse(decodeResult: success, version: HTTP/1.1)
HTTP/1.1 200 OK
Content-Type: application/json; charset=utf-8
cache-control: no-cache
content-length: 88

15:40:37.072 [AsyncHttpClient-1-2] DEBUG org.asynchttpclient.netty.channel.ChannelManager - Adding key: http://localhost:54181 for channel [id: 0x36268949, L:/127.0.0.1:55979 - R:localhost/127.0.0.1:54181]
15:40:37.075 [Forwarding clickElement on session 3b383b3e2a649c0d0eda4bb803ba5b50 to remote] DEBUG org.asynchttpclient.netty.request.NettyRequestSender - Using pooled Channel '[id: 0x36268949, L:/127.0.0.1:55979 - R:localhost/127.0.0.1:54181]' for 'POST' to 'http://localhost:54181/session/3b383b3e2a649c0d0eda4bb803ba5b50/element/ef09209a-8f81-4256-b652-19120cd5a3de/click'
15:40:37.075 [Forwarding clickElement on session 3b383b3e2a649c0d0eda4bb803ba5b50 to remote] DEBUG org.asynchttpclient.netty.request.NettyRequestSender - Using open Channel [id: 0x36268949, L:/127.0.0.1:55979 - R:localhost/127.0.0.1:54181] for POST '/session/3b383b3e2a649c0d0eda4bb803ba5b50/element/ef09209a-8f81-4256-b652-19120cd5a3de/click'
15:40:37.149 [AsyncHttpClient-1-2] DEBUG org.asynchttpclient.netty.handler.HttpHandler - 

Request DefaultHttpRequest(decodeResult: success, version: HTTP/1.1)
POST /session/3b383b3e2a649c0d0eda4bb803ba5b50/element/ef09209a-8f81-4256-b652-19120cd5a3de/click HTTP/1.1
User-Agent: selenium/4.1.2 (java windows)
Content-Length: 50
Content-Type: application/json; charset=utf-8
host: localhost:54181
accept: */*

Response DefaultHttpResponse(decodeResult: success, version: HTTP/1.1)
HTTP/1.1 200 OK
Content-Type: application/json; charset=utf-8
cache-control: no-cache
content-length: 14

15:40:37.150 [AsyncHttpClient-1-2] DEBUG org.asynchttpclient.netty.channel.ChannelManager - Adding key: http://localhost:54181 for channel [id: 0x36268949, L:/127.0.0.1:55979 - R:localhost/127.0.0.1:54181]
15:40:37.165 [Forwarding screenshot on session 3b383b3e2a649c0d0eda4bb803ba5b50 to remote] DEBUG org.asynchttpclient.netty.request.NettyRequestSender - Using pooled Channel '[id: 0x36268949, L:/127.0.0.1:55979 - R:localhost/127.0.0.1:54181]' for 'GET' to 'http://localhost:54181/session/3b383b3e2a649c0d0eda4bb803ba5b50/screenshot'
15:40:37.165 [Forwarding screenshot on session 3b383b3e2a649c0d0eda4bb803ba5b50 to remote] DEBUG org.asynchttpclient.netty.request.NettyRequestSender - Using open Channel [id: 0x36268949, L:/127.0.0.1:55979 - R:localhost/127.0.0.1:54181] for GET '/session/3b383b3e2a649c0d0eda4bb803ba5b50/screenshot'
15:40:37.302 [AsyncHttpClient-1-1] DEBUG org.asynchttpclient.netty.channel.DefaultChannelPool - Entry count for : http://localhost:55981 : 1
15:40:37.364 [AsyncHttpClient-1-2] DEBUG org.asynchttpclient.netty.handler.HttpHandler - 

Request DefaultFullHttpRequest(decodeResult: success, version: HTTP/1.1, content: EmptyByteBufBE)
GET /session/3b383b3e2a649c0d0eda4bb803ba5b50/screenshot HTTP/1.1
User-Agent: selenium/4.1.2 (java windows)
Cache-Control: no-cache
Content-Type: application/json; charset=utf-8
host: localhost:54181
accept: */*

Response DefaultHttpResponse(decodeResult: success, version: HTTP/1.1)
HTTP/1.1 200 OK
Content-Type: application/json; charset=utf-8
cache-control: no-cache
content-length: 307240

15:40:37.365 [AsyncHttpClient-1-2] DEBUG org.asynchttpclient.netty.channel.ChannelManager - Adding key: http://localhost:54181 for channel [id: 0x36268949, L:/127.0.0.1:55979 - R:localhost/127.0.0.1:54181]
15:40:37.374 [main] DEBUG net.serenitybdd.core.photography.Darkroom - Send negative for processing for target\site\serenity\3262acec88447e6d02ab5ef8be1c0304cf8f37e99f10c403c3958c9027501226.png
15:40:37.375 [main] DEBUG net.thucydides.core.steps.StepInterceptor - STEP DONE: clickLoginButton
  &amp#27;[32mAnd &amp#27;[0m&amp#27;[32mclick login button&amp#27;[0m                                  &amp#27;[90m# starter.stepdefinitions.LoginSteps.clickLoginButton()&amp#27;[0m
15:40:37.375 [Darkroom Processing Line] DEBUG net.serenitybdd.core.photography.DarkroomProcessingLine - Processing screenshot image in /var/screenshots/screenshot-1173364686266142838
15:40:37.375 [Darkroom Processing Line] DEBUG net.serenitybdd.core.photography.DarkroomProcessingLine - Saving screenshot to target\site\serenity\3262acec88447e6d02ab5ef8be1c0304cf8f37e99f10c403c3958c9027501226.png
15:40:37.390 [main] DEBUG net.thucydides.core.steps.StepInterceptor - STARTING STEP: LoginSteps.iGoToProfilPage - headerAppears
15:40:37.392 [Forwarding findElement on session 3b383b3e2a649c0d0eda4bb803ba5b50 to remote] DEBUG org.asynchttpclient.netty.request.NettyRequestSender - Using pooled Channel '[id: 0x36268949, L:/127.0.0.1:55979 - R:localhost/127.0.0.1:54181]' for 'POST' to 'http://localhost:54181/session/3b383b3e2a649c0d0eda4bb803ba5b50/element'
15:40:37.393 [Forwarding findElement on session 3b383b3e2a649c0d0eda4bb803ba5b50 to remote] DEBUG org.asynchttpclient.netty.request.NettyRequestSender - Using open Channel [id: 0x36268949, L:/127.0.0.1:55979 - R:localhost/127.0.0.1:54181] for POST '/session/3b383b3e2a649c0d0eda4bb803ba5b50/element'
15:40:37.404 [AsyncHttpClient-1-2] DEBUG org.asynchttpclient.netty.handler.HttpHandler - 

Request DefaultHttpRequest(decodeResult: success, version: HTTP/1.1)
POST /session/3b383b3e2a649c0d0eda4bb803ba5b50/element HTTP/1.1
User-Agent: selenium/4.1.2 (java windows)
Content-Length: 102
Content-Type: application/json; charset=utf-8
host: localhost:54181
accept: */*

Response DefaultHttpResponse(decodeResult: success, version: HTTP/1.1)
HTTP/1.1 200 OK
Content-Type: application/json; charset=utf-8
cache-control: no-cache
content-length: 88

15:40:37.405 [AsyncHttpClient-1-2] DEBUG org.asynchttpclient.netty.channel.ChannelManager - Adding key: http://localhost:54181 for channel [id: 0x36268949, L:/127.0.0.1:55979 - R:localhost/127.0.0.1:54181]
15:40:37.412 [Forwarding isElementDisplayed on session 3b383b3e2a649c0d0eda4bb803ba5b50 to remote] DEBUG org.asynchttpclient.netty.request.NettyRequestSender - Using pooled Channel '[id: 0x36268949, L:/127.0.0.1:55979 - R:localhost/127.0.0.1:54181]' for 'POST' to 'http://localhost:54181/session/3b383b3e2a649c0d0eda4bb803ba5b50/execute/sync'
15:40:37.412 [Forwarding isElementDisplayed on session 3b383b3e2a649c0d0eda4bb803ba5b50 to remote] DEBUG org.asynchttpclient.netty.request.NettyRequestSender - Using open Channel [id: 0x36268949, L:/127.0.0.1:55979 - R:localhost/127.0.0.1:54181] for POST '/session/3b383b3e2a649c0d0eda4bb803ba5b50/execute/sync'
15:40:37.432 [AsyncHttpClient-1-2] DEBUG org.asynchttpclient.netty.handler.HttpHandler - 

Request DefaultHttpRequest(decodeResult: success, version: HTTP/1.1)
POST /session/3b383b3e2a649c0d0eda4bb803ba5b50/execute/sync HTTP/1.1
User-Agent: selenium/4.1.2 (java windows)
Content-Length: 48780
Content-Type: application/json; charset=utf-8
host: localhost:54181
accept: */*

Response DefaultHttpResponse(decodeResult: success, version: HTTP/1.1)
HTTP/1.1 200 OK
Content-Type: application/json; charset=utf-8
cache-control: no-cache
content-length: 14

15:40:37.432 [AsyncHttpClient-1-2] DEBUG org.asynchttpclient.netty.channel.ChannelManager - Adding key: http://localhost:54181 for channel [id: 0x36268949, L:/127.0.0.1:55979 - R:localhost/127.0.0.1:54181]
15:40:37.439 [Forwarding screenshot on session 3b383b3e2a649c0d0eda4bb803ba5b50 to remote] DEBUG org.asynchttpclient.netty.request.NettyRequestSender - Using pooled Channel '[id: 0x36268949, L:/127.0.0.1:55979 - R:localhost/127.0.0.1:54181]' for 'GET' to 'http://localhost:54181/session/3b383b3e2a649c0d0eda4bb803ba5b50/screenshot'
15:40:37.440 [Forwarding screenshot on session 3b383b3e2a649c0d0eda4bb803ba5b50 to remote] DEBUG org.asynchttpclient.netty.request.NettyRequestSender - Using open Channel [id: 0x36268949, L:/127.0.0.1:55979 - R:localhost/127.0.0.1:54181] for GET '/session/3b383b3e2a649c0d0eda4bb803ba5b50/screenshot'
15:40:37.610 [AsyncHttpClient-1-2] DEBUG org.asynchttpclient.netty.handler.HttpHandler - 

Request DefaultFullHttpRequest(decodeResult: success, version: HTTP/1.1, content: EmptyByteBufBE)
GET /session/3b383b3e2a649c0d0eda4bb803ba5b50/screenshot HTTP/1.1
User-Agent: selenium/4.1.2 (java windows)
Cache-Control: no-cache
Content-Type: application/json; charset=utf-8
host: localhost:54181
accept: */*

Response DefaultHttpResponse(decodeResult: success, version: HTTP/1.1)
HTTP/1.1 200 OK
Content-Type: application/json; charset=utf-8
cache-control: no-cache
content-length: 307240

15:40:37.612 [AsyncHttpClient-1-2] DEBUG org.asynchttpclient.netty.channel.ChannelManager - Adding key: http://localhost:54181 for channel [id: 0x36268949, L:/127.0.0.1:55979 - R:localhost/127.0.0.1:54181]
15:40:37.625 [main] DEBUG net.serenitybdd.core.photography.Darkroom - Send negative for processing for target\site\serenity\3262acec88447e6d02ab5ef8be1c0304cf8f37e99f10c403c3958c9027501226.png
15:40:37.625 [main] DEBUG net.thucydides.core.steps.StepInterceptor - STEP DONE: headerAppears
15:40:37.629 [main] DEBUG net.thucydides.core.steps.StepInterceptor - STARTING STEP: LoginSteps.iGoToProfilPage - headerTextEqual
15:40:37.631 [Forwarding findElement on session 3b383b3e2a649c0d0eda4bb803ba5b50 to remote] DEBUG org.asynchttpclient.netty.request.NettyRequestSender - Using pooled Channel '[id: 0x36268949, L:/127.0.0.1:55979 - R:localhost/127.0.0.1:54181]' for 'POST' to 'http://localhost:54181/session/3b383b3e2a649c0d0eda4bb803ba5b50/element'
15:40:37.632 [Forwarding findElement on session 3b383b3e2a649c0d0eda4bb803ba5b50 to remote] DEBUG org.asynchttpclient.netty.request.NettyRequestSender - Using open Channel [id: 0x36268949, L:/127.0.0.1:55979 - R:localhost/127.0.0.1:54181] for POST '/session/3b383b3e2a649c0d0eda4bb803ba5b50/element'
15:40:37.638 [AsyncHttpClient-1-2] DEBUG org.asynchttpclient.netty.handler.HttpHandler - 

Request DefaultHttpRequest(decodeResult: success, version: HTTP/1.1)
POST /session/3b383b3e2a649c0d0eda4bb803ba5b50/element HTTP/1.1
User-Agent: selenium/4.1.2 (java windows)
Content-Length: 102
Content-Type: application/json; charset=utf-8
host: localhost:54181
accept: */*

Response DefaultHttpResponse(decodeResult: success, version: HTTP/1.1)
HTTP/1.1 200 OK
Content-Type: application/json; charset=utf-8
cache-control: no-cache
content-length: 88

15:40:37.638 [AsyncHttpClient-1-2] DEBUG org.asynchttpclient.netty.channel.ChannelManager - Adding key: http://localhost:54181 for channel [id: 0x36268949, L:/127.0.0.1:55979 - R:localhost/127.0.0.1:54181]
15:40:37.639 [Forwarding getElementText on session 3b383b3e2a649c0d0eda4bb803ba5b50 to remote] DEBUG org.asynchttpclient.netty.request.NettyRequestSender - Using pooled Channel '[id: 0x36268949, L:/127.0.0.1:55979 - R:localhost/127.0.0.1:54181]' for 'GET' to 'http://localhost:54181/session/3b383b3e2a649c0d0eda4bb803ba5b50/element/48e16032-3eaf-4b08-869c-fc1a33a2de57/text'
15:40:37.639 [Forwarding getElementText on session 3b383b3e2a649c0d0eda4bb803ba5b50 to remote] DEBUG org.asynchttpclient.netty.request.NettyRequestSender - Using open Channel [id: 0x36268949, L:/127.0.0.1:55979 - R:localhost/127.0.0.1:54181] for GET '/session/3b383b3e2a649c0d0eda4bb803ba5b50/element/48e16032-3eaf-4b08-869c-fc1a33a2de57/text'
15:40:37.650 [AsyncHttpClient-1-2] DEBUG org.asynchttpclient.netty.handler.HttpHandler - 

Request DefaultFullHttpRequest(decodeResult: success, version: HTTP/1.1, content: EmptyByteBufBE)
GET /session/3b383b3e2a649c0d0eda4bb803ba5b50/element/48e16032-3eaf-4b08-869c-fc1a33a2de57/text HTTP/1.1
User-Agent: selenium/4.1.2 (java windows)
Cache-Control: no-cache
Content-Type: application/json; charset=utf-8
host: localhost:54181
accept: */*

Response DefaultHttpResponse(decodeResult: success, version: HTTP/1.1)
HTTP/1.1 200 OK
Content-Type: application/json; charset=utf-8
cache-control: no-cache
content-length: 17

15:40:37.650 [AsyncHttpClient-1-2] DEBUG org.asynchttpclient.netty.channel.ChannelManager - Adding key: http://localhost:54181 for channel [id: 0x36268949, L:/127.0.0.1:55979 - R:localhost/127.0.0.1:54181]
15:40:37.653 [main] DEBUG net.thucydides.core.steps.StepInterceptor - STEP DONE: headerTextEqual
  &amp#27;[32mThen &amp#27;[0m&amp#27;[32mI go to profil page&amp#27;[0m                                &amp#27;[90m# starter.stepdefinitions.LoginSteps.iGoToProfilPage()&amp#27;[0m
15:40:37.659 [main] INFO  - 
  _____   ___   ___   _____     ___     _     ___   ___   ___   ___  
 |_   _| | __| / __| |_   _|   | _ \   /_\   / __| / __| | __| |   \ 
   | |   | _|  \__ \   | |     |  _/  / _ \  \__ \ \__ \ | _|  | |) |
   |_|   |___| |___/   |_|     |_|   /_/ \_\ |___/ |___/ |___| |___/ 

As a user I have to be able to login in ToolsQa
----------------------------------------------------------------------
15:40:37.755 [Driver Command Executor] DEBUG org.asynchttpclient.netty.request.NettyRequestSender - Using pooled Channel '[id: 0x36268949, L:/127.0.0.1:55979 - R:localhost/127.0.0.1:54181]' for 'DELETE' to 'http://localhost:54181/session/3b383b3e2a649c0d0eda4bb803ba5b50'
15:40:37.755 [Driver Command Executor] DEBUG org.asynchttpclient.netty.request.NettyRequestSender - Using open Channel [id: 0x36268949, L:/127.0.0.1:55979 - R:localhost/127.0.0.1:54181] for DELETE '/session/3b383b3e2a649c0d0eda4bb803ba5b50'
15:40:37.757 [AsyncHttpClient-1-4] DEBUG org.asynchttpclient.netty.handler.WebSocketHandler - Channel Closed: [id: 0x7a2071b3, L:/127.0.0.1:55988 ! R:localhost/127.0.0.1:55981] with attribute NettyResponseFuture{currentRetry=5,
	isDone=1,
	isCancelled=0,
	asyncHandler=org.asynchttpclient.ws.WebSocketUpgradeHandler@46b63405,
	nettyRequest=org.asynchttpclient.netty.request.NettyRequest@2728918f,
	future=java.util.concurrent.CompletableFuture@217c78bb[Completed normally],
	uri=ws://localhost:55981/devtools/browser/7ddb8905-7160-4ebb-b662-d8da3c0e917d,
	keepAlive=true,
	redirectCount=0,
	timeoutsHolder=null,
	inAuth=0,
	touch=1648629627385}
15:40:37.757 [AsyncHttpClient-1-4] DEBUG org.asynchttpclient.netty.channel.ChannelManager - Closing Channel [id: 0x7a2071b3, L:/127.0.0.1:55988 ! R:localhost/127.0.0.1:55981] 
15:40:37.893 [AsyncHttpClient-1-3] DEBUG org.asynchttpclient.netty.handler.HttpHandler - Unexpected I/O exception on channel [id: 0x722fa9e7, L:/127.0.0.1:55987 - R:localhost/127.0.0.1:55981]
java.io.IOException: An existing connection was forcibly closed by the remote host
	at sun.nio.ch.SocketDispatcher.read0(Native Method)
	at sun.nio.ch.SocketDispatcher.read(SocketDispatcher.java:43)
	at sun.nio.ch.IOUtil.readIntoNativeBuffer(IOUtil.java:223)
	at sun.nio.ch.IOUtil.read(IOUtil.java:192)
	at sun.nio.ch.SocketChannelImpl.read(SocketChannelImpl.java:380)
	at io.netty.buffer.PooledByteBuf.setBytes(PooledByteBuf.java:258)
	at io.netty.buffer.AbstractByteBuf.writeBytes(AbstractByteBuf.java:1132)
	at io.netty.channel.socket.nio.NioSocketChannel.doReadBytes(NioSocketChannel.java:350)
	at io.netty.channel.nio.AbstractNioByteChannel$NioByteUnsafe.read(AbstractNioByteChannel.java:151)
	at io.netty.channel.nio.NioEventLoop.processSelectedKey(NioEventLoop.java:722)
	at io.netty.channel.nio.NioEventLoop.processSelectedKeysOptimized(NioEventLoop.java:658)
	at io.netty.channel.nio.NioEventLoop.processSelectedKeys(NioEventLoop.java:584)
	at io.netty.channel.nio.NioEventLoop.run(NioEventLoop.java:496)
	at io.netty.util.concurrent.SingleThreadEventExecutor$4.run(SingleThreadEventExecutor.java:986)
	at io.netty.util.internal.ThreadExecutorMap$2.run(ThreadExecutorMap.java:74)
	at io.netty.util.concurrent.FastThreadLocalRunnable.run(FastThreadLocalRunnable.java:30)
	at java.lang.Thread.run(Thread.java:748)
15:40:37.894 [AsyncHttpClient-1-3] DEBUG org.asynchttpclient.netty.channel.ChannelManager - Closing Channel [id: 0x722fa9e7, L:/127.0.0.1:55987 - R:localhost/127.0.0.1:55981] 
15:40:37.902 [AsyncHttpClient-1-3] DEBUG org.asynchttpclient.netty.handler.HttpHandler - Channel Closed: [id: 0x722fa9e7, L:/127.0.0.1:55987 ! R:localhost/127.0.0.1:55981] with attribute DISCARD
15:40:37.934 [AsyncHttpClient-1-2] DEBUG org.asynchttpclient.netty.handler.HttpHandler - 

Request DefaultFullHttpRequest(decodeResult: success, version: HTTP/1.1, content: EmptyByteBufBE)
DELETE /session/3b383b3e2a649c0d0eda4bb803ba5b50 HTTP/1.1
User-Agent: selenium/4.1.2 (java windows)
Content-Type: application/json; charset=utf-8
host: localhost:54181
accept: */*

Response DefaultHttpResponse(decodeResult: success, version: HTTP/1.1)
HTTP/1.1 200 OK
Content-Type: application/json; charset=utf-8
cache-control: no-cache
content-length: 14

15:40:37.934 [AsyncHttpClient-1-2] DEBUG org.asynchttpclient.netty.channel.ChannelManager - Adding key: http://localhost:54181 for channel [id: 0x36268949, L:/127.0.0.1:55979 - R:localhost/127.0.0.1:54181]
15:40:38.008 [AsyncHttpClient-1-2] DEBUG org.asynchttpclient.netty.handler.HttpHandler - Channel Closed: [id: 0x36268949, L:/127.0.0.1:55979 ! R:localhost/127.0.0.1:54181] with attribute DISCARD
15:40:38.402 [AsyncHttpClient-1-1] DEBUG org.asynchttpclient.netty.channel.DefaultChannelPool - Entry count for : http://localhost:54181 : 1
15:40:38.402 [AsyncHttpClient-1-1] DEBUG org.asynchttpclient.netty.channel.DefaultChannelPool - Entry count for : http://localhost:55981 : 1
15:40:38.402 [AsyncHttpClient-1-1] DEBUG org.asynchttpclient.netty.channel.DefaultChannelPool - Adding Candidate expired Channel [id: 0x36268949, L:/127.0.0.1:55979 ! R:localhost/127.0.0.1:54181] isIdleTimeoutExpired=false isRemotelyClosed=true isTtlExpired=false
15:40:38.402 [AsyncHttpClient-1-1] DEBUG org.asynchttpclient.netty.channel.DefaultChannelPool - Closing Idle Channel [id: 0x36268949, L:/127.0.0.1:55979 ! R:localhost/127.0.0.1:54181]
15:40:38.402 [AsyncHttpClient-1-1] DEBUG org.asynchttpclient.netty.channel.DefaultChannelPool - Adding Candidate expired Channel [id: 0x722fa9e7, L:/127.0.0.1:55987 ! R:localhost/127.0.0.1:55981] isIdleTimeoutExpired=false isRemotelyClosed=true isTtlExpired=false
15:40:38.402 [AsyncHttpClient-1-1] DEBUG org.asynchttpclient.netty.channel.DefaultChannelPool - Closing Idle Channel [id: 0x722fa9e7, L:/127.0.0.1:55987 ! R:localhost/127.0.0.1:55981]
15:40:38.402 [AsyncHttpClient-1-1] DEBUG org.asynchttpclient.netty.channel.DefaultChannelPool - Closed 2 connections out of 2 in 0 ms
]]></system-out>
    <system-err><![CDATA[Starting ChromeDriver 99.0.4844.51 (d537ec02474b5afe23684e7963d538896c63ac77-refs/branch-heads/4844@{#875}) on port 54181
Only local connections are allowed.
Please see https://chromedriver.chromium.org/security-considerations for suggestions on keeping ChromeDriver safe.
ChromeDriver was started successfully.
Mar 30, 2022 3:40:27 PM org.openqa.selenium.remote.ProtocolHandshake createSession
INFO: Detected dialect: W3C
Mar 30, 2022 3:40:27 PM org.openqa.selenium.devtools.CdpVersionFinder findNearestMatch
WARNING: Unable to find an exact match for CDP version 99, so returning the closest version found: 97
Mar 30, 2022 3:40:27 PM org.openqa.selenium.devtools.CdpVersionFinder findNearestMatch
INFO: Found CDP implementation for version 99 of 97
]]></system-err>
  </testcase>
  <testcase name="Failed login with invalid username" classname="Login" time="10.538">
    <system-out><![CDATA[
Scenario: Failed login with invalid username &amp#27;[90m# src/test/resources/features/Login.feature:13&amp#27;[0m
15:40:38.549 [main] INFO io.cucumber.core.plugin.SerenityReporter - Running feature from file:///D:/PERKULIAHAN/SEMESTER%202/SOAL/section20/section20/src/test/resources/features/Login.feature
15:40:38.551 [main] INFO  - 
  _____   ___   ___   _____     ___   _____     _     ___   _____   ___   ___  
 |_   _| | __| / __| |_   _|   / __| |_   _|   /_\   | _ \ |_   _| | __| |   \ 
   | |   | _|  \__ \   | |     \__ \   | |    / _ \  |   /   | |   | _|  | |) |
   |_|   |___| |___/   |_|     |___/   |_|   /_/ \_\ |_|_\   |_|   |___| |___/ 

Failed login with invalid username(login;failed-login-with-invalid-username)
--------------------------------------------------------------------------------
15:40:38.571 [main] DEBUG net.thucydides.core.steps.StepInterceptor - STARTING STEP: LoginSteps.iAmOnTheLoginPage - openUrl
15:40:38.572 [main] INFO net.serenitybdd.core.webdriver.driverproviders.ChromeDriverProvider - Using automatically driver download
15:40:38.679 [main] DEBUG io.github.bonigarcia.wdm.cache.ResolutionCache - Resolution chrome=99 in cache (valid until 16:04:02 30/03/2022 ICT)
15:40:38.689 [main] DEBUG io.github.bonigarcia.wdm.cache.ResolutionCache - Resolution chrome99=99.0.4844.51 in cache (valid until 09:13:43 31/03/2022 ICT)
15:40:38.691 [main] INFO io.github.bonigarcia.wdm.WebDriverManager - Using chromedriver 99.0.4844.51 (resolved driver for Chrome 99)
15:40:38.707 [main] DEBUG io.github.bonigarcia.wdm.WebDriverManager - Driver chromedriver 99.0.4844.51 found in cache
15:40:38.707 [main] INFO io.github.bonigarcia.wdm.WebDriverManager - Exporting webdriver.chrome.driver as C:\Users\ACER\.cache\selenium\chromedriver\win32\99.0.4844.51\chromedriver.exe
15:40:38.891 [main] DEBUG net.serenitybdd.core.webdriver.driverproviders.ProvideNewDriver - Instantiating driver
15:40:38.891 [main] DEBUG net.serenitybdd.core.webdriver.driverproviders.ProvideNewDriver - Driver capabilities: Capabilities {acceptInsecureCerts: false, base.url: https://demoqa.com/, browserName: chrome, chrome.driver: src/test/resources/webdrive..., driver: chrome, goog:chromeOptions: {args: [], extensions: []}}
15:40:39.443 [AsyncHttpClient-1-5] DEBUG org.asynchttpclient.netty.channel.NettyConnectListener - Using new Channel '[id: 0x902ce0cc, L:/127.0.0.1:62706 - R:localhost/127.0.0.1:51911]' for 'POST' to '/session'
15:40:40.099 [AsyncHttpClient-1-5] DEBUG org.asynchttpclient.netty.handler.HttpHandler - 

Request DefaultHttpRequest(decodeResult: success, version: HTTP/1.1)
POST /session HTTP/1.1
User-Agent: selenium/4.1.2 (java windows)
Content-Length: 605
Content-Type: application/json; charset=utf-8
host: localhost:51911
accept: */*

Response DefaultHttpResponse(decodeResult: success, version: HTTP/1.1)
HTTP/1.1 200 OK
Content-Type: application/json; charset=utf-8
cache-control: no-cache
content-length: 787

15:40:40.100 [AsyncHttpClient-1-5] DEBUG org.asynchttpclient.netty.channel.ChannelManager - Adding key: http://localhost:51911 for channel [id: 0x902ce0cc, L:/127.0.0.1:62706 - R:localhost/127.0.0.1:51911]
15:40:40.121 [AsyncHttpClient-1-6] DEBUG org.asynchttpclient.netty.channel.NettyConnectListener - Using new Channel '[id: 0xbdae35fa, L:/127.0.0.1:62715 - R:localhost/127.0.0.1:62707]' for 'GET' to '/json/version'
15:40:40.124 [AsyncHttpClient-1-6] DEBUG org.asynchttpclient.netty.handler.HttpHandler - 

Request DefaultFullHttpRequest(decodeResult: success, version: HTTP/1.1, content: EmptyByteBufBE)
GET /json/version HTTP/1.1
User-Agent: selenium/4.1.2 (java windows)
host: localhost:62707
accept: */*

Response DefaultHttpResponse(decodeResult: success, version: HTTP/1.1)
HTTP/1.1 200 OK
Content-Type: application/json; charset=UTF-8
content-length: 424

15:40:40.125 [AsyncHttpClient-1-6] DEBUG org.asynchttpclient.netty.channel.ChannelManager - Adding key: http://localhost:62707 for channel [id: 0xbdae35fa, L:/127.0.0.1:62715 - R:localhost/127.0.0.1:62707]
15:40:40.133 [AsyncHttpClient-1-7] DEBUG org.asynchttpclient.netty.channel.NettyConnectListener - Using new Channel '[id: 0xac3c3eb0, L:/127.0.0.1:62716 - R:localhost/127.0.0.1:62707]' for 'GET' to '/devtools/browser/704f0747-c3b3-4577-95b5-5c53fe132b08'
15:40:40.138 [AsyncHttpClient-1-7] DEBUG org.asynchttpclient.netty.handler.WebSocketHandler - 

Request DefaultFullHttpRequest(decodeResult: success, version: HTTP/1.1, content: EmptyByteBufBE)
GET /devtools/browser/704f0747-c3b3-4577-95b5-5c53fe132b08 HTTP/1.1
upgrade: websocket
connection: upgrade
sec-websocket-key: nRZh86TP+05xNy+0jRKaWQ==
sec-websocket-version: 13
origin: http://localhost:62707
host: localhost:62707
accept: */*
user-agent: AHC/2.1

Response DefaultHttpResponse(decodeResult: success, version: HTTP/1.1)
HTTP/1.1 101 WebSocket Protocol Handshake
Upgrade: WebSocket
Connection: Upgrade
Sec-WebSocket-Accept: /wdHQNdziM2ww9VqhadjQs/QU/o=

15:40:40.149 [Forwarding get on session 6204ce021397bfe0e723894938d45a91 to remote] DEBUG org.asynchttpclient.netty.request.NettyRequestSender - Using pooled Channel '[id: 0x902ce0cc, L:/127.0.0.1:62706 - R:localhost/127.0.0.1:51911]' for 'POST' to 'http://localhost:51911/session/6204ce021397bfe0e723894938d45a91/url'
15:40:40.149 [Forwarding get on session 6204ce021397bfe0e723894938d45a91 to remote] DEBUG org.asynchttpclient.netty.request.NettyRequestSender - Using open Channel [id: 0x902ce0cc, L:/127.0.0.1:62706 - R:localhost/127.0.0.1:51911] for POST '/session/6204ce021397bfe0e723894938d45a91/url'
15:40:40.604 [AsyncHttpClient-1-1] DEBUG org.asynchttpclient.netty.channel.DefaultChannelPool - Entry count for : http://localhost:62707 : 1
15:40:41.716 [AsyncHttpClient-1-1] DEBUG org.asynchttpclient.netty.channel.DefaultChannelPool - Entry count for : http://localhost:62707 : 1
15:40:42.802 [AsyncHttpClient-1-1] DEBUG org.asynchttpclient.netty.channel.DefaultChannelPool - Entry count for : http://localhost:62707 : 1
15:40:43.902 [AsyncHttpClient-1-1] DEBUG org.asynchttpclient.netty.channel.DefaultChannelPool - Entry count for : http://localhost:62707 : 1
15:40:45.007 [AsyncHttpClient-1-1] DEBUG org.asynchttpclient.netty.channel.DefaultChannelPool - Entry count for : http://localhost:62707 : 1
15:40:46.103 [AsyncHttpClient-1-1] DEBUG org.asynchttpclient.netty.channel.DefaultChannelPool - Entry count for : http://localhost:62707 : 1
15:40:46.247 [AsyncHttpClient-1-5] DEBUG org.asynchttpclient.netty.handler.HttpHandler - 

Request DefaultHttpRequest(decodeResult: success, version: HTTP/1.1)
POST /session/6204ce021397bfe0e723894938d45a91/url HTTP/1.1
User-Agent: selenium/4.1.2 (java windows)
Content-Length: 49
Content-Type: application/json; charset=utf-8
host: localhost:51911
accept: */*

Response DefaultHttpResponse(decodeResult: success, version: HTTP/1.1)
HTTP/1.1 200 OK
Content-Type: application/json; charset=utf-8
cache-control: no-cache
content-length: 14

15:40:46.247 [AsyncHttpClient-1-5] DEBUG org.asynchttpclient.netty.channel.ChannelManager - Adding key: http://localhost:51911 for channel [id: 0x902ce0cc, L:/127.0.0.1:62706 - R:localhost/127.0.0.1:51911]
15:40:46.249 [Forwarding setTimeout on session 6204ce021397bfe0e723894938d45a91 to remote] DEBUG org.asynchttpclient.netty.request.NettyRequestSender - Using pooled Channel '[id: 0x902ce0cc, L:/127.0.0.1:62706 - R:localhost/127.0.0.1:51911]' for 'POST' to 'http://localhost:51911/session/6204ce021397bfe0e723894938d45a91/timeouts'
15:40:46.249 [Forwarding setTimeout on session 6204ce021397bfe0e723894938d45a91 to remote] DEBUG org.asynchttpclient.netty.request.NettyRequestSender - Using open Channel [id: 0x902ce0cc, L:/127.0.0.1:62706 - R:localhost/127.0.0.1:51911] for POST '/session/6204ce021397bfe0e723894938d45a91/timeouts'
15:40:46.250 [AsyncHttpClient-1-5] DEBUG org.asynchttpclient.netty.handler.HttpHandler - 

Request DefaultHttpRequest(decodeResult: success, version: HTTP/1.1)
POST /session/6204ce021397bfe0e723894938d45a91/timeouts HTTP/1.1
User-Agent: selenium/4.1.2 (java windows)
Content-Length: 22
Content-Type: application/json; charset=utf-8
host: localhost:51911
accept: */*

Response DefaultHttpResponse(decodeResult: success, version: HTTP/1.1)
HTTP/1.1 200 OK
Content-Type: application/json; charset=utf-8
cache-control: no-cache
content-length: 14

15:40:46.250 [AsyncHttpClient-1-5] DEBUG org.asynchttpclient.netty.channel.ChannelManager - Adding key: http://localhost:51911 for channel [id: 0x902ce0cc, L:/127.0.0.1:62706 - R:localhost/127.0.0.1:51911]
15:40:46.254 [Forwarding getCurrentUrl on session 6204ce021397bfe0e723894938d45a91 to remote] DEBUG org.asynchttpclient.netty.request.NettyRequestSender - Using pooled Channel '[id: 0x902ce0cc, L:/127.0.0.1:62706 - R:localhost/127.0.0.1:51911]' for 'GET' to 'http://localhost:51911/session/6204ce021397bfe0e723894938d45a91/url'
15:40:46.254 [Forwarding getCurrentUrl on session 6204ce021397bfe0e723894938d45a91 to remote] DEBUG org.asynchttpclient.netty.request.NettyRequestSender - Using open Channel [id: 0x902ce0cc, L:/127.0.0.1:62706 - R:localhost/127.0.0.1:51911] for GET '/session/6204ce021397bfe0e723894938d45a91/url'
15:40:46.260 [AsyncHttpClient-1-5] DEBUG org.asynchttpclient.netty.handler.HttpHandler - 

Request DefaultFullHttpRequest(decodeResult: success, version: HTTP/1.1, content: EmptyByteBufBE)
GET /session/6204ce021397bfe0e723894938d45a91/url HTTP/1.1
User-Agent: selenium/4.1.2 (java windows)
Cache-Control: no-cache
Content-Type: application/json; charset=utf-8
host: localhost:51911
accept: */*

Response DefaultHttpResponse(decodeResult: success, version: HTTP/1.1)
HTTP/1.1 200 OK
Content-Type: application/json; charset=utf-8
cache-control: no-cache
content-length: 31

15:40:46.260 [AsyncHttpClient-1-5] DEBUG org.asynchttpclient.netty.channel.ChannelManager - Adding key: http://localhost:51911 for channel [id: 0x902ce0cc, L:/127.0.0.1:62706 - R:localhost/127.0.0.1:51911]
15:40:46.263 [Forwarding getCurrentUrl on session 6204ce021397bfe0e723894938d45a91 to remote] DEBUG org.asynchttpclient.netty.request.NettyRequestSender - Using pooled Channel '[id: 0x902ce0cc, L:/127.0.0.1:62706 - R:localhost/127.0.0.1:51911]' for 'GET' to 'http://localhost:51911/session/6204ce021397bfe0e723894938d45a91/url'
15:40:46.263 [Forwarding getCurrentUrl on session 6204ce021397bfe0e723894938d45a91 to remote] DEBUG org.asynchttpclient.netty.request.NettyRequestSender - Using open Channel [id: 0x902ce0cc, L:/127.0.0.1:62706 - R:localhost/127.0.0.1:51911] for GET '/session/6204ce021397bfe0e723894938d45a91/url'
15:40:46.267 [AsyncHttpClient-1-5] DEBUG org.asynchttpclient.netty.handler.HttpHandler - 

Request DefaultFullHttpRequest(decodeResult: success, version: HTTP/1.1, content: EmptyByteBufBE)
GET /session/6204ce021397bfe0e723894938d45a91/url HTTP/1.1
User-Agent: selenium/4.1.2 (java windows)
Cache-Control: no-cache
Content-Type: application/json; charset=utf-8
host: localhost:51911
accept: */*

Response DefaultHttpResponse(decodeResult: success, version: HTTP/1.1)
HTTP/1.1 200 OK
Content-Type: application/json; charset=utf-8
cache-control: no-cache
content-length: 31

15:40:46.267 [AsyncHttpClient-1-5] DEBUG org.asynchttpclient.netty.channel.ChannelManager - Adding key: http://localhost:51911 for channel [id: 0x902ce0cc, L:/127.0.0.1:62706 - R:localhost/127.0.0.1:51911]
15:40:46.271 [Forwarding screenshot on session 6204ce021397bfe0e723894938d45a91 to remote] DEBUG org.asynchttpclient.netty.request.NettyRequestSender - Using pooled Channel '[id: 0x902ce0cc, L:/127.0.0.1:62706 - R:localhost/127.0.0.1:51911]' for 'GET' to 'http://localhost:51911/session/6204ce021397bfe0e723894938d45a91/screenshot'
15:40:46.272 [Forwarding screenshot on session 6204ce021397bfe0e723894938d45a91 to remote] DEBUG org.asynchttpclient.netty.request.NettyRequestSender - Using open Channel [id: 0x902ce0cc, L:/127.0.0.1:62706 - R:localhost/127.0.0.1:51911] for GET '/session/6204ce021397bfe0e723894938d45a91/screenshot'
15:40:46.451 [AsyncHttpClient-1-5] DEBUG org.asynchttpclient.netty.handler.HttpHandler - 

Request DefaultFullHttpRequest(decodeResult: success, version: HTTP/1.1, content: EmptyByteBufBE)
GET /session/6204ce021397bfe0e723894938d45a91/screenshot HTTP/1.1
User-Agent: selenium/4.1.2 (java windows)
Cache-Control: no-cache
Content-Type: application/json; charset=utf-8
host: localhost:51911
accept: */*

Response DefaultHttpResponse(decodeResult: success, version: HTTP/1.1)
HTTP/1.1 200 OK
Content-Type: application/json; charset=utf-8
cache-control: no-cache
content-length: 337796

15:40:46.452 [AsyncHttpClient-1-5] DEBUG org.asynchttpclient.netty.channel.ChannelManager - Adding key: http://localhost:51911 for channel [id: 0x902ce0cc, L:/127.0.0.1:62706 - R:localhost/127.0.0.1:51911]
15:40:46.462 [main] DEBUG net.serenitybdd.core.photography.Darkroom - Send negative for processing for target\site\serenity\d650852cbb69b794dc12384449758d5102e86cc2f5d6b0c73ecb87bce06997eb.png
15:40:46.462 [main] DEBUG net.thucydides.core.steps.StepInterceptor - STEP DONE: openUrl
15:40:46.462 [Darkroom Processing Line] DEBUG net.serenitybdd.core.photography.DarkroomProcessingLine - Processing screenshot image in /var/screenshots/screenshot-3081496362748031592
15:40:46.463 [Darkroom Processing Line] DEBUG net.serenitybdd.core.photography.DarkroomProcessingLine - Saving screenshot to target\site\serenity\d650852cbb69b794dc12384449758d5102e86cc2f5d6b0c73ecb87bce06997eb.png
15:40:46.469 [main] DEBUG net.thucydides.core.steps.StepInterceptor - STARTING STEP: LoginSteps.iAmOnTheLoginPage - openBooks
15:40:46.471 [Forwarding findElement on session 6204ce021397bfe0e723894938d45a91 to remote] DEBUG org.asynchttpclient.netty.request.NettyRequestSender - Using pooled Channel '[id: 0x902ce0cc, L:/127.0.0.1:62706 - R:localhost/127.0.0.1:51911]' for 'POST' to 'http://localhost:51911/session/6204ce021397bfe0e723894938d45a91/element'
15:40:46.471 [Forwarding findElement on session 6204ce021397bfe0e723894938d45a91 to remote] DEBUG org.asynchttpclient.netty.request.NettyRequestSender - Using open Channel [id: 0x902ce0cc, L:/127.0.0.1:62706 - R:localhost/127.0.0.1:51911] for POST '/session/6204ce021397bfe0e723894938d45a91/element'
15:40:46.485 [AsyncHttpClient-1-5] DEBUG org.asynchttpclient.netty.handler.HttpHandler - 

Request DefaultHttpRequest(decodeResult: success, version: HTTP/1.1)
POST /session/6204ce021397bfe0e723894938d45a91/element HTTP/1.1
User-Agent: selenium/4.1.2 (java windows)
Content-Length: 73
Content-Type: application/json; charset=utf-8
host: localhost:51911
accept: */*

Response DefaultHttpResponse(decodeResult: success, version: HTTP/1.1)
HTTP/1.1 200 OK
Content-Type: application/json; charset=utf-8
cache-control: no-cache
content-length: 88

15:40:46.485 [AsyncHttpClient-1-5] DEBUG org.asynchttpclient.netty.channel.ChannelManager - Adding key: http://localhost:51911 for channel [id: 0x902ce0cc, L:/127.0.0.1:62706 - R:localhost/127.0.0.1:51911]
15:40:46.486 [Forwarding getElementTagName on session 6204ce021397bfe0e723894938d45a91 to remote] DEBUG org.asynchttpclient.netty.request.NettyRequestSender - Using pooled Channel '[id: 0x902ce0cc, L:/127.0.0.1:62706 - R:localhost/127.0.0.1:51911]' for 'GET' to 'http://localhost:51911/session/6204ce021397bfe0e723894938d45a91/element/dc180df3-0c4f-42f4-b289-50bb951e02af/name'
15:40:46.486 [Forwarding getElementTagName on session 6204ce021397bfe0e723894938d45a91 to remote] DEBUG org.asynchttpclient.netty.request.NettyRequestSender - Using open Channel [id: 0x902ce0cc, L:/127.0.0.1:62706 - R:localhost/127.0.0.1:51911] for GET '/session/6204ce021397bfe0e723894938d45a91/element/dc180df3-0c4f-42f4-b289-50bb951e02af/name'
15:40:46.490 [AsyncHttpClient-1-5] DEBUG org.asynchttpclient.netty.handler.HttpHandler - 

Request DefaultFullHttpRequest(decodeResult: success, version: HTTP/1.1, content: EmptyByteBufBE)
GET /session/6204ce021397bfe0e723894938d45a91/element/dc180df3-0c4f-42f4-b289-50bb951e02af/name HTTP/1.1
User-Agent: selenium/4.1.2 (java windows)
Cache-Control: no-cache
Content-Type: application/json; charset=utf-8
host: localhost:51911
accept: */*

Response DefaultHttpResponse(decodeResult: success, version: HTTP/1.1)
HTTP/1.1 200 OK
Content-Type: application/json; charset=utf-8
cache-control: no-cache
content-length: 15

15:40:46.491 [AsyncHttpClient-1-5] DEBUG org.asynchttpclient.netty.channel.ChannelManager - Adding key: http://localhost:51911 for channel [id: 0x902ce0cc, L:/127.0.0.1:62706 - R:localhost/127.0.0.1:51911]
15:40:46.492 [Forwarding getElementTagName on session 6204ce021397bfe0e723894938d45a91 to remote] DEBUG org.asynchttpclient.netty.request.NettyRequestSender - Using pooled Channel '[id: 0x902ce0cc, L:/127.0.0.1:62706 - R:localhost/127.0.0.1:51911]' for 'GET' to 'http://localhost:51911/session/6204ce021397bfe0e723894938d45a91/element/dc180df3-0c4f-42f4-b289-50bb951e02af/name'
15:40:46.492 [Forwarding getElementTagName on session 6204ce021397bfe0e723894938d45a91 to remote] DEBUG org.asynchttpclient.netty.request.NettyRequestSender - Using open Channel [id: 0x902ce0cc, L:/127.0.0.1:62706 - R:localhost/127.0.0.1:51911] for GET '/session/6204ce021397bfe0e723894938d45a91/element/dc180df3-0c4f-42f4-b289-50bb951e02af/name'
15:40:46.499 [AsyncHttpClient-1-5] DEBUG org.asynchttpclient.netty.handler.HttpHandler - 

Request DefaultFullHttpRequest(decodeResult: success, version: HTTP/1.1, content: EmptyByteBufBE)
GET /session/6204ce021397bfe0e723894938d45a91/element/dc180df3-0c4f-42f4-b289-50bb951e02af/name HTTP/1.1
User-Agent: selenium/4.1.2 (java windows)
Cache-Control: no-cache
Content-Type: application/json; charset=utf-8
host: localhost:51911
accept: */*

Response DefaultHttpResponse(decodeResult: success, version: HTTP/1.1)
HTTP/1.1 200 OK
Content-Type: application/json; charset=utf-8
cache-control: no-cache
content-length: 15

15:40:46.499 [AsyncHttpClient-1-5] DEBUG org.asynchttpclient.netty.channel.ChannelManager - Adding key: http://localhost:51911 for channel [id: 0x902ce0cc, L:/127.0.0.1:62706 - R:localhost/127.0.0.1:51911]
15:40:46.501 [Forwarding findElement on session 6204ce021397bfe0e723894938d45a91 to remote] DEBUG org.asynchttpclient.netty.request.NettyRequestSender - Using pooled Channel '[id: 0x902ce0cc, L:/127.0.0.1:62706 - R:localhost/127.0.0.1:51911]' for 'POST' to 'http://localhost:51911/session/6204ce021397bfe0e723894938d45a91/element'
15:40:46.501 [Forwarding findElement on session 6204ce021397bfe0e723894938d45a91 to remote] DEBUG org.asynchttpclient.netty.request.NettyRequestSender - Using open Channel [id: 0x902ce0cc, L:/127.0.0.1:62706 - R:localhost/127.0.0.1:51911] for POST '/session/6204ce021397bfe0e723894938d45a91/element'
15:40:46.506 [AsyncHttpClient-1-5] DEBUG org.asynchttpclient.netty.handler.HttpHandler - 

Request DefaultHttpRequest(decodeResult: success, version: HTTP/1.1)
POST /session/6204ce021397bfe0e723894938d45a91/element HTTP/1.1
User-Agent: selenium/4.1.2 (java windows)
Content-Length: 73
Content-Type: application/json; charset=utf-8
host: localhost:51911
accept: */*

Response DefaultHttpResponse(decodeResult: success, version: HTTP/1.1)
HTTP/1.1 200 OK
Content-Type: application/json; charset=utf-8
cache-control: no-cache
content-length: 88

15:40:46.506 [AsyncHttpClient-1-5] DEBUG org.asynchttpclient.netty.channel.ChannelManager - Adding key: http://localhost:51911 for channel [id: 0x902ce0cc, L:/127.0.0.1:62706 - R:localhost/127.0.0.1:51911]
15:40:46.507 [Forwarding clickElement on session 6204ce021397bfe0e723894938d45a91 to remote] DEBUG org.asynchttpclient.netty.request.NettyRequestSender - Using pooled Channel '[id: 0x902ce0cc, L:/127.0.0.1:62706 - R:localhost/127.0.0.1:51911]' for 'POST' to 'http://localhost:51911/session/6204ce021397bfe0e723894938d45a91/element/dc180df3-0c4f-42f4-b289-50bb951e02af/click'
15:40:46.507 [Forwarding clickElement on session 6204ce021397bfe0e723894938d45a91 to remote] DEBUG org.asynchttpclient.netty.request.NettyRequestSender - Using open Channel [id: 0x902ce0cc, L:/127.0.0.1:62706 - R:localhost/127.0.0.1:51911] for POST '/session/6204ce021397bfe0e723894938d45a91/element/dc180df3-0c4f-42f4-b289-50bb951e02af/click'
15:40:46.573 [AsyncHttpClient-1-5] DEBUG org.asynchttpclient.netty.handler.HttpHandler - 

Request DefaultHttpRequest(decodeResult: success, version: HTTP/1.1)
POST /session/6204ce021397bfe0e723894938d45a91/element/dc180df3-0c4f-42f4-b289-50bb951e02af/click HTTP/1.1
User-Agent: selenium/4.1.2 (java windows)
Content-Length: 50
Content-Type: application/json; charset=utf-8
host: localhost:51911
accept: */*

Response DefaultHttpResponse(decodeResult: success, version: HTTP/1.1)
HTTP/1.1 200 OK
Content-Type: application/json; charset=utf-8
cache-control: no-cache
content-length: 14

15:40:46.573 [AsyncHttpClient-1-5] DEBUG org.asynchttpclient.netty.channel.ChannelManager - Adding key: http://localhost:51911 for channel [id: 0x902ce0cc, L:/127.0.0.1:62706 - R:localhost/127.0.0.1:51911]
15:40:46.583 [Forwarding screenshot on session 6204ce021397bfe0e723894938d45a91 to remote] DEBUG org.asynchttpclient.netty.request.NettyRequestSender - Using pooled Channel '[id: 0x902ce0cc, L:/127.0.0.1:62706 - R:localhost/127.0.0.1:51911]' for 'GET' to 'http://localhost:51911/session/6204ce021397bfe0e723894938d45a91/screenshot'
15:40:46.583 [Forwarding screenshot on session 6204ce021397bfe0e723894938d45a91 to remote] DEBUG org.asynchttpclient.netty.request.NettyRequestSender - Using open Channel [id: 0x902ce0cc, L:/127.0.0.1:62706 - R:localhost/127.0.0.1:51911] for GET '/session/6204ce021397bfe0e723894938d45a91/screenshot'
15:40:46.813 [AsyncHttpClient-1-5] DEBUG org.asynchttpclient.netty.handler.HttpHandler - 

Request DefaultFullHttpRequest(decodeResult: success, version: HTTP/1.1, content: EmptyByteBufBE)
GET /session/6204ce021397bfe0e723894938d45a91/screenshot HTTP/1.1
User-Agent: selenium/4.1.2 (java windows)
Cache-Control: no-cache
Content-Type: application/json; charset=utf-8
host: localhost:51911
accept: */*

Response DefaultHttpResponse(decodeResult: success, version: HTTP/1.1)
HTTP/1.1 200 OK
Content-Type: application/json; charset=utf-8
cache-control: no-cache
content-length: 232748

15:40:46.815 [AsyncHttpClient-1-5] DEBUG org.asynchttpclient.netty.channel.ChannelManager - Adding key: http://localhost:51911 for channel [id: 0x902ce0cc, L:/127.0.0.1:62706 - R:localhost/127.0.0.1:51911]
15:40:46.832 [main] DEBUG net.serenitybdd.core.photography.Darkroom - Send negative for processing for target\site\serenity\56f33a6089a7f63dc7754cfef25d008abab27f62384aa6869cbfb1f9f8054372.png
15:40:46.832 [main] DEBUG net.thucydides.core.steps.StepInterceptor - STEP DONE: openBooks
15:40:46.832 [Darkroom Processing Line] DEBUG net.serenitybdd.core.photography.DarkroomProcessingLine - Processing screenshot image in /var/screenshots/screenshot-6599967599176233183
15:40:46.832 [Darkroom Processing Line] DEBUG net.serenitybdd.core.photography.DarkroomProcessingLine - Saving screenshot to target\site\serenity\56f33a6089a7f63dc7754cfef25d008abab27f62384aa6869cbfb1f9f8054372.png
15:40:46.839 [main] DEBUG net.thucydides.core.steps.StepInterceptor - STARTING STEP: LoginSteps.iAmOnTheLoginPage - clickLoginButton
15:40:46.845 [Forwarding findElement on session 6204ce021397bfe0e723894938d45a91 to remote] DEBUG org.asynchttpclient.netty.request.NettyRequestSender - Using pooled Channel '[id: 0x902ce0cc, L:/127.0.0.1:62706 - R:localhost/127.0.0.1:51911]' for 'POST' to 'http://localhost:51911/session/6204ce021397bfe0e723894938d45a91/element'
15:40:46.846 [Forwarding findElement on session 6204ce021397bfe0e723894938d45a91 to remote] DEBUG org.asynchttpclient.netty.request.NettyRequestSender - Using open Channel [id: 0x902ce0cc, L:/127.0.0.1:62706 - R:localhost/127.0.0.1:51911] for POST '/session/6204ce021397bfe0e723894938d45a91/element'
15:40:46.858 [AsyncHttpClient-1-5] DEBUG org.asynchttpclient.netty.handler.HttpHandler - 

Request DefaultHttpRequest(decodeResult: success, version: HTTP/1.1)
POST /session/6204ce021397bfe0e723894938d45a91/element HTTP/1.1
User-Agent: selenium/4.1.2 (java windows)
Content-Length: 50
Content-Type: application/json; charset=utf-8
host: localhost:51911
accept: */*

Response DefaultHttpResponse(decodeResult: success, version: HTTP/1.1)
HTTP/1.1 200 OK
Content-Type: application/json; charset=utf-8
cache-control: no-cache
content-length: 88

15:40:46.858 [AsyncHttpClient-1-5] DEBUG org.asynchttpclient.netty.channel.ChannelManager - Adding key: http://localhost:51911 for channel [id: 0x902ce0cc, L:/127.0.0.1:62706 - R:localhost/127.0.0.1:51911]
15:40:46.862 [Forwarding getElementTagName on session 6204ce021397bfe0e723894938d45a91 to remote] DEBUG org.asynchttpclient.netty.request.NettyRequestSender - Using pooled Channel '[id: 0x902ce0cc, L:/127.0.0.1:62706 - R:localhost/127.0.0.1:51911]' for 'GET' to 'http://localhost:51911/session/6204ce021397bfe0e723894938d45a91/element/f2218c06-e69d-4e04-8fa5-156736e44058/name'
15:40:46.862 [Forwarding getElementTagName on session 6204ce021397bfe0e723894938d45a91 to remote] DEBUG org.asynchttpclient.netty.request.NettyRequestSender - Using open Channel [id: 0x902ce0cc, L:/127.0.0.1:62706 - R:localhost/127.0.0.1:51911] for GET '/session/6204ce021397bfe0e723894938d45a91/element/f2218c06-e69d-4e04-8fa5-156736e44058/name'
15:40:46.866 [AsyncHttpClient-1-5] DEBUG org.asynchttpclient.netty.handler.HttpHandler - 

Request DefaultFullHttpRequest(decodeResult: success, version: HTTP/1.1, content: EmptyByteBufBE)
GET /session/6204ce021397bfe0e723894938d45a91/element/f2218c06-e69d-4e04-8fa5-156736e44058/name HTTP/1.1
User-Agent: selenium/4.1.2 (java windows)
Cache-Control: no-cache
Content-Type: application/json; charset=utf-8
host: localhost:51911
accept: */*

Response DefaultHttpResponse(decodeResult: success, version: HTTP/1.1)
HTTP/1.1 200 OK
Content-Type: application/json; charset=utf-8
cache-control: no-cache
content-length: 18

15:40:46.866 [AsyncHttpClient-1-5] DEBUG org.asynchttpclient.netty.channel.ChannelManager - Adding key: http://localhost:51911 for channel [id: 0x902ce0cc, L:/127.0.0.1:62706 - R:localhost/127.0.0.1:51911]
15:40:46.867 [Forwarding getElementTagName on session 6204ce021397bfe0e723894938d45a91 to remote] DEBUG org.asynchttpclient.netty.request.NettyRequestSender - Using pooled Channel '[id: 0x902ce0cc, L:/127.0.0.1:62706 - R:localhost/127.0.0.1:51911]' for 'GET' to 'http://localhost:51911/session/6204ce021397bfe0e723894938d45a91/element/f2218c06-e69d-4e04-8fa5-156736e44058/name'
15:40:46.868 [Forwarding getElementTagName on session 6204ce021397bfe0e723894938d45a91 to remote] DEBUG org.asynchttpclient.netty.request.NettyRequestSender - Using open Channel [id: 0x902ce0cc, L:/127.0.0.1:62706 - R:localhost/127.0.0.1:51911] for GET '/session/6204ce021397bfe0e723894938d45a91/element/f2218c06-e69d-4e04-8fa5-156736e44058/name'
15:40:46.870 [AsyncHttpClient-1-5] DEBUG org.asynchttpclient.netty.handler.HttpHandler - 

Request DefaultFullHttpRequest(decodeResult: success, version: HTTP/1.1, content: EmptyByteBufBE)
GET /session/6204ce021397bfe0e723894938d45a91/element/f2218c06-e69d-4e04-8fa5-156736e44058/name HTTP/1.1
User-Agent: selenium/4.1.2 (java windows)
Cache-Control: no-cache
Content-Type: application/json; charset=utf-8
host: localhost:51911
accept: */*

Response DefaultHttpResponse(decodeResult: success, version: HTTP/1.1)
HTTP/1.1 200 OK
Content-Type: application/json; charset=utf-8
cache-control: no-cache
content-length: 18

15:40:46.871 [AsyncHttpClient-1-5] DEBUG org.asynchttpclient.netty.channel.ChannelManager - Adding key: http://localhost:51911 for channel [id: 0x902ce0cc, L:/127.0.0.1:62706 - R:localhost/127.0.0.1:51911]
15:40:46.873 [Forwarding isElementEnabled on session 6204ce021397bfe0e723894938d45a91 to remote] DEBUG org.asynchttpclient.netty.request.NettyRequestSender - Using pooled Channel '[id: 0x902ce0cc, L:/127.0.0.1:62706 - R:localhost/127.0.0.1:51911]' for 'GET' to 'http://localhost:51911/session/6204ce021397bfe0e723894938d45a91/element/f2218c06-e69d-4e04-8fa5-156736e44058/enabled'
15:40:46.873 [Forwarding isElementEnabled on session 6204ce021397bfe0e723894938d45a91 to remote] DEBUG org.asynchttpclient.netty.request.NettyRequestSender - Using open Channel [id: 0x902ce0cc, L:/127.0.0.1:62706 - R:localhost/127.0.0.1:51911] for GET '/session/6204ce021397bfe0e723894938d45a91/element/f2218c06-e69d-4e04-8fa5-156736e44058/enabled'
15:40:46.882 [AsyncHttpClient-1-5] DEBUG org.asynchttpclient.netty.handler.HttpHandler - 

Request DefaultFullHttpRequest(decodeResult: success, version: HTTP/1.1, content: EmptyByteBufBE)
GET /session/6204ce021397bfe0e723894938d45a91/element/f2218c06-e69d-4e04-8fa5-156736e44058/enabled HTTP/1.1
User-Agent: selenium/4.1.2 (java windows)
Cache-Control: no-cache
Content-Type: application/json; charset=utf-8
host: localhost:51911
accept: */*

Response DefaultHttpResponse(decodeResult: success, version: HTTP/1.1)
HTTP/1.1 200 OK
Content-Type: application/json; charset=utf-8
cache-control: no-cache
content-length: 14

15:40:46.882 [AsyncHttpClient-1-5] DEBUG org.asynchttpclient.netty.channel.ChannelManager - Adding key: http://localhost:51911 for channel [id: 0x902ce0cc, L:/127.0.0.1:62706 - R:localhost/127.0.0.1:51911]
15:40:46.884 [Forwarding isElementEnabled on session 6204ce021397bfe0e723894938d45a91 to remote] DEBUG org.asynchttpclient.netty.request.NettyRequestSender - Using pooled Channel '[id: 0x902ce0cc, L:/127.0.0.1:62706 - R:localhost/127.0.0.1:51911]' for 'GET' to 'http://localhost:51911/session/6204ce021397bfe0e723894938d45a91/element/f2218c06-e69d-4e04-8fa5-156736e44058/enabled'
15:40:46.884 [Forwarding isElementEnabled on session 6204ce021397bfe0e723894938d45a91 to remote] DEBUG org.asynchttpclient.netty.request.NettyRequestSender - Using open Channel [id: 0x902ce0cc, L:/127.0.0.1:62706 - R:localhost/127.0.0.1:51911] for GET '/session/6204ce021397bfe0e723894938d45a91/element/f2218c06-e69d-4e04-8fa5-156736e44058/enabled'
15:40:46.892 [AsyncHttpClient-1-5] DEBUG org.asynchttpclient.netty.handler.HttpHandler - 

Request DefaultFullHttpRequest(decodeResult: success, version: HTTP/1.1, content: EmptyByteBufBE)
GET /session/6204ce021397bfe0e723894938d45a91/element/f2218c06-e69d-4e04-8fa5-156736e44058/enabled HTTP/1.1
User-Agent: selenium/4.1.2 (java windows)
Cache-Control: no-cache
Content-Type: application/json; charset=utf-8
host: localhost:51911
accept: */*

Response DefaultHttpResponse(decodeResult: success, version: HTTP/1.1)
HTTP/1.1 200 OK
Content-Type: application/json; charset=utf-8
cache-control: no-cache
content-length: 14

15:40:46.893 [AsyncHttpClient-1-5] DEBUG org.asynchttpclient.netty.channel.ChannelManager - Adding key: http://localhost:51911 for channel [id: 0x902ce0cc, L:/127.0.0.1:62706 - R:localhost/127.0.0.1:51911]
15:40:46.896 [Forwarding findElement on session 6204ce021397bfe0e723894938d45a91 to remote] DEBUG org.asynchttpclient.netty.request.NettyRequestSender - Using pooled Channel '[id: 0x902ce0cc, L:/127.0.0.1:62706 - R:localhost/127.0.0.1:51911]' for 'POST' to 'http://localhost:51911/session/6204ce021397bfe0e723894938d45a91/element'
15:40:46.896 [Forwarding findElement on session 6204ce021397bfe0e723894938d45a91 to remote] DEBUG org.asynchttpclient.netty.request.NettyRequestSender - Using open Channel [id: 0x902ce0cc, L:/127.0.0.1:62706 - R:localhost/127.0.0.1:51911] for POST '/session/6204ce021397bfe0e723894938d45a91/element'
15:40:46.904 [AsyncHttpClient-1-5] DEBUG org.asynchttpclient.netty.handler.HttpHandler - 

Request DefaultHttpRequest(decodeResult: success, version: HTTP/1.1)
POST /session/6204ce021397bfe0e723894938d45a91/element HTTP/1.1
User-Agent: selenium/4.1.2 (java windows)
Content-Length: 50
Content-Type: application/json; charset=utf-8
host: localhost:51911
accept: */*

Response DefaultHttpResponse(decodeResult: success, version: HTTP/1.1)
HTTP/1.1 200 OK
Content-Type: application/json; charset=utf-8
cache-control: no-cache
content-length: 88

15:40:46.905 [AsyncHttpClient-1-5] DEBUG org.asynchttpclient.netty.channel.ChannelManager - Adding key: http://localhost:51911 for channel [id: 0x902ce0cc, L:/127.0.0.1:62706 - R:localhost/127.0.0.1:51911]
15:40:46.906 [Forwarding clickElement on session 6204ce021397bfe0e723894938d45a91 to remote] DEBUG org.asynchttpclient.netty.request.NettyRequestSender - Using pooled Channel '[id: 0x902ce0cc, L:/127.0.0.1:62706 - R:localhost/127.0.0.1:51911]' for 'POST' to 'http://localhost:51911/session/6204ce021397bfe0e723894938d45a91/element/f2218c06-e69d-4e04-8fa5-156736e44058/click'
15:40:46.906 [Forwarding clickElement on session 6204ce021397bfe0e723894938d45a91 to remote] DEBUG org.asynchttpclient.netty.request.NettyRequestSender - Using open Channel [id: 0x902ce0cc, L:/127.0.0.1:62706 - R:localhost/127.0.0.1:51911] for POST '/session/6204ce021397bfe0e723894938d45a91/element/f2218c06-e69d-4e04-8fa5-156736e44058/click'
15:40:46.976 [AsyncHttpClient-1-5] DEBUG org.asynchttpclient.netty.handler.HttpHandler - 

Request DefaultHttpRequest(decodeResult: success, version: HTTP/1.1)
POST /session/6204ce021397bfe0e723894938d45a91/element/f2218c06-e69d-4e04-8fa5-156736e44058/click HTTP/1.1
User-Agent: selenium/4.1.2 (java windows)
Content-Length: 50
Content-Type: application/json; charset=utf-8
host: localhost:51911
accept: */*

Response DefaultHttpResponse(decodeResult: success, version: HTTP/1.1)
HTTP/1.1 200 OK
Content-Type: application/json; charset=utf-8
cache-control: no-cache
content-length: 14

15:40:46.976 [AsyncHttpClient-1-5] DEBUG org.asynchttpclient.netty.channel.ChannelManager - Adding key: http://localhost:51911 for channel [id: 0x902ce0cc, L:/127.0.0.1:62706 - R:localhost/127.0.0.1:51911]
15:40:46.988 [Forwarding screenshot on session 6204ce021397bfe0e723894938d45a91 to remote] DEBUG org.asynchttpclient.netty.request.NettyRequestSender - Using pooled Channel '[id: 0x902ce0cc, L:/127.0.0.1:62706 - R:localhost/127.0.0.1:51911]' for 'GET' to 'http://localhost:51911/session/6204ce021397bfe0e723894938d45a91/screenshot'
15:40:46.988 [Forwarding screenshot on session 6204ce021397bfe0e723894938d45a91 to remote] DEBUG org.asynchttpclient.netty.request.NettyRequestSender - Using open Channel [id: 0x902ce0cc, L:/127.0.0.1:62706 - R:localhost/127.0.0.1:51911] for GET '/session/6204ce021397bfe0e723894938d45a91/screenshot'
15:40:47.203 [AsyncHttpClient-1-1] DEBUG org.asynchttpclient.netty.channel.DefaultChannelPool - Entry count for : http://localhost:62707 : 1
15:40:47.206 [AsyncHttpClient-1-5] DEBUG org.asynchttpclient.netty.handler.HttpHandler - 

Request DefaultFullHttpRequest(decodeResult: success, version: HTTP/1.1, content: EmptyByteBufBE)
GET /session/6204ce021397bfe0e723894938d45a91/screenshot HTTP/1.1
User-Agent: selenium/4.1.2 (java windows)
Cache-Control: no-cache
Content-Type: application/json; charset=utf-8
host: localhost:51911
accept: */*

Response DefaultHttpResponse(decodeResult: success, version: HTTP/1.1)
HTTP/1.1 200 OK
Content-Type: application/json; charset=utf-8
cache-control: no-cache
content-length: 346800

15:40:47.209 [AsyncHttpClient-1-5] DEBUG org.asynchttpclient.netty.channel.ChannelManager - Adding key: http://localhost:51911 for channel [id: 0x902ce0cc, L:/127.0.0.1:62706 - R:localhost/127.0.0.1:51911]
15:40:47.222 [main] DEBUG net.serenitybdd.core.photography.Darkroom - Send negative for processing for target\site\serenity\a579a253b9008a00bf0f6d096aa63081840f75ddac2d29511aec74b3748168bf.png
15:40:47.223 [main] DEBUG net.thucydides.core.steps.StepInterceptor - STEP DONE: clickLoginButton
15:40:47.223 [Darkroom Processing Line] DEBUG net.serenitybdd.core.photography.DarkroomProcessingLine - Processing screenshot image in /var/screenshots/screenshot-557544744469510174
15:40:47.223 [Darkroom Processing Line] DEBUG net.serenitybdd.core.photography.DarkroomProcessingLine - Saving screenshot to target\site\serenity\a579a253b9008a00bf0f6d096aa63081840f75ddac2d29511aec74b3748168bf.png
15:40:47.232 [main] DEBUG net.thucydides.core.steps.StepInterceptor - STARTING STEP: LoginSteps.iAmOnTheLoginPage - validateOnLoginPage
15:40:47.234 [Forwarding findElement on session 6204ce021397bfe0e723894938d45a91 to remote] DEBUG org.asynchttpclient.netty.request.NettyRequestSender - Using pooled Channel '[id: 0x902ce0cc, L:/127.0.0.1:62706 - R:localhost/127.0.0.1:51911]' for 'POST' to 'http://localhost:51911/session/6204ce021397bfe0e723894938d45a91/element'
15:40:47.234 [Forwarding findElement on session 6204ce021397bfe0e723894938d45a91 to remote] DEBUG org.asynchttpclient.netty.request.NettyRequestSender - Using open Channel [id: 0x902ce0cc, L:/127.0.0.1:62706 - R:localhost/127.0.0.1:51911] for POST '/session/6204ce021397bfe0e723894938d45a91/element'
15:40:47.242 [AsyncHttpClient-1-5] DEBUG org.asynchttpclient.netty.handler.HttpHandler - 

Request DefaultHttpRequest(decodeResult: success, version: HTTP/1.1)
POST /session/6204ce021397bfe0e723894938d45a91/element HTTP/1.1
User-Agent: selenium/4.1.2 (java windows)
Content-Length: 50
Content-Type: application/json; charset=utf-8
host: localhost:51911
accept: */*

Response DefaultHttpResponse(decodeResult: success, version: HTTP/1.1)
HTTP/1.1 200 OK
Content-Type: application/json; charset=utf-8
cache-control: no-cache
content-length: 88

15:40:47.242 [AsyncHttpClient-1-5] DEBUG org.asynchttpclient.netty.channel.ChannelManager - Adding key: http://localhost:51911 for channel [id: 0x902ce0cc, L:/127.0.0.1:62706 - R:localhost/127.0.0.1:51911]
15:40:47.245 [Forwarding isElementDisplayed on session 6204ce021397bfe0e723894938d45a91 to remote] DEBUG org.asynchttpclient.netty.request.NettyRequestSender - Using pooled Channel '[id: 0x902ce0cc, L:/127.0.0.1:62706 - R:localhost/127.0.0.1:51911]' for 'POST' to 'http://localhost:51911/session/6204ce021397bfe0e723894938d45a91/execute/sync'
15:40:47.245 [Forwarding isElementDisplayed on session 6204ce021397bfe0e723894938d45a91 to remote] DEBUG org.asynchttpclient.netty.request.NettyRequestSender - Using open Channel [id: 0x902ce0cc, L:/127.0.0.1:62706 - R:localhost/127.0.0.1:51911] for POST '/session/6204ce021397bfe0e723894938d45a91/execute/sync'
15:40:47.257 [AsyncHttpClient-1-5] DEBUG org.asynchttpclient.netty.handler.HttpHandler - 

Request DefaultHttpRequest(decodeResult: success, version: HTTP/1.1)
POST /session/6204ce021397bfe0e723894938d45a91/execute/sync HTTP/1.1
User-Agent: selenium/4.1.2 (java windows)
Content-Length: 48780
Content-Type: application/json; charset=utf-8
host: localhost:51911
accept: */*

Response DefaultHttpResponse(decodeResult: success, version: HTTP/1.1)
HTTP/1.1 200 OK
Content-Type: application/json; charset=utf-8
cache-control: no-cache
content-length: 14

15:40:47.257 [AsyncHttpClient-1-5] DEBUG org.asynchttpclient.netty.channel.ChannelManager - Adding key: http://localhost:51911 for channel [id: 0x902ce0cc, L:/127.0.0.1:62706 - R:localhost/127.0.0.1:51911]
15:40:47.261 [main] DEBUG net.thucydides.core.steps.StepInterceptor - STEP DONE: validateOnLoginPage
  &amp#27;[32mGiven &amp#27;[0m&amp#27;[32mI am on the login page&amp#27;[0m               &amp#27;[90m# starter.stepdefinitions.LoginSteps.iAmOnTheLoginPage()&amp#27;[0m
15:40:47.270 [main] DEBUG net.thucydides.core.steps.StepInterceptor - STARTING STEP: LoginSteps.iInputInvalidUsername - inputPassword
15:40:47.272 [Forwarding findElement on session 6204ce021397bfe0e723894938d45a91 to remote] DEBUG org.asynchttpclient.netty.request.NettyRequestSender - Using pooled Channel '[id: 0x902ce0cc, L:/127.0.0.1:62706 - R:localhost/127.0.0.1:51911]' for 'POST' to 'http://localhost:51911/session/6204ce021397bfe0e723894938d45a91/element'
15:40:47.272 [Forwarding findElement on session 6204ce021397bfe0e723894938d45a91 to remote] DEBUG org.asynchttpclient.netty.request.NettyRequestSender - Using open Channel [id: 0x902ce0cc, L:/127.0.0.1:62706 - R:localhost/127.0.0.1:51911] for POST '/session/6204ce021397bfe0e723894938d45a91/element'
15:40:47.280 [AsyncHttpClient-1-5] DEBUG org.asynchttpclient.netty.handler.HttpHandler - 

Request DefaultHttpRequest(decodeResult: success, version: HTTP/1.1)
POST /session/6204ce021397bfe0e723894938d45a91/element HTTP/1.1
User-Agent: selenium/4.1.2 (java windows)
Content-Length: 53
Content-Type: application/json; charset=utf-8
host: localhost:51911
accept: */*

Response DefaultHttpResponse(decodeResult: success, version: HTTP/1.1)
HTTP/1.1 200 OK
Content-Type: application/json; charset=utf-8
cache-control: no-cache
content-length: 88

15:40:47.280 [AsyncHttpClient-1-5] DEBUG org.asynchttpclient.netty.channel.ChannelManager - Adding key: http://localhost:51911 for channel [id: 0x902ce0cc, L:/127.0.0.1:62706 - R:localhost/127.0.0.1:51911]
15:40:47.281 [Forwarding clearElement on session 6204ce021397bfe0e723894938d45a91 to remote] DEBUG org.asynchttpclient.netty.request.NettyRequestSender - Using pooled Channel '[id: 0x902ce0cc, L:/127.0.0.1:62706 - R:localhost/127.0.0.1:51911]' for 'POST' to 'http://localhost:51911/session/6204ce021397bfe0e723894938d45a91/element/928039c4-d750-48aa-a410-d3d698a77e43/clear'
15:40:47.281 [Forwarding clearElement on session 6204ce021397bfe0e723894938d45a91 to remote] DEBUG org.asynchttpclient.netty.request.NettyRequestSender - Using open Channel [id: 0x902ce0cc, L:/127.0.0.1:62706 - R:localhost/127.0.0.1:51911] for POST '/session/6204ce021397bfe0e723894938d45a91/element/928039c4-d750-48aa-a410-d3d698a77e43/clear'
15:40:47.306 [AsyncHttpClient-1-5] DEBUG org.asynchttpclient.netty.handler.HttpHandler - 

Request DefaultHttpRequest(decodeResult: success, version: HTTP/1.1)
POST /session/6204ce021397bfe0e723894938d45a91/element/928039c4-d750-48aa-a410-d3d698a77e43/clear HTTP/1.1
User-Agent: selenium/4.1.2 (java windows)
Content-Length: 50
Content-Type: application/json; charset=utf-8
host: localhost:51911
accept: */*

Response DefaultHttpResponse(decodeResult: success, version: HTTP/1.1)
HTTP/1.1 200 OK
Content-Type: application/json; charset=utf-8
cache-control: no-cache
content-length: 14

15:40:47.307 [AsyncHttpClient-1-5] DEBUG org.asynchttpclient.netty.channel.ChannelManager - Adding key: http://localhost:51911 for channel [id: 0x902ce0cc, L:/127.0.0.1:62706 - R:localhost/127.0.0.1:51911]
15:40:47.308 [Forwarding sendKeysToElement on session 6204ce021397bfe0e723894938d45a91 to remote] DEBUG org.asynchttpclient.netty.request.NettyRequestSender - Using pooled Channel '[id: 0x902ce0cc, L:/127.0.0.1:62706 - R:localhost/127.0.0.1:51911]' for 'POST' to 'http://localhost:51911/session/6204ce021397bfe0e723894938d45a91/element/928039c4-d750-48aa-a410-d3d698a77e43/value'
15:40:47.309 [Forwarding sendKeysToElement on session 6204ce021397bfe0e723894938d45a91 to remote] DEBUG org.asynchttpclient.netty.request.NettyRequestSender - Using open Channel [id: 0x902ce0cc, L:/127.0.0.1:62706 - R:localhost/127.0.0.1:51911] for POST '/session/6204ce021397bfe0e723894938d45a91/element/928039c4-d750-48aa-a410-d3d698a77e43/value'
15:40:47.382 [AsyncHttpClient-1-5] DEBUG org.asynchttpclient.netty.handler.HttpHandler - 

Request DefaultHttpRequest(decodeResult: success, version: HTTP/1.1)
POST /session/6204ce021397bfe0e723894938d45a91/element/928039c4-d750-48aa-a410-d3d698a77e43/value HTTP/1.1
User-Agent: selenium/4.1.2 (java windows)
Content-Length: 241
Content-Type: application/json; charset=utf-8
host: localhost:51911
accept: */*

Response DefaultHttpResponse(decodeResult: success, version: HTTP/1.1)
HTTP/1.1 200 OK
Content-Type: application/json; charset=utf-8
cache-control: no-cache
content-length: 14

15:40:47.382 [AsyncHttpClient-1-5] DEBUG org.asynchttpclient.netty.channel.ChannelManager - Adding key: http://localhost:51911 for channel [id: 0x902ce0cc, L:/127.0.0.1:62706 - R:localhost/127.0.0.1:51911]
15:40:47.386 [Forwarding screenshot on session 6204ce021397bfe0e723894938d45a91 to remote] DEBUG org.asynchttpclient.netty.request.NettyRequestSender - Using pooled Channel '[id: 0x902ce0cc, L:/127.0.0.1:62706 - R:localhost/127.0.0.1:51911]' for 'GET' to 'http://localhost:51911/session/6204ce021397bfe0e723894938d45a91/screenshot'
15:40:47.386 [Forwarding screenshot on session 6204ce021397bfe0e723894938d45a91 to remote] DEBUG org.asynchttpclient.netty.request.NettyRequestSender - Using open Channel [id: 0x902ce0cc, L:/127.0.0.1:62706 - R:localhost/127.0.0.1:51911] for GET '/session/6204ce021397bfe0e723894938d45a91/screenshot'
15:40:47.550 [AsyncHttpClient-1-5] DEBUG org.asynchttpclient.netty.handler.HttpHandler - 

Request DefaultFullHttpRequest(decodeResult: success, version: HTTP/1.1, content: EmptyByteBufBE)
GET /session/6204ce021397bfe0e723894938d45a91/screenshot HTTP/1.1
User-Agent: selenium/4.1.2 (java windows)
Cache-Control: no-cache
Content-Type: application/json; charset=utf-8
host: localhost:51911
accept: */*

Response DefaultHttpResponse(decodeResult: success, version: HTTP/1.1)
HTTP/1.1 200 OK
Content-Type: application/json; charset=utf-8
cache-control: no-cache
content-length: 344548

15:40:47.551 [AsyncHttpClient-1-5] DEBUG org.asynchttpclient.netty.channel.ChannelManager - Adding key: http://localhost:51911 for channel [id: 0x902ce0cc, L:/127.0.0.1:62706 - R:localhost/127.0.0.1:51911]
15:40:47.586 [main] DEBUG net.serenitybdd.core.photography.Darkroom - Send negative for processing for target\site\serenity\056ebb60db422823f22c992ef39b3da17f2ea50f956941f073417c72ea96a92f.png
15:40:47.586 [main] DEBUG net.thucydides.core.steps.StepInterceptor - STEP DONE: inputPassword
  &amp#27;[32mWhen &amp#27;[0m&amp#27;[32mI input invalid username&amp#27;[0m              &amp#27;[90m# starter.stepdefinitions.LoginSteps.iInputInvalidUsername()&amp#27;[0m
15:40:47.586 [Darkroom Processing Line] DEBUG net.serenitybdd.core.photography.DarkroomProcessingLine - Processing screenshot image in /var/screenshots/screenshot-5980306807274916880
15:40:47.586 [Darkroom Processing Line] DEBUG net.serenitybdd.core.photography.DarkroomProcessingLine - Saving screenshot to target\site\serenity\056ebb60db422823f22c992ef39b3da17f2ea50f956941f073417c72ea96a92f.png
15:40:47.595 [main] DEBUG net.thucydides.core.steps.StepInterceptor - STARTING STEP: LoginSteps.iInputValidPassword - inputPassword
15:40:47.597 [Forwarding findElement on session 6204ce021397bfe0e723894938d45a91 to remote] DEBUG org.asynchttpclient.netty.request.NettyRequestSender - Using pooled Channel '[id: 0x902ce0cc, L:/127.0.0.1:62706 - R:localhost/127.0.0.1:51911]' for 'POST' to 'http://localhost:51911/session/6204ce021397bfe0e723894938d45a91/element'
15:40:47.597 [Forwarding findElement on session 6204ce021397bfe0e723894938d45a91 to remote] DEBUG org.asynchttpclient.netty.request.NettyRequestSender - Using open Channel [id: 0x902ce0cc, L:/127.0.0.1:62706 - R:localhost/127.0.0.1:51911] for POST '/session/6204ce021397bfe0e723894938d45a91/element'
15:40:47.605 [AsyncHttpClient-1-5] DEBUG org.asynchttpclient.netty.handler.HttpHandler - 

Request DefaultHttpRequest(decodeResult: success, version: HTTP/1.1)
POST /session/6204ce021397bfe0e723894938d45a91/element HTTP/1.1
User-Agent: selenium/4.1.2 (java windows)
Content-Length: 53
Content-Type: application/json; charset=utf-8
host: localhost:51911
accept: */*

Response DefaultHttpResponse(decodeResult: success, version: HTTP/1.1)
HTTP/1.1 200 OK
Content-Type: application/json; charset=utf-8
cache-control: no-cache
content-length: 88

15:40:47.605 [AsyncHttpClient-1-5] DEBUG org.asynchttpclient.netty.channel.ChannelManager - Adding key: http://localhost:51911 for channel [id: 0x902ce0cc, L:/127.0.0.1:62706 - R:localhost/127.0.0.1:51911]
15:40:47.606 [Forwarding clearElement on session 6204ce021397bfe0e723894938d45a91 to remote] DEBUG org.asynchttpclient.netty.request.NettyRequestSender - Using pooled Channel '[id: 0x902ce0cc, L:/127.0.0.1:62706 - R:localhost/127.0.0.1:51911]' for 'POST' to 'http://localhost:51911/session/6204ce021397bfe0e723894938d45a91/element/928039c4-d750-48aa-a410-d3d698a77e43/clear'
15:40:47.606 [Forwarding clearElement on session 6204ce021397bfe0e723894938d45a91 to remote] DEBUG org.asynchttpclient.netty.request.NettyRequestSender - Using open Channel [id: 0x902ce0cc, L:/127.0.0.1:62706 - R:localhost/127.0.0.1:51911] for POST '/session/6204ce021397bfe0e723894938d45a91/element/928039c4-d750-48aa-a410-d3d698a77e43/clear'
15:40:47.624 [AsyncHttpClient-1-5] DEBUG org.asynchttpclient.netty.handler.HttpHandler - 

Request DefaultHttpRequest(decodeResult: success, version: HTTP/1.1)
POST /session/6204ce021397bfe0e723894938d45a91/element/928039c4-d750-48aa-a410-d3d698a77e43/clear HTTP/1.1
User-Agent: selenium/4.1.2 (java windows)
Content-Length: 50
Content-Type: application/json; charset=utf-8
host: localhost:51911
accept: */*

Response DefaultHttpResponse(decodeResult: success, version: HTTP/1.1)
HTTP/1.1 200 OK
Content-Type: application/json; charset=utf-8
cache-control: no-cache
content-length: 14

15:40:47.625 [AsyncHttpClient-1-5] DEBUG org.asynchttpclient.netty.channel.ChannelManager - Adding key: http://localhost:51911 for channel [id: 0x902ce0cc, L:/127.0.0.1:62706 - R:localhost/127.0.0.1:51911]
15:40:47.628 [Forwarding sendKeysToElement on session 6204ce021397bfe0e723894938d45a91 to remote] DEBUG org.asynchttpclient.netty.request.NettyRequestSender - Using pooled Channel '[id: 0x902ce0cc, L:/127.0.0.1:62706 - R:localhost/127.0.0.1:51911]' for 'POST' to 'http://localhost:51911/session/6204ce021397bfe0e723894938d45a91/element/928039c4-d750-48aa-a410-d3d698a77e43/value'
15:40:47.628 [Forwarding sendKeysToElement on session 6204ce021397bfe0e723894938d45a91 to remote] DEBUG org.asynchttpclient.netty.request.NettyRequestSender - Using open Channel [id: 0x902ce0cc, L:/127.0.0.1:62706 - R:localhost/127.0.0.1:51911] for POST '/session/6204ce021397bfe0e723894938d45a91/element/928039c4-d750-48aa-a410-d3d698a77e43/value'
15:40:47.678 [AsyncHttpClient-1-5] DEBUG org.asynchttpclient.netty.handler.HttpHandler - 

Request DefaultHttpRequest(decodeResult: success, version: HTTP/1.1)
POST /session/6204ce021397bfe0e723894938d45a91/element/928039c4-d750-48aa-a410-d3d698a77e43/value HTTP/1.1
User-Agent: selenium/4.1.2 (java windows)
Content-Length: 241
Content-Type: application/json; charset=utf-8
host: localhost:51911
accept: */*

Response DefaultHttpResponse(decodeResult: success, version: HTTP/1.1)
HTTP/1.1 200 OK
Content-Type: application/json; charset=utf-8
cache-control: no-cache
content-length: 14

15:40:47.678 [AsyncHttpClient-1-5] DEBUG org.asynchttpclient.netty.channel.ChannelManager - Adding key: http://localhost:51911 for channel [id: 0x902ce0cc, L:/127.0.0.1:62706 - R:localhost/127.0.0.1:51911]
15:40:47.683 [Forwarding screenshot on session 6204ce021397bfe0e723894938d45a91 to remote] DEBUG org.asynchttpclient.netty.request.NettyRequestSender - Using pooled Channel '[id: 0x902ce0cc, L:/127.0.0.1:62706 - R:localhost/127.0.0.1:51911]' for 'GET' to 'http://localhost:51911/session/6204ce021397bfe0e723894938d45a91/screenshot'
15:40:47.684 [Forwarding screenshot on session 6204ce021397bfe0e723894938d45a91 to remote] DEBUG org.asynchttpclient.netty.request.NettyRequestSender - Using open Channel [id: 0x902ce0cc, L:/127.0.0.1:62706 - R:localhost/127.0.0.1:51911] for GET '/session/6204ce021397bfe0e723894938d45a91/screenshot'
15:40:47.879 [AsyncHttpClient-1-5] DEBUG org.asynchttpclient.netty.handler.HttpHandler - 

Request DefaultFullHttpRequest(decodeResult: success, version: HTTP/1.1, content: EmptyByteBufBE)
GET /session/6204ce021397bfe0e723894938d45a91/screenshot HTTP/1.1
User-Agent: selenium/4.1.2 (java windows)
Cache-Control: no-cache
Content-Type: application/json; charset=utf-8
host: localhost:51911
accept: */*

Response DefaultHttpResponse(decodeResult: success, version: HTTP/1.1)
HTTP/1.1 200 OK
Content-Type: application/json; charset=utf-8
cache-control: no-cache
content-length: 344440

15:40:47.881 [AsyncHttpClient-1-5] DEBUG org.asynchttpclient.netty.channel.ChannelManager - Adding key: http://localhost:51911 for channel [id: 0x902ce0cc, L:/127.0.0.1:62706 - R:localhost/127.0.0.1:51911]
15:40:47.899 [main] DEBUG net.serenitybdd.core.photography.Darkroom - Send negative for processing for target\site\serenity\9da6f2fc219a29a00edad1d2cd62aed838ea060bac1c6344ee4ab84f3fdb6969.png
15:40:47.899 [main] DEBUG net.thucydides.core.steps.StepInterceptor - STEP DONE: inputPassword
15:40:47.899 [Darkroom Processing Line] DEBUG net.serenitybdd.core.photography.DarkroomProcessingLine - Processing screenshot image in /var/screenshots/screenshot-8737191349017264647
15:40:47.899 [Darkroom Processing Line] DEBUG net.serenitybdd.core.photography.DarkroomProcessingLine - Saving screenshot to target\site\serenity\9da6f2fc219a29a00edad1d2cd62aed838ea060bac1c6344ee4ab84f3fdb6969.png
  &amp#27;[32mAnd &amp#27;[0m&amp#27;[32mI input valid password&amp#27;[0m                 &amp#27;[90m# starter.stepdefinitions.LoginSteps.iInputValidPassword()&amp#27;[0m
15:40:47.913 [main] DEBUG net.thucydides.core.steps.StepInterceptor - STARTING STEP: LoginSteps.clickLoginButton - clickLoginButton
15:40:47.915 [Forwarding findElement on session 6204ce021397bfe0e723894938d45a91 to remote] DEBUG org.asynchttpclient.netty.request.NettyRequestSender - Using pooled Channel '[id: 0x902ce0cc, L:/127.0.0.1:62706 - R:localhost/127.0.0.1:51911]' for 'POST' to 'http://localhost:51911/session/6204ce021397bfe0e723894938d45a91/element'
15:40:47.915 [Forwarding findElement on session 6204ce021397bfe0e723894938d45a91 to remote] DEBUG org.asynchttpclient.netty.request.NettyRequestSender - Using open Channel [id: 0x902ce0cc, L:/127.0.0.1:62706 - R:localhost/127.0.0.1:51911] for POST '/session/6204ce021397bfe0e723894938d45a91/element'
15:40:47.921 [AsyncHttpClient-1-5] DEBUG org.asynchttpclient.netty.handler.HttpHandler - 

Request DefaultHttpRequest(decodeResult: success, version: HTTP/1.1)
POST /session/6204ce021397bfe0e723894938d45a91/element HTTP/1.1
User-Agent: selenium/4.1.2 (java windows)
Content-Length: 50
Content-Type: application/json; charset=utf-8
host: localhost:51911
accept: */*

Response DefaultHttpResponse(decodeResult: success, version: HTTP/1.1)
HTTP/1.1 200 OK
Content-Type: application/json; charset=utf-8
cache-control: no-cache
content-length: 88

15:40:47.921 [AsyncHttpClient-1-5] DEBUG org.asynchttpclient.netty.channel.ChannelManager - Adding key: http://localhost:51911 for channel [id: 0x902ce0cc, L:/127.0.0.1:62706 - R:localhost/127.0.0.1:51911]
15:40:47.922 [Forwarding getElementTagName on session 6204ce021397bfe0e723894938d45a91 to remote] DEBUG org.asynchttpclient.netty.request.NettyRequestSender - Using pooled Channel '[id: 0x902ce0cc, L:/127.0.0.1:62706 - R:localhost/127.0.0.1:51911]' for 'GET' to 'http://localhost:51911/session/6204ce021397bfe0e723894938d45a91/element/1f8f6215-eba5-43cc-b276-293488bf1075/name'
15:40:47.922 [Forwarding getElementTagName on session 6204ce021397bfe0e723894938d45a91 to remote] DEBUG org.asynchttpclient.netty.request.NettyRequestSender - Using open Channel [id: 0x902ce0cc, L:/127.0.0.1:62706 - R:localhost/127.0.0.1:51911] for GET '/session/6204ce021397bfe0e723894938d45a91/element/1f8f6215-eba5-43cc-b276-293488bf1075/name'
15:40:47.929 [AsyncHttpClient-1-5] DEBUG org.asynchttpclient.netty.handler.HttpHandler - 

Request DefaultFullHttpRequest(decodeResult: success, version: HTTP/1.1, content: EmptyByteBufBE)
GET /session/6204ce021397bfe0e723894938d45a91/element/1f8f6215-eba5-43cc-b276-293488bf1075/name HTTP/1.1
User-Agent: selenium/4.1.2 (java windows)
Cache-Control: no-cache
Content-Type: application/json; charset=utf-8
host: localhost:51911
accept: */*

Response DefaultHttpResponse(decodeResult: success, version: HTTP/1.1)
HTTP/1.1 200 OK
Content-Type: application/json; charset=utf-8
cache-control: no-cache
content-length: 18

15:40:47.929 [AsyncHttpClient-1-5] DEBUG org.asynchttpclient.netty.channel.ChannelManager - Adding key: http://localhost:51911 for channel [id: 0x902ce0cc, L:/127.0.0.1:62706 - R:localhost/127.0.0.1:51911]
15:40:47.930 [Forwarding getElementTagName on session 6204ce021397bfe0e723894938d45a91 to remote] DEBUG org.asynchttpclient.netty.request.NettyRequestSender - Using pooled Channel '[id: 0x902ce0cc, L:/127.0.0.1:62706 - R:localhost/127.0.0.1:51911]' for 'GET' to 'http://localhost:51911/session/6204ce021397bfe0e723894938d45a91/element/1f8f6215-eba5-43cc-b276-293488bf1075/name'
15:40:47.930 [Forwarding getElementTagName on session 6204ce021397bfe0e723894938d45a91 to remote] DEBUG org.asynchttpclient.netty.request.NettyRequestSender - Using open Channel [id: 0x902ce0cc, L:/127.0.0.1:62706 - R:localhost/127.0.0.1:51911] for GET '/session/6204ce021397bfe0e723894938d45a91/element/1f8f6215-eba5-43cc-b276-293488bf1075/name'
15:40:47.934 [AsyncHttpClient-1-5] DEBUG org.asynchttpclient.netty.handler.HttpHandler - 

Request DefaultFullHttpRequest(decodeResult: success, version: HTTP/1.1, content: EmptyByteBufBE)
GET /session/6204ce021397bfe0e723894938d45a91/element/1f8f6215-eba5-43cc-b276-293488bf1075/name HTTP/1.1
User-Agent: selenium/4.1.2 (java windows)
Cache-Control: no-cache
Content-Type: application/json; charset=utf-8
host: localhost:51911
accept: */*

Response DefaultHttpResponse(decodeResult: success, version: HTTP/1.1)
HTTP/1.1 200 OK
Content-Type: application/json; charset=utf-8
cache-control: no-cache
content-length: 18

15:40:47.934 [AsyncHttpClient-1-5] DEBUG org.asynchttpclient.netty.channel.ChannelManager - Adding key: http://localhost:51911 for channel [id: 0x902ce0cc, L:/127.0.0.1:62706 - R:localhost/127.0.0.1:51911]
15:40:47.936 [Forwarding isElementEnabled on session 6204ce021397bfe0e723894938d45a91 to remote] DEBUG org.asynchttpclient.netty.request.NettyRequestSender - Using pooled Channel '[id: 0x902ce0cc, L:/127.0.0.1:62706 - R:localhost/127.0.0.1:51911]' for 'GET' to 'http://localhost:51911/session/6204ce021397bfe0e723894938d45a91/element/1f8f6215-eba5-43cc-b276-293488bf1075/enabled'
15:40:47.936 [Forwarding isElementEnabled on session 6204ce021397bfe0e723894938d45a91 to remote] DEBUG org.asynchttpclient.netty.request.NettyRequestSender - Using open Channel [id: 0x902ce0cc, L:/127.0.0.1:62706 - R:localhost/127.0.0.1:51911] for GET '/session/6204ce021397bfe0e723894938d45a91/element/1f8f6215-eba5-43cc-b276-293488bf1075/enabled'
15:40:47.942 [AsyncHttpClient-1-5] DEBUG org.asynchttpclient.netty.handler.HttpHandler - 

Request DefaultFullHttpRequest(decodeResult: success, version: HTTP/1.1, content: EmptyByteBufBE)
GET /session/6204ce021397bfe0e723894938d45a91/element/1f8f6215-eba5-43cc-b276-293488bf1075/enabled HTTP/1.1
User-Agent: selenium/4.1.2 (java windows)
Cache-Control: no-cache
Content-Type: application/json; charset=utf-8
host: localhost:51911
accept: */*

Response DefaultHttpResponse(decodeResult: success, version: HTTP/1.1)
HTTP/1.1 200 OK
Content-Type: application/json; charset=utf-8
cache-control: no-cache
content-length: 14

15:40:47.942 [AsyncHttpClient-1-5] DEBUG org.asynchttpclient.netty.channel.ChannelManager - Adding key: http://localhost:51911 for channel [id: 0x902ce0cc, L:/127.0.0.1:62706 - R:localhost/127.0.0.1:51911]
15:40:47.945 [Forwarding isElementEnabled on session 6204ce021397bfe0e723894938d45a91 to remote] DEBUG org.asynchttpclient.netty.request.NettyRequestSender - Using pooled Channel '[id: 0x902ce0cc, L:/127.0.0.1:62706 - R:localhost/127.0.0.1:51911]' for 'GET' to 'http://localhost:51911/session/6204ce021397bfe0e723894938d45a91/element/1f8f6215-eba5-43cc-b276-293488bf1075/enabled'
15:40:47.945 [Forwarding isElementEnabled on session 6204ce021397bfe0e723894938d45a91 to remote] DEBUG org.asynchttpclient.netty.request.NettyRequestSender - Using open Channel [id: 0x902ce0cc, L:/127.0.0.1:62706 - R:localhost/127.0.0.1:51911] for GET '/session/6204ce021397bfe0e723894938d45a91/element/1f8f6215-eba5-43cc-b276-293488bf1075/enabled'
15:40:47.950 [AsyncHttpClient-1-5] DEBUG org.asynchttpclient.netty.handler.HttpHandler - 

Request DefaultFullHttpRequest(decodeResult: success, version: HTTP/1.1, content: EmptyByteBufBE)
GET /session/6204ce021397bfe0e723894938d45a91/element/1f8f6215-eba5-43cc-b276-293488bf1075/enabled HTTP/1.1
User-Agent: selenium/4.1.2 (java windows)
Cache-Control: no-cache
Content-Type: application/json; charset=utf-8
host: localhost:51911
accept: */*

Response DefaultHttpResponse(decodeResult: success, version: HTTP/1.1)
HTTP/1.1 200 OK
Content-Type: application/json; charset=utf-8
cache-control: no-cache
content-length: 14

15:40:47.950 [AsyncHttpClient-1-5] DEBUG org.asynchttpclient.netty.channel.ChannelManager - Adding key: http://localhost:51911 for channel [id: 0x902ce0cc, L:/127.0.0.1:62706 - R:localhost/127.0.0.1:51911]
15:40:47.951 [Forwarding findElement on session 6204ce021397bfe0e723894938d45a91 to remote] DEBUG org.asynchttpclient.netty.request.NettyRequestSender - Using pooled Channel '[id: 0x902ce0cc, L:/127.0.0.1:62706 - R:localhost/127.0.0.1:51911]' for 'POST' to 'http://localhost:51911/session/6204ce021397bfe0e723894938d45a91/element'
15:40:47.951 [Forwarding findElement on session 6204ce021397bfe0e723894938d45a91 to remote] DEBUG org.asynchttpclient.netty.request.NettyRequestSender - Using open Channel [id: 0x902ce0cc, L:/127.0.0.1:62706 - R:localhost/127.0.0.1:51911] for POST '/session/6204ce021397bfe0e723894938d45a91/element'
15:40:47.960 [AsyncHttpClient-1-5] DEBUG org.asynchttpclient.netty.handler.HttpHandler - 

Request DefaultHttpRequest(decodeResult: success, version: HTTP/1.1)
POST /session/6204ce021397bfe0e723894938d45a91/element HTTP/1.1
User-Agent: selenium/4.1.2 (java windows)
Content-Length: 50
Content-Type: application/json; charset=utf-8
host: localhost:51911
accept: */*

Response DefaultHttpResponse(decodeResult: success, version: HTTP/1.1)
HTTP/1.1 200 OK
Content-Type: application/json; charset=utf-8
cache-control: no-cache
content-length: 88

15:40:47.960 [AsyncHttpClient-1-5] DEBUG org.asynchttpclient.netty.channel.ChannelManager - Adding key: http://localhost:51911 for channel [id: 0x902ce0cc, L:/127.0.0.1:62706 - R:localhost/127.0.0.1:51911]
15:40:47.961 [Forwarding clickElement on session 6204ce021397bfe0e723894938d45a91 to remote] DEBUG org.asynchttpclient.netty.request.NettyRequestSender - Using pooled Channel '[id: 0x902ce0cc, L:/127.0.0.1:62706 - R:localhost/127.0.0.1:51911]' for 'POST' to 'http://localhost:51911/session/6204ce021397bfe0e723894938d45a91/element/1f8f6215-eba5-43cc-b276-293488bf1075/click'
15:40:47.961 [Forwarding clickElement on session 6204ce021397bfe0e723894938d45a91 to remote] DEBUG org.asynchttpclient.netty.request.NettyRequestSender - Using open Channel [id: 0x902ce0cc, L:/127.0.0.1:62706 - R:localhost/127.0.0.1:51911] for POST '/session/6204ce021397bfe0e723894938d45a91/element/1f8f6215-eba5-43cc-b276-293488bf1075/click'
15:40:47.996 [AsyncHttpClient-1-5] DEBUG org.asynchttpclient.netty.handler.HttpHandler - 

Request DefaultHttpRequest(decodeResult: success, version: HTTP/1.1)
POST /session/6204ce021397bfe0e723894938d45a91/element/1f8f6215-eba5-43cc-b276-293488bf1075/click HTTP/1.1
User-Agent: selenium/4.1.2 (java windows)
Content-Length: 50
Content-Type: application/json; charset=utf-8
host: localhost:51911
accept: */*

Response DefaultHttpResponse(decodeResult: success, version: HTTP/1.1)
HTTP/1.1 200 OK
Content-Type: application/json; charset=utf-8
cache-control: no-cache
content-length: 14

15:40:47.996 [AsyncHttpClient-1-5] DEBUG org.asynchttpclient.netty.channel.ChannelManager - Adding key: http://localhost:51911 for channel [id: 0x902ce0cc, L:/127.0.0.1:62706 - R:localhost/127.0.0.1:51911]
15:40:48.004 [Forwarding screenshot on session 6204ce021397bfe0e723894938d45a91 to remote] DEBUG org.asynchttpclient.netty.request.NettyRequestSender - Using pooled Channel '[id: 0x902ce0cc, L:/127.0.0.1:62706 - R:localhost/127.0.0.1:51911]' for 'GET' to 'http://localhost:51911/session/6204ce021397bfe0e723894938d45a91/screenshot'
15:40:48.004 [Forwarding screenshot on session 6204ce021397bfe0e723894938d45a91 to remote] DEBUG org.asynchttpclient.netty.request.NettyRequestSender - Using open Channel [id: 0x902ce0cc, L:/127.0.0.1:62706 - R:localhost/127.0.0.1:51911] for GET '/session/6204ce021397bfe0e723894938d45a91/screenshot'
15:40:48.180 [AsyncHttpClient-1-5] DEBUG org.asynchttpclient.netty.handler.HttpHandler - 

Request DefaultFullHttpRequest(decodeResult: success, version: HTTP/1.1, content: EmptyByteBufBE)
GET /session/6204ce021397bfe0e723894938d45a91/screenshot HTTP/1.1
User-Agent: selenium/4.1.2 (java windows)
Cache-Control: no-cache
Content-Type: application/json; charset=utf-8
host: localhost:51911
accept: */*

Response DefaultHttpResponse(decodeResult: success, version: HTTP/1.1)
HTTP/1.1 200 OK
Content-Type: application/json; charset=utf-8
cache-control: no-cache
content-length: 347132

15:40:48.182 [AsyncHttpClient-1-5] DEBUG org.asynchttpclient.netty.channel.ChannelManager - Adding key: http://localhost:51911 for channel [id: 0x902ce0cc, L:/127.0.0.1:62706 - R:localhost/127.0.0.1:51911]
15:40:48.193 [main] DEBUG net.serenitybdd.core.photography.Darkroom - Send negative for processing for target\site\serenity\97f1cc10fb2978ffc5181748ee2692dcc8596dc4870864a40347caf1f8e5b76b.png
15:40:48.194 [main] DEBUG net.thucydides.core.steps.StepInterceptor - STEP DONE: clickLoginButton
15:40:48.194 [Darkroom Processing Line] DEBUG net.serenitybdd.core.photography.DarkroomProcessingLine - Processing screenshot image in /var/screenshots/screenshot-3977698662062940237
15:40:48.194 [Darkroom Processing Line] DEBUG net.serenitybdd.core.photography.DarkroomProcessingLine - Saving screenshot to target\site\serenity\97f1cc10fb2978ffc5181748ee2692dcc8596dc4870864a40347caf1f8e5b76b.png
  &amp#27;[32mAnd &amp#27;[0m&amp#27;[32mclick login button&amp#27;[0m                     &amp#27;[90m# starter.stepdefinitions.LoginSteps.clickLoginButton()&amp#27;[0m
15:40:48.204 [main] DEBUG net.thucydides.core.steps.StepInterceptor - STARTING STEP: LoginSteps.stillOnTheLoginPage - headerAppears
15:40:48.206 [Forwarding findElement on session 6204ce021397bfe0e723894938d45a91 to remote] DEBUG org.asynchttpclient.netty.request.NettyRequestSender - Using pooled Channel '[id: 0x902ce0cc, L:/127.0.0.1:62706 - R:localhost/127.0.0.1:51911]' for 'POST' to 'http://localhost:51911/session/6204ce021397bfe0e723894938d45a91/element'
15:40:48.206 [Forwarding findElement on session 6204ce021397bfe0e723894938d45a91 to remote] DEBUG org.asynchttpclient.netty.request.NettyRequestSender - Using open Channel [id: 0x902ce0cc, L:/127.0.0.1:62706 - R:localhost/127.0.0.1:51911] for POST '/session/6204ce021397bfe0e723894938d45a91/element'
15:40:48.222 [AsyncHttpClient-1-5] DEBUG org.asynchttpclient.netty.handler.HttpHandler - 

Request DefaultHttpRequest(decodeResult: success, version: HTTP/1.1)
POST /session/6204ce021397bfe0e723894938d45a91/element HTTP/1.1
User-Agent: selenium/4.1.2 (java windows)
Content-Length: 102
Content-Type: application/json; charset=utf-8
host: localhost:51911
accept: */*

Response DefaultHttpResponse(decodeResult: success, version: HTTP/1.1)
HTTP/1.1 200 OK
Content-Type: application/json; charset=utf-8
cache-control: no-cache
content-length: 88

15:40:48.222 [AsyncHttpClient-1-5] DEBUG org.asynchttpclient.netty.channel.ChannelManager - Adding key: http://localhost:51911 for channel [id: 0x902ce0cc, L:/127.0.0.1:62706 - R:localhost/127.0.0.1:51911]
15:40:48.226 [Forwarding isElementDisplayed on session 6204ce021397bfe0e723894938d45a91 to remote] DEBUG org.asynchttpclient.netty.request.NettyRequestSender - Using pooled Channel '[id: 0x902ce0cc, L:/127.0.0.1:62706 - R:localhost/127.0.0.1:51911]' for 'POST' to 'http://localhost:51911/session/6204ce021397bfe0e723894938d45a91/execute/sync'
15:40:48.226 [Forwarding isElementDisplayed on session 6204ce021397bfe0e723894938d45a91 to remote] DEBUG org.asynchttpclient.netty.request.NettyRequestSender - Using open Channel [id: 0x902ce0cc, L:/127.0.0.1:62706 - R:localhost/127.0.0.1:51911] for POST '/session/6204ce021397bfe0e723894938d45a91/execute/sync'
15:40:48.238 [AsyncHttpClient-1-5] DEBUG org.asynchttpclient.netty.handler.HttpHandler - 

Request DefaultHttpRequest(decodeResult: success, version: HTTP/1.1)
POST /session/6204ce021397bfe0e723894938d45a91/execute/sync HTTP/1.1
User-Agent: selenium/4.1.2 (java windows)
Content-Length: 48780
Content-Type: application/json; charset=utf-8
host: localhost:51911
accept: */*

Response DefaultHttpResponse(decodeResult: success, version: HTTP/1.1)
HTTP/1.1 200 OK
Content-Type: application/json; charset=utf-8
cache-control: no-cache
content-length: 14

15:40:48.238 [AsyncHttpClient-1-5] DEBUG org.asynchttpclient.netty.channel.ChannelManager - Adding key: http://localhost:51911 for channel [id: 0x902ce0cc, L:/127.0.0.1:62706 - R:localhost/127.0.0.1:51911]
15:40:48.243 [main] DEBUG net.thucydides.core.steps.StepInterceptor - STEP DONE: headerAppears
15:40:48.247 [Forwarding screenshot on session 6204ce021397bfe0e723894938d45a91 to remote] DEBUG org.asynchttpclient.netty.request.NettyRequestSender - Using pooled Channel '[id: 0x902ce0cc, L:/127.0.0.1:62706 - R:localhost/127.0.0.1:51911]' for 'GET' to 'http://localhost:51911/session/6204ce021397bfe0e723894938d45a91/screenshot'
15:40:48.248 [Forwarding screenshot on session 6204ce021397bfe0e723894938d45a91 to remote] DEBUG org.asynchttpclient.netty.request.NettyRequestSender - Using open Channel [id: 0x902ce0cc, L:/127.0.0.1:62706 - R:localhost/127.0.0.1:51911] for GET '/session/6204ce021397bfe0e723894938d45a91/screenshot'
15:40:48.304 [AsyncHttpClient-1-1] DEBUG org.asynchttpclient.netty.channel.DefaultChannelPool - Entry count for : http://localhost:62707 : 1
15:40:48.390 [AsyncHttpClient-1-5] DEBUG org.asynchttpclient.netty.handler.HttpHandler - 

Request DefaultFullHttpRequest(decodeResult: success, version: HTTP/1.1, content: EmptyByteBufBE)
GET /session/6204ce021397bfe0e723894938d45a91/screenshot HTTP/1.1
User-Agent: selenium/4.1.2 (java windows)
Cache-Control: no-cache
Content-Type: application/json; charset=utf-8
host: localhost:51911
accept: */*

Response DefaultHttpResponse(decodeResult: success, version: HTTP/1.1)
HTTP/1.1 200 OK
Content-Type: application/json; charset=utf-8
cache-control: no-cache
content-length: 346900

15:40:48.391 [AsyncHttpClient-1-5] DEBUG org.asynchttpclient.netty.channel.ChannelManager - Adding key: http://localhost:51911 for channel [id: 0x902ce0cc, L:/127.0.0.1:62706 - R:localhost/127.0.0.1:51911]
15:40:48.400 [main] DEBUG net.serenitybdd.core.photography.Darkroom - Send negative for processing for target\site\serenity\97fcc4121f86e4718dc87342dbded8608f9dcb2f493f79ea18772777756a491f.png
15:40:48.400 [Darkroom Processing Line] DEBUG net.serenitybdd.core.photography.DarkroomProcessingLine - Processing screenshot image in /var/screenshots/screenshot-4359777431566671947
15:40:48.400 [Darkroom Processing Line] DEBUG net.serenitybdd.core.photography.DarkroomProcessingLine - Saving screenshot to target\site\serenity\97fcc4121f86e4718dc87342dbded8608f9dcb2f493f79ea18772777756a491f.png
15:40:48.400 [main] DEBUG net.thucydides.core.steps.StepInterceptor - STARTING STEP: LoginSteps.stillOnTheLoginPage - headerTextEqual
15:40:48.402 [Forwarding findElement on session 6204ce021397bfe0e723894938d45a91 to remote] DEBUG org.asynchttpclient.netty.request.NettyRequestSender - Using pooled Channel '[id: 0x902ce0cc, L:/127.0.0.1:62706 - R:localhost/127.0.0.1:51911]' for 'POST' to 'http://localhost:51911/session/6204ce021397bfe0e723894938d45a91/element'
15:40:48.403 [Forwarding findElement on session 6204ce021397bfe0e723894938d45a91 to remote] DEBUG org.asynchttpclient.netty.request.NettyRequestSender - Using open Channel [id: 0x902ce0cc, L:/127.0.0.1:62706 - R:localhost/127.0.0.1:51911] for POST '/session/6204ce021397bfe0e723894938d45a91/element'
15:40:48.409 [AsyncHttpClient-1-5] DEBUG org.asynchttpclient.netty.handler.HttpHandler - 

Request DefaultHttpRequest(decodeResult: success, version: HTTP/1.1)
POST /session/6204ce021397bfe0e723894938d45a91/element HTTP/1.1
User-Agent: selenium/4.1.2 (java windows)
Content-Length: 102
Content-Type: application/json; charset=utf-8
host: localhost:51911
accept: */*

Response DefaultHttpResponse(decodeResult: success, version: HTTP/1.1)
HTTP/1.1 200 OK
Content-Type: application/json; charset=utf-8
cache-control: no-cache
content-length: 88

15:40:48.409 [AsyncHttpClient-1-5] DEBUG org.asynchttpclient.netty.channel.ChannelManager - Adding key: http://localhost:51911 for channel [id: 0x902ce0cc, L:/127.0.0.1:62706 - R:localhost/127.0.0.1:51911]
15:40:48.410 [Forwarding getElementText on session 6204ce021397bfe0e723894938d45a91 to remote] DEBUG org.asynchttpclient.netty.request.NettyRequestSender - Using pooled Channel '[id: 0x902ce0cc, L:/127.0.0.1:62706 - R:localhost/127.0.0.1:51911]' for 'GET' to 'http://localhost:51911/session/6204ce021397bfe0e723894938d45a91/element/881d81a2-667e-4d64-b045-3dbc2752c9d8/text'
15:40:48.410 [Forwarding getElementText on session 6204ce021397bfe0e723894938d45a91 to remote] DEBUG org.asynchttpclient.netty.request.NettyRequestSender - Using open Channel [id: 0x902ce0cc, L:/127.0.0.1:62706 - R:localhost/127.0.0.1:51911] for GET '/session/6204ce021397bfe0e723894938d45a91/element/881d81a2-667e-4d64-b045-3dbc2752c9d8/text'
15:40:48.421 [AsyncHttpClient-1-5] DEBUG org.asynchttpclient.netty.handler.HttpHandler - 

Request DefaultFullHttpRequest(decodeResult: success, version: HTTP/1.1, content: EmptyByteBufBE)
GET /session/6204ce021397bfe0e723894938d45a91/element/881d81a2-667e-4d64-b045-3dbc2752c9d8/text HTTP/1.1
User-Agent: selenium/4.1.2 (java windows)
Cache-Control: no-cache
Content-Type: application/json; charset=utf-8
host: localhost:51911
accept: */*

Response DefaultHttpResponse(decodeResult: success, version: HTTP/1.1)
HTTP/1.1 200 OK
Content-Type: application/json; charset=utf-8
cache-control: no-cache
content-length: 17

15:40:48.422 [AsyncHttpClient-1-5] DEBUG org.asynchttpclient.netty.channel.ChannelManager - Adding key: http://localhost:51911 for channel [id: 0x902ce0cc, L:/127.0.0.1:62706 - R:localhost/127.0.0.1:51911]
15:40:48.425 [main] DEBUG net.thucydides.core.steps.StepInterceptor - STEP DONE: headerTextEqual
  &amp#27;[32mThen &amp#27;[0m&amp#27;[32mI'm still on the login page&amp#27;[0m           &amp#27;[90m# starter.stepdefinitions.LoginSteps.stillOnTheLoginPage()&amp#27;[0m
15:40:48.431 [main] INFO  - 
  _____   ___   ___   _____     ___     _     ___   ___   ___   ___  
 |_   _| | __| / __| |_   _|   | _ \   /_\   / __| / __| | __| |   \ 
   | |   | _|  \__ \   | |     |  _/  / _ \  \__ \ \__ \ | _|  | |) |
   |_|   |___| |___/   |_|     |_|   /_/ \_\ |___/ |___/ |___| |___/ 

Failed login with invalid username
----------------------------------------------------------------------
15:40:48.433 [AsyncHttpClient-1-7] DEBUG org.asynchttpclient.netty.handler.WebSocketHandler - Channel Closed: [id: 0xac3c3eb0, L:/127.0.0.1:62716 ! R:localhost/127.0.0.1:62707] with attribute NettyResponseFuture{currentRetry=5,
	isDone=1,
	isCancelled=0,
	asyncHandler=org.asynchttpclient.ws.WebSocketUpgradeHandler@4eb3ec32,
	nettyRequest=org.asynchttpclient.netty.request.NettyRequest@bb16b80,
	future=java.util.concurrent.CompletableFuture@13588c23[Completed normally],
	uri=ws://localhost:62707/devtools/browser/704f0747-c3b3-4577-95b5-5c53fe132b08,
	keepAlive=true,
	redirectCount=0,
	timeoutsHolder=null,
	inAuth=0,
	touch=1648629640140}
15:40:48.433 [AsyncHttpClient-1-7] DEBUG org.asynchttpclient.netty.channel.ChannelManager - Closing Channel [id: 0xac3c3eb0, L:/127.0.0.1:62716 ! R:localhost/127.0.0.1:62707] 
15:40:48.433 [Driver Command Executor] DEBUG org.asynchttpclient.netty.request.NettyRequestSender - Using pooled Channel '[id: 0x902ce0cc, L:/127.0.0.1:62706 - R:localhost/127.0.0.1:51911]' for 'DELETE' to 'http://localhost:51911/session/6204ce021397bfe0e723894938d45a91'
15:40:48.433 [Driver Command Executor] DEBUG org.asynchttpclient.netty.request.NettyRequestSender - Using open Channel [id: 0x902ce0cc, L:/127.0.0.1:62706 - R:localhost/127.0.0.1:51911] for DELETE '/session/6204ce021397bfe0e723894938d45a91'
15:40:48.461 [AsyncHttpClient-1-6] DEBUG org.asynchttpclient.netty.handler.HttpHandler - Unexpected I/O exception on channel [id: 0xbdae35fa, L:/127.0.0.1:62715 - R:localhost/127.0.0.1:62707]
java.io.IOException: An existing connection was forcibly closed by the remote host
	at sun.nio.ch.SocketDispatcher.read0(Native Method)
	at sun.nio.ch.SocketDispatcher.read(SocketDispatcher.java:43)
	at sun.nio.ch.IOUtil.readIntoNativeBuffer(IOUtil.java:223)
	at sun.nio.ch.IOUtil.read(IOUtil.java:192)
	at sun.nio.ch.SocketChannelImpl.read(SocketChannelImpl.java:380)
	at io.netty.buffer.PooledByteBuf.setBytes(PooledByteBuf.java:258)
	at io.netty.buffer.AbstractByteBuf.writeBytes(AbstractByteBuf.java:1132)
	at io.netty.channel.socket.nio.NioSocketChannel.doReadBytes(NioSocketChannel.java:350)
	at io.netty.channel.nio.AbstractNioByteChannel$NioByteUnsafe.read(AbstractNioByteChannel.java:151)
	at io.netty.channel.nio.NioEventLoop.processSelectedKey(NioEventLoop.java:722)
	at io.netty.channel.nio.NioEventLoop.processSelectedKeysOptimized(NioEventLoop.java:658)
	at io.netty.channel.nio.NioEventLoop.processSelectedKeys(NioEventLoop.java:584)
	at io.netty.channel.nio.NioEventLoop.run(NioEventLoop.java:496)
	at io.netty.util.concurrent.SingleThreadEventExecutor$4.run(SingleThreadEventExecutor.java:986)
	at io.netty.util.internal.ThreadExecutorMap$2.run(ThreadExecutorMap.java:74)
	at io.netty.util.concurrent.FastThreadLocalRunnable.run(FastThreadLocalRunnable.java:30)
	at java.lang.Thread.run(Thread.java:748)
15:40:48.461 [AsyncHttpClient-1-6] DEBUG org.asynchttpclient.netty.channel.ChannelManager - Closing Channel [id: 0xbdae35fa, L:/127.0.0.1:62715 - R:localhost/127.0.0.1:62707] 
15:40:48.462 [AsyncHttpClient-1-6] DEBUG org.asynchttpclient.netty.handler.HttpHandler - Channel Closed: [id: 0xbdae35fa, L:/127.0.0.1:62715 ! R:localhost/127.0.0.1:62707] with attribute DISCARD
15:40:48.480 [AsyncHttpClient-1-5] DEBUG org.asynchttpclient.netty.handler.HttpHandler - 

Request DefaultFullHttpRequest(decodeResult: success, version: HTTP/1.1, content: EmptyByteBufBE)
DELETE /session/6204ce021397bfe0e723894938d45a91 HTTP/1.1
User-Agent: selenium/4.1.2 (java windows)
Content-Type: application/json; charset=utf-8
host: localhost:51911
accept: */*

Response DefaultHttpResponse(decodeResult: success, version: HTTP/1.1)
HTTP/1.1 200 OK
Content-Type: application/json; charset=utf-8
cache-control: no-cache
content-length: 14

15:40:48.481 [AsyncHttpClient-1-5] DEBUG org.asynchttpclient.netty.channel.ChannelManager - Adding key: http://localhost:51911 for channel [id: 0x902ce0cc, L:/127.0.0.1:62706 - R:localhost/127.0.0.1:51911]
15:40:48.541 [AsyncHttpClient-1-5] DEBUG org.asynchttpclient.netty.handler.HttpHandler - Channel Closed: [id: 0x902ce0cc, L:/127.0.0.1:62706 ! R:localhost/127.0.0.1:51911] with attribute DISCARD
]]></system-out>
    <system-err><![CDATA[Starting ChromeDriver 99.0.4844.51 (d537ec02474b5afe23684e7963d538896c63ac77-refs/branch-heads/4844@{#875}) on port 51911
Only local connections are allowed.
Please see https://chromedriver.chromium.org/security-considerations for suggestions on keeping ChromeDriver safe.
ChromeDriver was started successfully.
Mar 30, 2022 3:40:40 PM org.openqa.selenium.remote.ProtocolHandshake createSession
INFO: Detected dialect: W3C
Mar 30, 2022 3:40:40 PM org.openqa.selenium.devtools.CdpVersionFinder findNearestMatch
WARNING: Unable to find an exact match for CDP version 99, so returning the closest version found: 97
Mar 30, 2022 3:40:40 PM org.openqa.selenium.devtools.CdpVersionFinder findNearestMatch
INFO: Found CDP implementation for version 99 of 97
]]></system-err>
  </testcase>
  <testcase name="Failed login with invalid password" classname="Login" time="12.131">
    <system-out><![CDATA[
Scenario: Failed login with invalid password &amp#27;[90m# src/test/resources/features/Login.feature:20&amp#27;[0m
15:40:49.088 [main] INFO io.cucumber.core.plugin.SerenityReporter - Running feature from file:///D:/PERKULIAHAN/SEMESTER%202/SOAL/section20/section20/src/test/resources/features/Login.feature
15:40:49.089 [main] INFO  - 
  _____   ___   ___   _____     ___   _____     _     ___   _____   ___   ___  
 |_   _| | __| / __| |_   _|   / __| |_   _|   /_\   | _ \ |_   _| | __| |   \ 
   | |   | _|  \__ \   | |     \__ \   | |    / _ \  |   /   | |   | _|  | |) |
   |_|   |___| |___/   |_|     |___/   |_|   /_/ \_\ |_|_\   |_|   |___| |___/ 

Failed login with invalid password(login;failed-login-with-invalid-password)
--------------------------------------------------------------------------------
15:40:49.105 [main] DEBUG net.thucydides.core.steps.StepInterceptor - STARTING STEP: LoginSteps.iAmOnTheLoginPage - openUrl
15:40:49.106 [main] INFO net.serenitybdd.core.webdriver.driverproviders.ChromeDriverProvider - Using automatically driver download
15:40:49.201 [main] DEBUG io.github.bonigarcia.wdm.cache.ResolutionCache - Resolution chrome=99 in cache (valid until 16:04:02 30/03/2022 ICT)
15:40:49.204 [main] DEBUG io.github.bonigarcia.wdm.cache.ResolutionCache - Resolution chrome99=99.0.4844.51 in cache (valid until 09:13:43 31/03/2022 ICT)
15:40:49.205 [main] INFO io.github.bonigarcia.wdm.WebDriverManager - Using chromedriver 99.0.4844.51 (resolved driver for Chrome 99)
15:40:49.213 [main] DEBUG io.github.bonigarcia.wdm.WebDriverManager - Driver chromedriver 99.0.4844.51 found in cache
15:40:49.214 [main] INFO io.github.bonigarcia.wdm.WebDriverManager - Exporting webdriver.chrome.driver as C:\Users\ACER\.cache\selenium\chromedriver\win32\99.0.4844.51\chromedriver.exe
15:40:49.312 [main] DEBUG net.serenitybdd.core.webdriver.driverproviders.ProvideNewDriver - Instantiating driver
15:40:49.313 [main] DEBUG net.serenitybdd.core.webdriver.driverproviders.ProvideNewDriver - Driver capabilities: Capabilities {acceptInsecureCerts: false, base.url: https://demoqa.com/, browserName: chrome, chrome.driver: src/test/resources/webdrive..., driver: chrome, goog:chromeOptions: {args: [], extensions: []}}
15:40:49.405 [AsyncHttpClient-1-1] DEBUG org.asynchttpclient.netty.channel.DefaultChannelPool - Entry count for : http://localhost:51911 : 1
15:40:49.405 [AsyncHttpClient-1-1] DEBUG org.asynchttpclient.netty.channel.DefaultChannelPool - Entry count for : http://localhost:62707 : 1
15:40:49.405 [AsyncHttpClient-1-1] DEBUG org.asynchttpclient.netty.channel.DefaultChannelPool - Adding Candidate expired Channel [id: 0x902ce0cc, L:/127.0.0.1:62706 ! R:localhost/127.0.0.1:51911] isIdleTimeoutExpired=false isRemotelyClosed=true isTtlExpired=false
15:40:49.405 [AsyncHttpClient-1-1] DEBUG org.asynchttpclient.netty.channel.DefaultChannelPool - Closing Idle Channel [id: 0x902ce0cc, L:/127.0.0.1:62706 ! R:localhost/127.0.0.1:51911]
15:40:49.405 [AsyncHttpClient-1-1] DEBUG org.asynchttpclient.netty.channel.DefaultChannelPool - Adding Candidate expired Channel [id: 0xbdae35fa, L:/127.0.0.1:62715 ! R:localhost/127.0.0.1:62707] isIdleTimeoutExpired=false isRemotelyClosed=true isTtlExpired=false
15:40:49.405 [AsyncHttpClient-1-1] DEBUG org.asynchttpclient.netty.channel.DefaultChannelPool - Closing Idle Channel [id: 0xbdae35fa, L:/127.0.0.1:62715 ! R:localhost/127.0.0.1:62707]
15:40:49.405 [AsyncHttpClient-1-1] DEBUG org.asynchttpclient.netty.channel.DefaultChannelPool - Closed 2 connections out of 2 in 0 ms
15:40:49.857 [AsyncHttpClient-1-8] DEBUG org.asynchttpclient.netty.channel.NettyConnectListener - Using new Channel '[id: 0x474f5a08, L:/127.0.0.1:62774 - R:localhost/127.0.0.1:57946]' for 'POST' to '/session'
15:40:50.414 [AsyncHttpClient-1-8] DEBUG org.asynchttpclient.netty.handler.HttpHandler - 

Request DefaultHttpRequest(decodeResult: success, version: HTTP/1.1)
POST /session HTTP/1.1
User-Agent: selenium/4.1.2 (java windows)
Content-Length: 605
Content-Type: application/json; charset=utf-8
host: localhost:57946
accept: */*

Response DefaultHttpResponse(decodeResult: success, version: HTTP/1.1)
HTTP/1.1 200 OK
Content-Type: application/json; charset=utf-8
cache-control: no-cache
content-length: 786

15:40:50.415 [AsyncHttpClient-1-8] DEBUG org.asynchttpclient.netty.channel.ChannelManager - Adding key: http://localhost:57946 for channel [id: 0x474f5a08, L:/127.0.0.1:62774 - R:localhost/127.0.0.1:57946]
15:40:50.429 [AsyncHttpClient-1-9] DEBUG org.asynchttpclient.netty.channel.NettyConnectListener - Using new Channel '[id: 0xb39c066b, L:/127.0.0.1:62781 - R:localhost/127.0.0.1:62775]' for 'GET' to '/json/version'
15:40:50.431 [AsyncHttpClient-1-9] DEBUG org.asynchttpclient.netty.handler.HttpHandler - 

Request DefaultFullHttpRequest(decodeResult: success, version: HTTP/1.1, content: EmptyByteBufBE)
GET /json/version HTTP/1.1
User-Agent: selenium/4.1.2 (java windows)
host: localhost:62775
accept: */*

Response DefaultHttpResponse(decodeResult: success, version: HTTP/1.1)
HTTP/1.1 200 OK
Content-Type: application/json; charset=UTF-8
content-length: 424

15:40:50.431 [AsyncHttpClient-1-9] DEBUG org.asynchttpclient.netty.channel.ChannelManager - Adding key: http://localhost:62775 for channel [id: 0xb39c066b, L:/127.0.0.1:62781 - R:localhost/127.0.0.1:62775]
15:40:50.434 [AsyncHttpClient-1-10] DEBUG org.asynchttpclient.netty.channel.NettyConnectListener - Using new Channel '[id: 0x7c82869c, L:/127.0.0.1:62782 - R:localhost/127.0.0.1:62775]' for 'GET' to '/devtools/browser/463693b1-401a-4ae2-a7be-5ff761a5fdd7'
15:40:50.436 [AsyncHttpClient-1-10] DEBUG org.asynchttpclient.netty.handler.WebSocketHandler - 

Request DefaultFullHttpRequest(decodeResult: success, version: HTTP/1.1, content: EmptyByteBufBE)
GET /devtools/browser/463693b1-401a-4ae2-a7be-5ff761a5fdd7 HTTP/1.1
upgrade: websocket
connection: upgrade
sec-websocket-key: 3gAjIV3vvH1WyX/j3g31VQ==
sec-websocket-version: 13
origin: http://localhost:62775
host: localhost:62775
accept: */*
user-agent: AHC/2.1

Response DefaultHttpResponse(decodeResult: success, version: HTTP/1.1)
HTTP/1.1 101 WebSocket Protocol Handshake
Upgrade: WebSocket
Connection: Upgrade
Sec-WebSocket-Accept: dv2m5vYqsBj7RKap/eEYfXvUACU=

15:40:50.439 [Forwarding get on session 5a03715a5b8f6cc73e5404358f39ab40 to remote] DEBUG org.asynchttpclient.netty.request.NettyRequestSender - Using pooled Channel '[id: 0x474f5a08, L:/127.0.0.1:62774 - R:localhost/127.0.0.1:57946]' for 'POST' to 'http://localhost:57946/session/5a03715a5b8f6cc73e5404358f39ab40/url'
15:40:50.439 [Forwarding get on session 5a03715a5b8f6cc73e5404358f39ab40 to remote] DEBUG org.asynchttpclient.netty.request.NettyRequestSender - Using open Channel [id: 0x474f5a08, L:/127.0.0.1:62774 - R:localhost/127.0.0.1:57946] for POST '/session/5a03715a5b8f6cc73e5404358f39ab40/url'
15:40:50.503 [AsyncHttpClient-1-1] DEBUG org.asynchttpclient.netty.channel.DefaultChannelPool - Entry count for : http://localhost:62775 : 1
15:40:51.602 [AsyncHttpClient-1-1] DEBUG org.asynchttpclient.netty.channel.DefaultChannelPool - Entry count for : http://localhost:62775 : 1
15:40:52.706 [AsyncHttpClient-1-1] DEBUG org.asynchttpclient.netty.channel.DefaultChannelPool - Entry count for : http://localhost:62775 : 1
15:40:53.804 [AsyncHttpClient-1-1] DEBUG org.asynchttpclient.netty.channel.DefaultChannelPool - Entry count for : http://localhost:62775 : 1
15:40:54.917 [AsyncHttpClient-1-1] DEBUG org.asynchttpclient.netty.channel.DefaultChannelPool - Entry count for : http://localhost:62775 : 1
15:40:56.012 [AsyncHttpClient-1-1] DEBUG org.asynchttpclient.netty.channel.DefaultChannelPool - Entry count for : http://localhost:62775 : 1
15:40:57.103 [AsyncHttpClient-1-1] DEBUG org.asynchttpclient.netty.channel.DefaultChannelPool - Entry count for : http://localhost:62775 : 1
15:40:57.705 [AsyncHttpClient-1-8] DEBUG org.asynchttpclient.netty.handler.HttpHandler - 

Request DefaultHttpRequest(decodeResult: success, version: HTTP/1.1)
POST /session/5a03715a5b8f6cc73e5404358f39ab40/url HTTP/1.1
User-Agent: selenium/4.1.2 (java windows)
Content-Length: 49
Content-Type: application/json; charset=utf-8
host: localhost:57946
accept: */*

Response DefaultHttpResponse(decodeResult: success, version: HTTP/1.1)
HTTP/1.1 200 OK
Content-Type: application/json; charset=utf-8
cache-control: no-cache
content-length: 14

15:40:57.706 [AsyncHttpClient-1-8] DEBUG org.asynchttpclient.netty.channel.ChannelManager - Adding key: http://localhost:57946 for channel [id: 0x474f5a08, L:/127.0.0.1:62774 - R:localhost/127.0.0.1:57946]
15:40:57.708 [Forwarding setTimeout on session 5a03715a5b8f6cc73e5404358f39ab40 to remote] DEBUG org.asynchttpclient.netty.request.NettyRequestSender - Using pooled Channel '[id: 0x474f5a08, L:/127.0.0.1:62774 - R:localhost/127.0.0.1:57946]' for 'POST' to 'http://localhost:57946/session/5a03715a5b8f6cc73e5404358f39ab40/timeouts'
15:40:57.708 [Forwarding setTimeout on session 5a03715a5b8f6cc73e5404358f39ab40 to remote] DEBUG org.asynchttpclient.netty.request.NettyRequestSender - Using open Channel [id: 0x474f5a08, L:/127.0.0.1:62774 - R:localhost/127.0.0.1:57946] for POST '/session/5a03715a5b8f6cc73e5404358f39ab40/timeouts'
15:40:57.709 [AsyncHttpClient-1-8] DEBUG org.asynchttpclient.netty.handler.HttpHandler - 

Request DefaultHttpRequest(decodeResult: success, version: HTTP/1.1)
POST /session/5a03715a5b8f6cc73e5404358f39ab40/timeouts HTTP/1.1
User-Agent: selenium/4.1.2 (java windows)
Content-Length: 22
Content-Type: application/json; charset=utf-8
host: localhost:57946
accept: */*

Response DefaultHttpResponse(decodeResult: success, version: HTTP/1.1)
HTTP/1.1 200 OK
Content-Type: application/json; charset=utf-8
cache-control: no-cache
content-length: 14

15:40:57.709 [AsyncHttpClient-1-8] DEBUG org.asynchttpclient.netty.channel.ChannelManager - Adding key: http://localhost:57946 for channel [id: 0x474f5a08, L:/127.0.0.1:62774 - R:localhost/127.0.0.1:57946]
15:40:57.712 [Forwarding getCurrentUrl on session 5a03715a5b8f6cc73e5404358f39ab40 to remote] DEBUG org.asynchttpclient.netty.request.NettyRequestSender - Using pooled Channel '[id: 0x474f5a08, L:/127.0.0.1:62774 - R:localhost/127.0.0.1:57946]' for 'GET' to 'http://localhost:57946/session/5a03715a5b8f6cc73e5404358f39ab40/url'
15:40:57.712 [Forwarding getCurrentUrl on session 5a03715a5b8f6cc73e5404358f39ab40 to remote] DEBUG org.asynchttpclient.netty.request.NettyRequestSender - Using open Channel [id: 0x474f5a08, L:/127.0.0.1:62774 - R:localhost/127.0.0.1:57946] for GET '/session/5a03715a5b8f6cc73e5404358f39ab40/url'
15:40:57.717 [AsyncHttpClient-1-8] DEBUG org.asynchttpclient.netty.handler.HttpHandler - 

Request DefaultFullHttpRequest(decodeResult: success, version: HTTP/1.1, content: EmptyByteBufBE)
GET /session/5a03715a5b8f6cc73e5404358f39ab40/url HTTP/1.1
User-Agent: selenium/4.1.2 (java windows)
Cache-Control: no-cache
Content-Type: application/json; charset=utf-8
host: localhost:57946
accept: */*

Response DefaultHttpResponse(decodeResult: success, version: HTTP/1.1)
HTTP/1.1 200 OK
Content-Type: application/json; charset=utf-8
cache-control: no-cache
content-length: 31

15:40:57.717 [AsyncHttpClient-1-8] DEBUG org.asynchttpclient.netty.channel.ChannelManager - Adding key: http://localhost:57946 for channel [id: 0x474f5a08, L:/127.0.0.1:62774 - R:localhost/127.0.0.1:57946]
15:40:57.720 [Forwarding getCurrentUrl on session 5a03715a5b8f6cc73e5404358f39ab40 to remote] DEBUG org.asynchttpclient.netty.request.NettyRequestSender - Using pooled Channel '[id: 0x474f5a08, L:/127.0.0.1:62774 - R:localhost/127.0.0.1:57946]' for 'GET' to 'http://localhost:57946/session/5a03715a5b8f6cc73e5404358f39ab40/url'
15:40:57.720 [Forwarding getCurrentUrl on session 5a03715a5b8f6cc73e5404358f39ab40 to remote] DEBUG org.asynchttpclient.netty.request.NettyRequestSender - Using open Channel [id: 0x474f5a08, L:/127.0.0.1:62774 - R:localhost/127.0.0.1:57946] for GET '/session/5a03715a5b8f6cc73e5404358f39ab40/url'
15:40:57.725 [AsyncHttpClient-1-8] DEBUG org.asynchttpclient.netty.handler.HttpHandler - 

Request DefaultFullHttpRequest(decodeResult: success, version: HTTP/1.1, content: EmptyByteBufBE)
GET /session/5a03715a5b8f6cc73e5404358f39ab40/url HTTP/1.1
User-Agent: selenium/4.1.2 (java windows)
Cache-Control: no-cache
Content-Type: application/json; charset=utf-8
host: localhost:57946
accept: */*

Response DefaultHttpResponse(decodeResult: success, version: HTTP/1.1)
HTTP/1.1 200 OK
Content-Type: application/json; charset=utf-8
cache-control: no-cache
content-length: 31

15:40:57.725 [AsyncHttpClient-1-8] DEBUG org.asynchttpclient.netty.channel.ChannelManager - Adding key: http://localhost:57946 for channel [id: 0x474f5a08, L:/127.0.0.1:62774 - R:localhost/127.0.0.1:57946]
15:40:57.730 [Forwarding screenshot on session 5a03715a5b8f6cc73e5404358f39ab40 to remote] DEBUG org.asynchttpclient.netty.request.NettyRequestSender - Using pooled Channel '[id: 0x474f5a08, L:/127.0.0.1:62774 - R:localhost/127.0.0.1:57946]' for 'GET' to 'http://localhost:57946/session/5a03715a5b8f6cc73e5404358f39ab40/screenshot'
15:40:57.730 [Forwarding screenshot on session 5a03715a5b8f6cc73e5404358f39ab40 to remote] DEBUG org.asynchttpclient.netty.request.NettyRequestSender - Using open Channel [id: 0x474f5a08, L:/127.0.0.1:62774 - R:localhost/127.0.0.1:57946] for GET '/session/5a03715a5b8f6cc73e5404358f39ab40/screenshot'
15:40:57.947 [AsyncHttpClient-1-8] DEBUG org.asynchttpclient.netty.handler.HttpHandler - 

Request DefaultFullHttpRequest(decodeResult: success, version: HTTP/1.1, content: EmptyByteBufBE)
GET /session/5a03715a5b8f6cc73e5404358f39ab40/screenshot HTTP/1.1
User-Agent: selenium/4.1.2 (java windows)
Cache-Control: no-cache
Content-Type: application/json; charset=utf-8
host: localhost:57946
accept: */*

Response DefaultHttpResponse(decodeResult: success, version: HTTP/1.1)
HTTP/1.1 200 OK
Content-Type: application/json; charset=utf-8
cache-control: no-cache
content-length: 337784

15:40:57.949 [AsyncHttpClient-1-8] DEBUG org.asynchttpclient.netty.channel.ChannelManager - Adding key: http://localhost:57946 for channel [id: 0x474f5a08, L:/127.0.0.1:62774 - R:localhost/127.0.0.1:57946]
15:40:57.960 [main] DEBUG net.serenitybdd.core.photography.Darkroom - Send negative for processing for target\site\serenity\35ff0c87c080ac18d8181121893932f57b277f1ea51a45b873feb05c6c896471.png
15:40:57.960 [main] DEBUG net.thucydides.core.steps.StepInterceptor - STEP DONE: openUrl
15:40:57.960 [Darkroom Processing Line] DEBUG net.serenitybdd.core.photography.DarkroomProcessingLine - Processing screenshot image in /var/screenshots/screenshot-1184148377650216363
15:40:57.960 [Darkroom Processing Line] DEBUG net.serenitybdd.core.photography.DarkroomProcessingLine - Saving screenshot to target\site\serenity\35ff0c87c080ac18d8181121893932f57b277f1ea51a45b873feb05c6c896471.png
15:40:57.967 [main] DEBUG net.thucydides.core.steps.StepInterceptor - STARTING STEP: LoginSteps.iAmOnTheLoginPage - openBooks
15:40:57.970 [Forwarding findElement on session 5a03715a5b8f6cc73e5404358f39ab40 to remote] DEBUG org.asynchttpclient.netty.request.NettyRequestSender - Using pooled Channel '[id: 0x474f5a08, L:/127.0.0.1:62774 - R:localhost/127.0.0.1:57946]' for 'POST' to 'http://localhost:57946/session/5a03715a5b8f6cc73e5404358f39ab40/element'
15:40:57.970 [Forwarding findElement on session 5a03715a5b8f6cc73e5404358f39ab40 to remote] DEBUG org.asynchttpclient.netty.request.NettyRequestSender - Using open Channel [id: 0x474f5a08, L:/127.0.0.1:62774 - R:localhost/127.0.0.1:57946] for POST '/session/5a03715a5b8f6cc73e5404358f39ab40/element'
15:40:57.982 [AsyncHttpClient-1-8] DEBUG org.asynchttpclient.netty.handler.HttpHandler - 

Request DefaultHttpRequest(decodeResult: success, version: HTTP/1.1)
POST /session/5a03715a5b8f6cc73e5404358f39ab40/element HTTP/1.1
User-Agent: selenium/4.1.2 (java windows)
Content-Length: 73
Content-Type: application/json; charset=utf-8
host: localhost:57946
accept: */*

Response DefaultHttpResponse(decodeResult: success, version: HTTP/1.1)
HTTP/1.1 200 OK
Content-Type: application/json; charset=utf-8
cache-control: no-cache
content-length: 88

15:40:57.982 [AsyncHttpClient-1-8] DEBUG org.asynchttpclient.netty.channel.ChannelManager - Adding key: http://localhost:57946 for channel [id: 0x474f5a08, L:/127.0.0.1:62774 - R:localhost/127.0.0.1:57946]
15:40:57.985 [Forwarding getElementTagName on session 5a03715a5b8f6cc73e5404358f39ab40 to remote] DEBUG org.asynchttpclient.netty.request.NettyRequestSender - Using pooled Channel '[id: 0x474f5a08, L:/127.0.0.1:62774 - R:localhost/127.0.0.1:57946]' for 'GET' to 'http://localhost:57946/session/5a03715a5b8f6cc73e5404358f39ab40/element/b09d81f1-7458-4204-ac48-48b9741ac4ee/name'
15:40:57.985 [Forwarding getElementTagName on session 5a03715a5b8f6cc73e5404358f39ab40 to remote] DEBUG org.asynchttpclient.netty.request.NettyRequestSender - Using open Channel [id: 0x474f5a08, L:/127.0.0.1:62774 - R:localhost/127.0.0.1:57946] for GET '/session/5a03715a5b8f6cc73e5404358f39ab40/element/b09d81f1-7458-4204-ac48-48b9741ac4ee/name'
15:40:57.990 [AsyncHttpClient-1-8] DEBUG org.asynchttpclient.netty.handler.HttpHandler - 

Request DefaultFullHttpRequest(decodeResult: success, version: HTTP/1.1, content: EmptyByteBufBE)
GET /session/5a03715a5b8f6cc73e5404358f39ab40/element/b09d81f1-7458-4204-ac48-48b9741ac4ee/name HTTP/1.1
User-Agent: selenium/4.1.2 (java windows)
Cache-Control: no-cache
Content-Type: application/json; charset=utf-8
host: localhost:57946
accept: */*

Response DefaultHttpResponse(decodeResult: success, version: HTTP/1.1)
HTTP/1.1 200 OK
Content-Type: application/json; charset=utf-8
cache-control: no-cache
content-length: 15

15:40:57.991 [AsyncHttpClient-1-8] DEBUG org.asynchttpclient.netty.channel.ChannelManager - Adding key: http://localhost:57946 for channel [id: 0x474f5a08, L:/127.0.0.1:62774 - R:localhost/127.0.0.1:57946]
15:40:57.992 [Forwarding getElementTagName on session 5a03715a5b8f6cc73e5404358f39ab40 to remote] DEBUG org.asynchttpclient.netty.request.NettyRequestSender - Using pooled Channel '[id: 0x474f5a08, L:/127.0.0.1:62774 - R:localhost/127.0.0.1:57946]' for 'GET' to 'http://localhost:57946/session/5a03715a5b8f6cc73e5404358f39ab40/element/b09d81f1-7458-4204-ac48-48b9741ac4ee/name'
15:40:57.992 [Forwarding getElementTagName on session 5a03715a5b8f6cc73e5404358f39ab40 to remote] DEBUG org.asynchttpclient.netty.request.NettyRequestSender - Using open Channel [id: 0x474f5a08, L:/127.0.0.1:62774 - R:localhost/127.0.0.1:57946] for GET '/session/5a03715a5b8f6cc73e5404358f39ab40/element/b09d81f1-7458-4204-ac48-48b9741ac4ee/name'
15:40:57.996 [AsyncHttpClient-1-8] DEBUG org.asynchttpclient.netty.handler.HttpHandler - 

Request DefaultFullHttpRequest(decodeResult: success, version: HTTP/1.1, content: EmptyByteBufBE)
GET /session/5a03715a5b8f6cc73e5404358f39ab40/element/b09d81f1-7458-4204-ac48-48b9741ac4ee/name HTTP/1.1
User-Agent: selenium/4.1.2 (java windows)
Cache-Control: no-cache
Content-Type: application/json; charset=utf-8
host: localhost:57946
accept: */*

Response DefaultHttpResponse(decodeResult: success, version: HTTP/1.1)
HTTP/1.1 200 OK
Content-Type: application/json; charset=utf-8
cache-control: no-cache
content-length: 15

15:40:57.996 [AsyncHttpClient-1-8] DEBUG org.asynchttpclient.netty.channel.ChannelManager - Adding key: http://localhost:57946 for channel [id: 0x474f5a08, L:/127.0.0.1:62774 - R:localhost/127.0.0.1:57946]
15:40:57.998 [Forwarding findElement on session 5a03715a5b8f6cc73e5404358f39ab40 to remote] DEBUG org.asynchttpclient.netty.request.NettyRequestSender - Using pooled Channel '[id: 0x474f5a08, L:/127.0.0.1:62774 - R:localhost/127.0.0.1:57946]' for 'POST' to 'http://localhost:57946/session/5a03715a5b8f6cc73e5404358f39ab40/element'
15:40:57.998 [Forwarding findElement on session 5a03715a5b8f6cc73e5404358f39ab40 to remote] DEBUG org.asynchttpclient.netty.request.NettyRequestSender - Using open Channel [id: 0x474f5a08, L:/127.0.0.1:62774 - R:localhost/127.0.0.1:57946] for POST '/session/5a03715a5b8f6cc73e5404358f39ab40/element'
15:40:58.006 [AsyncHttpClient-1-8] DEBUG org.asynchttpclient.netty.handler.HttpHandler - 

Request DefaultHttpRequest(decodeResult: success, version: HTTP/1.1)
POST /session/5a03715a5b8f6cc73e5404358f39ab40/element HTTP/1.1
User-Agent: selenium/4.1.2 (java windows)
Content-Length: 73
Content-Type: application/json; charset=utf-8
host: localhost:57946
accept: */*

Response DefaultHttpResponse(decodeResult: success, version: HTTP/1.1)
HTTP/1.1 200 OK
Content-Type: application/json; charset=utf-8
cache-control: no-cache
content-length: 88

15:40:58.006 [AsyncHttpClient-1-8] DEBUG org.asynchttpclient.netty.channel.ChannelManager - Adding key: http://localhost:57946 for channel [id: 0x474f5a08, L:/127.0.0.1:62774 - R:localhost/127.0.0.1:57946]
15:40:58.008 [Forwarding clickElement on session 5a03715a5b8f6cc73e5404358f39ab40 to remote] DEBUG org.asynchttpclient.netty.request.NettyRequestSender - Using pooled Channel '[id: 0x474f5a08, L:/127.0.0.1:62774 - R:localhost/127.0.0.1:57946]' for 'POST' to 'http://localhost:57946/session/5a03715a5b8f6cc73e5404358f39ab40/element/b09d81f1-7458-4204-ac48-48b9741ac4ee/click'
15:40:58.009 [Forwarding clickElement on session 5a03715a5b8f6cc73e5404358f39ab40 to remote] DEBUG org.asynchttpclient.netty.request.NettyRequestSender - Using open Channel [id: 0x474f5a08, L:/127.0.0.1:62774 - R:localhost/127.0.0.1:57946] for POST '/session/5a03715a5b8f6cc73e5404358f39ab40/element/b09d81f1-7458-4204-ac48-48b9741ac4ee/click'
15:40:58.096 [AsyncHttpClient-1-8] DEBUG org.asynchttpclient.netty.handler.HttpHandler - 

Request DefaultHttpRequest(decodeResult: success, version: HTTP/1.1)
POST /session/5a03715a5b8f6cc73e5404358f39ab40/element/b09d81f1-7458-4204-ac48-48b9741ac4ee/click HTTP/1.1
User-Agent: selenium/4.1.2 (java windows)
Content-Length: 50
Content-Type: application/json; charset=utf-8
host: localhost:57946
accept: */*

Response DefaultHttpResponse(decodeResult: success, version: HTTP/1.1)
HTTP/1.1 200 OK
Content-Type: application/json; charset=utf-8
cache-control: no-cache
content-length: 14

15:40:58.096 [AsyncHttpClient-1-8] DEBUG org.asynchttpclient.netty.channel.ChannelManager - Adding key: http://localhost:57946 for channel [id: 0x474f5a08, L:/127.0.0.1:62774 - R:localhost/127.0.0.1:57946]
15:40:58.102 [Forwarding screenshot on session 5a03715a5b8f6cc73e5404358f39ab40 to remote] DEBUG org.asynchttpclient.netty.request.NettyRequestSender - Using pooled Channel '[id: 0x474f5a08, L:/127.0.0.1:62774 - R:localhost/127.0.0.1:57946]' for 'GET' to 'http://localhost:57946/session/5a03715a5b8f6cc73e5404358f39ab40/screenshot'
15:40:58.102 [Forwarding screenshot on session 5a03715a5b8f6cc73e5404358f39ab40 to remote] DEBUG org.asynchttpclient.netty.request.NettyRequestSender - Using open Channel [id: 0x474f5a08, L:/127.0.0.1:62774 - R:localhost/127.0.0.1:57946] for GET '/session/5a03715a5b8f6cc73e5404358f39ab40/screenshot'
15:40:58.202 [AsyncHttpClient-1-1] DEBUG org.asynchttpclient.netty.channel.DefaultChannelPool - Entry count for : http://localhost:62775 : 1
15:40:58.319 [AsyncHttpClient-1-8] DEBUG org.asynchttpclient.netty.handler.HttpHandler - 

Request DefaultFullHttpRequest(decodeResult: success, version: HTTP/1.1, content: EmptyByteBufBE)
GET /session/5a03715a5b8f6cc73e5404358f39ab40/screenshot HTTP/1.1
User-Agent: selenium/4.1.2 (java windows)
Cache-Control: no-cache
Content-Type: application/json; charset=utf-8
host: localhost:57946
accept: */*

Response DefaultHttpResponse(decodeResult: success, version: HTTP/1.1)
HTTP/1.1 200 OK
Content-Type: application/json; charset=utf-8
cache-control: no-cache
content-length: 227644

15:40:58.320 [AsyncHttpClient-1-8] DEBUG org.asynchttpclient.netty.channel.ChannelManager - Adding key: http://localhost:57946 for channel [id: 0x474f5a08, L:/127.0.0.1:62774 - R:localhost/127.0.0.1:57946]
15:40:58.330 [main] DEBUG net.serenitybdd.core.photography.Darkroom - Send negative for processing for target\site\serenity\041fe45af9ce92a6cb94358a6417f20b60e132a5e97b7e4f42088b43d3f62315.png
15:40:58.330 [main] DEBUG net.thucydides.core.steps.StepInterceptor - STEP DONE: openBooks
15:40:58.330 [Darkroom Processing Line] DEBUG net.serenitybdd.core.photography.DarkroomProcessingLine - Processing screenshot image in /var/screenshots/screenshot-5130321939893932987
15:40:58.330 [Darkroom Processing Line] DEBUG net.serenitybdd.core.photography.DarkroomProcessingLine - Saving screenshot to target\site\serenity\041fe45af9ce92a6cb94358a6417f20b60e132a5e97b7e4f42088b43d3f62315.png
15:40:58.342 [main] DEBUG net.thucydides.core.steps.StepInterceptor - STARTING STEP: LoginSteps.iAmOnTheLoginPage - clickLoginButton
15:40:58.353 [Forwarding findElement on session 5a03715a5b8f6cc73e5404358f39ab40 to remote] DEBUG org.asynchttpclient.netty.request.NettyRequestSender - Using pooled Channel '[id: 0x474f5a08, L:/127.0.0.1:62774 - R:localhost/127.0.0.1:57946]' for 'POST' to 'http://localhost:57946/session/5a03715a5b8f6cc73e5404358f39ab40/element'
15:40:58.354 [Forwarding findElement on session 5a03715a5b8f6cc73e5404358f39ab40 to remote] DEBUG org.asynchttpclient.netty.request.NettyRequestSender - Using open Channel [id: 0x474f5a08, L:/127.0.0.1:62774 - R:localhost/127.0.0.1:57946] for POST '/session/5a03715a5b8f6cc73e5404358f39ab40/element'
15:40:58.386 [AsyncHttpClient-1-8] DEBUG org.asynchttpclient.netty.handler.HttpHandler - 

Request DefaultHttpRequest(decodeResult: success, version: HTTP/1.1)
POST /session/5a03715a5b8f6cc73e5404358f39ab40/element HTTP/1.1
User-Agent: selenium/4.1.2 (java windows)
Content-Length: 50
Content-Type: application/json; charset=utf-8
host: localhost:57946
accept: */*

Response DefaultHttpResponse(decodeResult: success, version: HTTP/1.1)
HTTP/1.1 200 OK
Content-Type: application/json; charset=utf-8
cache-control: no-cache
content-length: 88

15:40:58.386 [AsyncHttpClient-1-8] DEBUG org.asynchttpclient.netty.channel.ChannelManager - Adding key: http://localhost:57946 for channel [id: 0x474f5a08, L:/127.0.0.1:62774 - R:localhost/127.0.0.1:57946]
15:40:58.387 [Forwarding getElementTagName on session 5a03715a5b8f6cc73e5404358f39ab40 to remote] DEBUG org.asynchttpclient.netty.request.NettyRequestSender - Using pooled Channel '[id: 0x474f5a08, L:/127.0.0.1:62774 - R:localhost/127.0.0.1:57946]' for 'GET' to 'http://localhost:57946/session/5a03715a5b8f6cc73e5404358f39ab40/element/34f930b4-90ab-42c2-aec4-6a657ecca3a3/name'
15:40:58.388 [Forwarding getElementTagName on session 5a03715a5b8f6cc73e5404358f39ab40 to remote] DEBUG org.asynchttpclient.netty.request.NettyRequestSender - Using open Channel [id: 0x474f5a08, L:/127.0.0.1:62774 - R:localhost/127.0.0.1:57946] for GET '/session/5a03715a5b8f6cc73e5404358f39ab40/element/34f930b4-90ab-42c2-aec4-6a657ecca3a3/name'
15:40:58.392 [AsyncHttpClient-1-8] DEBUG org.asynchttpclient.netty.handler.HttpHandler - 

Request DefaultFullHttpRequest(decodeResult: success, version: HTTP/1.1, content: EmptyByteBufBE)
GET /session/5a03715a5b8f6cc73e5404358f39ab40/element/34f930b4-90ab-42c2-aec4-6a657ecca3a3/name HTTP/1.1
User-Agent: selenium/4.1.2 (java windows)
Cache-Control: no-cache
Content-Type: application/json; charset=utf-8
host: localhost:57946
accept: */*

Response DefaultHttpResponse(decodeResult: success, version: HTTP/1.1)
HTTP/1.1 200 OK
Content-Type: application/json; charset=utf-8
cache-control: no-cache
content-length: 18

15:40:58.392 [AsyncHttpClient-1-8] DEBUG org.asynchttpclient.netty.channel.ChannelManager - Adding key: http://localhost:57946 for channel [id: 0x474f5a08, L:/127.0.0.1:62774 - R:localhost/127.0.0.1:57946]
15:40:58.394 [Forwarding getElementTagName on session 5a03715a5b8f6cc73e5404358f39ab40 to remote] DEBUG org.asynchttpclient.netty.request.NettyRequestSender - Using pooled Channel '[id: 0x474f5a08, L:/127.0.0.1:62774 - R:localhost/127.0.0.1:57946]' for 'GET' to 'http://localhost:57946/session/5a03715a5b8f6cc73e5404358f39ab40/element/34f930b4-90ab-42c2-aec4-6a657ecca3a3/name'
15:40:58.394 [Forwarding getElementTagName on session 5a03715a5b8f6cc73e5404358f39ab40 to remote] DEBUG org.asynchttpclient.netty.request.NettyRequestSender - Using open Channel [id: 0x474f5a08, L:/127.0.0.1:62774 - R:localhost/127.0.0.1:57946] for GET '/session/5a03715a5b8f6cc73e5404358f39ab40/element/34f930b4-90ab-42c2-aec4-6a657ecca3a3/name'
15:40:58.398 [AsyncHttpClient-1-8] DEBUG org.asynchttpclient.netty.handler.HttpHandler - 

Request DefaultFullHttpRequest(decodeResult: success, version: HTTP/1.1, content: EmptyByteBufBE)
GET /session/5a03715a5b8f6cc73e5404358f39ab40/element/34f930b4-90ab-42c2-aec4-6a657ecca3a3/name HTTP/1.1
User-Agent: selenium/4.1.2 (java windows)
Cache-Control: no-cache
Content-Type: application/json; charset=utf-8
host: localhost:57946
accept: */*

Response DefaultHttpResponse(decodeResult: success, version: HTTP/1.1)
HTTP/1.1 200 OK
Content-Type: application/json; charset=utf-8
cache-control: no-cache
content-length: 18

15:40:58.398 [AsyncHttpClient-1-8] DEBUG org.asynchttpclient.netty.channel.ChannelManager - Adding key: http://localhost:57946 for channel [id: 0x474f5a08, L:/127.0.0.1:62774 - R:localhost/127.0.0.1:57946]
15:40:58.402 [Forwarding isElementEnabled on session 5a03715a5b8f6cc73e5404358f39ab40 to remote] DEBUG org.asynchttpclient.netty.request.NettyRequestSender - Using pooled Channel '[id: 0x474f5a08, L:/127.0.0.1:62774 - R:localhost/127.0.0.1:57946]' for 'GET' to 'http://localhost:57946/session/5a03715a5b8f6cc73e5404358f39ab40/element/34f930b4-90ab-42c2-aec4-6a657ecca3a3/enabled'
15:40:58.402 [Forwarding isElementEnabled on session 5a03715a5b8f6cc73e5404358f39ab40 to remote] DEBUG org.asynchttpclient.netty.request.NettyRequestSender - Using open Channel [id: 0x474f5a08, L:/127.0.0.1:62774 - R:localhost/127.0.0.1:57946] for GET '/session/5a03715a5b8f6cc73e5404358f39ab40/element/34f930b4-90ab-42c2-aec4-6a657ecca3a3/enabled'
15:40:58.417 [AsyncHttpClient-1-8] DEBUG org.asynchttpclient.netty.handler.HttpHandler - 

Request DefaultFullHttpRequest(decodeResult: success, version: HTTP/1.1, content: EmptyByteBufBE)
GET /session/5a03715a5b8f6cc73e5404358f39ab40/element/34f930b4-90ab-42c2-aec4-6a657ecca3a3/enabled HTTP/1.1
User-Agent: selenium/4.1.2 (java windows)
Cache-Control: no-cache
Content-Type: application/json; charset=utf-8
host: localhost:57946
accept: */*

Response DefaultHttpResponse(decodeResult: success, version: HTTP/1.1)
HTTP/1.1 200 OK
Content-Type: application/json; charset=utf-8
cache-control: no-cache
content-length: 14

15:40:58.417 [AsyncHttpClient-1-8] DEBUG org.asynchttpclient.netty.channel.ChannelManager - Adding key: http://localhost:57946 for channel [id: 0x474f5a08, L:/127.0.0.1:62774 - R:localhost/127.0.0.1:57946]
15:40:58.420 [Forwarding isElementEnabled on session 5a03715a5b8f6cc73e5404358f39ab40 to remote] DEBUG org.asynchttpclient.netty.request.NettyRequestSender - Using pooled Channel '[id: 0x474f5a08, L:/127.0.0.1:62774 - R:localhost/127.0.0.1:57946]' for 'GET' to 'http://localhost:57946/session/5a03715a5b8f6cc73e5404358f39ab40/element/34f930b4-90ab-42c2-aec4-6a657ecca3a3/enabled'
15:40:58.421 [Forwarding isElementEnabled on session 5a03715a5b8f6cc73e5404358f39ab40 to remote] DEBUG org.asynchttpclient.netty.request.NettyRequestSender - Using open Channel [id: 0x474f5a08, L:/127.0.0.1:62774 - R:localhost/127.0.0.1:57946] for GET '/session/5a03715a5b8f6cc73e5404358f39ab40/element/34f930b4-90ab-42c2-aec4-6a657ecca3a3/enabled'
15:40:58.428 [AsyncHttpClient-1-8] DEBUG org.asynchttpclient.netty.handler.HttpHandler - 

Request DefaultFullHttpRequest(decodeResult: success, version: HTTP/1.1, content: EmptyByteBufBE)
GET /session/5a03715a5b8f6cc73e5404358f39ab40/element/34f930b4-90ab-42c2-aec4-6a657ecca3a3/enabled HTTP/1.1
User-Agent: selenium/4.1.2 (java windows)
Cache-Control: no-cache
Content-Type: application/json; charset=utf-8
host: localhost:57946
accept: */*

Response DefaultHttpResponse(decodeResult: success, version: HTTP/1.1)
HTTP/1.1 200 OK
Content-Type: application/json; charset=utf-8
cache-control: no-cache
content-length: 14

15:40:58.429 [AsyncHttpClient-1-8] DEBUG org.asynchttpclient.netty.channel.ChannelManager - Adding key: http://localhost:57946 for channel [id: 0x474f5a08, L:/127.0.0.1:62774 - R:localhost/127.0.0.1:57946]
15:40:58.433 [Forwarding findElement on session 5a03715a5b8f6cc73e5404358f39ab40 to remote] DEBUG org.asynchttpclient.netty.request.NettyRequestSender - Using pooled Channel '[id: 0x474f5a08, L:/127.0.0.1:62774 - R:localhost/127.0.0.1:57946]' for 'POST' to 'http://localhost:57946/session/5a03715a5b8f6cc73e5404358f39ab40/element'
15:40:58.433 [Forwarding findElement on session 5a03715a5b8f6cc73e5404358f39ab40 to remote] DEBUG org.asynchttpclient.netty.request.NettyRequestSender - Using open Channel [id: 0x474f5a08, L:/127.0.0.1:62774 - R:localhost/127.0.0.1:57946] for POST '/session/5a03715a5b8f6cc73e5404358f39ab40/element'
15:40:58.443 [AsyncHttpClient-1-8] DEBUG org.asynchttpclient.netty.handler.HttpHandler - 

Request DefaultHttpRequest(decodeResult: success, version: HTTP/1.1)
POST /session/5a03715a5b8f6cc73e5404358f39ab40/element HTTP/1.1
User-Agent: selenium/4.1.2 (java windows)
Content-Length: 50
Content-Type: application/json; charset=utf-8
host: localhost:57946
accept: */*

Response DefaultHttpResponse(decodeResult: success, version: HTTP/1.1)
HTTP/1.1 200 OK
Content-Type: application/json; charset=utf-8
cache-control: no-cache
content-length: 88

15:40:58.443 [AsyncHttpClient-1-8] DEBUG org.asynchttpclient.netty.channel.ChannelManager - Adding key: http://localhost:57946 for channel [id: 0x474f5a08, L:/127.0.0.1:62774 - R:localhost/127.0.0.1:57946]
15:40:58.445 [Forwarding clickElement on session 5a03715a5b8f6cc73e5404358f39ab40 to remote] DEBUG org.asynchttpclient.netty.request.NettyRequestSender - Using pooled Channel '[id: 0x474f5a08, L:/127.0.0.1:62774 - R:localhost/127.0.0.1:57946]' for 'POST' to 'http://localhost:57946/session/5a03715a5b8f6cc73e5404358f39ab40/element/34f930b4-90ab-42c2-aec4-6a657ecca3a3/click'
15:40:58.446 [Forwarding clickElement on session 5a03715a5b8f6cc73e5404358f39ab40 to remote] DEBUG org.asynchttpclient.netty.request.NettyRequestSender - Using open Channel [id: 0x474f5a08, L:/127.0.0.1:62774 - R:localhost/127.0.0.1:57946] for POST '/session/5a03715a5b8f6cc73e5404358f39ab40/element/34f930b4-90ab-42c2-aec4-6a657ecca3a3/click'
15:40:58.540 [AsyncHttpClient-1-8] DEBUG org.asynchttpclient.netty.handler.HttpHandler - 

Request DefaultHttpRequest(decodeResult: success, version: HTTP/1.1)
POST /session/5a03715a5b8f6cc73e5404358f39ab40/element/34f930b4-90ab-42c2-aec4-6a657ecca3a3/click HTTP/1.1
User-Agent: selenium/4.1.2 (java windows)
Content-Length: 50
Content-Type: application/json; charset=utf-8
host: localhost:57946
accept: */*

Response DefaultHttpResponse(decodeResult: success, version: HTTP/1.1)
HTTP/1.1 200 OK
Content-Type: application/json; charset=utf-8
cache-control: no-cache
content-length: 14

15:40:58.541 [AsyncHttpClient-1-8] DEBUG org.asynchttpclient.netty.channel.ChannelManager - Adding key: http://localhost:57946 for channel [id: 0x474f5a08, L:/127.0.0.1:62774 - R:localhost/127.0.0.1:57946]
15:40:58.553 [Forwarding screenshot on session 5a03715a5b8f6cc73e5404358f39ab40 to remote] DEBUG org.asynchttpclient.netty.request.NettyRequestSender - Using pooled Channel '[id: 0x474f5a08, L:/127.0.0.1:62774 - R:localhost/127.0.0.1:57946]' for 'GET' to 'http://localhost:57946/session/5a03715a5b8f6cc73e5404358f39ab40/screenshot'
15:40:58.553 [Forwarding screenshot on session 5a03715a5b8f6cc73e5404358f39ab40 to remote] DEBUG org.asynchttpclient.netty.request.NettyRequestSender - Using open Channel [id: 0x474f5a08, L:/127.0.0.1:62774 - R:localhost/127.0.0.1:57946] for GET '/session/5a03715a5b8f6cc73e5404358f39ab40/screenshot'
15:40:58.789 [AsyncHttpClient-1-8] DEBUG org.asynchttpclient.netty.handler.HttpHandler - 

Request DefaultFullHttpRequest(decodeResult: success, version: HTTP/1.1, content: EmptyByteBufBE)
GET /session/5a03715a5b8f6cc73e5404358f39ab40/screenshot HTTP/1.1
User-Agent: selenium/4.1.2 (java windows)
Cache-Control: no-cache
Content-Type: application/json; charset=utf-8
host: localhost:57946
accept: */*

Response DefaultHttpResponse(decodeResult: success, version: HTTP/1.1)
HTTP/1.1 200 OK
Content-Type: application/json; charset=utf-8
cache-control: no-cache
content-length: 292496

15:40:58.790 [AsyncHttpClient-1-8] DEBUG org.asynchttpclient.netty.channel.ChannelManager - Adding key: http://localhost:57946 for channel [id: 0x474f5a08, L:/127.0.0.1:62774 - R:localhost/127.0.0.1:57946]
15:40:58.806 [main] DEBUG net.serenitybdd.core.photography.Darkroom - Send negative for processing for target\site\serenity\aee5144d37118cf65cdcc5f3c86f8ce33155c31fa2587656b4db236b1ddcc16c.png
15:40:58.806 [main] DEBUG net.thucydides.core.steps.StepInterceptor - STEP DONE: clickLoginButton
15:40:58.806 [Darkroom Processing Line] DEBUG net.serenitybdd.core.photography.DarkroomProcessingLine - Processing screenshot image in /var/screenshots/screenshot-2240622398282353101
15:40:58.806 [Darkroom Processing Line] DEBUG net.serenitybdd.core.photography.DarkroomProcessingLine - Saving screenshot to target\site\serenity\aee5144d37118cf65cdcc5f3c86f8ce33155c31fa2587656b4db236b1ddcc16c.png
15:40:58.812 [main] DEBUG net.thucydides.core.steps.StepInterceptor - STARTING STEP: LoginSteps.iAmOnTheLoginPage - validateOnLoginPage
15:40:58.814 [Forwarding findElement on session 5a03715a5b8f6cc73e5404358f39ab40 to remote] DEBUG org.asynchttpclient.netty.request.NettyRequestSender - Using pooled Channel '[id: 0x474f5a08, L:/127.0.0.1:62774 - R:localhost/127.0.0.1:57946]' for 'POST' to 'http://localhost:57946/session/5a03715a5b8f6cc73e5404358f39ab40/element'
15:40:58.814 [Forwarding findElement on session 5a03715a5b8f6cc73e5404358f39ab40 to remote] DEBUG org.asynchttpclient.netty.request.NettyRequestSender - Using open Channel [id: 0x474f5a08, L:/127.0.0.1:62774 - R:localhost/127.0.0.1:57946] for POST '/session/5a03715a5b8f6cc73e5404358f39ab40/element'
15:40:58.822 [AsyncHttpClient-1-8] DEBUG org.asynchttpclient.netty.handler.HttpHandler - 

Request DefaultHttpRequest(decodeResult: success, version: HTTP/1.1)
POST /session/5a03715a5b8f6cc73e5404358f39ab40/element HTTP/1.1
User-Agent: selenium/4.1.2 (java windows)
Content-Length: 50
Content-Type: application/json; charset=utf-8
host: localhost:57946
accept: */*

Response DefaultHttpResponse(decodeResult: success, version: HTTP/1.1)
HTTP/1.1 200 OK
Content-Type: application/json; charset=utf-8
cache-control: no-cache
content-length: 88

15:40:58.822 [AsyncHttpClient-1-8] DEBUG org.asynchttpclient.netty.channel.ChannelManager - Adding key: http://localhost:57946 for channel [id: 0x474f5a08, L:/127.0.0.1:62774 - R:localhost/127.0.0.1:57946]
15:40:58.827 [Forwarding isElementDisplayed on session 5a03715a5b8f6cc73e5404358f39ab40 to remote] DEBUG org.asynchttpclient.netty.request.NettyRequestSender - Using pooled Channel '[id: 0x474f5a08, L:/127.0.0.1:62774 - R:localhost/127.0.0.1:57946]' for 'POST' to 'http://localhost:57946/session/5a03715a5b8f6cc73e5404358f39ab40/execute/sync'
15:40:58.827 [Forwarding isElementDisplayed on session 5a03715a5b8f6cc73e5404358f39ab40 to remote] DEBUG org.asynchttpclient.netty.request.NettyRequestSender - Using open Channel [id: 0x474f5a08, L:/127.0.0.1:62774 - R:localhost/127.0.0.1:57946] for POST '/session/5a03715a5b8f6cc73e5404358f39ab40/execute/sync'
15:40:58.843 [AsyncHttpClient-1-8] DEBUG org.asynchttpclient.netty.handler.HttpHandler - 

Request DefaultHttpRequest(decodeResult: success, version: HTTP/1.1)
POST /session/5a03715a5b8f6cc73e5404358f39ab40/execute/sync HTTP/1.1
User-Agent: selenium/4.1.2 (java windows)
Content-Length: 48780
Content-Type: application/json; charset=utf-8
host: localhost:57946
accept: */*

Response DefaultHttpResponse(decodeResult: success, version: HTTP/1.1)
HTTP/1.1 200 OK
Content-Type: application/json; charset=utf-8
cache-control: no-cache
content-length: 14

15:40:58.843 [AsyncHttpClient-1-8] DEBUG org.asynchttpclient.netty.channel.ChannelManager - Adding key: http://localhost:57946 for channel [id: 0x474f5a08, L:/127.0.0.1:62774 - R:localhost/127.0.0.1:57946]
15:40:58.847 [main] DEBUG net.thucydides.core.steps.StepInterceptor - STEP DONE: validateOnLoginPage
  &amp#27;[32mGiven &amp#27;[0m&amp#27;[32mI am on the login page&amp#27;[0m               &amp#27;[90m# starter.stepdefinitions.LoginSteps.iAmOnTheLoginPage()&amp#27;[0m
15:40:58.859 [Forwarding screenshot on session 5a03715a5b8f6cc73e5404358f39ab40 to remote] DEBUG org.asynchttpclient.netty.request.NettyRequestSender - Using pooled Channel '[id: 0x474f5a08, L:/127.0.0.1:62774 - R:localhost/127.0.0.1:57946]' for 'GET' to 'http://localhost:57946/session/5a03715a5b8f6cc73e5404358f39ab40/screenshot'
15:40:58.859 [Forwarding screenshot on session 5a03715a5b8f6cc73e5404358f39ab40 to remote] DEBUG org.asynchttpclient.netty.request.NettyRequestSender - Using open Channel [id: 0x474f5a08, L:/127.0.0.1:62774 - R:localhost/127.0.0.1:57946] for GET '/session/5a03715a5b8f6cc73e5404358f39ab40/screenshot'
15:40:59.041 [AsyncHttpClient-1-8] DEBUG org.asynchttpclient.netty.handler.HttpHandler - 

Request DefaultFullHttpRequest(decodeResult: success, version: HTTP/1.1, content: EmptyByteBufBE)
GET /session/5a03715a5b8f6cc73e5404358f39ab40/screenshot HTTP/1.1
User-Agent: selenium/4.1.2 (java windows)
Cache-Control: no-cache
Content-Type: application/json; charset=utf-8
host: localhost:57946
accept: */*

Response DefaultHttpResponse(decodeResult: success, version: HTTP/1.1)
HTTP/1.1 200 OK
Content-Type: application/json; charset=utf-8
cache-control: no-cache
content-length: 317296

15:40:59.042 [AsyncHttpClient-1-8] DEBUG org.asynchttpclient.netty.channel.ChannelManager - Adding key: http://localhost:57946 for channel [id: 0x474f5a08, L:/127.0.0.1:62774 - R:localhost/127.0.0.1:57946]
15:40:59.078 [main] DEBUG net.serenitybdd.core.photography.Darkroom - Send negative for processing for target\site\serenity\e94f505ec498eac2cc6d730c8b116d94c3e62e52ac7875fb190d0bfb9f70c66a.png
15:40:59.079 [Darkroom Processing Line] DEBUG net.serenitybdd.core.photography.DarkroomProcessingLine - Processing screenshot image in /var/screenshots/screenshot-965520314498273359
15:40:59.079 [Darkroom Processing Line] DEBUG net.serenitybdd.core.photography.DarkroomProcessingLine - Saving screenshot to target\site\serenity\e94f505ec498eac2cc6d730c8b116d94c3e62e52ac7875fb190d0bfb9f70c66a.png
15:40:59.085 [main] DEBUG net.thucydides.core.steps.StepInterceptor - STARTING STEP: LoginSteps.iInputValidUsername - inputUsername
15:40:59.087 [Forwarding findElement on session 5a03715a5b8f6cc73e5404358f39ab40 to remote] DEBUG org.asynchttpclient.netty.request.NettyRequestSender - Using pooled Channel '[id: 0x474f5a08, L:/127.0.0.1:62774 - R:localhost/127.0.0.1:57946]' for 'POST' to 'http://localhost:57946/session/5a03715a5b8f6cc73e5404358f39ab40/element'
15:40:59.087 [Forwarding findElement on session 5a03715a5b8f6cc73e5404358f39ab40 to remote] DEBUG org.asynchttpclient.netty.request.NettyRequestSender - Using open Channel [id: 0x474f5a08, L:/127.0.0.1:62774 - R:localhost/127.0.0.1:57946] for POST '/session/5a03715a5b8f6cc73e5404358f39ab40/element'
15:40:59.100 [AsyncHttpClient-1-8] DEBUG org.asynchttpclient.netty.handler.HttpHandler - 

Request DefaultHttpRequest(decodeResult: success, version: HTTP/1.1)
POST /session/5a03715a5b8f6cc73e5404358f39ab40/element HTTP/1.1
User-Agent: selenium/4.1.2 (java windows)
Content-Length: 53
Content-Type: application/json; charset=utf-8
host: localhost:57946
accept: */*

Response DefaultHttpResponse(decodeResult: success, version: HTTP/1.1)
HTTP/1.1 200 OK
Content-Type: application/json; charset=utf-8
cache-control: no-cache
content-length: 88

15:40:59.101 [AsyncHttpClient-1-8] DEBUG org.asynchttpclient.netty.channel.ChannelManager - Adding key: http://localhost:57946 for channel [id: 0x474f5a08, L:/127.0.0.1:62774 - R:localhost/127.0.0.1:57946]
15:40:59.102 [Forwarding clearElement on session 5a03715a5b8f6cc73e5404358f39ab40 to remote] DEBUG org.asynchttpclient.netty.request.NettyRequestSender - Using pooled Channel '[id: 0x474f5a08, L:/127.0.0.1:62774 - R:localhost/127.0.0.1:57946]' for 'POST' to 'http://localhost:57946/session/5a03715a5b8f6cc73e5404358f39ab40/element/cb6dcb27-01a4-4520-adb5-277e929a8e7b/clear'
15:40:59.102 [Forwarding clearElement on session 5a03715a5b8f6cc73e5404358f39ab40 to remote] DEBUG org.asynchttpclient.netty.request.NettyRequestSender - Using open Channel [id: 0x474f5a08, L:/127.0.0.1:62774 - R:localhost/127.0.0.1:57946] for POST '/session/5a03715a5b8f6cc73e5404358f39ab40/element/cb6dcb27-01a4-4520-adb5-277e929a8e7b/clear'
15:40:59.130 [AsyncHttpClient-1-8] DEBUG org.asynchttpclient.netty.handler.HttpHandler - 

Request DefaultHttpRequest(decodeResult: success, version: HTTP/1.1)
POST /session/5a03715a5b8f6cc73e5404358f39ab40/element/cb6dcb27-01a4-4520-adb5-277e929a8e7b/clear HTTP/1.1
User-Agent: selenium/4.1.2 (java windows)
Content-Length: 50
Content-Type: application/json; charset=utf-8
host: localhost:57946
accept: */*

Response DefaultHttpResponse(decodeResult: success, version: HTTP/1.1)
HTTP/1.1 200 OK
Content-Type: application/json; charset=utf-8
cache-control: no-cache
content-length: 14

15:40:59.131 [AsyncHttpClient-1-8] DEBUG org.asynchttpclient.netty.channel.ChannelManager - Adding key: http://localhost:57946 for channel [id: 0x474f5a08, L:/127.0.0.1:62774 - R:localhost/127.0.0.1:57946]
15:40:59.132 [Forwarding sendKeysToElement on session 5a03715a5b8f6cc73e5404358f39ab40 to remote] DEBUG org.asynchttpclient.netty.request.NettyRequestSender - Using pooled Channel '[id: 0x474f5a08, L:/127.0.0.1:62774 - R:localhost/127.0.0.1:57946]' for 'POST' to 'http://localhost:57946/session/5a03715a5b8f6cc73e5404358f39ab40/element/cb6dcb27-01a4-4520-adb5-277e929a8e7b/value'
15:40:59.132 [Forwarding sendKeysToElement on session 5a03715a5b8f6cc73e5404358f39ab40 to remote] DEBUG org.asynchttpclient.netty.request.NettyRequestSender - Using open Channel [id: 0x474f5a08, L:/127.0.0.1:62774 - R:localhost/127.0.0.1:57946] for POST '/session/5a03715a5b8f6cc73e5404358f39ab40/element/cb6dcb27-01a4-4520-adb5-277e929a8e7b/value'
15:40:59.197 [AsyncHttpClient-1-8] DEBUG org.asynchttpclient.netty.handler.HttpHandler - 

Request DefaultHttpRequest(decodeResult: success, version: HTTP/1.1)
POST /session/5a03715a5b8f6cc73e5404358f39ab40/element/cb6dcb27-01a4-4520-adb5-277e929a8e7b/value HTTP/1.1
User-Agent: selenium/4.1.2 (java windows)
Content-Length: 221
Content-Type: application/json; charset=utf-8
host: localhost:57946
accept: */*

Response DefaultHttpResponse(decodeResult: success, version: HTTP/1.1)
HTTP/1.1 200 OK
Content-Type: application/json; charset=utf-8
cache-control: no-cache
content-length: 14

15:40:59.197 [AsyncHttpClient-1-8] DEBUG org.asynchttpclient.netty.channel.ChannelManager - Adding key: http://localhost:57946 for channel [id: 0x474f5a08, L:/127.0.0.1:62774 - R:localhost/127.0.0.1:57946]
15:40:59.203 [Forwarding screenshot on session 5a03715a5b8f6cc73e5404358f39ab40 to remote] DEBUG org.asynchttpclient.netty.request.NettyRequestSender - Using pooled Channel '[id: 0x474f5a08, L:/127.0.0.1:62774 - R:localhost/127.0.0.1:57946]' for 'GET' to 'http://localhost:57946/session/5a03715a5b8f6cc73e5404358f39ab40/screenshot'
15:40:59.204 [Forwarding screenshot on session 5a03715a5b8f6cc73e5404358f39ab40 to remote] DEBUG org.asynchttpclient.netty.request.NettyRequestSender - Using open Channel [id: 0x474f5a08, L:/127.0.0.1:62774 - R:localhost/127.0.0.1:57946] for GET '/session/5a03715a5b8f6cc73e5404358f39ab40/screenshot'
15:40:59.307 [AsyncHttpClient-1-1] DEBUG org.asynchttpclient.netty.channel.DefaultChannelPool - Entry count for : http://localhost:62775 : 1
15:40:59.396 [AsyncHttpClient-1-8] DEBUG org.asynchttpclient.netty.handler.HttpHandler - 

Request DefaultFullHttpRequest(decodeResult: success, version: HTTP/1.1, content: EmptyByteBufBE)
GET /session/5a03715a5b8f6cc73e5404358f39ab40/screenshot HTTP/1.1
User-Agent: selenium/4.1.2 (java windows)
Cache-Control: no-cache
Content-Type: application/json; charset=utf-8
host: localhost:57946
accept: */*

Response DefaultHttpResponse(decodeResult: success, version: HTTP/1.1)
HTTP/1.1 200 OK
Content-Type: application/json; charset=utf-8
cache-control: no-cache
content-length: 318208

15:40:59.402 [AsyncHttpClient-1-8] DEBUG org.asynchttpclient.netty.channel.ChannelManager - Adding key: http://localhost:57946 for channel [id: 0x474f5a08, L:/127.0.0.1:62774 - R:localhost/127.0.0.1:57946]
15:40:59.415 [main] DEBUG net.serenitybdd.core.photography.Darkroom - Send negative for processing for target\site\serenity\2a837755fa181be7189abd0b2ec323b4723272ed9068ec55729304a9b39b3625.png
15:40:59.416 [main] DEBUG net.thucydides.core.steps.StepInterceptor - STEP DONE: inputUsername
15:40:59.416 [Darkroom Processing Line] DEBUG net.serenitybdd.core.photography.DarkroomProcessingLine - Processing screenshot image in /var/screenshots/screenshot-6833931906550247575
15:40:59.416 [Darkroom Processing Line] DEBUG net.serenitybdd.core.photography.DarkroomProcessingLine - Saving screenshot to target\site\serenity\2a837755fa181be7189abd0b2ec323b4723272ed9068ec55729304a9b39b3625.png
  &amp#27;[32mWhen &amp#27;[0m&amp#27;[32mI input valid username&amp#27;[0m                &amp#27;[90m# starter.stepdefinitions.LoginSteps.iInputValidUsername()&amp#27;[0m
15:40:59.430 [main] DEBUG net.thucydides.core.steps.StepInterceptor - STARTING STEP: LoginSteps.iInputInvalidPassword - inputPassword
15:40:59.432 [Forwarding findElement on session 5a03715a5b8f6cc73e5404358f39ab40 to remote] DEBUG org.asynchttpclient.netty.request.NettyRequestSender - Using pooled Channel '[id: 0x474f5a08, L:/127.0.0.1:62774 - R:localhost/127.0.0.1:57946]' for 'POST' to 'http://localhost:57946/session/5a03715a5b8f6cc73e5404358f39ab40/element'
15:40:59.432 [Forwarding findElement on session 5a03715a5b8f6cc73e5404358f39ab40 to remote] DEBUG org.asynchttpclient.netty.request.NettyRequestSender - Using open Channel [id: 0x474f5a08, L:/127.0.0.1:62774 - R:localhost/127.0.0.1:57946] for POST '/session/5a03715a5b8f6cc73e5404358f39ab40/element'
15:40:59.444 [AsyncHttpClient-1-8] DEBUG org.asynchttpclient.netty.handler.HttpHandler - 

Request DefaultHttpRequest(decodeResult: success, version: HTTP/1.1)
POST /session/5a03715a5b8f6cc73e5404358f39ab40/element HTTP/1.1
User-Agent: selenium/4.1.2 (java windows)
Content-Length: 53
Content-Type: application/json; charset=utf-8
host: localhost:57946
accept: */*

Response DefaultHttpResponse(decodeResult: success, version: HTTP/1.1)
HTTP/1.1 200 OK
Content-Type: application/json; charset=utf-8
cache-control: no-cache
content-length: 88

15:40:59.444 [AsyncHttpClient-1-8] DEBUG org.asynchttpclient.netty.channel.ChannelManager - Adding key: http://localhost:57946 for channel [id: 0x474f5a08, L:/127.0.0.1:62774 - R:localhost/127.0.0.1:57946]
15:40:59.445 [Forwarding clearElement on session 5a03715a5b8f6cc73e5404358f39ab40 to remote] DEBUG org.asynchttpclient.netty.request.NettyRequestSender - Using pooled Channel '[id: 0x474f5a08, L:/127.0.0.1:62774 - R:localhost/127.0.0.1:57946]' for 'POST' to 'http://localhost:57946/session/5a03715a5b8f6cc73e5404358f39ab40/element/4179b154-3eac-400c-a0e3-798b4dd68bcd/clear'
15:40:59.445 [Forwarding clearElement on session 5a03715a5b8f6cc73e5404358f39ab40 to remote] DEBUG org.asynchttpclient.netty.request.NettyRequestSender - Using open Channel [id: 0x474f5a08, L:/127.0.0.1:62774 - R:localhost/127.0.0.1:57946] for POST '/session/5a03715a5b8f6cc73e5404358f39ab40/element/4179b154-3eac-400c-a0e3-798b4dd68bcd/clear'
15:40:59.471 [AsyncHttpClient-1-8] DEBUG org.asynchttpclient.netty.handler.HttpHandler - 

Request DefaultHttpRequest(decodeResult: success, version: HTTP/1.1)
POST /session/5a03715a5b8f6cc73e5404358f39ab40/element/4179b154-3eac-400c-a0e3-798b4dd68bcd/clear HTTP/1.1
User-Agent: selenium/4.1.2 (java windows)
Content-Length: 50
Content-Type: application/json; charset=utf-8
host: localhost:57946
accept: */*

Response DefaultHttpResponse(decodeResult: success, version: HTTP/1.1)
HTTP/1.1 200 OK
Content-Type: application/json; charset=utf-8
cache-control: no-cache
content-length: 14

15:40:59.471 [AsyncHttpClient-1-8] DEBUG org.asynchttpclient.netty.channel.ChannelManager - Adding key: http://localhost:57946 for channel [id: 0x474f5a08, L:/127.0.0.1:62774 - R:localhost/127.0.0.1:57946]
15:40:59.473 [Forwarding sendKeysToElement on session 5a03715a5b8f6cc73e5404358f39ab40 to remote] DEBUG org.asynchttpclient.netty.request.NettyRequestSender - Using pooled Channel '[id: 0x474f5a08, L:/127.0.0.1:62774 - R:localhost/127.0.0.1:57946]' for 'POST' to 'http://localhost:57946/session/5a03715a5b8f6cc73e5404358f39ab40/element/4179b154-3eac-400c-a0e3-798b4dd68bcd/value'
15:40:59.473 [Forwarding sendKeysToElement on session 5a03715a5b8f6cc73e5404358f39ab40 to remote] DEBUG org.asynchttpclient.netty.request.NettyRequestSender - Using open Channel [id: 0x474f5a08, L:/127.0.0.1:62774 - R:localhost/127.0.0.1:57946] for POST '/session/5a03715a5b8f6cc73e5404358f39ab40/element/4179b154-3eac-400c-a0e3-798b4dd68bcd/value'
15:40:59.541 [AsyncHttpClient-1-8] DEBUG org.asynchttpclient.netty.handler.HttpHandler - 

Request DefaultHttpRequest(decodeResult: success, version: HTTP/1.1)
POST /session/5a03715a5b8f6cc73e5404358f39ab40/element/4179b154-3eac-400c-a0e3-798b4dd68bcd/value HTTP/1.1
User-Agent: selenium/4.1.2 (java windows)
Content-Length: 241
Content-Type: application/json; charset=utf-8
host: localhost:57946
accept: */*

Response DefaultHttpResponse(decodeResult: success, version: HTTP/1.1)
HTTP/1.1 200 OK
Content-Type: application/json; charset=utf-8
cache-control: no-cache
content-length: 14

15:40:59.541 [AsyncHttpClient-1-8] DEBUG org.asynchttpclient.netty.channel.ChannelManager - Adding key: http://localhost:57946 for channel [id: 0x474f5a08, L:/127.0.0.1:62774 - R:localhost/127.0.0.1:57946]
15:40:59.547 [Forwarding screenshot on session 5a03715a5b8f6cc73e5404358f39ab40 to remote] DEBUG org.asynchttpclient.netty.request.NettyRequestSender - Using pooled Channel '[id: 0x474f5a08, L:/127.0.0.1:62774 - R:localhost/127.0.0.1:57946]' for 'GET' to 'http://localhost:57946/session/5a03715a5b8f6cc73e5404358f39ab40/screenshot'
15:40:59.547 [Forwarding screenshot on session 5a03715a5b8f6cc73e5404358f39ab40 to remote] DEBUG org.asynchttpclient.netty.request.NettyRequestSender - Using open Channel [id: 0x474f5a08, L:/127.0.0.1:62774 - R:localhost/127.0.0.1:57946] for GET '/session/5a03715a5b8f6cc73e5404358f39ab40/screenshot'
15:40:59.727 [AsyncHttpClient-1-8] DEBUG org.asynchttpclient.netty.handler.HttpHandler - 

Request DefaultFullHttpRequest(decodeResult: success, version: HTTP/1.1, content: EmptyByteBufBE)
GET /session/5a03715a5b8f6cc73e5404358f39ab40/screenshot HTTP/1.1
User-Agent: selenium/4.1.2 (java windows)
Cache-Control: no-cache
Content-Type: application/json; charset=utf-8
host: localhost:57946
accept: */*

Response DefaultHttpResponse(decodeResult: success, version: HTTP/1.1)
HTTP/1.1 200 OK
Content-Type: application/json; charset=utf-8
cache-control: no-cache
content-length: 316252

15:40:59.729 [AsyncHttpClient-1-8] DEBUG org.asynchttpclient.netty.channel.ChannelManager - Adding key: http://localhost:57946 for channel [id: 0x474f5a08, L:/127.0.0.1:62774 - R:localhost/127.0.0.1:57946]
15:40:59.741 [main] DEBUG net.serenitybdd.core.photography.Darkroom - Send negative for processing for target\site\serenity\3d88cb1b6d872895d5e5e8986b72ac4eb492296637f712919a3fb5dec186d22d.png
15:40:59.742 [main] DEBUG net.thucydides.core.steps.StepInterceptor - STEP DONE: inputPassword
15:40:59.742 [Darkroom Processing Line] DEBUG net.serenitybdd.core.photography.DarkroomProcessingLine - Processing screenshot image in /var/screenshots/screenshot-5261140998577068362
  &amp#27;[32mAnd &amp#27;[0m&amp#27;[32mI input invalid password&amp#27;[0m               &amp#27;[90m# starter.stepdefinitions.LoginSteps.iInputInvalidPassword()&amp#27;[0m
15:40:59.742 [Darkroom Processing Line] DEBUG net.serenitybdd.core.photography.DarkroomProcessingLine - Saving screenshot to target\site\serenity\3d88cb1b6d872895d5e5e8986b72ac4eb492296637f712919a3fb5dec186d22d.png
15:40:59.756 [main] DEBUG net.thucydides.core.steps.StepInterceptor - STARTING STEP: LoginSteps.clickLoginButton - clickLoginButton
15:40:59.759 [Forwarding findElement on session 5a03715a5b8f6cc73e5404358f39ab40 to remote] DEBUG org.asynchttpclient.netty.request.NettyRequestSender - Using pooled Channel '[id: 0x474f5a08, L:/127.0.0.1:62774 - R:localhost/127.0.0.1:57946]' for 'POST' to 'http://localhost:57946/session/5a03715a5b8f6cc73e5404358f39ab40/element'
15:40:59.759 [Forwarding findElement on session 5a03715a5b8f6cc73e5404358f39ab40 to remote] DEBUG org.asynchttpclient.netty.request.NettyRequestSender - Using open Channel [id: 0x474f5a08, L:/127.0.0.1:62774 - R:localhost/127.0.0.1:57946] for POST '/session/5a03715a5b8f6cc73e5404358f39ab40/element'
15:40:59.765 [AsyncHttpClient-1-8] DEBUG org.asynchttpclient.netty.handler.HttpHandler - 

Request DefaultHttpRequest(decodeResult: success, version: HTTP/1.1)
POST /session/5a03715a5b8f6cc73e5404358f39ab40/element HTTP/1.1
User-Agent: selenium/4.1.2 (java windows)
Content-Length: 50
Content-Type: application/json; charset=utf-8
host: localhost:57946
accept: */*

Response DefaultHttpResponse(decodeResult: success, version: HTTP/1.1)
HTTP/1.1 200 OK
Content-Type: application/json; charset=utf-8
cache-control: no-cache
content-length: 88

15:40:59.765 [AsyncHttpClient-1-8] DEBUG org.asynchttpclient.netty.channel.ChannelManager - Adding key: http://localhost:57946 for channel [id: 0x474f5a08, L:/127.0.0.1:62774 - R:localhost/127.0.0.1:57946]
15:40:59.766 [Forwarding getElementTagName on session 5a03715a5b8f6cc73e5404358f39ab40 to remote] DEBUG org.asynchttpclient.netty.request.NettyRequestSender - Using pooled Channel '[id: 0x474f5a08, L:/127.0.0.1:62774 - R:localhost/127.0.0.1:57946]' for 'GET' to 'http://localhost:57946/session/5a03715a5b8f6cc73e5404358f39ab40/element/ee899157-ed09-402d-b88a-72219356679b/name'
15:40:59.766 [Forwarding getElementTagName on session 5a03715a5b8f6cc73e5404358f39ab40 to remote] DEBUG org.asynchttpclient.netty.request.NettyRequestSender - Using open Channel [id: 0x474f5a08, L:/127.0.0.1:62774 - R:localhost/127.0.0.1:57946] for GET '/session/5a03715a5b8f6cc73e5404358f39ab40/element/ee899157-ed09-402d-b88a-72219356679b/name'
15:40:59.770 [AsyncHttpClient-1-8] DEBUG org.asynchttpclient.netty.handler.HttpHandler - 

Request DefaultFullHttpRequest(decodeResult: success, version: HTTP/1.1, content: EmptyByteBufBE)
GET /session/5a03715a5b8f6cc73e5404358f39ab40/element/ee899157-ed09-402d-b88a-72219356679b/name HTTP/1.1
User-Agent: selenium/4.1.2 (java windows)
Cache-Control: no-cache
Content-Type: application/json; charset=utf-8
host: localhost:57946
accept: */*

Response DefaultHttpResponse(decodeResult: success, version: HTTP/1.1)
HTTP/1.1 200 OK
Content-Type: application/json; charset=utf-8
cache-control: no-cache
content-length: 18

15:40:59.770 [AsyncHttpClient-1-8] DEBUG org.asynchttpclient.netty.channel.ChannelManager - Adding key: http://localhost:57946 for channel [id: 0x474f5a08, L:/127.0.0.1:62774 - R:localhost/127.0.0.1:57946]
15:40:59.771 [Forwarding getElementTagName on session 5a03715a5b8f6cc73e5404358f39ab40 to remote] DEBUG org.asynchttpclient.netty.request.NettyRequestSender - Using pooled Channel '[id: 0x474f5a08, L:/127.0.0.1:62774 - R:localhost/127.0.0.1:57946]' for 'GET' to 'http://localhost:57946/session/5a03715a5b8f6cc73e5404358f39ab40/element/ee899157-ed09-402d-b88a-72219356679b/name'
15:40:59.771 [Forwarding getElementTagName on session 5a03715a5b8f6cc73e5404358f39ab40 to remote] DEBUG org.asynchttpclient.netty.request.NettyRequestSender - Using open Channel [id: 0x474f5a08, L:/127.0.0.1:62774 - R:localhost/127.0.0.1:57946] for GET '/session/5a03715a5b8f6cc73e5404358f39ab40/element/ee899157-ed09-402d-b88a-72219356679b/name'
15:40:59.774 [AsyncHttpClient-1-8] DEBUG org.asynchttpclient.netty.handler.HttpHandler - 

Request DefaultFullHttpRequest(decodeResult: success, version: HTTP/1.1, content: EmptyByteBufBE)
GET /session/5a03715a5b8f6cc73e5404358f39ab40/element/ee899157-ed09-402d-b88a-72219356679b/name HTTP/1.1
User-Agent: selenium/4.1.2 (java windows)
Cache-Control: no-cache
Content-Type: application/json; charset=utf-8
host: localhost:57946
accept: */*

Response DefaultHttpResponse(decodeResult: success, version: HTTP/1.1)
HTTP/1.1 200 OK
Content-Type: application/json; charset=utf-8
cache-control: no-cache
content-length: 18

15:40:59.774 [AsyncHttpClient-1-8] DEBUG org.asynchttpclient.netty.channel.ChannelManager - Adding key: http://localhost:57946 for channel [id: 0x474f5a08, L:/127.0.0.1:62774 - R:localhost/127.0.0.1:57946]
15:40:59.776 [Forwarding isElementEnabled on session 5a03715a5b8f6cc73e5404358f39ab40 to remote] DEBUG org.asynchttpclient.netty.request.NettyRequestSender - Using pooled Channel '[id: 0x474f5a08, L:/127.0.0.1:62774 - R:localhost/127.0.0.1:57946]' for 'GET' to 'http://localhost:57946/session/5a03715a5b8f6cc73e5404358f39ab40/element/ee899157-ed09-402d-b88a-72219356679b/enabled'
15:40:59.776 [Forwarding isElementEnabled on session 5a03715a5b8f6cc73e5404358f39ab40 to remote] DEBUG org.asynchttpclient.netty.request.NettyRequestSender - Using open Channel [id: 0x474f5a08, L:/127.0.0.1:62774 - R:localhost/127.0.0.1:57946] for GET '/session/5a03715a5b8f6cc73e5404358f39ab40/element/ee899157-ed09-402d-b88a-72219356679b/enabled'
15:40:59.784 [AsyncHttpClient-1-8] DEBUG org.asynchttpclient.netty.handler.HttpHandler - 

Request DefaultFullHttpRequest(decodeResult: success, version: HTTP/1.1, content: EmptyByteBufBE)
GET /session/5a03715a5b8f6cc73e5404358f39ab40/element/ee899157-ed09-402d-b88a-72219356679b/enabled HTTP/1.1
User-Agent: selenium/4.1.2 (java windows)
Cache-Control: no-cache
Content-Type: application/json; charset=utf-8
host: localhost:57946
accept: */*

Response DefaultHttpResponse(decodeResult: success, version: HTTP/1.1)
HTTP/1.1 200 OK
Content-Type: application/json; charset=utf-8
cache-control: no-cache
content-length: 14

15:40:59.784 [AsyncHttpClient-1-8] DEBUG org.asynchttpclient.netty.channel.ChannelManager - Adding key: http://localhost:57946 for channel [id: 0x474f5a08, L:/127.0.0.1:62774 - R:localhost/127.0.0.1:57946]
15:40:59.785 [Forwarding isElementEnabled on session 5a03715a5b8f6cc73e5404358f39ab40 to remote] DEBUG org.asynchttpclient.netty.request.NettyRequestSender - Using pooled Channel '[id: 0x474f5a08, L:/127.0.0.1:62774 - R:localhost/127.0.0.1:57946]' for 'GET' to 'http://localhost:57946/session/5a03715a5b8f6cc73e5404358f39ab40/element/ee899157-ed09-402d-b88a-72219356679b/enabled'
15:40:59.785 [Forwarding isElementEnabled on session 5a03715a5b8f6cc73e5404358f39ab40 to remote] DEBUG org.asynchttpclient.netty.request.NettyRequestSender - Using open Channel [id: 0x474f5a08, L:/127.0.0.1:62774 - R:localhost/127.0.0.1:57946] for GET '/session/5a03715a5b8f6cc73e5404358f39ab40/element/ee899157-ed09-402d-b88a-72219356679b/enabled'
15:40:59.789 [AsyncHttpClient-1-8] DEBUG org.asynchttpclient.netty.handler.HttpHandler - 

Request DefaultFullHttpRequest(decodeResult: success, version: HTTP/1.1, content: EmptyByteBufBE)
GET /session/5a03715a5b8f6cc73e5404358f39ab40/element/ee899157-ed09-402d-b88a-72219356679b/enabled HTTP/1.1
User-Agent: selenium/4.1.2 (java windows)
Cache-Control: no-cache
Content-Type: application/json; charset=utf-8
host: localhost:57946
accept: */*

Response DefaultHttpResponse(decodeResult: success, version: HTTP/1.1)
HTTP/1.1 200 OK
Content-Type: application/json; charset=utf-8
cache-control: no-cache
content-length: 14

15:40:59.790 [AsyncHttpClient-1-8] DEBUG org.asynchttpclient.netty.channel.ChannelManager - Adding key: http://localhost:57946 for channel [id: 0x474f5a08, L:/127.0.0.1:62774 - R:localhost/127.0.0.1:57946]
15:40:59.791 [Forwarding findElement on session 5a03715a5b8f6cc73e5404358f39ab40 to remote] DEBUG org.asynchttpclient.netty.request.NettyRequestSender - Using pooled Channel '[id: 0x474f5a08, L:/127.0.0.1:62774 - R:localhost/127.0.0.1:57946]' for 'POST' to 'http://localhost:57946/session/5a03715a5b8f6cc73e5404358f39ab40/element'
15:40:59.792 [Forwarding findElement on session 5a03715a5b8f6cc73e5404358f39ab40 to remote] DEBUG org.asynchttpclient.netty.request.NettyRequestSender - Using open Channel [id: 0x474f5a08, L:/127.0.0.1:62774 - R:localhost/127.0.0.1:57946] for POST '/session/5a03715a5b8f6cc73e5404358f39ab40/element'
15:40:59.797 [AsyncHttpClient-1-8] DEBUG org.asynchttpclient.netty.handler.HttpHandler - 

Request DefaultHttpRequest(decodeResult: success, version: HTTP/1.1)
POST /session/5a03715a5b8f6cc73e5404358f39ab40/element HTTP/1.1
User-Agent: selenium/4.1.2 (java windows)
Content-Length: 50
Content-Type: application/json; charset=utf-8
host: localhost:57946
accept: */*

Response DefaultHttpResponse(decodeResult: success, version: HTTP/1.1)
HTTP/1.1 200 OK
Content-Type: application/json; charset=utf-8
cache-control: no-cache
content-length: 88

15:40:59.797 [AsyncHttpClient-1-8] DEBUG org.asynchttpclient.netty.channel.ChannelManager - Adding key: http://localhost:57946 for channel [id: 0x474f5a08, L:/127.0.0.1:62774 - R:localhost/127.0.0.1:57946]
15:40:59.799 [Forwarding clickElement on session 5a03715a5b8f6cc73e5404358f39ab40 to remote] DEBUG org.asynchttpclient.netty.request.NettyRequestSender - Using pooled Channel '[id: 0x474f5a08, L:/127.0.0.1:62774 - R:localhost/127.0.0.1:57946]' for 'POST' to 'http://localhost:57946/session/5a03715a5b8f6cc73e5404358f39ab40/element/ee899157-ed09-402d-b88a-72219356679b/click'
15:40:59.799 [Forwarding clickElement on session 5a03715a5b8f6cc73e5404358f39ab40 to remote] DEBUG org.asynchttpclient.netty.request.NettyRequestSender - Using open Channel [id: 0x474f5a08, L:/127.0.0.1:62774 - R:localhost/127.0.0.1:57946] for POST '/session/5a03715a5b8f6cc73e5404358f39ab40/element/ee899157-ed09-402d-b88a-72219356679b/click'
15:40:59.854 [AsyncHttpClient-1-8] DEBUG org.asynchttpclient.netty.handler.HttpHandler - 

Request DefaultHttpRequest(decodeResult: success, version: HTTP/1.1)
POST /session/5a03715a5b8f6cc73e5404358f39ab40/element/ee899157-ed09-402d-b88a-72219356679b/click HTTP/1.1
User-Agent: selenium/4.1.2 (java windows)
Content-Length: 50
Content-Type: application/json; charset=utf-8
host: localhost:57946
accept: */*

Response DefaultHttpResponse(decodeResult: success, version: HTTP/1.1)
HTTP/1.1 200 OK
Content-Type: application/json; charset=utf-8
cache-control: no-cache
content-length: 14

15:40:59.855 [AsyncHttpClient-1-8] DEBUG org.asynchttpclient.netty.channel.ChannelManager - Adding key: http://localhost:57946 for channel [id: 0x474f5a08, L:/127.0.0.1:62774 - R:localhost/127.0.0.1:57946]
15:40:59.862 [Forwarding screenshot on session 5a03715a5b8f6cc73e5404358f39ab40 to remote] DEBUG org.asynchttpclient.netty.request.NettyRequestSender - Using pooled Channel '[id: 0x474f5a08, L:/127.0.0.1:62774 - R:localhost/127.0.0.1:57946]' for 'GET' to 'http://localhost:57946/session/5a03715a5b8f6cc73e5404358f39ab40/screenshot'
15:40:59.862 [Forwarding screenshot on session 5a03715a5b8f6cc73e5404358f39ab40 to remote] DEBUG org.asynchttpclient.netty.request.NettyRequestSender - Using open Channel [id: 0x474f5a08, L:/127.0.0.1:62774 - R:localhost/127.0.0.1:57946] for GET '/session/5a03715a5b8f6cc73e5404358f39ab40/screenshot'
15:41:00.074 [AsyncHttpClient-1-8] DEBUG org.asynchttpclient.netty.handler.HttpHandler - 

Request DefaultFullHttpRequest(decodeResult: success, version: HTTP/1.1, content: EmptyByteBufBE)
GET /session/5a03715a5b8f6cc73e5404358f39ab40/screenshot HTTP/1.1
User-Agent: selenium/4.1.2 (java windows)
Cache-Control: no-cache
Content-Type: application/json; charset=utf-8
host: localhost:57946
accept: */*

Response DefaultHttpResponse(decodeResult: success, version: HTTP/1.1)
HTTP/1.1 200 OK
Content-Type: application/json; charset=utf-8
cache-control: no-cache
content-length: 316756

15:41:00.075 [AsyncHttpClient-1-8] DEBUG org.asynchttpclient.netty.channel.ChannelManager - Adding key: http://localhost:57946 for channel [id: 0x474f5a08, L:/127.0.0.1:62774 - R:localhost/127.0.0.1:57946]
15:41:00.086 [main] DEBUG net.serenitybdd.core.photography.Darkroom - Send negative for processing for target\site\serenity\0fa35bc04839d8becbf8256383c226b7ca155f10cceaf0bce0367e6af11124e6.png
15:41:00.087 [Darkroom Processing Line] DEBUG net.serenitybdd.core.photography.DarkroomProcessingLine - Processing screenshot image in /var/screenshots/screenshot-2355950520100762260
15:41:00.087 [main] DEBUG net.thucydides.core.steps.StepInterceptor - STEP DONE: clickLoginButton
15:41:00.087 [Darkroom Processing Line] DEBUG net.serenitybdd.core.photography.DarkroomProcessingLine - Saving screenshot to target\site\serenity\0fa35bc04839d8becbf8256383c226b7ca155f10cceaf0bce0367e6af11124e6.png
  &amp#27;[32mAnd &amp#27;[0m&amp#27;[32mclick login button&amp#27;[0m                     &amp#27;[90m# starter.stepdefinitions.LoginSteps.clickLoginButton()&amp#27;[0m
15:41:00.101 [main] DEBUG net.thucydides.core.steps.StepInterceptor - STARTING STEP: LoginSteps.stillOnTheLoginPage - headerAppears
15:41:00.102 [Forwarding findElement on session 5a03715a5b8f6cc73e5404358f39ab40 to remote] DEBUG org.asynchttpclient.netty.request.NettyRequestSender - Using pooled Channel '[id: 0x474f5a08, L:/127.0.0.1:62774 - R:localhost/127.0.0.1:57946]' for 'POST' to 'http://localhost:57946/session/5a03715a5b8f6cc73e5404358f39ab40/element'
15:41:00.102 [Forwarding findElement on session 5a03715a5b8f6cc73e5404358f39ab40 to remote] DEBUG org.asynchttpclient.netty.request.NettyRequestSender - Using open Channel [id: 0x474f5a08, L:/127.0.0.1:62774 - R:localhost/127.0.0.1:57946] for POST '/session/5a03715a5b8f6cc73e5404358f39ab40/element'
15:41:00.112 [AsyncHttpClient-1-8] DEBUG org.asynchttpclient.netty.handler.HttpHandler - 

Request DefaultHttpRequest(decodeResult: success, version: HTTP/1.1)
POST /session/5a03715a5b8f6cc73e5404358f39ab40/element HTTP/1.1
User-Agent: selenium/4.1.2 (java windows)
Content-Length: 102
Content-Type: application/json; charset=utf-8
host: localhost:57946
accept: */*

Response DefaultHttpResponse(decodeResult: success, version: HTTP/1.1)
HTTP/1.1 200 OK
Content-Type: application/json; charset=utf-8
cache-control: no-cache
content-length: 88

15:41:00.112 [AsyncHttpClient-1-8] DEBUG org.asynchttpclient.netty.channel.ChannelManager - Adding key: http://localhost:57946 for channel [id: 0x474f5a08, L:/127.0.0.1:62774 - R:localhost/127.0.0.1:57946]
15:41:00.114 [Forwarding isElementDisplayed on session 5a03715a5b8f6cc73e5404358f39ab40 to remote] DEBUG org.asynchttpclient.netty.request.NettyRequestSender - Using pooled Channel '[id: 0x474f5a08, L:/127.0.0.1:62774 - R:localhost/127.0.0.1:57946]' for 'POST' to 'http://localhost:57946/session/5a03715a5b8f6cc73e5404358f39ab40/execute/sync'
15:41:00.115 [Forwarding isElementDisplayed on session 5a03715a5b8f6cc73e5404358f39ab40 to remote] DEBUG org.asynchttpclient.netty.request.NettyRequestSender - Using open Channel [id: 0x474f5a08, L:/127.0.0.1:62774 - R:localhost/127.0.0.1:57946] for POST '/session/5a03715a5b8f6cc73e5404358f39ab40/execute/sync'
15:41:00.131 [AsyncHttpClient-1-8] DEBUG org.asynchttpclient.netty.handler.HttpHandler - 

Request DefaultHttpRequest(decodeResult: success, version: HTTP/1.1)
POST /session/5a03715a5b8f6cc73e5404358f39ab40/execute/sync HTTP/1.1
User-Agent: selenium/4.1.2 (java windows)
Content-Length: 48780
Content-Type: application/json; charset=utf-8
host: localhost:57946
accept: */*

Response DefaultHttpResponse(decodeResult: success, version: HTTP/1.1)
HTTP/1.1 200 OK
Content-Type: application/json; charset=utf-8
cache-control: no-cache
content-length: 14

15:41:00.131 [AsyncHttpClient-1-8] DEBUG org.asynchttpclient.netty.channel.ChannelManager - Adding key: http://localhost:57946 for channel [id: 0x474f5a08, L:/127.0.0.1:62774 - R:localhost/127.0.0.1:57946]
15:41:00.135 [main] DEBUG net.thucydides.core.steps.StepInterceptor - STEP DONE: headerAppears
15:41:00.140 [Forwarding screenshot on session 5a03715a5b8f6cc73e5404358f39ab40 to remote] DEBUG org.asynchttpclient.netty.request.NettyRequestSender - Using pooled Channel '[id: 0x474f5a08, L:/127.0.0.1:62774 - R:localhost/127.0.0.1:57946]' for 'GET' to 'http://localhost:57946/session/5a03715a5b8f6cc73e5404358f39ab40/screenshot'
15:41:00.140 [Forwarding screenshot on session 5a03715a5b8f6cc73e5404358f39ab40 to remote] DEBUG org.asynchttpclient.netty.request.NettyRequestSender - Using open Channel [id: 0x474f5a08, L:/127.0.0.1:62774 - R:localhost/127.0.0.1:57946] for GET '/session/5a03715a5b8f6cc73e5404358f39ab40/screenshot'
15:41:00.362 [AsyncHttpClient-1-8] DEBUG org.asynchttpclient.netty.handler.HttpHandler - 

Request DefaultFullHttpRequest(decodeResult: success, version: HTTP/1.1, content: EmptyByteBufBE)
GET /session/5a03715a5b8f6cc73e5404358f39ab40/screenshot HTTP/1.1
User-Agent: selenium/4.1.2 (java windows)
Cache-Control: no-cache
Content-Type: application/json; charset=utf-8
host: localhost:57946
accept: */*

Response DefaultHttpResponse(decodeResult: success, version: HTTP/1.1)
HTTP/1.1 200 OK
Content-Type: application/json; charset=utf-8
cache-control: no-cache
content-length: 350224

15:41:00.363 [AsyncHttpClient-1-8] DEBUG org.asynchttpclient.netty.channel.ChannelManager - Adding key: http://localhost:57946 for channel [id: 0x474f5a08, L:/127.0.0.1:62774 - R:localhost/127.0.0.1:57946]
15:41:00.377 [main] DEBUG net.serenitybdd.core.photography.Darkroom - Send negative for processing for target\site\serenity\b7e5de58b4a0ebd775569673a92647eea8de46ea89d7cfcd40e1bee32c0131e9.png
15:41:00.378 [Darkroom Processing Line] DEBUG net.serenitybdd.core.photography.DarkroomProcessingLine - Processing screenshot image in /var/screenshots/screenshot-7475800319626725378
15:41:00.378 [Darkroom Processing Line] DEBUG net.serenitybdd.core.photography.DarkroomProcessingLine - Saving screenshot to target\site\serenity\b7e5de58b4a0ebd775569673a92647eea8de46ea89d7cfcd40e1bee32c0131e9.png
15:41:00.378 [main] DEBUG net.thucydides.core.steps.StepInterceptor - STARTING STEP: LoginSteps.stillOnTheLoginPage - headerTextEqual
15:41:00.383 [Forwarding findElement on session 5a03715a5b8f6cc73e5404358f39ab40 to remote] DEBUG org.asynchttpclient.netty.request.NettyRequestSender - Using pooled Channel '[id: 0x474f5a08, L:/127.0.0.1:62774 - R:localhost/127.0.0.1:57946]' for 'POST' to 'http://localhost:57946/session/5a03715a5b8f6cc73e5404358f39ab40/element'
15:41:00.383 [Forwarding findElement on session 5a03715a5b8f6cc73e5404358f39ab40 to remote] DEBUG org.asynchttpclient.netty.request.NettyRequestSender - Using open Channel [id: 0x474f5a08, L:/127.0.0.1:62774 - R:localhost/127.0.0.1:57946] for POST '/session/5a03715a5b8f6cc73e5404358f39ab40/element'
15:41:00.394 [AsyncHttpClient-1-8] DEBUG org.asynchttpclient.netty.handler.HttpHandler - 

Request DefaultHttpRequest(decodeResult: success, version: HTTP/1.1)
POST /session/5a03715a5b8f6cc73e5404358f39ab40/element HTTP/1.1
User-Agent: selenium/4.1.2 (java windows)
Content-Length: 102
Content-Type: application/json; charset=utf-8
host: localhost:57946
accept: */*

Response DefaultHttpResponse(decodeResult: success, version: HTTP/1.1)
HTTP/1.1 200 OK
Content-Type: application/json; charset=utf-8
cache-control: no-cache
content-length: 88

15:41:00.394 [AsyncHttpClient-1-8] DEBUG org.asynchttpclient.netty.channel.ChannelManager - Adding key: http://localhost:57946 for channel [id: 0x474f5a08, L:/127.0.0.1:62774 - R:localhost/127.0.0.1:57946]
15:41:00.395 [Forwarding getElementText on session 5a03715a5b8f6cc73e5404358f39ab40 to remote] DEBUG org.asynchttpclient.netty.request.NettyRequestSender - Using pooled Channel '[id: 0x474f5a08, L:/127.0.0.1:62774 - R:localhost/127.0.0.1:57946]' for 'GET' to 'http://localhost:57946/session/5a03715a5b8f6cc73e5404358f39ab40/element/84af53f8-dba9-45c6-baf8-b8d231026655/text'
15:41:00.396 [Forwarding getElementText on session 5a03715a5b8f6cc73e5404358f39ab40 to remote] DEBUG org.asynchttpclient.netty.request.NettyRequestSender - Using open Channel [id: 0x474f5a08, L:/127.0.0.1:62774 - R:localhost/127.0.0.1:57946] for GET '/session/5a03715a5b8f6cc73e5404358f39ab40/element/84af53f8-dba9-45c6-baf8-b8d231026655/text'
15:41:00.405 [AsyncHttpClient-1-1] DEBUG org.asynchttpclient.netty.channel.DefaultChannelPool - Entry count for : http://localhost:62775 : 1
15:41:00.415 [AsyncHttpClient-1-8] DEBUG org.asynchttpclient.netty.handler.HttpHandler - 

Request DefaultFullHttpRequest(decodeResult: success, version: HTTP/1.1, content: EmptyByteBufBE)
GET /session/5a03715a5b8f6cc73e5404358f39ab40/element/84af53f8-dba9-45c6-baf8-b8d231026655/text HTTP/1.1
User-Agent: selenium/4.1.2 (java windows)
Cache-Control: no-cache
Content-Type: application/json; charset=utf-8
host: localhost:57946
accept: */*

Response DefaultHttpResponse(decodeResult: success, version: HTTP/1.1)
HTTP/1.1 200 OK
Content-Type: application/json; charset=utf-8
cache-control: no-cache
content-length: 17

15:41:00.416 [AsyncHttpClient-1-8] DEBUG org.asynchttpclient.netty.channel.ChannelManager - Adding key: http://localhost:57946 for channel [id: 0x474f5a08, L:/127.0.0.1:62774 - R:localhost/127.0.0.1:57946]
15:41:00.423 [main] DEBUG net.thucydides.core.steps.StepInterceptor - STEP DONE: headerTextEqual
  &amp#27;[32mThen &amp#27;[0m&amp#27;[32mI'm still on the login page&amp#27;[0m           &amp#27;[90m# starter.stepdefinitions.LoginSteps.stillOnTheLoginPage()&amp#27;[0m
15:41:00.428 [Forwarding screenshot on session 5a03715a5b8f6cc73e5404358f39ab40 to remote] DEBUG org.asynchttpclient.netty.request.NettyRequestSender - Using pooled Channel '[id: 0x474f5a08, L:/127.0.0.1:62774 - R:localhost/127.0.0.1:57946]' for 'GET' to 'http://localhost:57946/session/5a03715a5b8f6cc73e5404358f39ab40/screenshot'
15:41:00.428 [Forwarding screenshot on session 5a03715a5b8f6cc73e5404358f39ab40 to remote] DEBUG org.asynchttpclient.netty.request.NettyRequestSender - Using open Channel [id: 0x474f5a08, L:/127.0.0.1:62774 - R:localhost/127.0.0.1:57946] for GET '/session/5a03715a5b8f6cc73e5404358f39ab40/screenshot'
15:41:00.601 [AsyncHttpClient-1-8] DEBUG org.asynchttpclient.netty.handler.HttpHandler - 

Request DefaultFullHttpRequest(decodeResult: success, version: HTTP/1.1, content: EmptyByteBufBE)
GET /session/5a03715a5b8f6cc73e5404358f39ab40/screenshot HTTP/1.1
User-Agent: selenium/4.1.2 (java windows)
Cache-Control: no-cache
Content-Type: application/json; charset=utf-8
host: localhost:57946
accept: */*

Response DefaultHttpResponse(decodeResult: success, version: HTTP/1.1)
HTTP/1.1 200 OK
Content-Type: application/json; charset=utf-8
cache-control: no-cache
content-length: 350272

15:41:00.602 [AsyncHttpClient-1-8] DEBUG org.asynchttpclient.netty.channel.ChannelManager - Adding key: http://localhost:57946 for channel [id: 0x474f5a08, L:/127.0.0.1:62774 - R:localhost/127.0.0.1:57946]
15:41:00.612 [main] DEBUG net.serenitybdd.core.photography.Darkroom - Send negative for processing for target\site\serenity\c39806d75e24794295b4219ec797b6399618b98e125aeb161864d9058a44c61a.png
15:41:00.613 [Darkroom Processing Line] DEBUG net.serenitybdd.core.photography.DarkroomProcessingLine - Processing screenshot image in /var/screenshots/screenshot-1714238378308163143
15:41:00.613 [Darkroom Processing Line] DEBUG net.serenitybdd.core.photography.DarkroomProcessingLine - Saving screenshot to target\site\serenity\c39806d75e24794295b4219ec797b6399618b98e125aeb161864d9058a44c61a.png
15:41:00.614 [main] INFO  - 
  _____   ___   ___   _____     ___     _     ___   ___   ___   ___  
 |_   _| | __| / __| |_   _|   | _ \   /_\   / __| / __| | __| |   \ 
   | |   | _|  \__ \   | |     |  _/  / _ \  \__ \ \__ \ | _|  | |) |
   |_|   |___| |___/   |_|     |_|   /_/ \_\ |___/ |___/ |___| |___/ 

Failed login with invalid password
----------------------------------------------------------------------
15:41:00.615 [AsyncHttpClient-1-10] DEBUG org.asynchttpclient.netty.handler.WebSocketHandler - Channel Closed: [id: 0x7c82869c, L:/127.0.0.1:62782 ! R:localhost/127.0.0.1:62775] with attribute NettyResponseFuture{currentRetry=5,
	isDone=1,
	isCancelled=0,
	asyncHandler=org.asynchttpclient.ws.WebSocketUpgradeHandler@4f0aaa0b,
	nettyRequest=org.asynchttpclient.netty.request.NettyRequest@a082d8e,
	future=java.util.concurrent.CompletableFuture@59a2ccad[Completed normally],
	uri=ws://localhost:62775/devtools/browser/463693b1-401a-4ae2-a7be-5ff761a5fdd7,
	keepAlive=true,
	redirectCount=0,
	timeoutsHolder=null,
	inAuth=0,
	touch=1648629650436}
15:41:00.615 [AsyncHttpClient-1-10] DEBUG org.asynchttpclient.netty.channel.ChannelManager - Closing Channel [id: 0x7c82869c, L:/127.0.0.1:62782 ! R:localhost/127.0.0.1:62775] 
15:41:00.615 [Driver Command Executor] DEBUG org.asynchttpclient.netty.request.NettyRequestSender - Using pooled Channel '[id: 0x474f5a08, L:/127.0.0.1:62774 - R:localhost/127.0.0.1:57946]' for 'DELETE' to 'http://localhost:57946/session/5a03715a5b8f6cc73e5404358f39ab40'
15:41:00.615 [Driver Command Executor] DEBUG org.asynchttpclient.netty.request.NettyRequestSender - Using open Channel [id: 0x474f5a08, L:/127.0.0.1:62774 - R:localhost/127.0.0.1:57946] for DELETE '/session/5a03715a5b8f6cc73e5404358f39ab40'
15:41:00.643 [AsyncHttpClient-1-9] DEBUG org.asynchttpclient.netty.handler.HttpHandler - Unexpected I/O exception on channel [id: 0xb39c066b, L:/127.0.0.1:62781 - R:localhost/127.0.0.1:62775]
java.io.IOException: An existing connection was forcibly closed by the remote host
	at sun.nio.ch.SocketDispatcher.read0(Native Method)
	at sun.nio.ch.SocketDispatcher.read(SocketDispatcher.java:43)
	at sun.nio.ch.IOUtil.readIntoNativeBuffer(IOUtil.java:223)
	at sun.nio.ch.IOUtil.read(IOUtil.java:192)
	at sun.nio.ch.SocketChannelImpl.read(SocketChannelImpl.java:380)
	at io.netty.buffer.PooledByteBuf.setBytes(PooledByteBuf.java:258)
	at io.netty.buffer.AbstractByteBuf.writeBytes(AbstractByteBuf.java:1132)
	at io.netty.channel.socket.nio.NioSocketChannel.doReadBytes(NioSocketChannel.java:350)
	at io.netty.channel.nio.AbstractNioByteChannel$NioByteUnsafe.read(AbstractNioByteChannel.java:151)
	at io.netty.channel.nio.NioEventLoop.processSelectedKey(NioEventLoop.java:722)
	at io.netty.channel.nio.NioEventLoop.processSelectedKeysOptimized(NioEventLoop.java:658)
	at io.netty.channel.nio.NioEventLoop.processSelectedKeys(NioEventLoop.java:584)
	at io.netty.channel.nio.NioEventLoop.run(NioEventLoop.java:496)
	at io.netty.util.concurrent.SingleThreadEventExecutor$4.run(SingleThreadEventExecutor.java:986)
	at io.netty.util.internal.ThreadExecutorMap$2.run(ThreadExecutorMap.java:74)
	at io.netty.util.concurrent.FastThreadLocalRunnable.run(FastThreadLocalRunnable.java:30)
	at java.lang.Thread.run(Thread.java:748)
15:41:00.643 [AsyncHttpClient-1-9] DEBUG org.asynchttpclient.netty.channel.ChannelManager - Closing Channel [id: 0xb39c066b, L:/127.0.0.1:62781 - R:localhost/127.0.0.1:62775] 
15:41:00.644 [AsyncHttpClient-1-9] DEBUG org.asynchttpclient.netty.handler.HttpHandler - Channel Closed: [id: 0xb39c066b, L:/127.0.0.1:62781 ! R:localhost/127.0.0.1:62775] with attribute DISCARD
15:41:00.660 [AsyncHttpClient-1-8] DEBUG org.asynchttpclient.netty.handler.HttpHandler - 

Request DefaultFullHttpRequest(decodeResult: success, version: HTTP/1.1, content: EmptyByteBufBE)
DELETE /session/5a03715a5b8f6cc73e5404358f39ab40 HTTP/1.1
User-Agent: selenium/4.1.2 (java windows)
Content-Type: application/json; charset=utf-8
host: localhost:57946
accept: */*

Response DefaultHttpResponse(decodeResult: success, version: HTTP/1.1)
HTTP/1.1 200 OK
Content-Type: application/json; charset=utf-8
cache-control: no-cache
content-length: 14

15:41:00.660 [AsyncHttpClient-1-8] DEBUG org.asynchttpclient.netty.channel.ChannelManager - Adding key: http://localhost:57946 for channel [id: 0x474f5a08, L:/127.0.0.1:62774 - R:localhost/127.0.0.1:57946]
15:41:00.702 [AsyncHttpClient-1-8] DEBUG org.asynchttpclient.netty.handler.HttpHandler - Channel Closed: [id: 0x474f5a08, L:/127.0.0.1:62774 ! R:localhost/127.0.0.1:57946] with attribute DISCARD
]]></system-out>
    <system-err><![CDATA[Starting ChromeDriver 99.0.4844.51 (d537ec02474b5afe23684e7963d538896c63ac77-refs/branch-heads/4844@{#875}) on port 57946
Only local connections are allowed.
Please see https://chromedriver.chromium.org/security-considerations for suggestions on keeping ChromeDriver safe.
ChromeDriver was started successfully.
Mar 30, 2022 3:40:50 PM org.openqa.selenium.remote.ProtocolHandshake createSession
INFO: Detected dialect: W3C
Mar 30, 2022 3:40:50 PM org.openqa.selenium.devtools.CdpVersionFinder findNearestMatch
WARNING: Unable to find an exact match for CDP version 99, so returning the closest version found: 97
Mar 30, 2022 3:40:50 PM org.openqa.selenium.devtools.CdpVersionFinder findNearestMatch
INFO: Found CDP implementation for version 99 of 97
]]></system-err>
  </testcase>
  <testcase name="Failed login with invalid username and password" classname="Login" time="14.396">
    <system-out><![CDATA[
Scenario: Failed login with invalid username and password &amp#27;[90m# src/test/resources/features/Login.feature:27&amp#27;[0m
15:41:01.220 [main] INFO io.cucumber.core.plugin.SerenityReporter - Running feature from file:///D:/PERKULIAHAN/SEMESTER%202/SOAL/section20/section20/src/test/resources/features/Login.feature
15:41:01.223 [main] INFO  - 
  _____   ___   ___   _____     ___   _____     _     ___   _____   ___   ___  
 |_   _| | __| / __| |_   _|   / __| |_   _|   /_\   | _ \ |_   _| | __| |   \ 
   | |   | _|  \__ \   | |     \__ \   | |    / _ \  |   /   | |   | _|  | |) |
   |_|   |___| |___/   |_|     |___/   |_|   /_/ \_\ |_|_\   |_|   |___| |___/ 

Failed login with invalid username and password(login;failed-login-with-invalid-username-and-password)
--------------------------------------------------------------------------------
15:41:01.251 [main] DEBUG net.thucydides.core.steps.StepInterceptor - STARTING STEP: LoginSteps.iAmOnTheLoginPage - openUrl
15:41:01.253 [main] INFO net.serenitybdd.core.webdriver.driverproviders.ChromeDriverProvider - Using automatically driver download
15:41:01.356 [main] DEBUG io.github.bonigarcia.wdm.cache.ResolutionCache - Resolution chrome=99 in cache (valid until 16:04:02 30/03/2022 ICT)
15:41:01.359 [main] DEBUG io.github.bonigarcia.wdm.cache.ResolutionCache - Resolution chrome99=99.0.4844.51 in cache (valid until 09:13:43 31/03/2022 ICT)
15:41:01.360 [main] INFO io.github.bonigarcia.wdm.WebDriverManager - Using chromedriver 99.0.4844.51 (resolved driver for Chrome 99)
15:41:01.366 [main] DEBUG io.github.bonigarcia.wdm.WebDriverManager - Driver chromedriver 99.0.4844.51 found in cache
15:41:01.367 [main] INFO io.github.bonigarcia.wdm.WebDriverManager - Exporting webdriver.chrome.driver as C:\Users\ACER\.cache\selenium\chromedriver\win32\99.0.4844.51\chromedriver.exe
15:41:01.466 [main] DEBUG net.serenitybdd.core.webdriver.driverproviders.ProvideNewDriver - Instantiating driver
15:41:01.466 [main] DEBUG net.serenitybdd.core.webdriver.driverproviders.ProvideNewDriver - Driver capabilities: Capabilities {acceptInsecureCerts: false, base.url: https://demoqa.com/, browserName: chrome, chrome.driver: src/test/resources/webdrive..., driver: chrome, goog:chromeOptions: {args: [], extensions: []}}
15:41:01.509 [AsyncHttpClient-1-1] DEBUG org.asynchttpclient.netty.channel.DefaultChannelPool - Entry count for : http://localhost:57946 : 1
15:41:01.509 [AsyncHttpClient-1-1] DEBUG org.asynchttpclient.netty.channel.DefaultChannelPool - Entry count for : http://localhost:62775 : 1
15:41:01.509 [AsyncHttpClient-1-1] DEBUG org.asynchttpclient.netty.channel.DefaultChannelPool - Adding Candidate expired Channel [id: 0x474f5a08, L:/127.0.0.1:62774 ! R:localhost/127.0.0.1:57946] isIdleTimeoutExpired=false isRemotelyClosed=true isTtlExpired=false
15:41:01.509 [AsyncHttpClient-1-1] DEBUG org.asynchttpclient.netty.channel.DefaultChannelPool - Closing Idle Channel [id: 0x474f5a08, L:/127.0.0.1:62774 ! R:localhost/127.0.0.1:57946]
15:41:01.509 [AsyncHttpClient-1-1] DEBUG org.asynchttpclient.netty.channel.DefaultChannelPool - Adding Candidate expired Channel [id: 0xb39c066b, L:/127.0.0.1:62781 ! R:localhost/127.0.0.1:62775] isIdleTimeoutExpired=false isRemotelyClosed=true isTtlExpired=false
15:41:01.509 [AsyncHttpClient-1-1] DEBUG org.asynchttpclient.netty.channel.DefaultChannelPool - Closing Idle Channel [id: 0xb39c066b, L:/127.0.0.1:62781 ! R:localhost/127.0.0.1:62775]
15:41:01.509 [AsyncHttpClient-1-1] DEBUG org.asynchttpclient.netty.channel.DefaultChannelPool - Closed 2 connections out of 2 in 0 ms
15:41:01.996 [AsyncHttpClient-1-11] DEBUG org.asynchttpclient.netty.channel.NettyConnectListener - Using new Channel '[id: 0x9852f3d0, L:/127.0.0.1:62836 - R:localhost/127.0.0.1:54445]' for 'POST' to '/session'
15:41:02.591 [AsyncHttpClient-1-11] DEBUG org.asynchttpclient.netty.handler.HttpHandler - 

Request DefaultHttpRequest(decodeResult: success, version: HTTP/1.1)
POST /session HTTP/1.1
User-Agent: selenium/4.1.2 (java windows)
Content-Length: 605
Content-Type: application/json; charset=utf-8
host: localhost:54445
accept: */*

Response DefaultHttpResponse(decodeResult: success, version: HTTP/1.1)
HTTP/1.1 200 OK
Content-Type: application/json; charset=utf-8
cache-control: no-cache
content-length: 787

15:41:02.592 [AsyncHttpClient-1-11] DEBUG org.asynchttpclient.netty.channel.ChannelManager - Adding key: http://localhost:54445 for channel [id: 0x9852f3d0, L:/127.0.0.1:62836 - R:localhost/127.0.0.1:54445]
15:41:02.600 [AsyncHttpClient-1-12] DEBUG org.asynchttpclient.netty.channel.NettyConnectListener - Using new Channel '[id: 0xbea873e4, L:/127.0.0.1:62843 - R:localhost/127.0.0.1:62837]' for 'GET' to '/json/version'
15:41:02.601 [AsyncHttpClient-1-12] DEBUG org.asynchttpclient.netty.handler.HttpHandler - 

Request DefaultFullHttpRequest(decodeResult: success, version: HTTP/1.1, content: EmptyByteBufBE)
GET /json/version HTTP/1.1
User-Agent: selenium/4.1.2 (java windows)
host: localhost:62837
accept: */*

Response DefaultHttpResponse(decodeResult: success, version: HTTP/1.1)
HTTP/1.1 200 OK
Content-Type: application/json; charset=UTF-8
content-length: 424

15:41:02.601 [AsyncHttpClient-1-12] DEBUG org.asynchttpclient.netty.channel.ChannelManager - Adding key: http://localhost:62837 for channel [id: 0xbea873e4, L:/127.0.0.1:62843 - R:localhost/127.0.0.1:62837]
15:41:02.603 [AsyncHttpClient-1-13] DEBUG org.asynchttpclient.netty.channel.NettyConnectListener - Using new Channel '[id: 0xb6d66b5a, L:/127.0.0.1:62844 - R:localhost/127.0.0.1:62837]' for 'GET' to '/devtools/browser/8371158e-ee6a-4024-820b-f807d6520048'
15:41:02.605 [AsyncHttpClient-1-13] DEBUG org.asynchttpclient.netty.handler.WebSocketHandler - 

Request DefaultFullHttpRequest(decodeResult: success, version: HTTP/1.1, content: EmptyByteBufBE)
GET /devtools/browser/8371158e-ee6a-4024-820b-f807d6520048 HTTP/1.1
upgrade: websocket
connection: upgrade
sec-websocket-key: F8AhpxKgn1NaUa1G7ZGWxA==
sec-websocket-version: 13
origin: http://localhost:62837
host: localhost:62837
accept: */*
user-agent: AHC/2.1

Response DefaultHttpResponse(decodeResult: success, version: HTTP/1.1)
HTTP/1.1 101 WebSocket Protocol Handshake
Upgrade: WebSocket
Connection: Upgrade
Sec-WebSocket-Accept: iqIWiNlqzcTm0wQRPXaER1yFZpI=

15:41:02.609 [AsyncHttpClient-1-1] DEBUG org.asynchttpclient.netty.channel.DefaultChannelPool - Entry count for : http://localhost:62837 : 1
15:41:02.609 [AsyncHttpClient-1-1] DEBUG org.asynchttpclient.netty.channel.DefaultChannelPool - Entry count for : http://localhost:54445 : 1
15:41:02.613 [Forwarding get on session 895b5a4cb54cc35930d838a1e294f918 to remote] DEBUG org.asynchttpclient.netty.request.NettyRequestSender - Using pooled Channel '[id: 0x9852f3d0, L:/127.0.0.1:62836 - R:localhost/127.0.0.1:54445]' for 'POST' to 'http://localhost:54445/session/895b5a4cb54cc35930d838a1e294f918/url'
15:41:02.613 [Forwarding get on session 895b5a4cb54cc35930d838a1e294f918 to remote] DEBUG org.asynchttpclient.netty.request.NettyRequestSender - Using open Channel [id: 0x9852f3d0, L:/127.0.0.1:62836 - R:localhost/127.0.0.1:54445] for POST '/session/895b5a4cb54cc35930d838a1e294f918/url'
15:41:03.702 [AsyncHttpClient-1-1] DEBUG org.asynchttpclient.netty.channel.DefaultChannelPool - Entry count for : http://localhost:62837 : 1
15:41:04.809 [AsyncHttpClient-1-1] DEBUG org.asynchttpclient.netty.channel.DefaultChannelPool - Entry count for : http://localhost:62837 : 1
15:41:05.905 [AsyncHttpClient-1-1] DEBUG org.asynchttpclient.netty.channel.DefaultChannelPool - Entry count for : http://localhost:62837 : 1
15:41:07.004 [AsyncHttpClient-1-1] DEBUG org.asynchttpclient.netty.channel.DefaultChannelPool - Entry count for : http://localhost:62837 : 1
15:41:08.103 [AsyncHttpClient-1-1] DEBUG org.asynchttpclient.netty.channel.DefaultChannelPool - Entry count for : http://localhost:62837 : 1
15:41:09.206 [AsyncHttpClient-1-1] DEBUG org.asynchttpclient.netty.channel.DefaultChannelPool - Entry count for : http://localhost:62837 : 1
15:41:10.304 [AsyncHttpClient-1-1] DEBUG org.asynchttpclient.netty.channel.DefaultChannelPool - Entry count for : http://localhost:62837 : 1
15:41:11.416 [AsyncHttpClient-1-1] DEBUG org.asynchttpclient.netty.channel.DefaultChannelPool - Entry count for : http://localhost:62837 : 1
15:41:12.303 [AsyncHttpClient-1-11] DEBUG org.asynchttpclient.netty.handler.HttpHandler - 

Request DefaultHttpRequest(decodeResult: success, version: HTTP/1.1)
POST /session/895b5a4cb54cc35930d838a1e294f918/url HTTP/1.1
User-Agent: selenium/4.1.2 (java windows)
Content-Length: 49
Content-Type: application/json; charset=utf-8
host: localhost:54445
accept: */*

Response DefaultHttpResponse(decodeResult: success, version: HTTP/1.1)
HTTP/1.1 200 OK
Content-Type: application/json; charset=utf-8
cache-control: no-cache
content-length: 14

15:41:12.303 [AsyncHttpClient-1-11] DEBUG org.asynchttpclient.netty.channel.ChannelManager - Adding key: http://localhost:54445 for channel [id: 0x9852f3d0, L:/127.0.0.1:62836 - R:localhost/127.0.0.1:54445]
15:41:12.304 [Forwarding setTimeout on session 895b5a4cb54cc35930d838a1e294f918 to remote] DEBUG org.asynchttpclient.netty.request.NettyRequestSender - Using pooled Channel '[id: 0x9852f3d0, L:/127.0.0.1:62836 - R:localhost/127.0.0.1:54445]' for 'POST' to 'http://localhost:54445/session/895b5a4cb54cc35930d838a1e294f918/timeouts'
15:41:12.304 [Forwarding setTimeout on session 895b5a4cb54cc35930d838a1e294f918 to remote] DEBUG org.asynchttpclient.netty.request.NettyRequestSender - Using open Channel [id: 0x9852f3d0, L:/127.0.0.1:62836 - R:localhost/127.0.0.1:54445] for POST '/session/895b5a4cb54cc35930d838a1e294f918/timeouts'
15:41:12.305 [AsyncHttpClient-1-11] DEBUG org.asynchttpclient.netty.handler.HttpHandler - 

Request DefaultHttpRequest(decodeResult: success, version: HTTP/1.1)
POST /session/895b5a4cb54cc35930d838a1e294f918/timeouts HTTP/1.1
User-Agent: selenium/4.1.2 (java windows)
Content-Length: 22
Content-Type: application/json; charset=utf-8
host: localhost:54445
accept: */*

Response DefaultHttpResponse(decodeResult: success, version: HTTP/1.1)
HTTP/1.1 200 OK
Content-Type: application/json; charset=utf-8
cache-control: no-cache
content-length: 14

15:41:12.305 [AsyncHttpClient-1-11] DEBUG org.asynchttpclient.netty.channel.ChannelManager - Adding key: http://localhost:54445 for channel [id: 0x9852f3d0, L:/127.0.0.1:62836 - R:localhost/127.0.0.1:54445]
15:41:12.306 [Forwarding getCurrentUrl on session 895b5a4cb54cc35930d838a1e294f918 to remote] DEBUG org.asynchttpclient.netty.request.NettyRequestSender - Using pooled Channel '[id: 0x9852f3d0, L:/127.0.0.1:62836 - R:localhost/127.0.0.1:54445]' for 'GET' to 'http://localhost:54445/session/895b5a4cb54cc35930d838a1e294f918/url'
15:41:12.306 [Forwarding getCurrentUrl on session 895b5a4cb54cc35930d838a1e294f918 to remote] DEBUG org.asynchttpclient.netty.request.NettyRequestSender - Using open Channel [id: 0x9852f3d0, L:/127.0.0.1:62836 - R:localhost/127.0.0.1:54445] for GET '/session/895b5a4cb54cc35930d838a1e294f918/url'
15:41:12.311 [AsyncHttpClient-1-11] DEBUG org.asynchttpclient.netty.handler.HttpHandler - 

Request DefaultFullHttpRequest(decodeResult: success, version: HTTP/1.1, content: EmptyByteBufBE)
GET /session/895b5a4cb54cc35930d838a1e294f918/url HTTP/1.1
User-Agent: selenium/4.1.2 (java windows)
Cache-Control: no-cache
Content-Type: application/json; charset=utf-8
host: localhost:54445
accept: */*

Response DefaultHttpResponse(decodeResult: success, version: HTTP/1.1)
HTTP/1.1 200 OK
Content-Type: application/json; charset=utf-8
cache-control: no-cache
content-length: 31

15:41:12.311 [AsyncHttpClient-1-11] DEBUG org.asynchttpclient.netty.channel.ChannelManager - Adding key: http://localhost:54445 for channel [id: 0x9852f3d0, L:/127.0.0.1:62836 - R:localhost/127.0.0.1:54445]
15:41:12.313 [Forwarding getCurrentUrl on session 895b5a4cb54cc35930d838a1e294f918 to remote] DEBUG org.asynchttpclient.netty.request.NettyRequestSender - Using pooled Channel '[id: 0x9852f3d0, L:/127.0.0.1:62836 - R:localhost/127.0.0.1:54445]' for 'GET' to 'http://localhost:54445/session/895b5a4cb54cc35930d838a1e294f918/url'
15:41:12.313 [Forwarding getCurrentUrl on session 895b5a4cb54cc35930d838a1e294f918 to remote] DEBUG org.asynchttpclient.netty.request.NettyRequestSender - Using open Channel [id: 0x9852f3d0, L:/127.0.0.1:62836 - R:localhost/127.0.0.1:54445] for GET '/session/895b5a4cb54cc35930d838a1e294f918/url'
15:41:12.316 [AsyncHttpClient-1-11] DEBUG org.asynchttpclient.netty.handler.HttpHandler - 

Request DefaultFullHttpRequest(decodeResult: success, version: HTTP/1.1, content: EmptyByteBufBE)
GET /session/895b5a4cb54cc35930d838a1e294f918/url HTTP/1.1
User-Agent: selenium/4.1.2 (java windows)
Cache-Control: no-cache
Content-Type: application/json; charset=utf-8
host: localhost:54445
accept: */*

Response DefaultHttpResponse(decodeResult: success, version: HTTP/1.1)
HTTP/1.1 200 OK
Content-Type: application/json; charset=utf-8
cache-control: no-cache
content-length: 31

15:41:12.317 [AsyncHttpClient-1-11] DEBUG org.asynchttpclient.netty.channel.ChannelManager - Adding key: http://localhost:54445 for channel [id: 0x9852f3d0, L:/127.0.0.1:62836 - R:localhost/127.0.0.1:54445]
15:41:12.320 [Forwarding screenshot on session 895b5a4cb54cc35930d838a1e294f918 to remote] DEBUG org.asynchttpclient.netty.request.NettyRequestSender - Using pooled Channel '[id: 0x9852f3d0, L:/127.0.0.1:62836 - R:localhost/127.0.0.1:54445]' for 'GET' to 'http://localhost:54445/session/895b5a4cb54cc35930d838a1e294f918/screenshot'
15:41:12.321 [Forwarding screenshot on session 895b5a4cb54cc35930d838a1e294f918 to remote] DEBUG org.asynchttpclient.netty.request.NettyRequestSender - Using open Channel [id: 0x9852f3d0, L:/127.0.0.1:62836 - R:localhost/127.0.0.1:54445] for GET '/session/895b5a4cb54cc35930d838a1e294f918/screenshot'
15:41:12.460 [AsyncHttpClient-1-11] DEBUG org.asynchttpclient.netty.handler.HttpHandler - 

Request DefaultFullHttpRequest(decodeResult: success, version: HTTP/1.1, content: EmptyByteBufBE)
GET /session/895b5a4cb54cc35930d838a1e294f918/screenshot HTTP/1.1
User-Agent: selenium/4.1.2 (java windows)
Cache-Control: no-cache
Content-Type: application/json; charset=utf-8
host: localhost:54445
accept: */*

Response DefaultHttpResponse(decodeResult: success, version: HTTP/1.1)
HTTP/1.1 200 OK
Content-Type: application/json; charset=utf-8
cache-control: no-cache
content-length: 220144

15:41:12.460 [AsyncHttpClient-1-11] DEBUG org.asynchttpclient.netty.channel.ChannelManager - Adding key: http://localhost:54445 for channel [id: 0x9852f3d0, L:/127.0.0.1:62836 - R:localhost/127.0.0.1:54445]
15:41:12.467 [main] DEBUG net.serenitybdd.core.photography.Darkroom - Send negative for processing for target\site\serenity\dd724a09d86fcb06a1964cf90b85db76108485bdf79f8bffab7a98536e2bf3cb.png
15:41:12.467 [main] DEBUG net.thucydides.core.steps.StepInterceptor - STEP DONE: openUrl
15:41:12.467 [Darkroom Processing Line] DEBUG net.serenitybdd.core.photography.DarkroomProcessingLine - Processing screenshot image in /var/screenshots/screenshot-9087702737552799703
15:41:12.467 [Darkroom Processing Line] DEBUG net.serenitybdd.core.photography.DarkroomProcessingLine - Saving screenshot to target\site\serenity\dd724a09d86fcb06a1964cf90b85db76108485bdf79f8bffab7a98536e2bf3cb.png
15:41:12.472 [main] DEBUG net.thucydides.core.steps.StepInterceptor - STARTING STEP: LoginSteps.iAmOnTheLoginPage - openBooks
15:41:12.474 [Forwarding findElement on session 895b5a4cb54cc35930d838a1e294f918 to remote] DEBUG org.asynchttpclient.netty.request.NettyRequestSender - Using pooled Channel '[id: 0x9852f3d0, L:/127.0.0.1:62836 - R:localhost/127.0.0.1:54445]' for 'POST' to 'http://localhost:54445/session/895b5a4cb54cc35930d838a1e294f918/element'
15:41:12.474 [Forwarding findElement on session 895b5a4cb54cc35930d838a1e294f918 to remote] DEBUG org.asynchttpclient.netty.request.NettyRequestSender - Using open Channel [id: 0x9852f3d0, L:/127.0.0.1:62836 - R:localhost/127.0.0.1:54445] for POST '/session/895b5a4cb54cc35930d838a1e294f918/element'
15:41:12.486 [AsyncHttpClient-1-11] DEBUG org.asynchttpclient.netty.handler.HttpHandler - 

Request DefaultHttpRequest(decodeResult: success, version: HTTP/1.1)
POST /session/895b5a4cb54cc35930d838a1e294f918/element HTTP/1.1
User-Agent: selenium/4.1.2 (java windows)
Content-Length: 73
Content-Type: application/json; charset=utf-8
host: localhost:54445
accept: */*

Response DefaultHttpResponse(decodeResult: success, version: HTTP/1.1)
HTTP/1.1 200 OK
Content-Type: application/json; charset=utf-8
cache-control: no-cache
content-length: 88

15:41:12.487 [AsyncHttpClient-1-11] DEBUG org.asynchttpclient.netty.channel.ChannelManager - Adding key: http://localhost:54445 for channel [id: 0x9852f3d0, L:/127.0.0.1:62836 - R:localhost/127.0.0.1:54445]
15:41:12.488 [Forwarding getElementTagName on session 895b5a4cb54cc35930d838a1e294f918 to remote] DEBUG org.asynchttpclient.netty.request.NettyRequestSender - Using pooled Channel '[id: 0x9852f3d0, L:/127.0.0.1:62836 - R:localhost/127.0.0.1:54445]' for 'GET' to 'http://localhost:54445/session/895b5a4cb54cc35930d838a1e294f918/element/dc1d07b1-9647-4712-86ae-345d3ebab2be/name'
15:41:12.488 [Forwarding getElementTagName on session 895b5a4cb54cc35930d838a1e294f918 to remote] DEBUG org.asynchttpclient.netty.request.NettyRequestSender - Using open Channel [id: 0x9852f3d0, L:/127.0.0.1:62836 - R:localhost/127.0.0.1:54445] for GET '/session/895b5a4cb54cc35930d838a1e294f918/element/dc1d07b1-9647-4712-86ae-345d3ebab2be/name'
15:41:12.495 [AsyncHttpClient-1-11] DEBUG org.asynchttpclient.netty.handler.HttpHandler - 

Request DefaultFullHttpRequest(decodeResult: success, version: HTTP/1.1, content: EmptyByteBufBE)
GET /session/895b5a4cb54cc35930d838a1e294f918/element/dc1d07b1-9647-4712-86ae-345d3ebab2be/name HTTP/1.1
User-Agent: selenium/4.1.2 (java windows)
Cache-Control: no-cache
Content-Type: application/json; charset=utf-8
host: localhost:54445
accept: */*

Response DefaultHttpResponse(decodeResult: success, version: HTTP/1.1)
HTTP/1.1 200 OK
Content-Type: application/json; charset=utf-8
cache-control: no-cache
content-length: 15

15:41:12.495 [AsyncHttpClient-1-11] DEBUG org.asynchttpclient.netty.channel.ChannelManager - Adding key: http://localhost:54445 for channel [id: 0x9852f3d0, L:/127.0.0.1:62836 - R:localhost/127.0.0.1:54445]
15:41:12.496 [Forwarding getElementTagName on session 895b5a4cb54cc35930d838a1e294f918 to remote] DEBUG org.asynchttpclient.netty.request.NettyRequestSender - Using pooled Channel '[id: 0x9852f3d0, L:/127.0.0.1:62836 - R:localhost/127.0.0.1:54445]' for 'GET' to 'http://localhost:54445/session/895b5a4cb54cc35930d838a1e294f918/element/dc1d07b1-9647-4712-86ae-345d3ebab2be/name'
15:41:12.496 [Forwarding getElementTagName on session 895b5a4cb54cc35930d838a1e294f918 to remote] DEBUG org.asynchttpclient.netty.request.NettyRequestSender - Using open Channel [id: 0x9852f3d0, L:/127.0.0.1:62836 - R:localhost/127.0.0.1:54445] for GET '/session/895b5a4cb54cc35930d838a1e294f918/element/dc1d07b1-9647-4712-86ae-345d3ebab2be/name'
15:41:12.500 [AsyncHttpClient-1-11] DEBUG org.asynchttpclient.netty.handler.HttpHandler - 

Request DefaultFullHttpRequest(decodeResult: success, version: HTTP/1.1, content: EmptyByteBufBE)
GET /session/895b5a4cb54cc35930d838a1e294f918/element/dc1d07b1-9647-4712-86ae-345d3ebab2be/name HTTP/1.1
User-Agent: selenium/4.1.2 (java windows)
Cache-Control: no-cache
Content-Type: application/json; charset=utf-8
host: localhost:54445
accept: */*

Response DefaultHttpResponse(decodeResult: success, version: HTTP/1.1)
HTTP/1.1 200 OK
Content-Type: application/json; charset=utf-8
cache-control: no-cache
content-length: 15

15:41:12.501 [AsyncHttpClient-1-11] DEBUG org.asynchttpclient.netty.channel.ChannelManager - Adding key: http://localhost:54445 for channel [id: 0x9852f3d0, L:/127.0.0.1:62836 - R:localhost/127.0.0.1:54445]
15:41:12.503 [AsyncHttpClient-1-1] DEBUG org.asynchttpclient.netty.channel.DefaultChannelPool - Entry count for : http://localhost:62837 : 1
15:41:12.503 [AsyncHttpClient-1-1] DEBUG org.asynchttpclient.netty.channel.DefaultChannelPool - Entry count for : http://localhost:54445 : 1
15:41:12.503 [Forwarding findElement on session 895b5a4cb54cc35930d838a1e294f918 to remote] DEBUG org.asynchttpclient.netty.request.NettyRequestSender - Using pooled Channel '[id: 0x9852f3d0, L:/127.0.0.1:62836 - R:localhost/127.0.0.1:54445]' for 'POST' to 'http://localhost:54445/session/895b5a4cb54cc35930d838a1e294f918/element'
15:41:12.503 [Forwarding findElement on session 895b5a4cb54cc35930d838a1e294f918 to remote] DEBUG org.asynchttpclient.netty.request.NettyRequestSender - Using open Channel [id: 0x9852f3d0, L:/127.0.0.1:62836 - R:localhost/127.0.0.1:54445] for POST '/session/895b5a4cb54cc35930d838a1e294f918/element'
15:41:12.512 [AsyncHttpClient-1-11] DEBUG org.asynchttpclient.netty.handler.HttpHandler - 

Request DefaultHttpRequest(decodeResult: success, version: HTTP/1.1)
POST /session/895b5a4cb54cc35930d838a1e294f918/element HTTP/1.1
User-Agent: selenium/4.1.2 (java windows)
Content-Length: 73
Content-Type: application/json; charset=utf-8
host: localhost:54445
accept: */*

Response DefaultHttpResponse(decodeResult: success, version: HTTP/1.1)
HTTP/1.1 200 OK
Content-Type: application/json; charset=utf-8
cache-control: no-cache
content-length: 88

15:41:12.512 [AsyncHttpClient-1-11] DEBUG org.asynchttpclient.netty.channel.ChannelManager - Adding key: http://localhost:54445 for channel [id: 0x9852f3d0, L:/127.0.0.1:62836 - R:localhost/127.0.0.1:54445]
15:41:12.513 [Forwarding clickElement on session 895b5a4cb54cc35930d838a1e294f918 to remote] DEBUG org.asynchttpclient.netty.request.NettyRequestSender - Using pooled Channel '[id: 0x9852f3d0, L:/127.0.0.1:62836 - R:localhost/127.0.0.1:54445]' for 'POST' to 'http://localhost:54445/session/895b5a4cb54cc35930d838a1e294f918/element/dc1d07b1-9647-4712-86ae-345d3ebab2be/click'
15:41:12.513 [Forwarding clickElement on session 895b5a4cb54cc35930d838a1e294f918 to remote] DEBUG org.asynchttpclient.netty.request.NettyRequestSender - Using open Channel [id: 0x9852f3d0, L:/127.0.0.1:62836 - R:localhost/127.0.0.1:54445] for POST '/session/895b5a4cb54cc35930d838a1e294f918/element/dc1d07b1-9647-4712-86ae-345d3ebab2be/click'
15:41:12.586 [AsyncHttpClient-1-11] DEBUG org.asynchttpclient.netty.handler.HttpHandler - 

Request DefaultHttpRequest(decodeResult: success, version: HTTP/1.1)
POST /session/895b5a4cb54cc35930d838a1e294f918/element/dc1d07b1-9647-4712-86ae-345d3ebab2be/click HTTP/1.1
User-Agent: selenium/4.1.2 (java windows)
Content-Length: 50
Content-Type: application/json; charset=utf-8
host: localhost:54445
accept: */*

Response DefaultHttpResponse(decodeResult: success, version: HTTP/1.1)
HTTP/1.1 200 OK
Content-Type: application/json; charset=utf-8
cache-control: no-cache
content-length: 14

15:41:12.586 [AsyncHttpClient-1-11] DEBUG org.asynchttpclient.netty.channel.ChannelManager - Adding key: http://localhost:54445 for channel [id: 0x9852f3d0, L:/127.0.0.1:62836 - R:localhost/127.0.0.1:54445]
15:41:12.590 [Forwarding screenshot on session 895b5a4cb54cc35930d838a1e294f918 to remote] DEBUG org.asynchttpclient.netty.request.NettyRequestSender - Using pooled Channel '[id: 0x9852f3d0, L:/127.0.0.1:62836 - R:localhost/127.0.0.1:54445]' for 'GET' to 'http://localhost:54445/session/895b5a4cb54cc35930d838a1e294f918/screenshot'
15:41:12.590 [Forwarding screenshot on session 895b5a4cb54cc35930d838a1e294f918 to remote] DEBUG org.asynchttpclient.netty.request.NettyRequestSender - Using open Channel [id: 0x9852f3d0, L:/127.0.0.1:62836 - R:localhost/127.0.0.1:54445] for GET '/session/895b5a4cb54cc35930d838a1e294f918/screenshot'
15:41:12.730 [AsyncHttpClient-1-11] DEBUG org.asynchttpclient.netty.handler.HttpHandler - 

Request DefaultFullHttpRequest(decodeResult: success, version: HTTP/1.1, content: EmptyByteBufBE)
GET /session/895b5a4cb54cc35930d838a1e294f918/screenshot HTTP/1.1
User-Agent: selenium/4.1.2 (java windows)
Cache-Control: no-cache
Content-Type: application/json; charset=utf-8
host: localhost:54445
accept: */*

Response DefaultHttpResponse(decodeResult: success, version: HTTP/1.1)
HTTP/1.1 200 OK
Content-Type: application/json; charset=utf-8
cache-control: no-cache
content-length: 83548

15:41:12.731 [AsyncHttpClient-1-11] DEBUG org.asynchttpclient.netty.channel.ChannelManager - Adding key: http://localhost:54445 for channel [id: 0x9852f3d0, L:/127.0.0.1:62836 - R:localhost/127.0.0.1:54445]
15:41:12.735 [main] DEBUG net.serenitybdd.core.photography.Darkroom - Send negative for processing for target\site\serenity\a6e8a1de5993bcf9fb43c8f5176dadd75c7ef34d07b3af74ef623d36c16a9ed9.png
15:41:12.735 [main] DEBUG net.thucydides.core.steps.StepInterceptor - STEP DONE: openBooks
15:41:12.736 [Darkroom Processing Line] DEBUG net.serenitybdd.core.photography.DarkroomProcessingLine - Processing screenshot image in /var/screenshots/screenshot-5793888655398914581
15:41:12.736 [Darkroom Processing Line] DEBUG net.serenitybdd.core.photography.DarkroomProcessingLine - Saving screenshot to target\site\serenity\a6e8a1de5993bcf9fb43c8f5176dadd75c7ef34d07b3af74ef623d36c16a9ed9.png
15:41:12.740 [main] DEBUG net.thucydides.core.steps.StepInterceptor - STARTING STEP: LoginSteps.iAmOnTheLoginPage - clickLoginButton
15:41:12.743 [Forwarding findElement on session 895b5a4cb54cc35930d838a1e294f918 to remote] DEBUG org.asynchttpclient.netty.request.NettyRequestSender - Using pooled Channel '[id: 0x9852f3d0, L:/127.0.0.1:62836 - R:localhost/127.0.0.1:54445]' for 'POST' to 'http://localhost:54445/session/895b5a4cb54cc35930d838a1e294f918/element'
15:41:12.743 [Forwarding findElement on session 895b5a4cb54cc35930d838a1e294f918 to remote] DEBUG org.asynchttpclient.netty.request.NettyRequestSender - Using open Channel [id: 0x9852f3d0, L:/127.0.0.1:62836 - R:localhost/127.0.0.1:54445] for POST '/session/895b5a4cb54cc35930d838a1e294f918/element'
15:41:13.397 [AsyncHttpClient-1-11] DEBUG org.asynchttpclient.netty.handler.HttpHandler - 

Request DefaultHttpRequest(decodeResult: success, version: HTTP/1.1)
POST /session/895b5a4cb54cc35930d838a1e294f918/element HTTP/1.1
User-Agent: selenium/4.1.2 (java windows)
Content-Length: 50
Content-Type: application/json; charset=utf-8
host: localhost:54445
accept: */*

Response DefaultHttpResponse(decodeResult: success, version: HTTP/1.1)
HTTP/1.1 200 OK
Content-Type: application/json; charset=utf-8
cache-control: no-cache
content-length: 88

15:41:13.397 [AsyncHttpClient-1-11] DEBUG org.asynchttpclient.netty.channel.ChannelManager - Adding key: http://localhost:54445 for channel [id: 0x9852f3d0, L:/127.0.0.1:62836 - R:localhost/127.0.0.1:54445]
15:41:13.398 [Forwarding getElementTagName on session 895b5a4cb54cc35930d838a1e294f918 to remote] DEBUG org.asynchttpclient.netty.request.NettyRequestSender - Using pooled Channel '[id: 0x9852f3d0, L:/127.0.0.1:62836 - R:localhost/127.0.0.1:54445]' for 'GET' to 'http://localhost:54445/session/895b5a4cb54cc35930d838a1e294f918/element/30892343-b489-4949-815e-43a3caf5f7f1/name'
15:41:13.398 [Forwarding getElementTagName on session 895b5a4cb54cc35930d838a1e294f918 to remote] DEBUG org.asynchttpclient.netty.request.NettyRequestSender - Using open Channel [id: 0x9852f3d0, L:/127.0.0.1:62836 - R:localhost/127.0.0.1:54445] for GET '/session/895b5a4cb54cc35930d838a1e294f918/element/30892343-b489-4949-815e-43a3caf5f7f1/name'
15:41:13.404 [AsyncHttpClient-1-11] DEBUG org.asynchttpclient.netty.handler.HttpHandler - 

Request DefaultFullHttpRequest(decodeResult: success, version: HTTP/1.1, content: EmptyByteBufBE)
GET /session/895b5a4cb54cc35930d838a1e294f918/element/30892343-b489-4949-815e-43a3caf5f7f1/name HTTP/1.1
User-Agent: selenium/4.1.2 (java windows)
Cache-Control: no-cache
Content-Type: application/json; charset=utf-8
host: localhost:54445
accept: */*

Response DefaultHttpResponse(decodeResult: success, version: HTTP/1.1)
HTTP/1.1 200 OK
Content-Type: application/json; charset=utf-8
cache-control: no-cache
content-length: 18

15:41:13.404 [AsyncHttpClient-1-11] DEBUG org.asynchttpclient.netty.channel.ChannelManager - Adding key: http://localhost:54445 for channel [id: 0x9852f3d0, L:/127.0.0.1:62836 - R:localhost/127.0.0.1:54445]
15:41:13.405 [Forwarding getElementTagName on session 895b5a4cb54cc35930d838a1e294f918 to remote] DEBUG org.asynchttpclient.netty.request.NettyRequestSender - Using pooled Channel '[id: 0x9852f3d0, L:/127.0.0.1:62836 - R:localhost/127.0.0.1:54445]' for 'GET' to 'http://localhost:54445/session/895b5a4cb54cc35930d838a1e294f918/element/30892343-b489-4949-815e-43a3caf5f7f1/name'
15:41:13.405 [Forwarding getElementTagName on session 895b5a4cb54cc35930d838a1e294f918 to remote] DEBUG org.asynchttpclient.netty.request.NettyRequestSender - Using open Channel [id: 0x9852f3d0, L:/127.0.0.1:62836 - R:localhost/127.0.0.1:54445] for GET '/session/895b5a4cb54cc35930d838a1e294f918/element/30892343-b489-4949-815e-43a3caf5f7f1/name'
15:41:13.408 [AsyncHttpClient-1-11] DEBUG org.asynchttpclient.netty.handler.HttpHandler - 

Request DefaultFullHttpRequest(decodeResult: success, version: HTTP/1.1, content: EmptyByteBufBE)
GET /session/895b5a4cb54cc35930d838a1e294f918/element/30892343-b489-4949-815e-43a3caf5f7f1/name HTTP/1.1
User-Agent: selenium/4.1.2 (java windows)
Cache-Control: no-cache
Content-Type: application/json; charset=utf-8
host: localhost:54445
accept: */*

Response DefaultHttpResponse(decodeResult: success, version: HTTP/1.1)
HTTP/1.1 200 OK
Content-Type: application/json; charset=utf-8
cache-control: no-cache
content-length: 18

15:41:13.408 [AsyncHttpClient-1-11] DEBUG org.asynchttpclient.netty.channel.ChannelManager - Adding key: http://localhost:54445 for channel [id: 0x9852f3d0, L:/127.0.0.1:62836 - R:localhost/127.0.0.1:54445]
15:41:13.412 [Forwarding isElementEnabled on session 895b5a4cb54cc35930d838a1e294f918 to remote] DEBUG org.asynchttpclient.netty.request.NettyRequestSender - Using pooled Channel '[id: 0x9852f3d0, L:/127.0.0.1:62836 - R:localhost/127.0.0.1:54445]' for 'GET' to 'http://localhost:54445/session/895b5a4cb54cc35930d838a1e294f918/element/30892343-b489-4949-815e-43a3caf5f7f1/enabled'
15:41:13.412 [Forwarding isElementEnabled on session 895b5a4cb54cc35930d838a1e294f918 to remote] DEBUG org.asynchttpclient.netty.request.NettyRequestSender - Using open Channel [id: 0x9852f3d0, L:/127.0.0.1:62836 - R:localhost/127.0.0.1:54445] for GET '/session/895b5a4cb54cc35930d838a1e294f918/element/30892343-b489-4949-815e-43a3caf5f7f1/enabled'
15:41:13.419 [AsyncHttpClient-1-11] DEBUG org.asynchttpclient.netty.handler.HttpHandler - 

Request DefaultFullHttpRequest(decodeResult: success, version: HTTP/1.1, content: EmptyByteBufBE)
GET /session/895b5a4cb54cc35930d838a1e294f918/element/30892343-b489-4949-815e-43a3caf5f7f1/enabled HTTP/1.1
User-Agent: selenium/4.1.2 (java windows)
Cache-Control: no-cache
Content-Type: application/json; charset=utf-8
host: localhost:54445
accept: */*

Response DefaultHttpResponse(decodeResult: success, version: HTTP/1.1)
HTTP/1.1 200 OK
Content-Type: application/json; charset=utf-8
cache-control: no-cache
content-length: 14

15:41:13.420 [AsyncHttpClient-1-11] DEBUG org.asynchttpclient.netty.channel.ChannelManager - Adding key: http://localhost:54445 for channel [id: 0x9852f3d0, L:/127.0.0.1:62836 - R:localhost/127.0.0.1:54445]
15:41:13.422 [Forwarding isElementEnabled on session 895b5a4cb54cc35930d838a1e294f918 to remote] DEBUG org.asynchttpclient.netty.request.NettyRequestSender - Using pooled Channel '[id: 0x9852f3d0, L:/127.0.0.1:62836 - R:localhost/127.0.0.1:54445]' for 'GET' to 'http://localhost:54445/session/895b5a4cb54cc35930d838a1e294f918/element/30892343-b489-4949-815e-43a3caf5f7f1/enabled'
15:41:13.422 [Forwarding isElementEnabled on session 895b5a4cb54cc35930d838a1e294f918 to remote] DEBUG org.asynchttpclient.netty.request.NettyRequestSender - Using open Channel [id: 0x9852f3d0, L:/127.0.0.1:62836 - R:localhost/127.0.0.1:54445] for GET '/session/895b5a4cb54cc35930d838a1e294f918/element/30892343-b489-4949-815e-43a3caf5f7f1/enabled'
15:41:13.430 [AsyncHttpClient-1-11] DEBUG org.asynchttpclient.netty.handler.HttpHandler - 

Request DefaultFullHttpRequest(decodeResult: success, version: HTTP/1.1, content: EmptyByteBufBE)
GET /session/895b5a4cb54cc35930d838a1e294f918/element/30892343-b489-4949-815e-43a3caf5f7f1/enabled HTTP/1.1
User-Agent: selenium/4.1.2 (java windows)
Cache-Control: no-cache
Content-Type: application/json; charset=utf-8
host: localhost:54445
accept: */*

Response DefaultHttpResponse(decodeResult: success, version: HTTP/1.1)
HTTP/1.1 200 OK
Content-Type: application/json; charset=utf-8
cache-control: no-cache
content-length: 14

15:41:13.430 [AsyncHttpClient-1-11] DEBUG org.asynchttpclient.netty.channel.ChannelManager - Adding key: http://localhost:54445 for channel [id: 0x9852f3d0, L:/127.0.0.1:62836 - R:localhost/127.0.0.1:54445]
15:41:13.431 [Forwarding findElement on session 895b5a4cb54cc35930d838a1e294f918 to remote] DEBUG org.asynchttpclient.netty.request.NettyRequestSender - Using pooled Channel '[id: 0x9852f3d0, L:/127.0.0.1:62836 - R:localhost/127.0.0.1:54445]' for 'POST' to 'http://localhost:54445/session/895b5a4cb54cc35930d838a1e294f918/element'
15:41:13.431 [Forwarding findElement on session 895b5a4cb54cc35930d838a1e294f918 to remote] DEBUG org.asynchttpclient.netty.request.NettyRequestSender - Using open Channel [id: 0x9852f3d0, L:/127.0.0.1:62836 - R:localhost/127.0.0.1:54445] for POST '/session/895b5a4cb54cc35930d838a1e294f918/element'
15:41:13.439 [AsyncHttpClient-1-11] DEBUG org.asynchttpclient.netty.handler.HttpHandler - 

Request DefaultHttpRequest(decodeResult: success, version: HTTP/1.1)
POST /session/895b5a4cb54cc35930d838a1e294f918/element HTTP/1.1
User-Agent: selenium/4.1.2 (java windows)
Content-Length: 50
Content-Type: application/json; charset=utf-8
host: localhost:54445
accept: */*

Response DefaultHttpResponse(decodeResult: success, version: HTTP/1.1)
HTTP/1.1 200 OK
Content-Type: application/json; charset=utf-8
cache-control: no-cache
content-length: 88

15:41:13.440 [AsyncHttpClient-1-11] DEBUG org.asynchttpclient.netty.channel.ChannelManager - Adding key: http://localhost:54445 for channel [id: 0x9852f3d0, L:/127.0.0.1:62836 - R:localhost/127.0.0.1:54445]
15:41:13.441 [Forwarding clickElement on session 895b5a4cb54cc35930d838a1e294f918 to remote] DEBUG org.asynchttpclient.netty.request.NettyRequestSender - Using pooled Channel '[id: 0x9852f3d0, L:/127.0.0.1:62836 - R:localhost/127.0.0.1:54445]' for 'POST' to 'http://localhost:54445/session/895b5a4cb54cc35930d838a1e294f918/element/30892343-b489-4949-815e-43a3caf5f7f1/click'
15:41:13.441 [Forwarding clickElement on session 895b5a4cb54cc35930d838a1e294f918 to remote] DEBUG org.asynchttpclient.netty.request.NettyRequestSender - Using open Channel [id: 0x9852f3d0, L:/127.0.0.1:62836 - R:localhost/127.0.0.1:54445] for POST '/session/895b5a4cb54cc35930d838a1e294f918/element/30892343-b489-4949-815e-43a3caf5f7f1/click'
15:41:13.489 [AsyncHttpClient-1-11] DEBUG org.asynchttpclient.netty.handler.HttpHandler - 

Request DefaultHttpRequest(decodeResult: success, version: HTTP/1.1)
POST /session/895b5a4cb54cc35930d838a1e294f918/element/30892343-b489-4949-815e-43a3caf5f7f1/click HTTP/1.1
User-Agent: selenium/4.1.2 (java windows)
Content-Length: 50
Content-Type: application/json; charset=utf-8
host: localhost:54445
accept: */*

Response DefaultHttpResponse(decodeResult: success, version: HTTP/1.1)
HTTP/1.1 200 OK
Content-Type: application/json; charset=utf-8
cache-control: no-cache
content-length: 14

15:41:13.489 [AsyncHttpClient-1-11] DEBUG org.asynchttpclient.netty.channel.ChannelManager - Adding key: http://localhost:54445 for channel [id: 0x9852f3d0, L:/127.0.0.1:62836 - R:localhost/127.0.0.1:54445]
15:41:13.494 [Forwarding screenshot on session 895b5a4cb54cc35930d838a1e294f918 to remote] DEBUG org.asynchttpclient.netty.request.NettyRequestSender - Using pooled Channel '[id: 0x9852f3d0, L:/127.0.0.1:62836 - R:localhost/127.0.0.1:54445]' for 'GET' to 'http://localhost:54445/session/895b5a4cb54cc35930d838a1e294f918/screenshot'
15:41:13.494 [Forwarding screenshot on session 895b5a4cb54cc35930d838a1e294f918 to remote] DEBUG org.asynchttpclient.netty.request.NettyRequestSender - Using open Channel [id: 0x9852f3d0, L:/127.0.0.1:62836 - R:localhost/127.0.0.1:54445] for GET '/session/895b5a4cb54cc35930d838a1e294f918/screenshot'
15:41:13.606 [AsyncHttpClient-1-1] DEBUG org.asynchttpclient.netty.channel.DefaultChannelPool - Entry count for : http://localhost:62837 : 1
15:41:13.658 [AsyncHttpClient-1-11] DEBUG org.asynchttpclient.netty.handler.HttpHandler - 

Request DefaultFullHttpRequest(decodeResult: success, version: HTTP/1.1, content: EmptyByteBufBE)
GET /session/895b5a4cb54cc35930d838a1e294f918/screenshot HTTP/1.1
User-Agent: selenium/4.1.2 (java windows)
Cache-Control: no-cache
Content-Type: application/json; charset=utf-8
host: localhost:54445
accept: */*

Response DefaultHttpResponse(decodeResult: success, version: HTTP/1.1)
HTTP/1.1 200 OK
Content-Type: application/json; charset=utf-8
cache-control: no-cache
content-length: 164200

15:41:13.658 [AsyncHttpClient-1-11] DEBUG org.asynchttpclient.netty.channel.ChannelManager - Adding key: http://localhost:54445 for channel [id: 0x9852f3d0, L:/127.0.0.1:62836 - R:localhost/127.0.0.1:54445]
15:41:13.663 [main] DEBUG net.serenitybdd.core.photography.Darkroom - Send negative for processing for target\site\serenity\ca2fc56b34116bd77597048b6600b38a628f1618a672b7acadf5a09feea230b8.png
15:41:13.663 [main] DEBUG net.thucydides.core.steps.StepInterceptor - STEP DONE: clickLoginButton
15:41:13.663 [Darkroom Processing Line] DEBUG net.serenitybdd.core.photography.DarkroomProcessingLine - Processing screenshot image in /var/screenshots/screenshot-579184864599323499
15:41:13.663 [Darkroom Processing Line] DEBUG net.serenitybdd.core.photography.DarkroomProcessingLine - Saving screenshot to target\site\serenity\ca2fc56b34116bd77597048b6600b38a628f1618a672b7acadf5a09feea230b8.png
15:41:13.668 [main] DEBUG net.thucydides.core.steps.StepInterceptor - STARTING STEP: LoginSteps.iAmOnTheLoginPage - validateOnLoginPage
15:41:13.669 [Forwarding findElement on session 895b5a4cb54cc35930d838a1e294f918 to remote] DEBUG org.asynchttpclient.netty.request.NettyRequestSender - Using pooled Channel '[id: 0x9852f3d0, L:/127.0.0.1:62836 - R:localhost/127.0.0.1:54445]' for 'POST' to 'http://localhost:54445/session/895b5a4cb54cc35930d838a1e294f918/element'
15:41:13.669 [Forwarding findElement on session 895b5a4cb54cc35930d838a1e294f918 to remote] DEBUG org.asynchttpclient.netty.request.NettyRequestSender - Using open Channel [id: 0x9852f3d0, L:/127.0.0.1:62836 - R:localhost/127.0.0.1:54445] for POST '/session/895b5a4cb54cc35930d838a1e294f918/element'
15:41:13.684 [AsyncHttpClient-1-11] DEBUG org.asynchttpclient.netty.handler.HttpHandler - 

Request DefaultHttpRequest(decodeResult: success, version: HTTP/1.1)
POST /session/895b5a4cb54cc35930d838a1e294f918/element HTTP/1.1
User-Agent: selenium/4.1.2 (java windows)
Content-Length: 50
Content-Type: application/json; charset=utf-8
host: localhost:54445
accept: */*

Response DefaultHttpResponse(decodeResult: success, version: HTTP/1.1)
HTTP/1.1 200 OK
Content-Type: application/json; charset=utf-8
cache-control: no-cache
content-length: 88

15:41:13.684 [AsyncHttpClient-1-11] DEBUG org.asynchttpclient.netty.channel.ChannelManager - Adding key: http://localhost:54445 for channel [id: 0x9852f3d0, L:/127.0.0.1:62836 - R:localhost/127.0.0.1:54445]
15:41:13.687 [Forwarding isElementDisplayed on session 895b5a4cb54cc35930d838a1e294f918 to remote] DEBUG org.asynchttpclient.netty.request.NettyRequestSender - Using pooled Channel '[id: 0x9852f3d0, L:/127.0.0.1:62836 - R:localhost/127.0.0.1:54445]' for 'POST' to 'http://localhost:54445/session/895b5a4cb54cc35930d838a1e294f918/execute/sync'
15:41:13.687 [Forwarding isElementDisplayed on session 895b5a4cb54cc35930d838a1e294f918 to remote] DEBUG org.asynchttpclient.netty.request.NettyRequestSender - Using open Channel [id: 0x9852f3d0, L:/127.0.0.1:62836 - R:localhost/127.0.0.1:54445] for POST '/session/895b5a4cb54cc35930d838a1e294f918/execute/sync'
15:41:13.699 [AsyncHttpClient-1-11] DEBUG org.asynchttpclient.netty.handler.HttpHandler - 

Request DefaultHttpRequest(decodeResult: success, version: HTTP/1.1)
POST /session/895b5a4cb54cc35930d838a1e294f918/execute/sync HTTP/1.1
User-Agent: selenium/4.1.2 (java windows)
Content-Length: 48780
Content-Type: application/json; charset=utf-8
host: localhost:54445
accept: */*

Response DefaultHttpResponse(decodeResult: success, version: HTTP/1.1)
HTTP/1.1 200 OK
Content-Type: application/json; charset=utf-8
cache-control: no-cache
content-length: 14

15:41:13.700 [AsyncHttpClient-1-11] DEBUG org.asynchttpclient.netty.channel.ChannelManager - Adding key: http://localhost:54445 for channel [id: 0x9852f3d0, L:/127.0.0.1:62836 - R:localhost/127.0.0.1:54445]
15:41:13.703 [main] DEBUG net.thucydides.core.steps.StepInterceptor - STEP DONE: validateOnLoginPage
  &amp#27;[32mGiven &amp#27;[0m&amp#27;[32mI am on the login page&amp#27;[0m                            &amp#27;[90m# starter.stepdefinitions.LoginSteps.iAmOnTheLoginPage()&amp#27;[0m
15:41:13.715 [Forwarding screenshot on session 895b5a4cb54cc35930d838a1e294f918 to remote] DEBUG org.asynchttpclient.netty.request.NettyRequestSender - Using pooled Channel '[id: 0x9852f3d0, L:/127.0.0.1:62836 - R:localhost/127.0.0.1:54445]' for 'GET' to 'http://localhost:54445/session/895b5a4cb54cc35930d838a1e294f918/screenshot'
15:41:13.715 [Forwarding screenshot on session 895b5a4cb54cc35930d838a1e294f918 to remote] DEBUG org.asynchttpclient.netty.request.NettyRequestSender - Using open Channel [id: 0x9852f3d0, L:/127.0.0.1:62836 - R:localhost/127.0.0.1:54445] for GET '/session/895b5a4cb54cc35930d838a1e294f918/screenshot'
15:41:13.867 [AsyncHttpClient-1-11] DEBUG org.asynchttpclient.netty.handler.HttpHandler - 

Request DefaultFullHttpRequest(decodeResult: success, version: HTTP/1.1, content: EmptyByteBufBE)
GET /session/895b5a4cb54cc35930d838a1e294f918/screenshot HTTP/1.1
User-Agent: selenium/4.1.2 (java windows)
Cache-Control: no-cache
Content-Type: application/json; charset=utf-8
host: localhost:54445
accept: */*

Response DefaultHttpResponse(decodeResult: success, version: HTTP/1.1)
HTTP/1.1 200 OK
Content-Type: application/json; charset=utf-8
cache-control: no-cache
content-length: 155108

15:41:13.867 [AsyncHttpClient-1-11] DEBUG org.asynchttpclient.netty.channel.ChannelManager - Adding key: http://localhost:54445 for channel [id: 0x9852f3d0, L:/127.0.0.1:62836 - R:localhost/127.0.0.1:54445]
15:41:13.874 [main] DEBUG net.serenitybdd.core.photography.Darkroom - Send negative for processing for target\site\serenity\101989d08177f70fbbc3d4d7725f0be288f73531bb37b1b09b38afe1eff5979b.png
15:41:13.875 [Darkroom Processing Line] DEBUG net.serenitybdd.core.photography.DarkroomProcessingLine - Processing screenshot image in /var/screenshots/screenshot-4044218026937456434
15:41:13.875 [main] DEBUG net.thucydides.core.steps.StepInterceptor - STARTING STEP: LoginSteps.iInputInvalidUsername - inputPassword
15:41:13.875 [Darkroom Processing Line] DEBUG net.serenitybdd.core.photography.DarkroomProcessingLine - Saving screenshot to target\site\serenity\101989d08177f70fbbc3d4d7725f0be288f73531bb37b1b09b38afe1eff5979b.png
15:41:13.878 [Forwarding findElement on session 895b5a4cb54cc35930d838a1e294f918 to remote] DEBUG org.asynchttpclient.netty.request.NettyRequestSender - Using pooled Channel '[id: 0x9852f3d0, L:/127.0.0.1:62836 - R:localhost/127.0.0.1:54445]' for 'POST' to 'http://localhost:54445/session/895b5a4cb54cc35930d838a1e294f918/element'
15:41:13.878 [Forwarding findElement on session 895b5a4cb54cc35930d838a1e294f918 to remote] DEBUG org.asynchttpclient.netty.request.NettyRequestSender - Using open Channel [id: 0x9852f3d0, L:/127.0.0.1:62836 - R:localhost/127.0.0.1:54445] for POST '/session/895b5a4cb54cc35930d838a1e294f918/element'
15:41:13.888 [AsyncHttpClient-1-11] DEBUG org.asynchttpclient.netty.handler.HttpHandler - 

Request DefaultHttpRequest(decodeResult: success, version: HTTP/1.1)
POST /session/895b5a4cb54cc35930d838a1e294f918/element HTTP/1.1
User-Agent: selenium/4.1.2 (java windows)
Content-Length: 53
Content-Type: application/json; charset=utf-8
host: localhost:54445
accept: */*

Response DefaultHttpResponse(decodeResult: success, version: HTTP/1.1)
HTTP/1.1 200 OK
Content-Type: application/json; charset=utf-8
cache-control: no-cache
content-length: 88

15:41:13.888 [AsyncHttpClient-1-11] DEBUG org.asynchttpclient.netty.channel.ChannelManager - Adding key: http://localhost:54445 for channel [id: 0x9852f3d0, L:/127.0.0.1:62836 - R:localhost/127.0.0.1:54445]
15:41:13.890 [Forwarding clearElement on session 895b5a4cb54cc35930d838a1e294f918 to remote] DEBUG org.asynchttpclient.netty.request.NettyRequestSender - Using pooled Channel '[id: 0x9852f3d0, L:/127.0.0.1:62836 - R:localhost/127.0.0.1:54445]' for 'POST' to 'http://localhost:54445/session/895b5a4cb54cc35930d838a1e294f918/element/1be4ef63-562e-41e7-825c-e1471355efda/clear'
15:41:13.890 [Forwarding clearElement on session 895b5a4cb54cc35930d838a1e294f918 to remote] DEBUG org.asynchttpclient.netty.request.NettyRequestSender - Using open Channel [id: 0x9852f3d0, L:/127.0.0.1:62836 - R:localhost/127.0.0.1:54445] for POST '/session/895b5a4cb54cc35930d838a1e294f918/element/1be4ef63-562e-41e7-825c-e1471355efda/clear'
15:41:13.917 [AsyncHttpClient-1-11] DEBUG org.asynchttpclient.netty.handler.HttpHandler - 

Request DefaultHttpRequest(decodeResult: success, version: HTTP/1.1)
POST /session/895b5a4cb54cc35930d838a1e294f918/element/1be4ef63-562e-41e7-825c-e1471355efda/clear HTTP/1.1
User-Agent: selenium/4.1.2 (java windows)
Content-Length: 50
Content-Type: application/json; charset=utf-8
host: localhost:54445
accept: */*

Response DefaultHttpResponse(decodeResult: success, version: HTTP/1.1)
HTTP/1.1 200 OK
Content-Type: application/json; charset=utf-8
cache-control: no-cache
content-length: 14

15:41:13.917 [AsyncHttpClient-1-11] DEBUG org.asynchttpclient.netty.channel.ChannelManager - Adding key: http://localhost:54445 for channel [id: 0x9852f3d0, L:/127.0.0.1:62836 - R:localhost/127.0.0.1:54445]
15:41:13.919 [Forwarding sendKeysToElement on session 895b5a4cb54cc35930d838a1e294f918 to remote] DEBUG org.asynchttpclient.netty.request.NettyRequestSender - Using pooled Channel '[id: 0x9852f3d0, L:/127.0.0.1:62836 - R:localhost/127.0.0.1:54445]' for 'POST' to 'http://localhost:54445/session/895b5a4cb54cc35930d838a1e294f918/element/1be4ef63-562e-41e7-825c-e1471355efda/value'
15:41:13.919 [Forwarding sendKeysToElement on session 895b5a4cb54cc35930d838a1e294f918 to remote] DEBUG org.asynchttpclient.netty.request.NettyRequestSender - Using open Channel [id: 0x9852f3d0, L:/127.0.0.1:62836 - R:localhost/127.0.0.1:54445] for POST '/session/895b5a4cb54cc35930d838a1e294f918/element/1be4ef63-562e-41e7-825c-e1471355efda/value'
15:41:14.010 [AsyncHttpClient-1-11] DEBUG org.asynchttpclient.netty.handler.HttpHandler - 

Request DefaultHttpRequest(decodeResult: success, version: HTTP/1.1)
POST /session/895b5a4cb54cc35930d838a1e294f918/element/1be4ef63-562e-41e7-825c-e1471355efda/value HTTP/1.1
User-Agent: selenium/4.1.2 (java windows)
Content-Length: 241
Content-Type: application/json; charset=utf-8
host: localhost:54445
accept: */*

Response DefaultHttpResponse(decodeResult: success, version: HTTP/1.1)
HTTP/1.1 200 OK
Content-Type: application/json; charset=utf-8
cache-control: no-cache
content-length: 14

15:41:14.010 [AsyncHttpClient-1-11] DEBUG org.asynchttpclient.netty.channel.ChannelManager - Adding key: http://localhost:54445 for channel [id: 0x9852f3d0, L:/127.0.0.1:62836 - R:localhost/127.0.0.1:54445]
15:41:14.016 [Forwarding screenshot on session 895b5a4cb54cc35930d838a1e294f918 to remote] DEBUG org.asynchttpclient.netty.request.NettyRequestSender - Using pooled Channel '[id: 0x9852f3d0, L:/127.0.0.1:62836 - R:localhost/127.0.0.1:54445]' for 'GET' to 'http://localhost:54445/session/895b5a4cb54cc35930d838a1e294f918/screenshot'
15:41:14.016 [Forwarding screenshot on session 895b5a4cb54cc35930d838a1e294f918 to remote] DEBUG org.asynchttpclient.netty.request.NettyRequestSender - Using open Channel [id: 0x9852f3d0, L:/127.0.0.1:62836 - R:localhost/127.0.0.1:54445] for GET '/session/895b5a4cb54cc35930d838a1e294f918/screenshot'
15:41:14.160 [AsyncHttpClient-1-11] DEBUG org.asynchttpclient.netty.handler.HttpHandler - 

Request DefaultFullHttpRequest(decodeResult: success, version: HTTP/1.1, content: EmptyByteBufBE)
GET /session/895b5a4cb54cc35930d838a1e294f918/screenshot HTTP/1.1
User-Agent: selenium/4.1.2 (java windows)
Cache-Control: no-cache
Content-Type: application/json; charset=utf-8
host: localhost:54445
accept: */*

Response DefaultHttpResponse(decodeResult: success, version: HTTP/1.1)
HTTP/1.1 200 OK
Content-Type: application/json; charset=utf-8
cache-control: no-cache
content-length: 177812

15:41:14.161 [AsyncHttpClient-1-11] DEBUG org.asynchttpclient.netty.channel.ChannelManager - Adding key: http://localhost:54445 for channel [id: 0x9852f3d0, L:/127.0.0.1:62836 - R:localhost/127.0.0.1:54445]
15:41:14.185 [main] DEBUG net.serenitybdd.core.photography.Darkroom - Send negative for processing for target\site\serenity\2ef6497bc33de49a8194d22e0a7c3c26c700b02c5138874a12b730da643015a5.png
15:41:14.186 [main] DEBUG net.thucydides.core.steps.StepInterceptor - STEP DONE: inputPassword
  &amp#27;[32mWhen &amp#27;[0m&amp#27;[32mI input invalid username&amp#27;[0m                           &amp#27;[90m# starter.stepdefinitions.LoginSteps.iInputInvalidUsername()&amp#27;[0m
15:41:14.186 [Darkroom Processing Line] DEBUG net.serenitybdd.core.photography.DarkroomProcessingLine - Processing screenshot image in /var/screenshots/screenshot-796406658358812882
15:41:14.186 [Darkroom Processing Line] DEBUG net.serenitybdd.core.photography.DarkroomProcessingLine - Saving screenshot to target\site\serenity\2ef6497bc33de49a8194d22e0a7c3c26c700b02c5138874a12b730da643015a5.png
15:41:14.194 [main] DEBUG net.thucydides.core.steps.StepInterceptor - STARTING STEP: LoginSteps.iInputInvalidPassword - inputPassword
15:41:14.196 [Forwarding findElement on session 895b5a4cb54cc35930d838a1e294f918 to remote] DEBUG org.asynchttpclient.netty.request.NettyRequestSender - Using pooled Channel '[id: 0x9852f3d0, L:/127.0.0.1:62836 - R:localhost/127.0.0.1:54445]' for 'POST' to 'http://localhost:54445/session/895b5a4cb54cc35930d838a1e294f918/element'
15:41:14.196 [Forwarding findElement on session 895b5a4cb54cc35930d838a1e294f918 to remote] DEBUG org.asynchttpclient.netty.request.NettyRequestSender - Using open Channel [id: 0x9852f3d0, L:/127.0.0.1:62836 - R:localhost/127.0.0.1:54445] for POST '/session/895b5a4cb54cc35930d838a1e294f918/element'
15:41:14.202 [AsyncHttpClient-1-11] DEBUG org.asynchttpclient.netty.handler.HttpHandler - 

Request DefaultHttpRequest(decodeResult: success, version: HTTP/1.1)
POST /session/895b5a4cb54cc35930d838a1e294f918/element HTTP/1.1
User-Agent: selenium/4.1.2 (java windows)
Content-Length: 53
Content-Type: application/json; charset=utf-8
host: localhost:54445
accept: */*

Response DefaultHttpResponse(decodeResult: success, version: HTTP/1.1)
HTTP/1.1 200 OK
Content-Type: application/json; charset=utf-8
cache-control: no-cache
content-length: 88

15:41:14.202 [AsyncHttpClient-1-11] DEBUG org.asynchttpclient.netty.channel.ChannelManager - Adding key: http://localhost:54445 for channel [id: 0x9852f3d0, L:/127.0.0.1:62836 - R:localhost/127.0.0.1:54445]
15:41:14.203 [Forwarding clearElement on session 895b5a4cb54cc35930d838a1e294f918 to remote] DEBUG org.asynchttpclient.netty.request.NettyRequestSender - Using pooled Channel '[id: 0x9852f3d0, L:/127.0.0.1:62836 - R:localhost/127.0.0.1:54445]' for 'POST' to 'http://localhost:54445/session/895b5a4cb54cc35930d838a1e294f918/element/1be4ef63-562e-41e7-825c-e1471355efda/clear'
15:41:14.203 [Forwarding clearElement on session 895b5a4cb54cc35930d838a1e294f918 to remote] DEBUG org.asynchttpclient.netty.request.NettyRequestSender - Using open Channel [id: 0x9852f3d0, L:/127.0.0.1:62836 - R:localhost/127.0.0.1:54445] for POST '/session/895b5a4cb54cc35930d838a1e294f918/element/1be4ef63-562e-41e7-825c-e1471355efda/clear'
15:41:14.219 [AsyncHttpClient-1-11] DEBUG org.asynchttpclient.netty.handler.HttpHandler - 

Request DefaultHttpRequest(decodeResult: success, version: HTTP/1.1)
POST /session/895b5a4cb54cc35930d838a1e294f918/element/1be4ef63-562e-41e7-825c-e1471355efda/clear HTTP/1.1
User-Agent: selenium/4.1.2 (java windows)
Content-Length: 50
Content-Type: application/json; charset=utf-8
host: localhost:54445
accept: */*

Response DefaultHttpResponse(decodeResult: success, version: HTTP/1.1)
HTTP/1.1 200 OK
Content-Type: application/json; charset=utf-8
cache-control: no-cache
content-length: 14

15:41:14.219 [AsyncHttpClient-1-11] DEBUG org.asynchttpclient.netty.channel.ChannelManager - Adding key: http://localhost:54445 for channel [id: 0x9852f3d0, L:/127.0.0.1:62836 - R:localhost/127.0.0.1:54445]
15:41:14.220 [Forwarding sendKeysToElement on session 895b5a4cb54cc35930d838a1e294f918 to remote] DEBUG org.asynchttpclient.netty.request.NettyRequestSender - Using pooled Channel '[id: 0x9852f3d0, L:/127.0.0.1:62836 - R:localhost/127.0.0.1:54445]' for 'POST' to 'http://localhost:54445/session/895b5a4cb54cc35930d838a1e294f918/element/1be4ef63-562e-41e7-825c-e1471355efda/value'
15:41:14.220 [Forwarding sendKeysToElement on session 895b5a4cb54cc35930d838a1e294f918 to remote] DEBUG org.asynchttpclient.netty.request.NettyRequestSender - Using open Channel [id: 0x9852f3d0, L:/127.0.0.1:62836 - R:localhost/127.0.0.1:54445] for POST '/session/895b5a4cb54cc35930d838a1e294f918/element/1be4ef63-562e-41e7-825c-e1471355efda/value'
15:41:14.267 [AsyncHttpClient-1-11] DEBUG org.asynchttpclient.netty.handler.HttpHandler - 

Request DefaultHttpRequest(decodeResult: success, version: HTTP/1.1)
POST /session/895b5a4cb54cc35930d838a1e294f918/element/1be4ef63-562e-41e7-825c-e1471355efda/value HTTP/1.1
User-Agent: selenium/4.1.2 (java windows)
Content-Length: 241
Content-Type: application/json; charset=utf-8
host: localhost:54445
accept: */*

Response DefaultHttpResponse(decodeResult: success, version: HTTP/1.1)
HTTP/1.1 200 OK
Content-Type: application/json; charset=utf-8
cache-control: no-cache
content-length: 14

15:41:14.268 [AsyncHttpClient-1-11] DEBUG org.asynchttpclient.netty.channel.ChannelManager - Adding key: http://localhost:54445 for channel [id: 0x9852f3d0, L:/127.0.0.1:62836 - R:localhost/127.0.0.1:54445]
15:41:14.273 [Forwarding screenshot on session 895b5a4cb54cc35930d838a1e294f918 to remote] DEBUG org.asynchttpclient.netty.request.NettyRequestSender - Using pooled Channel '[id: 0x9852f3d0, L:/127.0.0.1:62836 - R:localhost/127.0.0.1:54445]' for 'GET' to 'http://localhost:54445/session/895b5a4cb54cc35930d838a1e294f918/screenshot'
15:41:14.273 [Forwarding screenshot on session 895b5a4cb54cc35930d838a1e294f918 to remote] DEBUG org.asynchttpclient.netty.request.NettyRequestSender - Using open Channel [id: 0x9852f3d0, L:/127.0.0.1:62836 - R:localhost/127.0.0.1:54445] for GET '/session/895b5a4cb54cc35930d838a1e294f918/screenshot'
15:41:14.420 [AsyncHttpClient-1-11] DEBUG org.asynchttpclient.netty.handler.HttpHandler - 

Request DefaultFullHttpRequest(decodeResult: success, version: HTTP/1.1, content: EmptyByteBufBE)
GET /session/895b5a4cb54cc35930d838a1e294f918/screenshot HTTP/1.1
User-Agent: selenium/4.1.2 (java windows)
Cache-Control: no-cache
Content-Type: application/json; charset=utf-8
host: localhost:54445
accept: */*

Response DefaultHttpResponse(decodeResult: success, version: HTTP/1.1)
HTTP/1.1 200 OK
Content-Type: application/json; charset=utf-8
cache-control: no-cache
content-length: 177784

15:41:14.420 [AsyncHttpClient-1-11] DEBUG org.asynchttpclient.netty.channel.ChannelManager - Adding key: http://localhost:54445 for channel [id: 0x9852f3d0, L:/127.0.0.1:62836 - R:localhost/127.0.0.1:54445]
15:41:14.425 [main] DEBUG net.serenitybdd.core.photography.Darkroom - Send negative for processing for target\site\serenity\110a955d8bc038f62da2f2f2ae97ec5e0b52f13d13f43c4eca39e42e0815e5c1.png
15:41:14.425 [main] DEBUG net.thucydides.core.steps.StepInterceptor - STEP DONE: inputPassword
  &amp#27;[32mAnd &amp#27;[0m&amp#27;[32mI input invalid password&amp#27;[0m                            &amp#27;[90m# starter.stepdefinitions.LoginSteps.iInputInvalidPassword()&amp#27;[0m
15:41:14.425 [Darkroom Processing Line] DEBUG net.serenitybdd.core.photography.DarkroomProcessingLine - Processing screenshot image in /var/screenshots/screenshot-9098998737562053475
15:41:14.425 [Darkroom Processing Line] DEBUG net.serenitybdd.core.photography.DarkroomProcessingLine - Saving screenshot to target\site\serenity\110a955d8bc038f62da2f2f2ae97ec5e0b52f13d13f43c4eca39e42e0815e5c1.png
15:41:14.433 [main] DEBUG net.thucydides.core.steps.StepInterceptor - STARTING STEP: LoginSteps.clickLoginButton - clickLoginButton
15:41:14.435 [Forwarding findElement on session 895b5a4cb54cc35930d838a1e294f918 to remote] DEBUG org.asynchttpclient.netty.request.NettyRequestSender - Using pooled Channel '[id: 0x9852f3d0, L:/127.0.0.1:62836 - R:localhost/127.0.0.1:54445]' for 'POST' to 'http://localhost:54445/session/895b5a4cb54cc35930d838a1e294f918/element'
15:41:14.435 [Forwarding findElement on session 895b5a4cb54cc35930d838a1e294f918 to remote] DEBUG org.asynchttpclient.netty.request.NettyRequestSender - Using open Channel [id: 0x9852f3d0, L:/127.0.0.1:62836 - R:localhost/127.0.0.1:54445] for POST '/session/895b5a4cb54cc35930d838a1e294f918/element'
15:41:14.441 [AsyncHttpClient-1-11] DEBUG org.asynchttpclient.netty.handler.HttpHandler - 

Request DefaultHttpRequest(decodeResult: success, version: HTTP/1.1)
POST /session/895b5a4cb54cc35930d838a1e294f918/element HTTP/1.1
User-Agent: selenium/4.1.2 (java windows)
Content-Length: 50
Content-Type: application/json; charset=utf-8
host: localhost:54445
accept: */*

Response DefaultHttpResponse(decodeResult: success, version: HTTP/1.1)
HTTP/1.1 200 OK
Content-Type: application/json; charset=utf-8
cache-control: no-cache
content-length: 88

15:41:14.441 [AsyncHttpClient-1-11] DEBUG org.asynchttpclient.netty.channel.ChannelManager - Adding key: http://localhost:54445 for channel [id: 0x9852f3d0, L:/127.0.0.1:62836 - R:localhost/127.0.0.1:54445]
15:41:14.442 [Forwarding getElementTagName on session 895b5a4cb54cc35930d838a1e294f918 to remote] DEBUG org.asynchttpclient.netty.request.NettyRequestSender - Using pooled Channel '[id: 0x9852f3d0, L:/127.0.0.1:62836 - R:localhost/127.0.0.1:54445]' for 'GET' to 'http://localhost:54445/session/895b5a4cb54cc35930d838a1e294f918/element/f80b51d4-cbfc-4b73-a181-7c9835e3f9b8/name'
15:41:14.442 [Forwarding getElementTagName on session 895b5a4cb54cc35930d838a1e294f918 to remote] DEBUG org.asynchttpclient.netty.request.NettyRequestSender - Using open Channel [id: 0x9852f3d0, L:/127.0.0.1:62836 - R:localhost/127.0.0.1:54445] for GET '/session/895b5a4cb54cc35930d838a1e294f918/element/f80b51d4-cbfc-4b73-a181-7c9835e3f9b8/name'
15:41:14.447 [AsyncHttpClient-1-11] DEBUG org.asynchttpclient.netty.handler.HttpHandler - 

Request DefaultFullHttpRequest(decodeResult: success, version: HTTP/1.1, content: EmptyByteBufBE)
GET /session/895b5a4cb54cc35930d838a1e294f918/element/f80b51d4-cbfc-4b73-a181-7c9835e3f9b8/name HTTP/1.1
User-Agent: selenium/4.1.2 (java windows)
Cache-Control: no-cache
Content-Type: application/json; charset=utf-8
host: localhost:54445
accept: */*

Response DefaultHttpResponse(decodeResult: success, version: HTTP/1.1)
HTTP/1.1 200 OK
Content-Type: application/json; charset=utf-8
cache-control: no-cache
content-length: 18

15:41:14.447 [AsyncHttpClient-1-11] DEBUG org.asynchttpclient.netty.channel.ChannelManager - Adding key: http://localhost:54445 for channel [id: 0x9852f3d0, L:/127.0.0.1:62836 - R:localhost/127.0.0.1:54445]
15:41:14.448 [Forwarding getElementTagName on session 895b5a4cb54cc35930d838a1e294f918 to remote] DEBUG org.asynchttpclient.netty.request.NettyRequestSender - Using pooled Channel '[id: 0x9852f3d0, L:/127.0.0.1:62836 - R:localhost/127.0.0.1:54445]' for 'GET' to 'http://localhost:54445/session/895b5a4cb54cc35930d838a1e294f918/element/f80b51d4-cbfc-4b73-a181-7c9835e3f9b8/name'
15:41:14.448 [Forwarding getElementTagName on session 895b5a4cb54cc35930d838a1e294f918 to remote] DEBUG org.asynchttpclient.netty.request.NettyRequestSender - Using open Channel [id: 0x9852f3d0, L:/127.0.0.1:62836 - R:localhost/127.0.0.1:54445] for GET '/session/895b5a4cb54cc35930d838a1e294f918/element/f80b51d4-cbfc-4b73-a181-7c9835e3f9b8/name'
15:41:14.451 [AsyncHttpClient-1-11] DEBUG org.asynchttpclient.netty.handler.HttpHandler - 

Request DefaultFullHttpRequest(decodeResult: success, version: HTTP/1.1, content: EmptyByteBufBE)
GET /session/895b5a4cb54cc35930d838a1e294f918/element/f80b51d4-cbfc-4b73-a181-7c9835e3f9b8/name HTTP/1.1
User-Agent: selenium/4.1.2 (java windows)
Cache-Control: no-cache
Content-Type: application/json; charset=utf-8
host: localhost:54445
accept: */*

Response DefaultHttpResponse(decodeResult: success, version: HTTP/1.1)
HTTP/1.1 200 OK
Content-Type: application/json; charset=utf-8
cache-control: no-cache
content-length: 18

15:41:14.451 [AsyncHttpClient-1-11] DEBUG org.asynchttpclient.netty.channel.ChannelManager - Adding key: http://localhost:54445 for channel [id: 0x9852f3d0, L:/127.0.0.1:62836 - R:localhost/127.0.0.1:54445]
15:41:14.452 [Forwarding isElementEnabled on session 895b5a4cb54cc35930d838a1e294f918 to remote] DEBUG org.asynchttpclient.netty.request.NettyRequestSender - Using pooled Channel '[id: 0x9852f3d0, L:/127.0.0.1:62836 - R:localhost/127.0.0.1:54445]' for 'GET' to 'http://localhost:54445/session/895b5a4cb54cc35930d838a1e294f918/element/f80b51d4-cbfc-4b73-a181-7c9835e3f9b8/enabled'
15:41:14.452 [Forwarding isElementEnabled on session 895b5a4cb54cc35930d838a1e294f918 to remote] DEBUG org.asynchttpclient.netty.request.NettyRequestSender - Using open Channel [id: 0x9852f3d0, L:/127.0.0.1:62836 - R:localhost/127.0.0.1:54445] for GET '/session/895b5a4cb54cc35930d838a1e294f918/element/f80b51d4-cbfc-4b73-a181-7c9835e3f9b8/enabled'
15:41:14.459 [AsyncHttpClient-1-11] DEBUG org.asynchttpclient.netty.handler.HttpHandler - 

Request DefaultFullHttpRequest(decodeResult: success, version: HTTP/1.1, content: EmptyByteBufBE)
GET /session/895b5a4cb54cc35930d838a1e294f918/element/f80b51d4-cbfc-4b73-a181-7c9835e3f9b8/enabled HTTP/1.1
User-Agent: selenium/4.1.2 (java windows)
Cache-Control: no-cache
Content-Type: application/json; charset=utf-8
host: localhost:54445
accept: */*

Response DefaultHttpResponse(decodeResult: success, version: HTTP/1.1)
HTTP/1.1 200 OK
Content-Type: application/json; charset=utf-8
cache-control: no-cache
content-length: 14

15:41:14.459 [AsyncHttpClient-1-11] DEBUG org.asynchttpclient.netty.channel.ChannelManager - Adding key: http://localhost:54445 for channel [id: 0x9852f3d0, L:/127.0.0.1:62836 - R:localhost/127.0.0.1:54445]
15:41:14.460 [Forwarding isElementEnabled on session 895b5a4cb54cc35930d838a1e294f918 to remote] DEBUG org.asynchttpclient.netty.request.NettyRequestSender - Using pooled Channel '[id: 0x9852f3d0, L:/127.0.0.1:62836 - R:localhost/127.0.0.1:54445]' for 'GET' to 'http://localhost:54445/session/895b5a4cb54cc35930d838a1e294f918/element/f80b51d4-cbfc-4b73-a181-7c9835e3f9b8/enabled'
15:41:14.460 [Forwarding isElementEnabled on session 895b5a4cb54cc35930d838a1e294f918 to remote] DEBUG org.asynchttpclient.netty.request.NettyRequestSender - Using open Channel [id: 0x9852f3d0, L:/127.0.0.1:62836 - R:localhost/127.0.0.1:54445] for GET '/session/895b5a4cb54cc35930d838a1e294f918/element/f80b51d4-cbfc-4b73-a181-7c9835e3f9b8/enabled'
15:41:14.465 [AsyncHttpClient-1-11] DEBUG org.asynchttpclient.netty.handler.HttpHandler - 

Request DefaultFullHttpRequest(decodeResult: success, version: HTTP/1.1, content: EmptyByteBufBE)
GET /session/895b5a4cb54cc35930d838a1e294f918/element/f80b51d4-cbfc-4b73-a181-7c9835e3f9b8/enabled HTTP/1.1
User-Agent: selenium/4.1.2 (java windows)
Cache-Control: no-cache
Content-Type: application/json; charset=utf-8
host: localhost:54445
accept: */*

Response DefaultHttpResponse(decodeResult: success, version: HTTP/1.1)
HTTP/1.1 200 OK
Content-Type: application/json; charset=utf-8
cache-control: no-cache
content-length: 14

15:41:14.465 [AsyncHttpClient-1-11] DEBUG org.asynchttpclient.netty.channel.ChannelManager - Adding key: http://localhost:54445 for channel [id: 0x9852f3d0, L:/127.0.0.1:62836 - R:localhost/127.0.0.1:54445]
15:41:14.466 [Forwarding findElement on session 895b5a4cb54cc35930d838a1e294f918 to remote] DEBUG org.asynchttpclient.netty.request.NettyRequestSender - Using pooled Channel '[id: 0x9852f3d0, L:/127.0.0.1:62836 - R:localhost/127.0.0.1:54445]' for 'POST' to 'http://localhost:54445/session/895b5a4cb54cc35930d838a1e294f918/element'
15:41:14.466 [Forwarding findElement on session 895b5a4cb54cc35930d838a1e294f918 to remote] DEBUG org.asynchttpclient.netty.request.NettyRequestSender - Using open Channel [id: 0x9852f3d0, L:/127.0.0.1:62836 - R:localhost/127.0.0.1:54445] for POST '/session/895b5a4cb54cc35930d838a1e294f918/element'
15:41:14.471 [AsyncHttpClient-1-11] DEBUG org.asynchttpclient.netty.handler.HttpHandler - 

Request DefaultHttpRequest(decodeResult: success, version: HTTP/1.1)
POST /session/895b5a4cb54cc35930d838a1e294f918/element HTTP/1.1
User-Agent: selenium/4.1.2 (java windows)
Content-Length: 50
Content-Type: application/json; charset=utf-8
host: localhost:54445
accept: */*

Response DefaultHttpResponse(decodeResult: success, version: HTTP/1.1)
HTTP/1.1 200 OK
Content-Type: application/json; charset=utf-8
cache-control: no-cache
content-length: 88

15:41:14.471 [AsyncHttpClient-1-11] DEBUG org.asynchttpclient.netty.channel.ChannelManager - Adding key: http://localhost:54445 for channel [id: 0x9852f3d0, L:/127.0.0.1:62836 - R:localhost/127.0.0.1:54445]
15:41:14.472 [Forwarding clickElement on session 895b5a4cb54cc35930d838a1e294f918 to remote] DEBUG org.asynchttpclient.netty.request.NettyRequestSender - Using pooled Channel '[id: 0x9852f3d0, L:/127.0.0.1:62836 - R:localhost/127.0.0.1:54445]' for 'POST' to 'http://localhost:54445/session/895b5a4cb54cc35930d838a1e294f918/element/f80b51d4-cbfc-4b73-a181-7c9835e3f9b8/click'
15:41:14.472 [Forwarding clickElement on session 895b5a4cb54cc35930d838a1e294f918 to remote] DEBUG org.asynchttpclient.netty.request.NettyRequestSender - Using open Channel [id: 0x9852f3d0, L:/127.0.0.1:62836 - R:localhost/127.0.0.1:54445] for POST '/session/895b5a4cb54cc35930d838a1e294f918/element/f80b51d4-cbfc-4b73-a181-7c9835e3f9b8/click'
15:41:14.510 [AsyncHttpClient-1-11] DEBUG org.asynchttpclient.netty.handler.HttpHandler - 

Request DefaultHttpRequest(decodeResult: success, version: HTTP/1.1)
POST /session/895b5a4cb54cc35930d838a1e294f918/element/f80b51d4-cbfc-4b73-a181-7c9835e3f9b8/click HTTP/1.1
User-Agent: selenium/4.1.2 (java windows)
Content-Length: 50
Content-Type: application/json; charset=utf-8
host: localhost:54445
accept: */*

Response DefaultHttpResponse(decodeResult: success, version: HTTP/1.1)
HTTP/1.1 200 OK
Content-Type: application/json; charset=utf-8
cache-control: no-cache
content-length: 14

15:41:14.510 [AsyncHttpClient-1-11] DEBUG org.asynchttpclient.netty.channel.ChannelManager - Adding key: http://localhost:54445 for channel [id: 0x9852f3d0, L:/127.0.0.1:62836 - R:localhost/127.0.0.1:54445]
15:41:14.514 [Forwarding screenshot on session 895b5a4cb54cc35930d838a1e294f918 to remote] DEBUG org.asynchttpclient.netty.request.NettyRequestSender - Using pooled Channel '[id: 0x9852f3d0, L:/127.0.0.1:62836 - R:localhost/127.0.0.1:54445]' for 'GET' to 'http://localhost:54445/session/895b5a4cb54cc35930d838a1e294f918/screenshot'
15:41:14.514 [Forwarding screenshot on session 895b5a4cb54cc35930d838a1e294f918 to remote] DEBUG org.asynchttpclient.netty.request.NettyRequestSender - Using open Channel [id: 0x9852f3d0, L:/127.0.0.1:62836 - R:localhost/127.0.0.1:54445] for GET '/session/895b5a4cb54cc35930d838a1e294f918/screenshot'
15:41:14.689 [AsyncHttpClient-1-11] DEBUG org.asynchttpclient.netty.handler.HttpHandler - 

Request DefaultFullHttpRequest(decodeResult: success, version: HTTP/1.1, content: EmptyByteBufBE)
GET /session/895b5a4cb54cc35930d838a1e294f918/screenshot HTTP/1.1
User-Agent: selenium/4.1.2 (java windows)
Cache-Control: no-cache
Content-Type: application/json; charset=utf-8
host: localhost:54445
accept: */*

Response DefaultHttpResponse(decodeResult: success, version: HTTP/1.1)
HTTP/1.1 200 OK
Content-Type: application/json; charset=utf-8
cache-control: no-cache
content-length: 179756

15:41:14.690 [AsyncHttpClient-1-11] DEBUG org.asynchttpclient.netty.channel.ChannelManager - Adding key: http://localhost:54445 for channel [id: 0x9852f3d0, L:/127.0.0.1:62836 - R:localhost/127.0.0.1:54445]
15:41:14.695 [main] DEBUG net.serenitybdd.core.photography.Darkroom - Send negative for processing for target\site\serenity\d11ea25221ba97b8c91043706daa9e6002b4765c28c5b98e16d1650b21116f06.png
15:41:14.695 [main] DEBUG net.thucydides.core.steps.StepInterceptor - STEP DONE: clickLoginButton
  &amp#27;[32mAnd &amp#27;[0m&amp#27;[32mclick login button&amp#27;[0m                                  &amp#27;[90m# starter.stepdefinitions.LoginSteps.clickLoginButton()&amp#27;[0m
15:41:14.695 [Darkroom Processing Line] DEBUG net.serenitybdd.core.photography.DarkroomProcessingLine - Processing screenshot image in /var/screenshots/screenshot-8927364044577427918
15:41:14.695 [Darkroom Processing Line] DEBUG net.serenitybdd.core.photography.DarkroomProcessingLine - Saving screenshot to target\site\serenity\d11ea25221ba97b8c91043706daa9e6002b4765c28c5b98e16d1650b21116f06.png
15:41:14.703 [AsyncHttpClient-1-1] DEBUG org.asynchttpclient.netty.channel.DefaultChannelPool - Entry count for : http://localhost:62837 : 1
15:41:14.703 [AsyncHttpClient-1-1] DEBUG org.asynchttpclient.netty.channel.DefaultChannelPool - Entry count for : http://localhost:54445 : 1
15:41:14.706 [main] DEBUG net.thucydides.core.steps.StepInterceptor - STARTING STEP: LoginSteps.stillOnTheLoginPage - headerAppears
15:41:14.707 [Forwarding findElement on session 895b5a4cb54cc35930d838a1e294f918 to remote] DEBUG org.asynchttpclient.netty.request.NettyRequestSender - Using pooled Channel '[id: 0x9852f3d0, L:/127.0.0.1:62836 - R:localhost/127.0.0.1:54445]' for 'POST' to 'http://localhost:54445/session/895b5a4cb54cc35930d838a1e294f918/element'
15:41:14.707 [Forwarding findElement on session 895b5a4cb54cc35930d838a1e294f918 to remote] DEBUG org.asynchttpclient.netty.request.NettyRequestSender - Using open Channel [id: 0x9852f3d0, L:/127.0.0.1:62836 - R:localhost/127.0.0.1:54445] for POST '/session/895b5a4cb54cc35930d838a1e294f918/element'
15:41:14.717 [AsyncHttpClient-1-11] DEBUG org.asynchttpclient.netty.handler.HttpHandler - 

Request DefaultHttpRequest(decodeResult: success, version: HTTP/1.1)
POST /session/895b5a4cb54cc35930d838a1e294f918/element HTTP/1.1
User-Agent: selenium/4.1.2 (java windows)
Content-Length: 102
Content-Type: application/json; charset=utf-8
host: localhost:54445
accept: */*

Response DefaultHttpResponse(decodeResult: success, version: HTTP/1.1)
HTTP/1.1 200 OK
Content-Type: application/json; charset=utf-8
cache-control: no-cache
content-length: 88

15:41:14.717 [AsyncHttpClient-1-11] DEBUG org.asynchttpclient.netty.channel.ChannelManager - Adding key: http://localhost:54445 for channel [id: 0x9852f3d0, L:/127.0.0.1:62836 - R:localhost/127.0.0.1:54445]
15:41:14.720 [Forwarding isElementDisplayed on session 895b5a4cb54cc35930d838a1e294f918 to remote] DEBUG org.asynchttpclient.netty.request.NettyRequestSender - Using pooled Channel '[id: 0x9852f3d0, L:/127.0.0.1:62836 - R:localhost/127.0.0.1:54445]' for 'POST' to 'http://localhost:54445/session/895b5a4cb54cc35930d838a1e294f918/execute/sync'
15:41:14.720 [Forwarding isElementDisplayed on session 895b5a4cb54cc35930d838a1e294f918 to remote] DEBUG org.asynchttpclient.netty.request.NettyRequestSender - Using open Channel [id: 0x9852f3d0, L:/127.0.0.1:62836 - R:localhost/127.0.0.1:54445] for POST '/session/895b5a4cb54cc35930d838a1e294f918/execute/sync'
15:41:14.731 [AsyncHttpClient-1-11] DEBUG org.asynchttpclient.netty.handler.HttpHandler - 

Request DefaultHttpRequest(decodeResult: success, version: HTTP/1.1)
POST /session/895b5a4cb54cc35930d838a1e294f918/execute/sync HTTP/1.1
User-Agent: selenium/4.1.2 (java windows)
Content-Length: 48780
Content-Type: application/json; charset=utf-8
host: localhost:54445
accept: */*

Response DefaultHttpResponse(decodeResult: success, version: HTTP/1.1)
HTTP/1.1 200 OK
Content-Type: application/json; charset=utf-8
cache-control: no-cache
content-length: 14

15:41:14.732 [AsyncHttpClient-1-11] DEBUG org.asynchttpclient.netty.channel.ChannelManager - Adding key: http://localhost:54445 for channel [id: 0x9852f3d0, L:/127.0.0.1:62836 - R:localhost/127.0.0.1:54445]
15:41:14.738 [main] DEBUG net.thucydides.core.steps.StepInterceptor - STEP DONE: headerAppears
15:41:14.744 [main] DEBUG net.thucydides.core.steps.StepInterceptor - STARTING STEP: LoginSteps.stillOnTheLoginPage - headerTextEqual
15:41:14.747 [Forwarding findElement on session 895b5a4cb54cc35930d838a1e294f918 to remote] DEBUG org.asynchttpclient.netty.request.NettyRequestSender - Using pooled Channel '[id: 0x9852f3d0, L:/127.0.0.1:62836 - R:localhost/127.0.0.1:54445]' for 'POST' to 'http://localhost:54445/session/895b5a4cb54cc35930d838a1e294f918/element'
15:41:14.747 [Forwarding findElement on session 895b5a4cb54cc35930d838a1e294f918 to remote] DEBUG org.asynchttpclient.netty.request.NettyRequestSender - Using open Channel [id: 0x9852f3d0, L:/127.0.0.1:62836 - R:localhost/127.0.0.1:54445] for POST '/session/895b5a4cb54cc35930d838a1e294f918/element'
15:41:14.755 [AsyncHttpClient-1-11] DEBUG org.asynchttpclient.netty.handler.HttpHandler - 

Request DefaultHttpRequest(decodeResult: success, version: HTTP/1.1)
POST /session/895b5a4cb54cc35930d838a1e294f918/element HTTP/1.1
User-Agent: selenium/4.1.2 (java windows)
Content-Length: 102
Content-Type: application/json; charset=utf-8
host: localhost:54445
accept: */*

Response DefaultHttpResponse(decodeResult: success, version: HTTP/1.1)
HTTP/1.1 200 OK
Content-Type: application/json; charset=utf-8
cache-control: no-cache
content-length: 88

15:41:14.755 [AsyncHttpClient-1-11] DEBUG org.asynchttpclient.netty.channel.ChannelManager - Adding key: http://localhost:54445 for channel [id: 0x9852f3d0, L:/127.0.0.1:62836 - R:localhost/127.0.0.1:54445]
15:41:14.756 [Forwarding getElementText on session 895b5a4cb54cc35930d838a1e294f918 to remote] DEBUG org.asynchttpclient.netty.request.NettyRequestSender - Using pooled Channel '[id: 0x9852f3d0, L:/127.0.0.1:62836 - R:localhost/127.0.0.1:54445]' for 'GET' to 'http://localhost:54445/session/895b5a4cb54cc35930d838a1e294f918/element/6f3e2823-e903-41cc-9cda-3c9110facc92/text'
15:41:14.756 [Forwarding getElementText on session 895b5a4cb54cc35930d838a1e294f918 to remote] DEBUG org.asynchttpclient.netty.request.NettyRequestSender - Using open Channel [id: 0x9852f3d0, L:/127.0.0.1:62836 - R:localhost/127.0.0.1:54445] for GET '/session/895b5a4cb54cc35930d838a1e294f918/element/6f3e2823-e903-41cc-9cda-3c9110facc92/text'
15:41:14.772 [AsyncHttpClient-1-11] DEBUG org.asynchttpclient.netty.handler.HttpHandler - 

Request DefaultFullHttpRequest(decodeResult: success, version: HTTP/1.1, content: EmptyByteBufBE)
GET /session/895b5a4cb54cc35930d838a1e294f918/element/6f3e2823-e903-41cc-9cda-3c9110facc92/text HTTP/1.1
User-Agent: selenium/4.1.2 (java windows)
Cache-Control: no-cache
Content-Type: application/json; charset=utf-8
host: localhost:54445
accept: */*

Response DefaultHttpResponse(decodeResult: success, version: HTTP/1.1)
HTTP/1.1 200 OK
Content-Type: application/json; charset=utf-8
cache-control: no-cache
content-length: 17

15:41:14.773 [AsyncHttpClient-1-11] DEBUG org.asynchttpclient.netty.channel.ChannelManager - Adding key: http://localhost:54445 for channel [id: 0x9852f3d0, L:/127.0.0.1:62836 - R:localhost/127.0.0.1:54445]
15:41:14.778 [Forwarding screenshot on session 895b5a4cb54cc35930d838a1e294f918 to remote] DEBUG org.asynchttpclient.netty.request.NettyRequestSender - Using pooled Channel '[id: 0x9852f3d0, L:/127.0.0.1:62836 - R:localhost/127.0.0.1:54445]' for 'GET' to 'http://localhost:54445/session/895b5a4cb54cc35930d838a1e294f918/screenshot'
15:41:14.778 [Forwarding screenshot on session 895b5a4cb54cc35930d838a1e294f918 to remote] DEBUG org.asynchttpclient.netty.request.NettyRequestSender - Using open Channel [id: 0x9852f3d0, L:/127.0.0.1:62836 - R:localhost/127.0.0.1:54445] for GET '/session/895b5a4cb54cc35930d838a1e294f918/screenshot'
15:41:14.912 [AsyncHttpClient-1-11] DEBUG org.asynchttpclient.netty.handler.HttpHandler - 

Request DefaultFullHttpRequest(decodeResult: success, version: HTTP/1.1, content: EmptyByteBufBE)
GET /session/895b5a4cb54cc35930d838a1e294f918/screenshot HTTP/1.1
User-Agent: selenium/4.1.2 (java windows)
Cache-Control: no-cache
Content-Type: application/json; charset=utf-8
host: localhost:54445
accept: */*

Response DefaultHttpResponse(decodeResult: success, version: HTTP/1.1)
HTTP/1.1 200 OK
Content-Type: application/json; charset=utf-8
cache-control: no-cache
content-length: 179612

15:41:14.913 [AsyncHttpClient-1-11] DEBUG org.asynchttpclient.netty.channel.ChannelManager - Adding key: http://localhost:54445 for channel [id: 0x9852f3d0, L:/127.0.0.1:62836 - R:localhost/127.0.0.1:54445]
15:41:14.921 [main] DEBUG net.serenitybdd.core.photography.Darkroom - Send negative for processing for target\site\serenity\cf3ca3987628ee7d83c0bd339da1317eecd6b5ca6f9b2c96168cf973f171e3a5.png
15:41:14.922 [main] DEBUG net.thucydides.core.steps.StepInterceptor - STEP DONE: headerTextEqual
15:41:14.922 [Darkroom Processing Line] DEBUG net.serenitybdd.core.photography.DarkroomProcessingLine - Processing screenshot image in /var/screenshots/screenshot-8323719206798739909
  &amp#27;[32mThen &amp#27;[0m&amp#27;[32mI'm still on the login page&amp#27;[0m                        &amp#27;[90m# starter.stepdefinitions.LoginSteps.stillOnTheLoginPage()&amp#27;[0m
15:41:14.922 [Darkroom Processing Line] DEBUG net.serenitybdd.core.photography.DarkroomProcessingLine - Saving screenshot to target\site\serenity\cf3ca3987628ee7d83c0bd339da1317eecd6b5ca6f9b2c96168cf973f171e3a5.png
15:41:14.926 [main] INFO  - 
  _____   ___   ___   _____     ___     _     ___   ___   ___   ___  
 |_   _| | __| / __| |_   _|   | _ \   /_\   / __| / __| | __| |   \ 
   | |   | _|  \__ \   | |     |  _/  / _ \  \__ \ \__ \ | _|  | |) |
   |_|   |___| |___/   |_|     |_|   /_/ \_\ |___/ |___/ |___| |___/ 

Failed login with invalid username and password
----------------------------------------------------------------------
15:41:14.927 [AsyncHttpClient-1-13] DEBUG org.asynchttpclient.netty.handler.WebSocketHandler - Channel Closed: [id: 0xb6d66b5a, L:/127.0.0.1:62844 ! R:localhost/127.0.0.1:62837] with attribute NettyResponseFuture{currentRetry=5,
	isDone=1,
	isCancelled=0,
	asyncHandler=org.asynchttpclient.ws.WebSocketUpgradeHandler@1849547f,
	nettyRequest=org.asynchttpclient.netty.request.NettyRequest@5d4bd912,
	future=java.util.concurrent.CompletableFuture@4619dcf3[Completed normally],
	uri=ws://localhost:62837/devtools/browser/8371158e-ee6a-4024-820b-f807d6520048,
	keepAlive=true,
	redirectCount=0,
	timeoutsHolder=null,
	inAuth=0,
	touch=1648629662605}
15:41:14.927 [Driver Command Executor] DEBUG org.asynchttpclient.netty.request.NettyRequestSender - Using pooled Channel '[id: 0x9852f3d0, L:/127.0.0.1:62836 - R:localhost/127.0.0.1:54445]' for 'DELETE' to 'http://localhost:54445/session/895b5a4cb54cc35930d838a1e294f918'
15:41:14.927 [AsyncHttpClient-1-13] DEBUG org.asynchttpclient.netty.channel.ChannelManager - Closing Channel [id: 0xb6d66b5a, L:/127.0.0.1:62844 ! R:localhost/127.0.0.1:62837] 
15:41:14.927 [Driver Command Executor] DEBUG org.asynchttpclient.netty.request.NettyRequestSender - Using open Channel [id: 0x9852f3d0, L:/127.0.0.1:62836 - R:localhost/127.0.0.1:54445] for DELETE '/session/895b5a4cb54cc35930d838a1e294f918'
15:41:14.962 [AsyncHttpClient-1-12] DEBUG org.asynchttpclient.netty.handler.HttpHandler - Unexpected I/O exception on channel [id: 0xbea873e4, L:/127.0.0.1:62843 - R:localhost/127.0.0.1:62837]
java.io.IOException: An existing connection was forcibly closed by the remote host
	at sun.nio.ch.SocketDispatcher.read0(Native Method)
	at sun.nio.ch.SocketDispatcher.read(SocketDispatcher.java:43)
	at sun.nio.ch.IOUtil.readIntoNativeBuffer(IOUtil.java:223)
	at sun.nio.ch.IOUtil.read(IOUtil.java:192)
	at sun.nio.ch.SocketChannelImpl.read(SocketChannelImpl.java:380)
	at io.netty.buffer.PooledByteBuf.setBytes(PooledByteBuf.java:258)
	at io.netty.buffer.AbstractByteBuf.writeBytes(AbstractByteBuf.java:1132)
	at io.netty.channel.socket.nio.NioSocketChannel.doReadBytes(NioSocketChannel.java:350)
	at io.netty.channel.nio.AbstractNioByteChannel$NioByteUnsafe.read(AbstractNioByteChannel.java:151)
	at io.netty.channel.nio.NioEventLoop.processSelectedKey(NioEventLoop.java:722)
	at io.netty.channel.nio.NioEventLoop.processSelectedKeysOptimized(NioEventLoop.java:658)
	at io.netty.channel.nio.NioEventLoop.processSelectedKeys(NioEventLoop.java:584)
	at io.netty.channel.nio.NioEventLoop.run(NioEventLoop.java:496)
	at io.netty.util.concurrent.SingleThreadEventExecutor$4.run(SingleThreadEventExecutor.java:986)
	at io.netty.util.internal.ThreadExecutorMap$2.run(ThreadExecutorMap.java:74)
	at io.netty.util.concurrent.FastThreadLocalRunnable.run(FastThreadLocalRunnable.java:30)
	at java.lang.Thread.run(Thread.java:748)
15:41:14.962 [AsyncHttpClient-1-12] DEBUG org.asynchttpclient.netty.channel.ChannelManager - Closing Channel [id: 0xbea873e4, L:/127.0.0.1:62843 - R:localhost/127.0.0.1:62837] 
15:41:14.962 [AsyncHttpClient-1-12] DEBUG org.asynchttpclient.netty.handler.HttpHandler - Channel Closed: [id: 0xbea873e4, L:/127.0.0.1:62843 ! R:localhost/127.0.0.1:62837] with attribute DISCARD
15:41:14.985 [AsyncHttpClient-1-11] DEBUG org.asynchttpclient.netty.handler.HttpHandler - 

Request DefaultFullHttpRequest(decodeResult: success, version: HTTP/1.1, content: EmptyByteBufBE)
DELETE /session/895b5a4cb54cc35930d838a1e294f918 HTTP/1.1
User-Agent: selenium/4.1.2 (java windows)
Content-Type: application/json; charset=utf-8
host: localhost:54445
accept: */*

Response DefaultHttpResponse(decodeResult: success, version: HTTP/1.1)
HTTP/1.1 200 OK
Content-Type: application/json; charset=utf-8
cache-control: no-cache
content-length: 14

15:41:14.986 [AsyncHttpClient-1-11] DEBUG org.asynchttpclient.netty.channel.ChannelManager - Adding key: http://localhost:54445 for channel [id: 0x9852f3d0, L:/127.0.0.1:62836 - R:localhost/127.0.0.1:54445]
15:41:15.084 [AsyncHttpClient-1-11] DEBUG org.asynchttpclient.netty.handler.HttpHandler - Channel Closed: [id: 0x9852f3d0, L:/127.0.0.1:62836 ! R:localhost/127.0.0.1:54445] with attribute DISCARD
]]></system-out>
    <system-err><![CDATA[Starting ChromeDriver 99.0.4844.51 (d537ec02474b5afe23684e7963d538896c63ac77-refs/branch-heads/4844@{#875}) on port 54445
Only local connections are allowed.
Please see https://chromedriver.chromium.org/security-considerations for suggestions on keeping ChromeDriver safe.
ChromeDriver was started successfully.
Mar 30, 2022 3:41:02 PM org.openqa.selenium.remote.ProtocolHandshake createSession
INFO: Detected dialect: W3C
Mar 30, 2022 3:41:02 PM org.openqa.selenium.devtools.CdpVersionFinder findNearestMatch
WARNING: Unable to find an exact match for CDP version 99, so returning the closest version found: 97
Mar 30, 2022 3:41:02 PM org.openqa.selenium.devtools.CdpVersionFinder findNearestMatch
INFO: Found CDP implementation for version 99 of 97
]]></system-err>
  </testcase>
  <testcase name="Failed login with empty username and password" classname="Login" time="21.545">
    <system-out><![CDATA[
Scenario: Failed login with empty username and password &amp#27;[90m# src/test/resources/features/Login.feature:34&amp#27;[0m
15:41:15.615 [main] INFO io.cucumber.core.plugin.SerenityReporter - Running feature from file:///D:/PERKULIAHAN/SEMESTER%202/SOAL/section20/section20/src/test/resources/features/Login.feature
15:41:15.616 [main] INFO  - 
  _____   ___   ___   _____     ___   _____     _     ___   _____   ___   ___  
 |_   _| | __| / __| |_   _|   / __| |_   _|   /_\   | _ \ |_   _| | __| |   \ 
   | |   | _|  \__ \   | |     \__ \   | |    / _ \  |   /   | |   | _|  | |) |
   |_|   |___| |___/   |_|     |___/   |_|   /_/ \_\ |_|_\   |_|   |___| |___/ 

Failed login with empty username and password(login;failed-login-with-empty-username-and-password)
--------------------------------------------------------------------------------
15:41:15.636 [main] DEBUG net.thucydides.core.steps.StepInterceptor - STARTING STEP: LoginSteps.iAmOnTheLoginPage - openUrl
15:41:15.637 [main] INFO net.serenitybdd.core.webdriver.driverproviders.ChromeDriverProvider - Using automatically driver download
15:41:15.724 [main] DEBUG io.github.bonigarcia.wdm.cache.ResolutionCache - Resolution chrome=99 in cache (valid until 16:04:02 30/03/2022 ICT)
15:41:15.728 [main] DEBUG io.github.bonigarcia.wdm.cache.ResolutionCache - Resolution chrome99=99.0.4844.51 in cache (valid until 09:13:43 31/03/2022 ICT)
15:41:15.729 [main] INFO io.github.bonigarcia.wdm.WebDriverManager - Using chromedriver 99.0.4844.51 (resolved driver for Chrome 99)
15:41:15.739 [main] DEBUG io.github.bonigarcia.wdm.WebDriverManager - Driver chromedriver 99.0.4844.51 found in cache
15:41:15.740 [main] INFO io.github.bonigarcia.wdm.WebDriverManager - Exporting webdriver.chrome.driver as C:\Users\ACER\.cache\selenium\chromedriver\win32\99.0.4844.51\chromedriver.exe
15:41:15.811 [AsyncHttpClient-1-1] DEBUG org.asynchttpclient.netty.channel.DefaultChannelPool - Entry count for : http://localhost:62837 : 1
15:41:15.811 [AsyncHttpClient-1-1] DEBUG org.asynchttpclient.netty.channel.DefaultChannelPool - Entry count for : http://localhost:54445 : 1
15:41:15.811 [AsyncHttpClient-1-1] DEBUG org.asynchttpclient.netty.channel.DefaultChannelPool - Adding Candidate expired Channel [id: 0xbea873e4, L:/127.0.0.1:62843 ! R:localhost/127.0.0.1:62837] isIdleTimeoutExpired=false isRemotelyClosed=true isTtlExpired=false
15:41:15.811 [AsyncHttpClient-1-1] DEBUG org.asynchttpclient.netty.channel.DefaultChannelPool - Closing Idle Channel [id: 0xbea873e4, L:/127.0.0.1:62843 ! R:localhost/127.0.0.1:62837]
15:41:15.811 [AsyncHttpClient-1-1] DEBUG org.asynchttpclient.netty.channel.DefaultChannelPool - Adding Candidate expired Channel [id: 0x9852f3d0, L:/127.0.0.1:62836 ! R:localhost/127.0.0.1:54445] isIdleTimeoutExpired=false isRemotelyClosed=true isTtlExpired=false
15:41:15.811 [AsyncHttpClient-1-1] DEBUG org.asynchttpclient.netty.channel.DefaultChannelPool - Closing Idle Channel [id: 0x9852f3d0, L:/127.0.0.1:62836 ! R:localhost/127.0.0.1:54445]
15:41:15.811 [AsyncHttpClient-1-1] DEBUG org.asynchttpclient.netty.channel.DefaultChannelPool - Closed 2 connections out of 2 in 0 ms
15:41:15.833 [main] DEBUG net.serenitybdd.core.webdriver.driverproviders.ProvideNewDriver - Instantiating driver
15:41:15.833 [main] DEBUG net.serenitybdd.core.webdriver.driverproviders.ProvideNewDriver - Driver capabilities: Capabilities {acceptInsecureCerts: false, base.url: https://demoqa.com/, browserName: chrome, chrome.driver: src/test/resources/webdrive..., driver: chrome, goog:chromeOptions: {args: [], extensions: []}}
15:41:16.381 [AsyncHttpClient-1-14] DEBUG org.asynchttpclient.netty.channel.NettyConnectListener - Using new Channel '[id: 0xd2977963, L:/127.0.0.1:64578 - R:localhost/127.0.0.1:53094]' for 'POST' to '/session'
15:41:17.005 [AsyncHttpClient-1-14] DEBUG org.asynchttpclient.netty.handler.HttpHandler - 

Request DefaultHttpRequest(decodeResult: success, version: HTTP/1.1)
POST /session HTTP/1.1
User-Agent: selenium/4.1.2 (java windows)
Content-Length: 605
Content-Type: application/json; charset=utf-8
host: localhost:53094
accept: */*

Response DefaultHttpResponse(decodeResult: success, version: HTTP/1.1)
HTTP/1.1 200 OK
Content-Type: application/json; charset=utf-8
cache-control: no-cache
content-length: 787

15:41:17.005 [AsyncHttpClient-1-14] DEBUG org.asynchttpclient.netty.channel.ChannelManager - Adding key: http://localhost:53094 for channel [id: 0xd2977963, L:/127.0.0.1:64578 - R:localhost/127.0.0.1:53094]
15:41:17.030 [AsyncHttpClient-1-15] DEBUG org.asynchttpclient.netty.channel.NettyConnectListener - Using new Channel '[id: 0x3eccce8e, L:/127.0.0.1:64585 - R:localhost/127.0.0.1:64579]' for 'GET' to '/json/version'
15:41:17.032 [AsyncHttpClient-1-15] DEBUG org.asynchttpclient.netty.handler.HttpHandler - 

Request DefaultFullHttpRequest(decodeResult: success, version: HTTP/1.1, content: EmptyByteBufBE)
GET /json/version HTTP/1.1
User-Agent: selenium/4.1.2 (java windows)
host: localhost:64579
accept: */*

Response DefaultHttpResponse(decodeResult: success, version: HTTP/1.1)
HTTP/1.1 200 OK
Content-Type: application/json; charset=UTF-8
content-length: 424

15:41:17.032 [AsyncHttpClient-1-15] DEBUG org.asynchttpclient.netty.channel.ChannelManager - Adding key: http://localhost:64579 for channel [id: 0x3eccce8e, L:/127.0.0.1:64585 - R:localhost/127.0.0.1:64579]
15:41:17.037 [AsyncHttpClient-1-16] DEBUG org.asynchttpclient.netty.channel.NettyConnectListener - Using new Channel '[id: 0x42414688, L:/127.0.0.1:64586 - R:localhost/127.0.0.1:64579]' for 'GET' to '/devtools/browser/451eea54-e100-40ae-8b03-96cb005ae97c'
15:41:17.039 [AsyncHttpClient-1-16] DEBUG org.asynchttpclient.netty.handler.WebSocketHandler - 

Request DefaultFullHttpRequest(decodeResult: success, version: HTTP/1.1, content: EmptyByteBufBE)
GET /devtools/browser/451eea54-e100-40ae-8b03-96cb005ae97c HTTP/1.1
upgrade: websocket
connection: upgrade
sec-websocket-key: iej8OWmHrE0i7duJSoFjPg==
sec-websocket-version: 13
origin: http://localhost:64579
host: localhost:64579
accept: */*
user-agent: AHC/2.1

Response DefaultHttpResponse(decodeResult: success, version: HTTP/1.1)
HTTP/1.1 101 WebSocket Protocol Handshake
Upgrade: WebSocket
Connection: Upgrade
Sec-WebSocket-Accept: kxAGab/PjFuS+bON4WmVpiTKEfY=

15:41:17.046 [Forwarding get on session b3b8bf8a5481a981b0bddf858b0141ee to remote] DEBUG org.asynchttpclient.netty.request.NettyRequestSender - Using pooled Channel '[id: 0xd2977963, L:/127.0.0.1:64578 - R:localhost/127.0.0.1:53094]' for 'POST' to 'http://localhost:53094/session/b3b8bf8a5481a981b0bddf858b0141ee/url'
15:41:17.046 [Forwarding get on session b3b8bf8a5481a981b0bddf858b0141ee to remote] DEBUG org.asynchttpclient.netty.request.NettyRequestSender - Using open Channel [id: 0xd2977963, L:/127.0.0.1:64578 - R:localhost/127.0.0.1:53094] for POST '/session/b3b8bf8a5481a981b0bddf858b0141ee/url'
15:41:18.003 [AsyncHttpClient-1-1] DEBUG org.asynchttpclient.netty.channel.DefaultChannelPool - Entry count for : http://localhost:64579 : 1
15:41:19.104 [AsyncHttpClient-1-1] DEBUG org.asynchttpclient.netty.channel.DefaultChannelPool - Entry count for : http://localhost:64579 : 1
15:41:20.216 [AsyncHttpClient-1-1] DEBUG org.asynchttpclient.netty.channel.DefaultChannelPool - Entry count for : http://localhost:64579 : 1
15:41:21.302 [AsyncHttpClient-1-1] DEBUG org.asynchttpclient.netty.channel.DefaultChannelPool - Entry count for : http://localhost:64579 : 1
15:41:22.402 [AsyncHttpClient-1-1] DEBUG org.asynchttpclient.netty.channel.DefaultChannelPool - Entry count for : http://localhost:64579 : 1
15:41:23.502 [AsyncHttpClient-1-1] DEBUG org.asynchttpclient.netty.channel.DefaultChannelPool - Entry count for : http://localhost:64579 : 1
15:41:24.603 [AsyncHttpClient-1-1] DEBUG org.asynchttpclient.netty.channel.DefaultChannelPool - Entry count for : http://localhost:64579 : 1
15:41:25.702 [AsyncHttpClient-1-1] DEBUG org.asynchttpclient.netty.channel.DefaultChannelPool - Entry count for : http://localhost:64579 : 1
15:41:26.812 [AsyncHttpClient-1-1] DEBUG org.asynchttpclient.netty.channel.DefaultChannelPool - Entry count for : http://localhost:64579 : 1
15:41:27.903 [AsyncHttpClient-1-1] DEBUG org.asynchttpclient.netty.channel.DefaultChannelPool - Entry count for : http://localhost:64579 : 1
15:41:29.002 [AsyncHttpClient-1-1] DEBUG org.asynchttpclient.netty.channel.DefaultChannelPool - Entry count for : http://localhost:64579 : 1
15:41:30.104 [AsyncHttpClient-1-1] DEBUG org.asynchttpclient.netty.channel.DefaultChannelPool - Entry count for : http://localhost:64579 : 1
15:41:31.217 [AsyncHttpClient-1-1] DEBUG org.asynchttpclient.netty.channel.DefaultChannelPool - Entry count for : http://localhost:64579 : 1
15:41:32.302 [AsyncHttpClient-1-1] DEBUG org.asynchttpclient.netty.channel.DefaultChannelPool - Entry count for : http://localhost:64579 : 1
15:41:33.402 [AsyncHttpClient-1-1] DEBUG org.asynchttpclient.netty.channel.DefaultChannelPool - Entry count for : http://localhost:64579 : 1
15:41:34.182 [AsyncHttpClient-1-14] DEBUG org.asynchttpclient.netty.handler.HttpHandler - 

Request DefaultHttpRequest(decodeResult: success, version: HTTP/1.1)
POST /session/b3b8bf8a5481a981b0bddf858b0141ee/url HTTP/1.1
User-Agent: selenium/4.1.2 (java windows)
Content-Length: 49
Content-Type: application/json; charset=utf-8
host: localhost:53094
accept: */*

Response DefaultHttpResponse(decodeResult: success, version: HTTP/1.1)
HTTP/1.1 200 OK
Content-Type: application/json; charset=utf-8
cache-control: no-cache
content-length: 14

15:41:34.183 [AsyncHttpClient-1-14] DEBUG org.asynchttpclient.netty.channel.ChannelManager - Adding key: http://localhost:53094 for channel [id: 0xd2977963, L:/127.0.0.1:64578 - R:localhost/127.0.0.1:53094]
15:41:34.184 [Forwarding setTimeout on session b3b8bf8a5481a981b0bddf858b0141ee to remote] DEBUG org.asynchttpclient.netty.request.NettyRequestSender - Using pooled Channel '[id: 0xd2977963, L:/127.0.0.1:64578 - R:localhost/127.0.0.1:53094]' for 'POST' to 'http://localhost:53094/session/b3b8bf8a5481a981b0bddf858b0141ee/timeouts'
15:41:34.184 [Forwarding setTimeout on session b3b8bf8a5481a981b0bddf858b0141ee to remote] DEBUG org.asynchttpclient.netty.request.NettyRequestSender - Using open Channel [id: 0xd2977963, L:/127.0.0.1:64578 - R:localhost/127.0.0.1:53094] for POST '/session/b3b8bf8a5481a981b0bddf858b0141ee/timeouts'
15:41:34.186 [AsyncHttpClient-1-14] DEBUG org.asynchttpclient.netty.handler.HttpHandler - 

Request DefaultHttpRequest(decodeResult: success, version: HTTP/1.1)
POST /session/b3b8bf8a5481a981b0bddf858b0141ee/timeouts HTTP/1.1
User-Agent: selenium/4.1.2 (java windows)
Content-Length: 22
Content-Type: application/json; charset=utf-8
host: localhost:53094
accept: */*

Response DefaultHttpResponse(decodeResult: success, version: HTTP/1.1)
HTTP/1.1 200 OK
Content-Type: application/json; charset=utf-8
cache-control: no-cache
content-length: 14

15:41:34.186 [AsyncHttpClient-1-14] DEBUG org.asynchttpclient.netty.channel.ChannelManager - Adding key: http://localhost:53094 for channel [id: 0xd2977963, L:/127.0.0.1:64578 - R:localhost/127.0.0.1:53094]
15:41:34.189 [Forwarding getCurrentUrl on session b3b8bf8a5481a981b0bddf858b0141ee to remote] DEBUG org.asynchttpclient.netty.request.NettyRequestSender - Using pooled Channel '[id: 0xd2977963, L:/127.0.0.1:64578 - R:localhost/127.0.0.1:53094]' for 'GET' to 'http://localhost:53094/session/b3b8bf8a5481a981b0bddf858b0141ee/url'
15:41:34.190 [Forwarding getCurrentUrl on session b3b8bf8a5481a981b0bddf858b0141ee to remote] DEBUG org.asynchttpclient.netty.request.NettyRequestSender - Using open Channel [id: 0xd2977963, L:/127.0.0.1:64578 - R:localhost/127.0.0.1:53094] for GET '/session/b3b8bf8a5481a981b0bddf858b0141ee/url'
15:41:34.199 [AsyncHttpClient-1-14] DEBUG org.asynchttpclient.netty.handler.HttpHandler - 

Request DefaultFullHttpRequest(decodeResult: success, version: HTTP/1.1, content: EmptyByteBufBE)
GET /session/b3b8bf8a5481a981b0bddf858b0141ee/url HTTP/1.1
User-Agent: selenium/4.1.2 (java windows)
Cache-Control: no-cache
Content-Type: application/json; charset=utf-8
host: localhost:53094
accept: */*

Response DefaultHttpResponse(decodeResult: success, version: HTTP/1.1)
HTTP/1.1 200 OK
Content-Type: application/json; charset=utf-8
cache-control: no-cache
content-length: 31

15:41:34.200 [AsyncHttpClient-1-14] DEBUG org.asynchttpclient.netty.channel.ChannelManager - Adding key: http://localhost:53094 for channel [id: 0xd2977963, L:/127.0.0.1:64578 - R:localhost/127.0.0.1:53094]
15:41:34.202 [Forwarding getCurrentUrl on session b3b8bf8a5481a981b0bddf858b0141ee to remote] DEBUG org.asynchttpclient.netty.request.NettyRequestSender - Using pooled Channel '[id: 0xd2977963, L:/127.0.0.1:64578 - R:localhost/127.0.0.1:53094]' for 'GET' to 'http://localhost:53094/session/b3b8bf8a5481a981b0bddf858b0141ee/url'
15:41:34.202 [Forwarding getCurrentUrl on session b3b8bf8a5481a981b0bddf858b0141ee to remote] DEBUG org.asynchttpclient.netty.request.NettyRequestSender - Using open Channel [id: 0xd2977963, L:/127.0.0.1:64578 - R:localhost/127.0.0.1:53094] for GET '/session/b3b8bf8a5481a981b0bddf858b0141ee/url'
15:41:34.206 [AsyncHttpClient-1-14] DEBUG org.asynchttpclient.netty.handler.HttpHandler - 

Request DefaultFullHttpRequest(decodeResult: success, version: HTTP/1.1, content: EmptyByteBufBE)
GET /session/b3b8bf8a5481a981b0bddf858b0141ee/url HTTP/1.1
User-Agent: selenium/4.1.2 (java windows)
Cache-Control: no-cache
Content-Type: application/json; charset=utf-8
host: localhost:53094
accept: */*

Response DefaultHttpResponse(decodeResult: success, version: HTTP/1.1)
HTTP/1.1 200 OK
Content-Type: application/json; charset=utf-8
cache-control: no-cache
content-length: 31

15:41:34.206 [AsyncHttpClient-1-14] DEBUG org.asynchttpclient.netty.channel.ChannelManager - Adding key: http://localhost:53094 for channel [id: 0xd2977963, L:/127.0.0.1:64578 - R:localhost/127.0.0.1:53094]
15:41:34.212 [Forwarding screenshot on session b3b8bf8a5481a981b0bddf858b0141ee to remote] DEBUG org.asynchttpclient.netty.request.NettyRequestSender - Using pooled Channel '[id: 0xd2977963, L:/127.0.0.1:64578 - R:localhost/127.0.0.1:53094]' for 'GET' to 'http://localhost:53094/session/b3b8bf8a5481a981b0bddf858b0141ee/screenshot'
15:41:34.213 [Forwarding screenshot on session b3b8bf8a5481a981b0bddf858b0141ee to remote] DEBUG org.asynchttpclient.netty.request.NettyRequestSender - Using open Channel [id: 0xd2977963, L:/127.0.0.1:64578 - R:localhost/127.0.0.1:53094] for GET '/session/b3b8bf8a5481a981b0bddf858b0141ee/screenshot'
15:41:34.407 [AsyncHttpClient-1-14] DEBUG org.asynchttpclient.netty.handler.HttpHandler - 

Request DefaultFullHttpRequest(decodeResult: success, version: HTTP/1.1, content: EmptyByteBufBE)
GET /session/b3b8bf8a5481a981b0bddf858b0141ee/screenshot HTTP/1.1
User-Agent: selenium/4.1.2 (java windows)
Cache-Control: no-cache
Content-Type: application/json; charset=utf-8
host: localhost:53094
accept: */*

Response DefaultHttpResponse(decodeResult: success, version: HTTP/1.1)
HTTP/1.1 200 OK
Content-Type: application/json; charset=utf-8
cache-control: no-cache
content-length: 338144

15:41:34.409 [AsyncHttpClient-1-14] DEBUG org.asynchttpclient.netty.channel.ChannelManager - Adding key: http://localhost:53094 for channel [id: 0xd2977963, L:/127.0.0.1:64578 - R:localhost/127.0.0.1:53094]
15:41:34.420 [main] DEBUG net.serenitybdd.core.photography.Darkroom - Send negative for processing for target\site\serenity\9f7288890c568a92f6c6c8217eb338797b97273bcc98fef819cfe38620e0f92d.png
15:41:34.420 [main] DEBUG net.thucydides.core.steps.StepInterceptor - STEP DONE: openUrl
15:41:34.421 [Darkroom Processing Line] DEBUG net.serenitybdd.core.photography.DarkroomProcessingLine - Processing screenshot image in /var/screenshots/screenshot-2249691561577149181
15:41:34.421 [Darkroom Processing Line] DEBUG net.serenitybdd.core.photography.DarkroomProcessingLine - Saving screenshot to target\site\serenity\9f7288890c568a92f6c6c8217eb338797b97273bcc98fef819cfe38620e0f92d.png
15:41:34.427 [main] DEBUG net.thucydides.core.steps.StepInterceptor - STARTING STEP: LoginSteps.iAmOnTheLoginPage - openBooks
15:41:34.430 [Forwarding findElement on session b3b8bf8a5481a981b0bddf858b0141ee to remote] DEBUG org.asynchttpclient.netty.request.NettyRequestSender - Using pooled Channel '[id: 0xd2977963, L:/127.0.0.1:64578 - R:localhost/127.0.0.1:53094]' for 'POST' to 'http://localhost:53094/session/b3b8bf8a5481a981b0bddf858b0141ee/element'
15:41:34.430 [Forwarding findElement on session b3b8bf8a5481a981b0bddf858b0141ee to remote] DEBUG org.asynchttpclient.netty.request.NettyRequestSender - Using open Channel [id: 0xd2977963, L:/127.0.0.1:64578 - R:localhost/127.0.0.1:53094] for POST '/session/b3b8bf8a5481a981b0bddf858b0141ee/element'
15:41:34.441 [AsyncHttpClient-1-14] DEBUG org.asynchttpclient.netty.handler.HttpHandler - 

Request DefaultHttpRequest(decodeResult: success, version: HTTP/1.1)
POST /session/b3b8bf8a5481a981b0bddf858b0141ee/element HTTP/1.1
User-Agent: selenium/4.1.2 (java windows)
Content-Length: 73
Content-Type: application/json; charset=utf-8
host: localhost:53094
accept: */*

Response DefaultHttpResponse(decodeResult: success, version: HTTP/1.1)
HTTP/1.1 200 OK
Content-Type: application/json; charset=utf-8
cache-control: no-cache
content-length: 88

15:41:34.442 [AsyncHttpClient-1-14] DEBUG org.asynchttpclient.netty.channel.ChannelManager - Adding key: http://localhost:53094 for channel [id: 0xd2977963, L:/127.0.0.1:64578 - R:localhost/127.0.0.1:53094]
15:41:34.443 [Forwarding getElementTagName on session b3b8bf8a5481a981b0bddf858b0141ee to remote] DEBUG org.asynchttpclient.netty.request.NettyRequestSender - Using pooled Channel '[id: 0xd2977963, L:/127.0.0.1:64578 - R:localhost/127.0.0.1:53094]' for 'GET' to 'http://localhost:53094/session/b3b8bf8a5481a981b0bddf858b0141ee/element/438e09ac-de67-4974-b4cf-3e15038f2cd9/name'
15:41:34.444 [Forwarding getElementTagName on session b3b8bf8a5481a981b0bddf858b0141ee to remote] DEBUG org.asynchttpclient.netty.request.NettyRequestSender - Using open Channel [id: 0xd2977963, L:/127.0.0.1:64578 - R:localhost/127.0.0.1:53094] for GET '/session/b3b8bf8a5481a981b0bddf858b0141ee/element/438e09ac-de67-4974-b4cf-3e15038f2cd9/name'
15:41:34.448 [AsyncHttpClient-1-14] DEBUG org.asynchttpclient.netty.handler.HttpHandler - 

Request DefaultFullHttpRequest(decodeResult: success, version: HTTP/1.1, content: EmptyByteBufBE)
GET /session/b3b8bf8a5481a981b0bddf858b0141ee/element/438e09ac-de67-4974-b4cf-3e15038f2cd9/name HTTP/1.1
User-Agent: selenium/4.1.2 (java windows)
Cache-Control: no-cache
Content-Type: application/json; charset=utf-8
host: localhost:53094
accept: */*

Response DefaultHttpResponse(decodeResult: success, version: HTTP/1.1)
HTTP/1.1 200 OK
Content-Type: application/json; charset=utf-8
cache-control: no-cache
content-length: 15

15:41:34.448 [AsyncHttpClient-1-14] DEBUG org.asynchttpclient.netty.channel.ChannelManager - Adding key: http://localhost:53094 for channel [id: 0xd2977963, L:/127.0.0.1:64578 - R:localhost/127.0.0.1:53094]
15:41:34.449 [Forwarding getElementTagName on session b3b8bf8a5481a981b0bddf858b0141ee to remote] DEBUG org.asynchttpclient.netty.request.NettyRequestSender - Using pooled Channel '[id: 0xd2977963, L:/127.0.0.1:64578 - R:localhost/127.0.0.1:53094]' for 'GET' to 'http://localhost:53094/session/b3b8bf8a5481a981b0bddf858b0141ee/element/438e09ac-de67-4974-b4cf-3e15038f2cd9/name'
15:41:34.449 [Forwarding getElementTagName on session b3b8bf8a5481a981b0bddf858b0141ee to remote] DEBUG org.asynchttpclient.netty.request.NettyRequestSender - Using open Channel [id: 0xd2977963, L:/127.0.0.1:64578 - R:localhost/127.0.0.1:53094] for GET '/session/b3b8bf8a5481a981b0bddf858b0141ee/element/438e09ac-de67-4974-b4cf-3e15038f2cd9/name'
15:41:34.453 [AsyncHttpClient-1-14] DEBUG org.asynchttpclient.netty.handler.HttpHandler - 

Request DefaultFullHttpRequest(decodeResult: success, version: HTTP/1.1, content: EmptyByteBufBE)
GET /session/b3b8bf8a5481a981b0bddf858b0141ee/element/438e09ac-de67-4974-b4cf-3e15038f2cd9/name HTTP/1.1
User-Agent: selenium/4.1.2 (java windows)
Cache-Control: no-cache
Content-Type: application/json; charset=utf-8
host: localhost:53094
accept: */*

Response DefaultHttpResponse(decodeResult: success, version: HTTP/1.1)
HTTP/1.1 200 OK
Content-Type: application/json; charset=utf-8
cache-control: no-cache
content-length: 15

15:41:34.453 [AsyncHttpClient-1-14] DEBUG org.asynchttpclient.netty.channel.ChannelManager - Adding key: http://localhost:53094 for channel [id: 0xd2977963, L:/127.0.0.1:64578 - R:localhost/127.0.0.1:53094]
15:41:34.455 [Forwarding findElement on session b3b8bf8a5481a981b0bddf858b0141ee to remote] DEBUG org.asynchttpclient.netty.request.NettyRequestSender - Using pooled Channel '[id: 0xd2977963, L:/127.0.0.1:64578 - R:localhost/127.0.0.1:53094]' for 'POST' to 'http://localhost:53094/session/b3b8bf8a5481a981b0bddf858b0141ee/element'
15:41:34.456 [Forwarding findElement on session b3b8bf8a5481a981b0bddf858b0141ee to remote] DEBUG org.asynchttpclient.netty.request.NettyRequestSender - Using open Channel [id: 0xd2977963, L:/127.0.0.1:64578 - R:localhost/127.0.0.1:53094] for POST '/session/b3b8bf8a5481a981b0bddf858b0141ee/element'
15:41:34.462 [AsyncHttpClient-1-14] DEBUG org.asynchttpclient.netty.handler.HttpHandler - 

Request DefaultHttpRequest(decodeResult: success, version: HTTP/1.1)
POST /session/b3b8bf8a5481a981b0bddf858b0141ee/element HTTP/1.1
User-Agent: selenium/4.1.2 (java windows)
Content-Length: 73
Content-Type: application/json; charset=utf-8
host: localhost:53094
accept: */*

Response DefaultHttpResponse(decodeResult: success, version: HTTP/1.1)
HTTP/1.1 200 OK
Content-Type: application/json; charset=utf-8
cache-control: no-cache
content-length: 88

15:41:34.462 [AsyncHttpClient-1-14] DEBUG org.asynchttpclient.netty.channel.ChannelManager - Adding key: http://localhost:53094 for channel [id: 0xd2977963, L:/127.0.0.1:64578 - R:localhost/127.0.0.1:53094]
15:41:34.463 [Forwarding clickElement on session b3b8bf8a5481a981b0bddf858b0141ee to remote] DEBUG org.asynchttpclient.netty.request.NettyRequestSender - Using pooled Channel '[id: 0xd2977963, L:/127.0.0.1:64578 - R:localhost/127.0.0.1:53094]' for 'POST' to 'http://localhost:53094/session/b3b8bf8a5481a981b0bddf858b0141ee/element/438e09ac-de67-4974-b4cf-3e15038f2cd9/click'
15:41:34.463 [Forwarding clickElement on session b3b8bf8a5481a981b0bddf858b0141ee to remote] DEBUG org.asynchttpclient.netty.request.NettyRequestSender - Using open Channel [id: 0xd2977963, L:/127.0.0.1:64578 - R:localhost/127.0.0.1:53094] for POST '/session/b3b8bf8a5481a981b0bddf858b0141ee/element/438e09ac-de67-4974-b4cf-3e15038f2cd9/click'
15:41:34.502 [AsyncHttpClient-1-1] DEBUG org.asynchttpclient.netty.channel.DefaultChannelPool - Entry count for : http://localhost:64579 : 1
15:41:34.536 [AsyncHttpClient-1-14] DEBUG org.asynchttpclient.netty.handler.HttpHandler - 

Request DefaultHttpRequest(decodeResult: success, version: HTTP/1.1)
POST /session/b3b8bf8a5481a981b0bddf858b0141ee/element/438e09ac-de67-4974-b4cf-3e15038f2cd9/click HTTP/1.1
User-Agent: selenium/4.1.2 (java windows)
Content-Length: 50
Content-Type: application/json; charset=utf-8
host: localhost:53094
accept: */*

Response DefaultHttpResponse(decodeResult: success, version: HTTP/1.1)
HTTP/1.1 200 OK
Content-Type: application/json; charset=utf-8
cache-control: no-cache
content-length: 14

15:41:34.536 [AsyncHttpClient-1-14] DEBUG org.asynchttpclient.netty.channel.ChannelManager - Adding key: http://localhost:53094 for channel [id: 0xd2977963, L:/127.0.0.1:64578 - R:localhost/127.0.0.1:53094]
15:41:34.543 [Forwarding screenshot on session b3b8bf8a5481a981b0bddf858b0141ee to remote] DEBUG org.asynchttpclient.netty.request.NettyRequestSender - Using pooled Channel '[id: 0xd2977963, L:/127.0.0.1:64578 - R:localhost/127.0.0.1:53094]' for 'GET' to 'http://localhost:53094/session/b3b8bf8a5481a981b0bddf858b0141ee/screenshot'
15:41:34.544 [Forwarding screenshot on session b3b8bf8a5481a981b0bddf858b0141ee to remote] DEBUG org.asynchttpclient.netty.request.NettyRequestSender - Using open Channel [id: 0xd2977963, L:/127.0.0.1:64578 - R:localhost/127.0.0.1:53094] for GET '/session/b3b8bf8a5481a981b0bddf858b0141ee/screenshot'
15:41:34.795 [AsyncHttpClient-1-14] DEBUG org.asynchttpclient.netty.handler.HttpHandler - 

Request DefaultFullHttpRequest(decodeResult: success, version: HTTP/1.1, content: EmptyByteBufBE)
GET /session/b3b8bf8a5481a981b0bddf858b0141ee/screenshot HTTP/1.1
User-Agent: selenium/4.1.2 (java windows)
Cache-Control: no-cache
Content-Type: application/json; charset=utf-8
host: localhost:53094
accept: */*

Response DefaultHttpResponse(decodeResult: success, version: HTTP/1.1)
HTTP/1.1 200 OK
Content-Type: application/json; charset=utf-8
cache-control: no-cache
content-length: 227768

15:41:34.797 [AsyncHttpClient-1-14] DEBUG org.asynchttpclient.netty.channel.ChannelManager - Adding key: http://localhost:53094 for channel [id: 0xd2977963, L:/127.0.0.1:64578 - R:localhost/127.0.0.1:53094]
15:41:34.809 [main] DEBUG net.serenitybdd.core.photography.Darkroom - Send negative for processing for target\site\serenity\42404214806a0a8f2abf6ffe508cbf5eaf13f5d5ab52be6176528805b4159daf.png
15:41:34.809 [main] DEBUG net.thucydides.core.steps.StepInterceptor - STEP DONE: openBooks
15:41:34.809 [Darkroom Processing Line] DEBUG net.serenitybdd.core.photography.DarkroomProcessingLine - Processing screenshot image in /var/screenshots/screenshot-1391747043214447408
15:41:34.809 [Darkroom Processing Line] DEBUG net.serenitybdd.core.photography.DarkroomProcessingLine - Saving screenshot to target\site\serenity\42404214806a0a8f2abf6ffe508cbf5eaf13f5d5ab52be6176528805b4159daf.png
15:41:34.816 [main] DEBUG net.thucydides.core.steps.StepInterceptor - STARTING STEP: LoginSteps.iAmOnTheLoginPage - clickLoginButton
15:41:34.819 [Forwarding findElement on session b3b8bf8a5481a981b0bddf858b0141ee to remote] DEBUG org.asynchttpclient.netty.request.NettyRequestSender - Using pooled Channel '[id: 0xd2977963, L:/127.0.0.1:64578 - R:localhost/127.0.0.1:53094]' for 'POST' to 'http://localhost:53094/session/b3b8bf8a5481a981b0bddf858b0141ee/element'
15:41:34.820 [Forwarding findElement on session b3b8bf8a5481a981b0bddf858b0141ee to remote] DEBUG org.asynchttpclient.netty.request.NettyRequestSender - Using open Channel [id: 0xd2977963, L:/127.0.0.1:64578 - R:localhost/127.0.0.1:53094] for POST '/session/b3b8bf8a5481a981b0bddf858b0141ee/element'
15:41:34.835 [AsyncHttpClient-1-14] DEBUG org.asynchttpclient.netty.handler.HttpHandler - 

Request DefaultHttpRequest(decodeResult: success, version: HTTP/1.1)
POST /session/b3b8bf8a5481a981b0bddf858b0141ee/element HTTP/1.1
User-Agent: selenium/4.1.2 (java windows)
Content-Length: 50
Content-Type: application/json; charset=utf-8
host: localhost:53094
accept: */*

Response DefaultHttpResponse(decodeResult: success, version: HTTP/1.1)
HTTP/1.1 200 OK
Content-Type: application/json; charset=utf-8
cache-control: no-cache
content-length: 88

15:41:34.835 [AsyncHttpClient-1-14] DEBUG org.asynchttpclient.netty.channel.ChannelManager - Adding key: http://localhost:53094 for channel [id: 0xd2977963, L:/127.0.0.1:64578 - R:localhost/127.0.0.1:53094]
15:41:34.836 [Forwarding getElementTagName on session b3b8bf8a5481a981b0bddf858b0141ee to remote] DEBUG org.asynchttpclient.netty.request.NettyRequestSender - Using pooled Channel '[id: 0xd2977963, L:/127.0.0.1:64578 - R:localhost/127.0.0.1:53094]' for 'GET' to 'http://localhost:53094/session/b3b8bf8a5481a981b0bddf858b0141ee/element/b154b913-deee-4966-a6f9-33d431a638ed/name'
15:41:34.836 [Forwarding getElementTagName on session b3b8bf8a5481a981b0bddf858b0141ee to remote] DEBUG org.asynchttpclient.netty.request.NettyRequestSender - Using open Channel [id: 0xd2977963, L:/127.0.0.1:64578 - R:localhost/127.0.0.1:53094] for GET '/session/b3b8bf8a5481a981b0bddf858b0141ee/element/b154b913-deee-4966-a6f9-33d431a638ed/name'
15:41:34.842 [AsyncHttpClient-1-14] DEBUG org.asynchttpclient.netty.handler.HttpHandler - 

Request DefaultFullHttpRequest(decodeResult: success, version: HTTP/1.1, content: EmptyByteBufBE)
GET /session/b3b8bf8a5481a981b0bddf858b0141ee/element/b154b913-deee-4966-a6f9-33d431a638ed/name HTTP/1.1
User-Agent: selenium/4.1.2 (java windows)
Cache-Control: no-cache
Content-Type: application/json; charset=utf-8
host: localhost:53094
accept: */*

Response DefaultHttpResponse(decodeResult: success, version: HTTP/1.1)
HTTP/1.1 200 OK
Content-Type: application/json; charset=utf-8
cache-control: no-cache
content-length: 18

15:41:34.842 [AsyncHttpClient-1-14] DEBUG org.asynchttpclient.netty.channel.ChannelManager - Adding key: http://localhost:53094 for channel [id: 0xd2977963, L:/127.0.0.1:64578 - R:localhost/127.0.0.1:53094]
15:41:34.844 [Forwarding getElementTagName on session b3b8bf8a5481a981b0bddf858b0141ee to remote] DEBUG org.asynchttpclient.netty.request.NettyRequestSender - Using pooled Channel '[id: 0xd2977963, L:/127.0.0.1:64578 - R:localhost/127.0.0.1:53094]' for 'GET' to 'http://localhost:53094/session/b3b8bf8a5481a981b0bddf858b0141ee/element/b154b913-deee-4966-a6f9-33d431a638ed/name'
15:41:34.844 [Forwarding getElementTagName on session b3b8bf8a5481a981b0bddf858b0141ee to remote] DEBUG org.asynchttpclient.netty.request.NettyRequestSender - Using open Channel [id: 0xd2977963, L:/127.0.0.1:64578 - R:localhost/127.0.0.1:53094] for GET '/session/b3b8bf8a5481a981b0bddf858b0141ee/element/b154b913-deee-4966-a6f9-33d431a638ed/name'
15:41:34.849 [AsyncHttpClient-1-14] DEBUG org.asynchttpclient.netty.handler.HttpHandler - 

Request DefaultFullHttpRequest(decodeResult: success, version: HTTP/1.1, content: EmptyByteBufBE)
GET /session/b3b8bf8a5481a981b0bddf858b0141ee/element/b154b913-deee-4966-a6f9-33d431a638ed/name HTTP/1.1
User-Agent: selenium/4.1.2 (java windows)
Cache-Control: no-cache
Content-Type: application/json; charset=utf-8
host: localhost:53094
accept: */*

Response DefaultHttpResponse(decodeResult: success, version: HTTP/1.1)
HTTP/1.1 200 OK
Content-Type: application/json; charset=utf-8
cache-control: no-cache
content-length: 18

15:41:34.850 [AsyncHttpClient-1-14] DEBUG org.asynchttpclient.netty.channel.ChannelManager - Adding key: http://localhost:53094 for channel [id: 0xd2977963, L:/127.0.0.1:64578 - R:localhost/127.0.0.1:53094]
15:41:34.853 [Forwarding isElementEnabled on session b3b8bf8a5481a981b0bddf858b0141ee to remote] DEBUG org.asynchttpclient.netty.request.NettyRequestSender - Using pooled Channel '[id: 0xd2977963, L:/127.0.0.1:64578 - R:localhost/127.0.0.1:53094]' for 'GET' to 'http://localhost:53094/session/b3b8bf8a5481a981b0bddf858b0141ee/element/b154b913-deee-4966-a6f9-33d431a638ed/enabled'
15:41:34.853 [Forwarding isElementEnabled on session b3b8bf8a5481a981b0bddf858b0141ee to remote] DEBUG org.asynchttpclient.netty.request.NettyRequestSender - Using open Channel [id: 0xd2977963, L:/127.0.0.1:64578 - R:localhost/127.0.0.1:53094] for GET '/session/b3b8bf8a5481a981b0bddf858b0141ee/element/b154b913-deee-4966-a6f9-33d431a638ed/enabled'
15:41:34.862 [AsyncHttpClient-1-14] DEBUG org.asynchttpclient.netty.handler.HttpHandler - 

Request DefaultFullHttpRequest(decodeResult: success, version: HTTP/1.1, content: EmptyByteBufBE)
GET /session/b3b8bf8a5481a981b0bddf858b0141ee/element/b154b913-deee-4966-a6f9-33d431a638ed/enabled HTTP/1.1
User-Agent: selenium/4.1.2 (java windows)
Cache-Control: no-cache
Content-Type: application/json; charset=utf-8
host: localhost:53094
accept: */*

Response DefaultHttpResponse(decodeResult: success, version: HTTP/1.1)
HTTP/1.1 200 OK
Content-Type: application/json; charset=utf-8
cache-control: no-cache
content-length: 14

15:41:34.863 [AsyncHttpClient-1-14] DEBUG org.asynchttpclient.netty.channel.ChannelManager - Adding key: http://localhost:53094 for channel [id: 0xd2977963, L:/127.0.0.1:64578 - R:localhost/127.0.0.1:53094]
15:41:34.865 [Forwarding isElementEnabled on session b3b8bf8a5481a981b0bddf858b0141ee to remote] DEBUG org.asynchttpclient.netty.request.NettyRequestSender - Using pooled Channel '[id: 0xd2977963, L:/127.0.0.1:64578 - R:localhost/127.0.0.1:53094]' for 'GET' to 'http://localhost:53094/session/b3b8bf8a5481a981b0bddf858b0141ee/element/b154b913-deee-4966-a6f9-33d431a638ed/enabled'
15:41:34.865 [Forwarding isElementEnabled on session b3b8bf8a5481a981b0bddf858b0141ee to remote] DEBUG org.asynchttpclient.netty.request.NettyRequestSender - Using open Channel [id: 0xd2977963, L:/127.0.0.1:64578 - R:localhost/127.0.0.1:53094] for GET '/session/b3b8bf8a5481a981b0bddf858b0141ee/element/b154b913-deee-4966-a6f9-33d431a638ed/enabled'
15:41:34.874 [AsyncHttpClient-1-14] DEBUG org.asynchttpclient.netty.handler.HttpHandler - 

Request DefaultFullHttpRequest(decodeResult: success, version: HTTP/1.1, content: EmptyByteBufBE)
GET /session/b3b8bf8a5481a981b0bddf858b0141ee/element/b154b913-deee-4966-a6f9-33d431a638ed/enabled HTTP/1.1
User-Agent: selenium/4.1.2 (java windows)
Cache-Control: no-cache
Content-Type: application/json; charset=utf-8
host: localhost:53094
accept: */*

Response DefaultHttpResponse(decodeResult: success, version: HTTP/1.1)
HTTP/1.1 200 OK
Content-Type: application/json; charset=utf-8
cache-control: no-cache
content-length: 14

15:41:34.874 [AsyncHttpClient-1-14] DEBUG org.asynchttpclient.netty.channel.ChannelManager - Adding key: http://localhost:53094 for channel [id: 0xd2977963, L:/127.0.0.1:64578 - R:localhost/127.0.0.1:53094]
15:41:34.880 [Forwarding findElement on session b3b8bf8a5481a981b0bddf858b0141ee to remote] DEBUG org.asynchttpclient.netty.request.NettyRequestSender - Using pooled Channel '[id: 0xd2977963, L:/127.0.0.1:64578 - R:localhost/127.0.0.1:53094]' for 'POST' to 'http://localhost:53094/session/b3b8bf8a5481a981b0bddf858b0141ee/element'
15:41:34.880 [Forwarding findElement on session b3b8bf8a5481a981b0bddf858b0141ee to remote] DEBUG org.asynchttpclient.netty.request.NettyRequestSender - Using open Channel [id: 0xd2977963, L:/127.0.0.1:64578 - R:localhost/127.0.0.1:53094] for POST '/session/b3b8bf8a5481a981b0bddf858b0141ee/element'
15:41:34.889 [AsyncHttpClient-1-14] DEBUG org.asynchttpclient.netty.handler.HttpHandler - 

Request DefaultHttpRequest(decodeResult: success, version: HTTP/1.1)
POST /session/b3b8bf8a5481a981b0bddf858b0141ee/element HTTP/1.1
User-Agent: selenium/4.1.2 (java windows)
Content-Length: 50
Content-Type: application/json; charset=utf-8
host: localhost:53094
accept: */*

Response DefaultHttpResponse(decodeResult: success, version: HTTP/1.1)
HTTP/1.1 200 OK
Content-Type: application/json; charset=utf-8
cache-control: no-cache
content-length: 88

15:41:34.889 [AsyncHttpClient-1-14] DEBUG org.asynchttpclient.netty.channel.ChannelManager - Adding key: http://localhost:53094 for channel [id: 0xd2977963, L:/127.0.0.1:64578 - R:localhost/127.0.0.1:53094]
15:41:34.891 [Forwarding clickElement on session b3b8bf8a5481a981b0bddf858b0141ee to remote] DEBUG org.asynchttpclient.netty.request.NettyRequestSender - Using pooled Channel '[id: 0xd2977963, L:/127.0.0.1:64578 - R:localhost/127.0.0.1:53094]' for 'POST' to 'http://localhost:53094/session/b3b8bf8a5481a981b0bddf858b0141ee/element/b154b913-deee-4966-a6f9-33d431a638ed/click'
15:41:34.891 [Forwarding clickElement on session b3b8bf8a5481a981b0bddf858b0141ee to remote] DEBUG org.asynchttpclient.netty.request.NettyRequestSender - Using open Channel [id: 0xd2977963, L:/127.0.0.1:64578 - R:localhost/127.0.0.1:53094] for POST '/session/b3b8bf8a5481a981b0bddf858b0141ee/element/b154b913-deee-4966-a6f9-33d431a638ed/click'
15:41:34.951 [AsyncHttpClient-1-14] DEBUG org.asynchttpclient.netty.handler.HttpHandler - 

Request DefaultHttpRequest(decodeResult: success, version: HTTP/1.1)
POST /session/b3b8bf8a5481a981b0bddf858b0141ee/element/b154b913-deee-4966-a6f9-33d431a638ed/click HTTP/1.1
User-Agent: selenium/4.1.2 (java windows)
Content-Length: 50
Content-Type: application/json; charset=utf-8
host: localhost:53094
accept: */*

Response DefaultHttpResponse(decodeResult: success, version: HTTP/1.1)
HTTP/1.1 200 OK
Content-Type: application/json; charset=utf-8
cache-control: no-cache
content-length: 14

15:41:34.951 [AsyncHttpClient-1-14] DEBUG org.asynchttpclient.netty.channel.ChannelManager - Adding key: http://localhost:53094 for channel [id: 0xd2977963, L:/127.0.0.1:64578 - R:localhost/127.0.0.1:53094]
15:41:34.960 [Forwarding screenshot on session b3b8bf8a5481a981b0bddf858b0141ee to remote] DEBUG org.asynchttpclient.netty.request.NettyRequestSender - Using pooled Channel '[id: 0xd2977963, L:/127.0.0.1:64578 - R:localhost/127.0.0.1:53094]' for 'GET' to 'http://localhost:53094/session/b3b8bf8a5481a981b0bddf858b0141ee/screenshot'
15:41:34.961 [Forwarding screenshot on session b3b8bf8a5481a981b0bddf858b0141ee to remote] DEBUG org.asynchttpclient.netty.request.NettyRequestSender - Using open Channel [id: 0xd2977963, L:/127.0.0.1:64578 - R:localhost/127.0.0.1:53094] for GET '/session/b3b8bf8a5481a981b0bddf858b0141ee/screenshot'
15:41:35.164 [AsyncHttpClient-1-14] DEBUG org.asynchttpclient.netty.handler.HttpHandler - 

Request DefaultFullHttpRequest(decodeResult: success, version: HTTP/1.1, content: EmptyByteBufBE)
GET /session/b3b8bf8a5481a981b0bddf858b0141ee/screenshot HTTP/1.1
User-Agent: selenium/4.1.2 (java windows)
Cache-Control: no-cache
Content-Type: application/json; charset=utf-8
host: localhost:53094
accept: */*

Response DefaultHttpResponse(decodeResult: success, version: HTTP/1.1)
HTTP/1.1 200 OK
Content-Type: application/json; charset=utf-8
cache-control: no-cache
content-length: 317476

15:41:35.165 [AsyncHttpClient-1-14] DEBUG org.asynchttpclient.netty.channel.ChannelManager - Adding key: http://localhost:53094 for channel [id: 0xd2977963, L:/127.0.0.1:64578 - R:localhost/127.0.0.1:53094]
15:41:35.176 [main] DEBUG net.serenitybdd.core.photography.Darkroom - Send negative for processing for target\site\serenity\37e0b79280c52ddc4ee0dba7fc5bc61e29e165f663c9b29d6cc543e712bbbb00.png
15:41:35.176 [main] DEBUG net.thucydides.core.steps.StepInterceptor - STEP DONE: clickLoginButton
15:41:35.176 [Darkroom Processing Line] DEBUG net.serenitybdd.core.photography.DarkroomProcessingLine - Processing screenshot image in /var/screenshots/screenshot-437289891153848112
15:41:35.176 [Darkroom Processing Line] DEBUG net.serenitybdd.core.photography.DarkroomProcessingLine - Saving screenshot to target\site\serenity\37e0b79280c52ddc4ee0dba7fc5bc61e29e165f663c9b29d6cc543e712bbbb00.png
15:41:35.182 [main] DEBUG net.thucydides.core.steps.StepInterceptor - STARTING STEP: LoginSteps.iAmOnTheLoginPage - validateOnLoginPage
15:41:35.185 [Forwarding findElement on session b3b8bf8a5481a981b0bddf858b0141ee to remote] DEBUG org.asynchttpclient.netty.request.NettyRequestSender - Using pooled Channel '[id: 0xd2977963, L:/127.0.0.1:64578 - R:localhost/127.0.0.1:53094]' for 'POST' to 'http://localhost:53094/session/b3b8bf8a5481a981b0bddf858b0141ee/element'
15:41:35.185 [Forwarding findElement on session b3b8bf8a5481a981b0bddf858b0141ee to remote] DEBUG org.asynchttpclient.netty.request.NettyRequestSender - Using open Channel [id: 0xd2977963, L:/127.0.0.1:64578 - R:localhost/127.0.0.1:53094] for POST '/session/b3b8bf8a5481a981b0bddf858b0141ee/element'
15:41:35.192 [AsyncHttpClient-1-14] DEBUG org.asynchttpclient.netty.handler.HttpHandler - 

Request DefaultHttpRequest(decodeResult: success, version: HTTP/1.1)
POST /session/b3b8bf8a5481a981b0bddf858b0141ee/element HTTP/1.1
User-Agent: selenium/4.1.2 (java windows)
Content-Length: 50
Content-Type: application/json; charset=utf-8
host: localhost:53094
accept: */*

Response DefaultHttpResponse(decodeResult: success, version: HTTP/1.1)
HTTP/1.1 200 OK
Content-Type: application/json; charset=utf-8
cache-control: no-cache
content-length: 88

15:41:35.192 [AsyncHttpClient-1-14] DEBUG org.asynchttpclient.netty.channel.ChannelManager - Adding key: http://localhost:53094 for channel [id: 0xd2977963, L:/127.0.0.1:64578 - R:localhost/127.0.0.1:53094]
15:41:35.198 [Forwarding isElementDisplayed on session b3b8bf8a5481a981b0bddf858b0141ee to remote] DEBUG org.asynchttpclient.netty.request.NettyRequestSender - Using pooled Channel '[id: 0xd2977963, L:/127.0.0.1:64578 - R:localhost/127.0.0.1:53094]' for 'POST' to 'http://localhost:53094/session/b3b8bf8a5481a981b0bddf858b0141ee/execute/sync'
15:41:35.198 [Forwarding isElementDisplayed on session b3b8bf8a5481a981b0bddf858b0141ee to remote] DEBUG org.asynchttpclient.netty.request.NettyRequestSender - Using open Channel [id: 0xd2977963, L:/127.0.0.1:64578 - R:localhost/127.0.0.1:53094] for POST '/session/b3b8bf8a5481a981b0bddf858b0141ee/execute/sync'
15:41:35.213 [AsyncHttpClient-1-14] DEBUG org.asynchttpclient.netty.handler.HttpHandler - 

Request DefaultHttpRequest(decodeResult: success, version: HTTP/1.1)
POST /session/b3b8bf8a5481a981b0bddf858b0141ee/execute/sync HTTP/1.1
User-Agent: selenium/4.1.2 (java windows)
Content-Length: 48780
Content-Type: application/json; charset=utf-8
host: localhost:53094
accept: */*

Response DefaultHttpResponse(decodeResult: success, version: HTTP/1.1)
HTTP/1.1 200 OK
Content-Type: application/json; charset=utf-8
cache-control: no-cache
content-length: 14

15:41:35.213 [AsyncHttpClient-1-14] DEBUG org.asynchttpclient.netty.channel.ChannelManager - Adding key: http://localhost:53094 for channel [id: 0xd2977963, L:/127.0.0.1:64578 - R:localhost/127.0.0.1:53094]
15:41:35.217 [main] DEBUG net.thucydides.core.steps.StepInterceptor - STEP DONE: validateOnLoginPage
  &amp#27;[32mGiven &amp#27;[0m&amp#27;[32mI am on the login page&amp#27;[0m                          &amp#27;[90m# starter.stepdefinitions.LoginSteps.iAmOnTheLoginPage()&amp#27;[0m
15:41:35.230 [Forwarding screenshot on session b3b8bf8a5481a981b0bddf858b0141ee to remote] DEBUG org.asynchttpclient.netty.request.NettyRequestSender - Using pooled Channel '[id: 0xd2977963, L:/127.0.0.1:64578 - R:localhost/127.0.0.1:53094]' for 'GET' to 'http://localhost:53094/session/b3b8bf8a5481a981b0bddf858b0141ee/screenshot'
15:41:35.230 [Forwarding screenshot on session b3b8bf8a5481a981b0bddf858b0141ee to remote] DEBUG org.asynchttpclient.netty.request.NettyRequestSender - Using open Channel [id: 0xd2977963, L:/127.0.0.1:64578 - R:localhost/127.0.0.1:53094] for GET '/session/b3b8bf8a5481a981b0bddf858b0141ee/screenshot'
15:41:35.387 [AsyncHttpClient-1-14] DEBUG org.asynchttpclient.netty.handler.HttpHandler - 

Request DefaultFullHttpRequest(decodeResult: success, version: HTTP/1.1, content: EmptyByteBufBE)
GET /session/b3b8bf8a5481a981b0bddf858b0141ee/screenshot HTTP/1.1
User-Agent: selenium/4.1.2 (java windows)
Cache-Control: no-cache
Content-Type: application/json; charset=utf-8
host: localhost:53094
accept: */*

Response DefaultHttpResponse(decodeResult: success, version: HTTP/1.1)
HTTP/1.1 200 OK
Content-Type: application/json; charset=utf-8
cache-control: no-cache
content-length: 317476

15:41:35.388 [AsyncHttpClient-1-14] DEBUG org.asynchttpclient.netty.channel.ChannelManager - Adding key: http://localhost:53094 for channel [id: 0xd2977963, L:/127.0.0.1:64578 - R:localhost/127.0.0.1:53094]
15:41:35.396 [main] DEBUG net.serenitybdd.core.photography.Darkroom - Send negative for processing for target\site\serenity\37e0b79280c52ddc4ee0dba7fc5bc61e29e165f663c9b29d6cc543e712bbbb00.png
15:41:35.397 [main] DEBUG net.thucydides.core.steps.StepInterceptor - STARTING STEP: LoginSteps.iInputEmptyUsername - inputPassword
15:41:35.398 [Forwarding findElement on session b3b8bf8a5481a981b0bddf858b0141ee to remote] DEBUG org.asynchttpclient.netty.request.NettyRequestSender - Using pooled Channel '[id: 0xd2977963, L:/127.0.0.1:64578 - R:localhost/127.0.0.1:53094]' for 'POST' to 'http://localhost:53094/session/b3b8bf8a5481a981b0bddf858b0141ee/element'
15:41:35.398 [Forwarding findElement on session b3b8bf8a5481a981b0bddf858b0141ee to remote] DEBUG org.asynchttpclient.netty.request.NettyRequestSender - Using open Channel [id: 0xd2977963, L:/127.0.0.1:64578 - R:localhost/127.0.0.1:53094] for POST '/session/b3b8bf8a5481a981b0bddf858b0141ee/element'
15:41:35.407 [AsyncHttpClient-1-14] DEBUG org.asynchttpclient.netty.handler.HttpHandler - 

Request DefaultHttpRequest(decodeResult: success, version: HTTP/1.1)
POST /session/b3b8bf8a5481a981b0bddf858b0141ee/element HTTP/1.1
User-Agent: selenium/4.1.2 (java windows)
Content-Length: 53
Content-Type: application/json; charset=utf-8
host: localhost:53094
accept: */*

Response DefaultHttpResponse(decodeResult: success, version: HTTP/1.1)
HTTP/1.1 200 OK
Content-Type: application/json; charset=utf-8
cache-control: no-cache
content-length: 88

15:41:35.407 [AsyncHttpClient-1-14] DEBUG org.asynchttpclient.netty.channel.ChannelManager - Adding key: http://localhost:53094 for channel [id: 0xd2977963, L:/127.0.0.1:64578 - R:localhost/127.0.0.1:53094]
15:41:35.408 [Forwarding clearElement on session b3b8bf8a5481a981b0bddf858b0141ee to remote] DEBUG org.asynchttpclient.netty.request.NettyRequestSender - Using pooled Channel '[id: 0xd2977963, L:/127.0.0.1:64578 - R:localhost/127.0.0.1:53094]' for 'POST' to 'http://localhost:53094/session/b3b8bf8a5481a981b0bddf858b0141ee/element/104bd346-313b-4c06-86c6-bad7220035c3/clear'
15:41:35.408 [Forwarding clearElement on session b3b8bf8a5481a981b0bddf858b0141ee to remote] DEBUG org.asynchttpclient.netty.request.NettyRequestSender - Using open Channel [id: 0xd2977963, L:/127.0.0.1:64578 - R:localhost/127.0.0.1:53094] for POST '/session/b3b8bf8a5481a981b0bddf858b0141ee/element/104bd346-313b-4c06-86c6-bad7220035c3/clear'
15:41:35.435 [AsyncHttpClient-1-14] DEBUG org.asynchttpclient.netty.handler.HttpHandler - 

Request DefaultHttpRequest(decodeResult: success, version: HTTP/1.1)
POST /session/b3b8bf8a5481a981b0bddf858b0141ee/element/104bd346-313b-4c06-86c6-bad7220035c3/clear HTTP/1.1
User-Agent: selenium/4.1.2 (java windows)
Content-Length: 50
Content-Type: application/json; charset=utf-8
host: localhost:53094
accept: */*

Response DefaultHttpResponse(decodeResult: success, version: HTTP/1.1)
HTTP/1.1 200 OK
Content-Type: application/json; charset=utf-8
cache-control: no-cache
content-length: 14

15:41:35.435 [AsyncHttpClient-1-14] DEBUG org.asynchttpclient.netty.channel.ChannelManager - Adding key: http://localhost:53094 for channel [id: 0xd2977963, L:/127.0.0.1:64578 - R:localhost/127.0.0.1:53094]
15:41:35.437 [Forwarding sendKeysToElement on session b3b8bf8a5481a981b0bddf858b0141ee to remote] DEBUG org.asynchttpclient.netty.request.NettyRequestSender - Using pooled Channel '[id: 0xd2977963, L:/127.0.0.1:64578 - R:localhost/127.0.0.1:53094]' for 'POST' to 'http://localhost:53094/session/b3b8bf8a5481a981b0bddf858b0141ee/element/104bd346-313b-4c06-86c6-bad7220035c3/value'
15:41:35.437 [Forwarding sendKeysToElement on session b3b8bf8a5481a981b0bddf858b0141ee to remote] DEBUG org.asynchttpclient.netty.request.NettyRequestSender - Using open Channel [id: 0xd2977963, L:/127.0.0.1:64578 - R:localhost/127.0.0.1:53094] for POST '/session/b3b8bf8a5481a981b0bddf858b0141ee/element/104bd346-313b-4c06-86c6-bad7220035c3/value'
15:41:35.466 [AsyncHttpClient-1-14] DEBUG org.asynchttpclient.netty.handler.HttpHandler - 

Request DefaultHttpRequest(decodeResult: success, version: HTTP/1.1)
POST /session/b3b8bf8a5481a981b0bddf858b0141ee/element/104bd346-313b-4c06-86c6-bad7220035c3/value HTTP/1.1
User-Agent: selenium/4.1.2 (java windows)
Content-Length: 82
Content-Type: application/json; charset=utf-8
host: localhost:53094
accept: */*

Response DefaultHttpResponse(decodeResult: success, version: HTTP/1.1)
HTTP/1.1 200 OK
Content-Type: application/json; charset=utf-8
cache-control: no-cache
content-length: 14

15:41:35.466 [AsyncHttpClient-1-14] DEBUG org.asynchttpclient.netty.channel.ChannelManager - Adding key: http://localhost:53094 for channel [id: 0xd2977963, L:/127.0.0.1:64578 - R:localhost/127.0.0.1:53094]
15:41:35.469 [Forwarding screenshot on session b3b8bf8a5481a981b0bddf858b0141ee to remote] DEBUG org.asynchttpclient.netty.request.NettyRequestSender - Using pooled Channel '[id: 0xd2977963, L:/127.0.0.1:64578 - R:localhost/127.0.0.1:53094]' for 'GET' to 'http://localhost:53094/session/b3b8bf8a5481a981b0bddf858b0141ee/screenshot'
15:41:35.469 [Forwarding screenshot on session b3b8bf8a5481a981b0bddf858b0141ee to remote] DEBUG org.asynchttpclient.netty.request.NettyRequestSender - Using open Channel [id: 0xd2977963, L:/127.0.0.1:64578 - R:localhost/127.0.0.1:53094] for GET '/session/b3b8bf8a5481a981b0bddf858b0141ee/screenshot'
15:41:35.605 [AsyncHttpClient-1-1] DEBUG org.asynchttpclient.netty.channel.DefaultChannelPool - Entry count for : http://localhost:64579 : 1
15:41:35.634 [AsyncHttpClient-1-14] DEBUG org.asynchttpclient.netty.handler.HttpHandler - 

Request DefaultFullHttpRequest(decodeResult: success, version: HTTP/1.1, content: EmptyByteBufBE)
GET /session/b3b8bf8a5481a981b0bddf858b0141ee/screenshot HTTP/1.1
User-Agent: selenium/4.1.2 (java windows)
Cache-Control: no-cache
Content-Type: application/json; charset=utf-8
host: localhost:53094
accept: */*

Response DefaultHttpResponse(decodeResult: success, version: HTTP/1.1)
HTTP/1.1 200 OK
Content-Type: application/json; charset=utf-8
cache-control: no-cache
content-length: 317732

15:41:35.635 [AsyncHttpClient-1-14] DEBUG org.asynchttpclient.netty.channel.ChannelManager - Adding key: http://localhost:53094 for channel [id: 0xd2977963, L:/127.0.0.1:64578 - R:localhost/127.0.0.1:53094]
15:41:35.644 [main] DEBUG net.serenitybdd.core.photography.Darkroom - Send negative for processing for target\site\serenity\d69400e3c6817448070c36fbbf1c19d1f51f2d7835954646a26e54ff721708c1.png
15:41:35.644 [main] DEBUG net.thucydides.core.steps.StepInterceptor - STEP DONE: inputPassword
  &amp#27;[32mWhen &amp#27;[0m&amp#27;[32mI input empty username&amp#27;[0m                           &amp#27;[90m# starter.stepdefinitions.LoginSteps.iInputEmptyUsername()&amp#27;[0m
15:41:35.644 [Darkroom Processing Line] DEBUG net.serenitybdd.core.photography.DarkroomProcessingLine - Processing screenshot image in /var/screenshots/screenshot-774820436599029223
15:41:35.645 [Darkroom Processing Line] DEBUG net.serenitybdd.core.photography.DarkroomProcessingLine - Saving screenshot to target\site\serenity\d69400e3c6817448070c36fbbf1c19d1f51f2d7835954646a26e54ff721708c1.png
15:41:35.655 [main] DEBUG net.thucydides.core.steps.StepInterceptor - STARTING STEP: LoginSteps.iInputEmptyPassword - inputPassword
15:41:35.657 [Forwarding findElement on session b3b8bf8a5481a981b0bddf858b0141ee to remote] DEBUG org.asynchttpclient.netty.request.NettyRequestSender - Using pooled Channel '[id: 0xd2977963, L:/127.0.0.1:64578 - R:localhost/127.0.0.1:53094]' for 'POST' to 'http://localhost:53094/session/b3b8bf8a5481a981b0bddf858b0141ee/element'
15:41:35.657 [Forwarding findElement on session b3b8bf8a5481a981b0bddf858b0141ee to remote] DEBUG org.asynchttpclient.netty.request.NettyRequestSender - Using open Channel [id: 0xd2977963, L:/127.0.0.1:64578 - R:localhost/127.0.0.1:53094] for POST '/session/b3b8bf8a5481a981b0bddf858b0141ee/element'
15:41:35.663 [AsyncHttpClient-1-14] DEBUG org.asynchttpclient.netty.handler.HttpHandler - 

Request DefaultHttpRequest(decodeResult: success, version: HTTP/1.1)
POST /session/b3b8bf8a5481a981b0bddf858b0141ee/element HTTP/1.1
User-Agent: selenium/4.1.2 (java windows)
Content-Length: 53
Content-Type: application/json; charset=utf-8
host: localhost:53094
accept: */*

Response DefaultHttpResponse(decodeResult: success, version: HTTP/1.1)
HTTP/1.1 200 OK
Content-Type: application/json; charset=utf-8
cache-control: no-cache
content-length: 88

15:41:35.664 [AsyncHttpClient-1-14] DEBUG org.asynchttpclient.netty.channel.ChannelManager - Adding key: http://localhost:53094 for channel [id: 0xd2977963, L:/127.0.0.1:64578 - R:localhost/127.0.0.1:53094]
15:41:35.664 [Forwarding clearElement on session b3b8bf8a5481a981b0bddf858b0141ee to remote] DEBUG org.asynchttpclient.netty.request.NettyRequestSender - Using pooled Channel '[id: 0xd2977963, L:/127.0.0.1:64578 - R:localhost/127.0.0.1:53094]' for 'POST' to 'http://localhost:53094/session/b3b8bf8a5481a981b0bddf858b0141ee/element/104bd346-313b-4c06-86c6-bad7220035c3/clear'
15:41:35.664 [Forwarding clearElement on session b3b8bf8a5481a981b0bddf858b0141ee to remote] DEBUG org.asynchttpclient.netty.request.NettyRequestSender - Using open Channel [id: 0xd2977963, L:/127.0.0.1:64578 - R:localhost/127.0.0.1:53094] for POST '/session/b3b8bf8a5481a981b0bddf858b0141ee/element/104bd346-313b-4c06-86c6-bad7220035c3/clear'
15:41:35.680 [AsyncHttpClient-1-14] DEBUG org.asynchttpclient.netty.handler.HttpHandler - 

Request DefaultHttpRequest(decodeResult: success, version: HTTP/1.1)
POST /session/b3b8bf8a5481a981b0bddf858b0141ee/element/104bd346-313b-4c06-86c6-bad7220035c3/clear HTTP/1.1
User-Agent: selenium/4.1.2 (java windows)
Content-Length: 50
Content-Type: application/json; charset=utf-8
host: localhost:53094
accept: */*

Response DefaultHttpResponse(decodeResult: success, version: HTTP/1.1)
HTTP/1.1 200 OK
Content-Type: application/json; charset=utf-8
cache-control: no-cache
content-length: 14

15:41:35.680 [AsyncHttpClient-1-14] DEBUG org.asynchttpclient.netty.channel.ChannelManager - Adding key: http://localhost:53094 for channel [id: 0xd2977963, L:/127.0.0.1:64578 - R:localhost/127.0.0.1:53094]
15:41:35.682 [Forwarding sendKeysToElement on session b3b8bf8a5481a981b0bddf858b0141ee to remote] DEBUG org.asynchttpclient.netty.request.NettyRequestSender - Using pooled Channel '[id: 0xd2977963, L:/127.0.0.1:64578 - R:localhost/127.0.0.1:53094]' for 'POST' to 'http://localhost:53094/session/b3b8bf8a5481a981b0bddf858b0141ee/element/104bd346-313b-4c06-86c6-bad7220035c3/value'
15:41:35.682 [Forwarding sendKeysToElement on session b3b8bf8a5481a981b0bddf858b0141ee to remote] DEBUG org.asynchttpclient.netty.request.NettyRequestSender - Using open Channel [id: 0xd2977963, L:/127.0.0.1:64578 - R:localhost/127.0.0.1:53094] for POST '/session/b3b8bf8a5481a981b0bddf858b0141ee/element/104bd346-313b-4c06-86c6-bad7220035c3/value'
15:41:35.697 [AsyncHttpClient-1-14] DEBUG org.asynchttpclient.netty.handler.HttpHandler - 

Request DefaultHttpRequest(decodeResult: success, version: HTTP/1.1)
POST /session/b3b8bf8a5481a981b0bddf858b0141ee/element/104bd346-313b-4c06-86c6-bad7220035c3/value HTTP/1.1
User-Agent: selenium/4.1.2 (java windows)
Content-Length: 82
Content-Type: application/json; charset=utf-8
host: localhost:53094
accept: */*

Response DefaultHttpResponse(decodeResult: success, version: HTTP/1.1)
HTTP/1.1 200 OK
Content-Type: application/json; charset=utf-8
cache-control: no-cache
content-length: 14

15:41:35.698 [AsyncHttpClient-1-14] DEBUG org.asynchttpclient.netty.channel.ChannelManager - Adding key: http://localhost:53094 for channel [id: 0xd2977963, L:/127.0.0.1:64578 - R:localhost/127.0.0.1:53094]
15:41:35.701 [Forwarding screenshot on session b3b8bf8a5481a981b0bddf858b0141ee to remote] DEBUG org.asynchttpclient.netty.request.NettyRequestSender - Using pooled Channel '[id: 0xd2977963, L:/127.0.0.1:64578 - R:localhost/127.0.0.1:53094]' for 'GET' to 'http://localhost:53094/session/b3b8bf8a5481a981b0bddf858b0141ee/screenshot'
15:41:35.701 [Forwarding screenshot on session b3b8bf8a5481a981b0bddf858b0141ee to remote] DEBUG org.asynchttpclient.netty.request.NettyRequestSender - Using open Channel [id: 0xd2977963, L:/127.0.0.1:64578 - R:localhost/127.0.0.1:53094] for GET '/session/b3b8bf8a5481a981b0bddf858b0141ee/screenshot'
15:41:35.844 [AsyncHttpClient-1-14] DEBUG org.asynchttpclient.netty.handler.HttpHandler - 

Request DefaultFullHttpRequest(decodeResult: success, version: HTTP/1.1, content: EmptyByteBufBE)
GET /session/b3b8bf8a5481a981b0bddf858b0141ee/screenshot HTTP/1.1
User-Agent: selenium/4.1.2 (java windows)
Cache-Control: no-cache
Content-Type: application/json; charset=utf-8
host: localhost:53094
accept: */*

Response DefaultHttpResponse(decodeResult: success, version: HTTP/1.1)
HTTP/1.1 200 OK
Content-Type: application/json; charset=utf-8
cache-control: no-cache
content-length: 317860

15:41:35.846 [AsyncHttpClient-1-14] DEBUG org.asynchttpclient.netty.channel.ChannelManager - Adding key: http://localhost:53094 for channel [id: 0xd2977963, L:/127.0.0.1:64578 - R:localhost/127.0.0.1:53094]
15:41:36.044 [main] DEBUG net.serenitybdd.core.photography.Darkroom - Send negative for processing for target\site\serenity\4dd386288c3ae5d3c0684c9dc957c1ad9885c6829e4cf5097fb136d9aa4022b2.png
15:41:36.044 [main] DEBUG net.thucydides.core.steps.StepInterceptor - STEP DONE: inputPassword
  &amp#27;[32mAnd &amp#27;[0m&amp#27;[32mI input empty password&amp#27;[0m                            &amp#27;[90m# starter.stepdefinitions.LoginSteps.iInputEmptyPassword()&amp#27;[0m
15:41:36.044 [Darkroom Processing Line] DEBUG net.serenitybdd.core.photography.DarkroomProcessingLine - Processing screenshot image in /var/screenshots/screenshot-1605251517592008692
15:41:36.044 [Darkroom Processing Line] DEBUG net.serenitybdd.core.photography.DarkroomProcessingLine - Saving screenshot to target\site\serenity\4dd386288c3ae5d3c0684c9dc957c1ad9885c6829e4cf5097fb136d9aa4022b2.png
15:41:36.052 [main] DEBUG net.thucydides.core.steps.StepInterceptor - STARTING STEP: LoginSteps.clickLoginButton - clickLoginButton
15:41:36.053 [Forwarding findElement on session b3b8bf8a5481a981b0bddf858b0141ee to remote] DEBUG org.asynchttpclient.netty.request.NettyRequestSender - Using pooled Channel '[id: 0xd2977963, L:/127.0.0.1:64578 - R:localhost/127.0.0.1:53094]' for 'POST' to 'http://localhost:53094/session/b3b8bf8a5481a981b0bddf858b0141ee/element'
15:41:36.053 [Forwarding findElement on session b3b8bf8a5481a981b0bddf858b0141ee to remote] DEBUG org.asynchttpclient.netty.request.NettyRequestSender - Using open Channel [id: 0xd2977963, L:/127.0.0.1:64578 - R:localhost/127.0.0.1:53094] for POST '/session/b3b8bf8a5481a981b0bddf858b0141ee/element'
15:41:36.059 [AsyncHttpClient-1-14] DEBUG org.asynchttpclient.netty.handler.HttpHandler - 

Request DefaultHttpRequest(decodeResult: success, version: HTTP/1.1)
POST /session/b3b8bf8a5481a981b0bddf858b0141ee/element HTTP/1.1
User-Agent: selenium/4.1.2 (java windows)
Content-Length: 50
Content-Type: application/json; charset=utf-8
host: localhost:53094
accept: */*

Response DefaultHttpResponse(decodeResult: success, version: HTTP/1.1)
HTTP/1.1 200 OK
Content-Type: application/json; charset=utf-8
cache-control: no-cache
content-length: 88

15:41:36.060 [AsyncHttpClient-1-14] DEBUG org.asynchttpclient.netty.channel.ChannelManager - Adding key: http://localhost:53094 for channel [id: 0xd2977963, L:/127.0.0.1:64578 - R:localhost/127.0.0.1:53094]
15:41:36.061 [Forwarding getElementTagName on session b3b8bf8a5481a981b0bddf858b0141ee to remote] DEBUG org.asynchttpclient.netty.request.NettyRequestSender - Using pooled Channel '[id: 0xd2977963, L:/127.0.0.1:64578 - R:localhost/127.0.0.1:53094]' for 'GET' to 'http://localhost:53094/session/b3b8bf8a5481a981b0bddf858b0141ee/element/a0b823c4-14fd-41bf-aab7-01ee558a8f51/name'
15:41:36.061 [Forwarding getElementTagName on session b3b8bf8a5481a981b0bddf858b0141ee to remote] DEBUG org.asynchttpclient.netty.request.NettyRequestSender - Using open Channel [id: 0xd2977963, L:/127.0.0.1:64578 - R:localhost/127.0.0.1:53094] for GET '/session/b3b8bf8a5481a981b0bddf858b0141ee/element/a0b823c4-14fd-41bf-aab7-01ee558a8f51/name'
15:41:36.064 [AsyncHttpClient-1-14] DEBUG org.asynchttpclient.netty.handler.HttpHandler - 

Request DefaultFullHttpRequest(decodeResult: success, version: HTTP/1.1, content: EmptyByteBufBE)
GET /session/b3b8bf8a5481a981b0bddf858b0141ee/element/a0b823c4-14fd-41bf-aab7-01ee558a8f51/name HTTP/1.1
User-Agent: selenium/4.1.2 (java windows)
Cache-Control: no-cache
Content-Type: application/json; charset=utf-8
host: localhost:53094
accept: */*

Response DefaultHttpResponse(decodeResult: success, version: HTTP/1.1)
HTTP/1.1 200 OK
Content-Type: application/json; charset=utf-8
cache-control: no-cache
content-length: 18

15:41:36.064 [AsyncHttpClient-1-14] DEBUG org.asynchttpclient.netty.channel.ChannelManager - Adding key: http://localhost:53094 for channel [id: 0xd2977963, L:/127.0.0.1:64578 - R:localhost/127.0.0.1:53094]
15:41:36.065 [Forwarding getElementTagName on session b3b8bf8a5481a981b0bddf858b0141ee to remote] DEBUG org.asynchttpclient.netty.request.NettyRequestSender - Using pooled Channel '[id: 0xd2977963, L:/127.0.0.1:64578 - R:localhost/127.0.0.1:53094]' for 'GET' to 'http://localhost:53094/session/b3b8bf8a5481a981b0bddf858b0141ee/element/a0b823c4-14fd-41bf-aab7-01ee558a8f51/name'
15:41:36.065 [Forwarding getElementTagName on session b3b8bf8a5481a981b0bddf858b0141ee to remote] DEBUG org.asynchttpclient.netty.request.NettyRequestSender - Using open Channel [id: 0xd2977963, L:/127.0.0.1:64578 - R:localhost/127.0.0.1:53094] for GET '/session/b3b8bf8a5481a981b0bddf858b0141ee/element/a0b823c4-14fd-41bf-aab7-01ee558a8f51/name'
15:41:36.068 [AsyncHttpClient-1-14] DEBUG org.asynchttpclient.netty.handler.HttpHandler - 

Request DefaultFullHttpRequest(decodeResult: success, version: HTTP/1.1, content: EmptyByteBufBE)
GET /session/b3b8bf8a5481a981b0bddf858b0141ee/element/a0b823c4-14fd-41bf-aab7-01ee558a8f51/name HTTP/1.1
User-Agent: selenium/4.1.2 (java windows)
Cache-Control: no-cache
Content-Type: application/json; charset=utf-8
host: localhost:53094
accept: */*

Response DefaultHttpResponse(decodeResult: success, version: HTTP/1.1)
HTTP/1.1 200 OK
Content-Type: application/json; charset=utf-8
cache-control: no-cache
content-length: 18

15:41:36.068 [AsyncHttpClient-1-14] DEBUG org.asynchttpclient.netty.channel.ChannelManager - Adding key: http://localhost:53094 for channel [id: 0xd2977963, L:/127.0.0.1:64578 - R:localhost/127.0.0.1:53094]
15:41:36.070 [Forwarding isElementEnabled on session b3b8bf8a5481a981b0bddf858b0141ee to remote] DEBUG org.asynchttpclient.netty.request.NettyRequestSender - Using pooled Channel '[id: 0xd2977963, L:/127.0.0.1:64578 - R:localhost/127.0.0.1:53094]' for 'GET' to 'http://localhost:53094/session/b3b8bf8a5481a981b0bddf858b0141ee/element/a0b823c4-14fd-41bf-aab7-01ee558a8f51/enabled'
15:41:36.070 [Forwarding isElementEnabled on session b3b8bf8a5481a981b0bddf858b0141ee to remote] DEBUG org.asynchttpclient.netty.request.NettyRequestSender - Using open Channel [id: 0xd2977963, L:/127.0.0.1:64578 - R:localhost/127.0.0.1:53094] for GET '/session/b3b8bf8a5481a981b0bddf858b0141ee/element/a0b823c4-14fd-41bf-aab7-01ee558a8f51/enabled'
15:41:36.076 [AsyncHttpClient-1-14] DEBUG org.asynchttpclient.netty.handler.HttpHandler - 

Request DefaultFullHttpRequest(decodeResult: success, version: HTTP/1.1, content: EmptyByteBufBE)
GET /session/b3b8bf8a5481a981b0bddf858b0141ee/element/a0b823c4-14fd-41bf-aab7-01ee558a8f51/enabled HTTP/1.1
User-Agent: selenium/4.1.2 (java windows)
Cache-Control: no-cache
Content-Type: application/json; charset=utf-8
host: localhost:53094
accept: */*

Response DefaultHttpResponse(decodeResult: success, version: HTTP/1.1)
HTTP/1.1 200 OK
Content-Type: application/json; charset=utf-8
cache-control: no-cache
content-length: 14

15:41:36.076 [AsyncHttpClient-1-14] DEBUG org.asynchttpclient.netty.channel.ChannelManager - Adding key: http://localhost:53094 for channel [id: 0xd2977963, L:/127.0.0.1:64578 - R:localhost/127.0.0.1:53094]
15:41:36.077 [Forwarding isElementEnabled on session b3b8bf8a5481a981b0bddf858b0141ee to remote] DEBUG org.asynchttpclient.netty.request.NettyRequestSender - Using pooled Channel '[id: 0xd2977963, L:/127.0.0.1:64578 - R:localhost/127.0.0.1:53094]' for 'GET' to 'http://localhost:53094/session/b3b8bf8a5481a981b0bddf858b0141ee/element/a0b823c4-14fd-41bf-aab7-01ee558a8f51/enabled'
15:41:36.077 [Forwarding isElementEnabled on session b3b8bf8a5481a981b0bddf858b0141ee to remote] DEBUG org.asynchttpclient.netty.request.NettyRequestSender - Using open Channel [id: 0xd2977963, L:/127.0.0.1:64578 - R:localhost/127.0.0.1:53094] for GET '/session/b3b8bf8a5481a981b0bddf858b0141ee/element/a0b823c4-14fd-41bf-aab7-01ee558a8f51/enabled'
15:41:36.081 [AsyncHttpClient-1-14] DEBUG org.asynchttpclient.netty.handler.HttpHandler - 

Request DefaultFullHttpRequest(decodeResult: success, version: HTTP/1.1, content: EmptyByteBufBE)
GET /session/b3b8bf8a5481a981b0bddf858b0141ee/element/a0b823c4-14fd-41bf-aab7-01ee558a8f51/enabled HTTP/1.1
User-Agent: selenium/4.1.2 (java windows)
Cache-Control: no-cache
Content-Type: application/json; charset=utf-8
host: localhost:53094
accept: */*

Response DefaultHttpResponse(decodeResult: success, version: HTTP/1.1)
HTTP/1.1 200 OK
Content-Type: application/json; charset=utf-8
cache-control: no-cache
content-length: 14

15:41:36.081 [AsyncHttpClient-1-14] DEBUG org.asynchttpclient.netty.channel.ChannelManager - Adding key: http://localhost:53094 for channel [id: 0xd2977963, L:/127.0.0.1:64578 - R:localhost/127.0.0.1:53094]
15:41:36.082 [Forwarding findElement on session b3b8bf8a5481a981b0bddf858b0141ee to remote] DEBUG org.asynchttpclient.netty.request.NettyRequestSender - Using pooled Channel '[id: 0xd2977963, L:/127.0.0.1:64578 - R:localhost/127.0.0.1:53094]' for 'POST' to 'http://localhost:53094/session/b3b8bf8a5481a981b0bddf858b0141ee/element'
15:41:36.082 [Forwarding findElement on session b3b8bf8a5481a981b0bddf858b0141ee to remote] DEBUG org.asynchttpclient.netty.request.NettyRequestSender - Using open Channel [id: 0xd2977963, L:/127.0.0.1:64578 - R:localhost/127.0.0.1:53094] for POST '/session/b3b8bf8a5481a981b0bddf858b0141ee/element'
15:41:36.087 [AsyncHttpClient-1-14] DEBUG org.asynchttpclient.netty.handler.HttpHandler - 

Request DefaultHttpRequest(decodeResult: success, version: HTTP/1.1)
POST /session/b3b8bf8a5481a981b0bddf858b0141ee/element HTTP/1.1
User-Agent: selenium/4.1.2 (java windows)
Content-Length: 50
Content-Type: application/json; charset=utf-8
host: localhost:53094
accept: */*

Response DefaultHttpResponse(decodeResult: success, version: HTTP/1.1)
HTTP/1.1 200 OK
Content-Type: application/json; charset=utf-8
cache-control: no-cache
content-length: 88

15:41:36.087 [AsyncHttpClient-1-14] DEBUG org.asynchttpclient.netty.channel.ChannelManager - Adding key: http://localhost:53094 for channel [id: 0xd2977963, L:/127.0.0.1:64578 - R:localhost/127.0.0.1:53094]
15:41:36.088 [Forwarding clickElement on session b3b8bf8a5481a981b0bddf858b0141ee to remote] DEBUG org.asynchttpclient.netty.request.NettyRequestSender - Using pooled Channel '[id: 0xd2977963, L:/127.0.0.1:64578 - R:localhost/127.0.0.1:53094]' for 'POST' to 'http://localhost:53094/session/b3b8bf8a5481a981b0bddf858b0141ee/element/a0b823c4-14fd-41bf-aab7-01ee558a8f51/click'
15:41:36.088 [Forwarding clickElement on session b3b8bf8a5481a981b0bddf858b0141ee to remote] DEBUG org.asynchttpclient.netty.request.NettyRequestSender - Using open Channel [id: 0xd2977963, L:/127.0.0.1:64578 - R:localhost/127.0.0.1:53094] for POST '/session/b3b8bf8a5481a981b0bddf858b0141ee/element/a0b823c4-14fd-41bf-aab7-01ee558a8f51/click'
15:41:36.120 [AsyncHttpClient-1-14] DEBUG org.asynchttpclient.netty.handler.HttpHandler - 

Request DefaultHttpRequest(decodeResult: success, version: HTTP/1.1)
POST /session/b3b8bf8a5481a981b0bddf858b0141ee/element/a0b823c4-14fd-41bf-aab7-01ee558a8f51/click HTTP/1.1
User-Agent: selenium/4.1.2 (java windows)
Content-Length: 50
Content-Type: application/json; charset=utf-8
host: localhost:53094
accept: */*

Response DefaultHttpResponse(decodeResult: success, version: HTTP/1.1)
HTTP/1.1 200 OK
Content-Type: application/json; charset=utf-8
cache-control: no-cache
content-length: 14

15:41:36.120 [AsyncHttpClient-1-14] DEBUG org.asynchttpclient.netty.channel.ChannelManager - Adding key: http://localhost:53094 for channel [id: 0xd2977963, L:/127.0.0.1:64578 - R:localhost/127.0.0.1:53094]
15:41:36.124 [Forwarding screenshot on session b3b8bf8a5481a981b0bddf858b0141ee to remote] DEBUG org.asynchttpclient.netty.request.NettyRequestSender - Using pooled Channel '[id: 0xd2977963, L:/127.0.0.1:64578 - R:localhost/127.0.0.1:53094]' for 'GET' to 'http://localhost:53094/session/b3b8bf8a5481a981b0bddf858b0141ee/screenshot'
15:41:36.124 [Forwarding screenshot on session b3b8bf8a5481a981b0bddf858b0141ee to remote] DEBUG org.asynchttpclient.netty.request.NettyRequestSender - Using open Channel [id: 0xd2977963, L:/127.0.0.1:64578 - R:localhost/127.0.0.1:53094] for GET '/session/b3b8bf8a5481a981b0bddf858b0141ee/screenshot'
15:41:36.304 [AsyncHttpClient-1-14] DEBUG org.asynchttpclient.netty.handler.HttpHandler - 

Request DefaultFullHttpRequest(decodeResult: success, version: HTTP/1.1, content: EmptyByteBufBE)
GET /session/b3b8bf8a5481a981b0bddf858b0141ee/screenshot HTTP/1.1
User-Agent: selenium/4.1.2 (java windows)
Cache-Control: no-cache
Content-Type: application/json; charset=utf-8
host: localhost:53094
accept: */*

Response DefaultHttpResponse(decodeResult: success, version: HTTP/1.1)
HTTP/1.1 200 OK
Content-Type: application/json; charset=utf-8
cache-control: no-cache
content-length: 320708

15:41:36.305 [AsyncHttpClient-1-14] DEBUG org.asynchttpclient.netty.channel.ChannelManager - Adding key: http://localhost:53094 for channel [id: 0xd2977963, L:/127.0.0.1:64578 - R:localhost/127.0.0.1:53094]
15:41:36.313 [main] DEBUG net.serenitybdd.core.photography.Darkroom - Send negative for processing for target\site\serenity\cc841c4575dab994de90096825ab1745d6e6108033ac71a554f84d3df974a9a9.png
15:41:36.314 [main] DEBUG net.thucydides.core.steps.StepInterceptor - STEP DONE: clickLoginButton
15:41:36.314 [Darkroom Processing Line] DEBUG net.serenitybdd.core.photography.DarkroomProcessingLine - Processing screenshot image in /var/screenshots/screenshot-5894567097373144041
15:41:36.314 [Darkroom Processing Line] DEBUG net.serenitybdd.core.photography.DarkroomProcessingLine - Saving screenshot to target\site\serenity\cc841c4575dab994de90096825ab1745d6e6108033ac71a554f84d3df974a9a9.png
  &amp#27;[32mAnd &amp#27;[0m&amp#27;[32mclick login button&amp#27;[0m                                &amp#27;[90m# starter.stepdefinitions.LoginSteps.clickLoginButton()&amp#27;[0m
15:41:36.322 [main] DEBUG net.thucydides.core.steps.StepInterceptor - STARTING STEP: LoginSteps.stillOnTheLoginPage - headerAppears
15:41:36.323 [Forwarding findElement on session b3b8bf8a5481a981b0bddf858b0141ee to remote] DEBUG org.asynchttpclient.netty.request.NettyRequestSender - Using pooled Channel '[id: 0xd2977963, L:/127.0.0.1:64578 - R:localhost/127.0.0.1:53094]' for 'POST' to 'http://localhost:53094/session/b3b8bf8a5481a981b0bddf858b0141ee/element'
15:41:36.323 [Forwarding findElement on session b3b8bf8a5481a981b0bddf858b0141ee to remote] DEBUG org.asynchttpclient.netty.request.NettyRequestSender - Using open Channel [id: 0xd2977963, L:/127.0.0.1:64578 - R:localhost/127.0.0.1:53094] for POST '/session/b3b8bf8a5481a981b0bddf858b0141ee/element'
15:41:36.332 [AsyncHttpClient-1-14] DEBUG org.asynchttpclient.netty.handler.HttpHandler - 

Request DefaultHttpRequest(decodeResult: success, version: HTTP/1.1)
POST /session/b3b8bf8a5481a981b0bddf858b0141ee/element HTTP/1.1
User-Agent: selenium/4.1.2 (java windows)
Content-Length: 102
Content-Type: application/json; charset=utf-8
host: localhost:53094
accept: */*

Response DefaultHttpResponse(decodeResult: success, version: HTTP/1.1)
HTTP/1.1 200 OK
Content-Type: application/json; charset=utf-8
cache-control: no-cache
content-length: 88

15:41:36.332 [AsyncHttpClient-1-14] DEBUG org.asynchttpclient.netty.channel.ChannelManager - Adding key: http://localhost:53094 for channel [id: 0xd2977963, L:/127.0.0.1:64578 - R:localhost/127.0.0.1:53094]
15:41:36.335 [Forwarding isElementDisplayed on session b3b8bf8a5481a981b0bddf858b0141ee to remote] DEBUG org.asynchttpclient.netty.request.NettyRequestSender - Using pooled Channel '[id: 0xd2977963, L:/127.0.0.1:64578 - R:localhost/127.0.0.1:53094]' for 'POST' to 'http://localhost:53094/session/b3b8bf8a5481a981b0bddf858b0141ee/execute/sync'
15:41:36.335 [Forwarding isElementDisplayed on session b3b8bf8a5481a981b0bddf858b0141ee to remote] DEBUG org.asynchttpclient.netty.request.NettyRequestSender - Using open Channel [id: 0xd2977963, L:/127.0.0.1:64578 - R:localhost/127.0.0.1:53094] for POST '/session/b3b8bf8a5481a981b0bddf858b0141ee/execute/sync'
15:41:36.345 [AsyncHttpClient-1-14] DEBUG org.asynchttpclient.netty.handler.HttpHandler - 

Request DefaultHttpRequest(decodeResult: success, version: HTTP/1.1)
POST /session/b3b8bf8a5481a981b0bddf858b0141ee/execute/sync HTTP/1.1
User-Agent: selenium/4.1.2 (java windows)
Content-Length: 48780
Content-Type: application/json; charset=utf-8
host: localhost:53094
accept: */*

Response DefaultHttpResponse(decodeResult: success, version: HTTP/1.1)
HTTP/1.1 200 OK
Content-Type: application/json; charset=utf-8
cache-control: no-cache
content-length: 14

15:41:36.345 [AsyncHttpClient-1-14] DEBUG org.asynchttpclient.netty.channel.ChannelManager - Adding key: http://localhost:53094 for channel [id: 0xd2977963, L:/127.0.0.1:64578 - R:localhost/127.0.0.1:53094]
15:41:36.348 [main] DEBUG net.thucydides.core.steps.StepInterceptor - STEP DONE: headerAppears
15:41:36.352 [main] DEBUG net.thucydides.core.steps.StepInterceptor - STARTING STEP: LoginSteps.stillOnTheLoginPage - headerTextEqual
15:41:36.354 [Forwarding findElement on session b3b8bf8a5481a981b0bddf858b0141ee to remote] DEBUG org.asynchttpclient.netty.request.NettyRequestSender - Using pooled Channel '[id: 0xd2977963, L:/127.0.0.1:64578 - R:localhost/127.0.0.1:53094]' for 'POST' to 'http://localhost:53094/session/b3b8bf8a5481a981b0bddf858b0141ee/element'
15:41:36.354 [Forwarding findElement on session b3b8bf8a5481a981b0bddf858b0141ee to remote] DEBUG org.asynchttpclient.netty.request.NettyRequestSender - Using open Channel [id: 0xd2977963, L:/127.0.0.1:64578 - R:localhost/127.0.0.1:53094] for POST '/session/b3b8bf8a5481a981b0bddf858b0141ee/element'
15:41:36.362 [AsyncHttpClient-1-14] DEBUG org.asynchttpclient.netty.handler.HttpHandler - 

Request DefaultHttpRequest(decodeResult: success, version: HTTP/1.1)
POST /session/b3b8bf8a5481a981b0bddf858b0141ee/element HTTP/1.1
User-Agent: selenium/4.1.2 (java windows)
Content-Length: 102
Content-Type: application/json; charset=utf-8
host: localhost:53094
accept: */*

Response DefaultHttpResponse(decodeResult: success, version: HTTP/1.1)
HTTP/1.1 200 OK
Content-Type: application/json; charset=utf-8
cache-control: no-cache
content-length: 88

15:41:36.362 [AsyncHttpClient-1-14] DEBUG org.asynchttpclient.netty.channel.ChannelManager - Adding key: http://localhost:53094 for channel [id: 0xd2977963, L:/127.0.0.1:64578 - R:localhost/127.0.0.1:53094]
15:41:36.364 [Forwarding getElementText on session b3b8bf8a5481a981b0bddf858b0141ee to remote] DEBUG org.asynchttpclient.netty.request.NettyRequestSender - Using pooled Channel '[id: 0xd2977963, L:/127.0.0.1:64578 - R:localhost/127.0.0.1:53094]' for 'GET' to 'http://localhost:53094/session/b3b8bf8a5481a981b0bddf858b0141ee/element/3004e789-9540-4353-ba77-8f251633b66c/text'
15:41:36.364 [Forwarding getElementText on session b3b8bf8a5481a981b0bddf858b0141ee to remote] DEBUG org.asynchttpclient.netty.request.NettyRequestSender - Using open Channel [id: 0xd2977963, L:/127.0.0.1:64578 - R:localhost/127.0.0.1:53094] for GET '/session/b3b8bf8a5481a981b0bddf858b0141ee/element/3004e789-9540-4353-ba77-8f251633b66c/text'
15:41:36.381 [AsyncHttpClient-1-14] DEBUG org.asynchttpclient.netty.handler.HttpHandler - 

Request DefaultFullHttpRequest(decodeResult: success, version: HTTP/1.1, content: EmptyByteBufBE)
GET /session/b3b8bf8a5481a981b0bddf858b0141ee/element/3004e789-9540-4353-ba77-8f251633b66c/text HTTP/1.1
User-Agent: selenium/4.1.2 (java windows)
Cache-Control: no-cache
Content-Type: application/json; charset=utf-8
host: localhost:53094
accept: */*

Response DefaultHttpResponse(decodeResult: success, version: HTTP/1.1)
HTTP/1.1 200 OK
Content-Type: application/json; charset=utf-8
cache-control: no-cache
content-length: 17

15:41:36.381 [AsyncHttpClient-1-14] DEBUG org.asynchttpclient.netty.channel.ChannelManager - Adding key: http://localhost:53094 for channel [id: 0xd2977963, L:/127.0.0.1:64578 - R:localhost/127.0.0.1:53094]
15:41:36.384 [Forwarding screenshot on session b3b8bf8a5481a981b0bddf858b0141ee to remote] DEBUG org.asynchttpclient.netty.request.NettyRequestSender - Using pooled Channel '[id: 0xd2977963, L:/127.0.0.1:64578 - R:localhost/127.0.0.1:53094]' for 'GET' to 'http://localhost:53094/session/b3b8bf8a5481a981b0bddf858b0141ee/screenshot'
15:41:36.384 [Forwarding screenshot on session b3b8bf8a5481a981b0bddf858b0141ee to remote] DEBUG org.asynchttpclient.netty.request.NettyRequestSender - Using open Channel [id: 0xd2977963, L:/127.0.0.1:64578 - R:localhost/127.0.0.1:53094] for GET '/session/b3b8bf8a5481a981b0bddf858b0141ee/screenshot'
15:41:36.519 [AsyncHttpClient-1-14] DEBUG org.asynchttpclient.netty.handler.HttpHandler - 

Request DefaultFullHttpRequest(decodeResult: success, version: HTTP/1.1, content: EmptyByteBufBE)
GET /session/b3b8bf8a5481a981b0bddf858b0141ee/screenshot HTTP/1.1
User-Agent: selenium/4.1.2 (java windows)
Cache-Control: no-cache
Content-Type: application/json; charset=utf-8
host: localhost:53094
accept: */*

Response DefaultHttpResponse(decodeResult: success, version: HTTP/1.1)
HTTP/1.1 200 OK
Content-Type: application/json; charset=utf-8
cache-control: no-cache
content-length: 332144

15:41:36.520 [AsyncHttpClient-1-14] DEBUG org.asynchttpclient.netty.channel.ChannelManager - Adding key: http://localhost:53094 for channel [id: 0xd2977963, L:/127.0.0.1:64578 - R:localhost/127.0.0.1:53094]
15:41:36.529 [main] DEBUG net.serenitybdd.core.photography.Darkroom - Send negative for processing for target\site\serenity\ddbb662bdc688633458de9d3b076c5870abb587783e3a0854e564465afabc216.png
15:41:36.529 [main] DEBUG net.thucydides.core.steps.StepInterceptor - STEP DONE: headerTextEqual
  &amp#27;[32mThen &amp#27;[0m&amp#27;[32mI'm still on the login page&amp#27;[0m                      &amp#27;[90m# starter.stepdefinitions.LoginSteps.stillOnTheLoginPage()&amp#27;[0m
15:41:36.529 [Darkroom Processing Line] DEBUG net.serenitybdd.core.photography.DarkroomProcessingLine - Processing screenshot image in /var/screenshots/screenshot-7864362198655997780
15:41:36.529 [Darkroom Processing Line] DEBUG net.serenitybdd.core.photography.DarkroomProcessingLine - Saving screenshot to target\site\serenity\ddbb662bdc688633458de9d3b076c5870abb587783e3a0854e564465afabc216.png
15:41:36.533 [main] INFO  - 
  _____   ___   ___   _____     ___     _     ___   ___   ___   ___  
 |_   _| | __| / __| |_   _|   | _ \   /_\   / __| / __| | __| |   \ 
   | |   | _|  \__ \   | |     |  _/  / _ \  \__ \ \__ \ | _|  | |) |
   |_|   |___| |___/   |_|     |_|   /_/ \_\ |___/ |___/ |___| |___/ 

Failed login with empty username and password
----------------------------------------------------------------------
15:41:36.534 [AsyncHttpClient-1-16] DEBUG org.asynchttpclient.netty.handler.WebSocketHandler - Channel Closed: [id: 0x42414688, L:/127.0.0.1:64586 ! R:localhost/127.0.0.1:64579] with attribute NettyResponseFuture{currentRetry=5,
	isDone=1,
	isCancelled=0,
	asyncHandler=org.asynchttpclient.ws.WebSocketUpgradeHandler@18d23c92,
	nettyRequest=org.asynchttpclient.netty.request.NettyRequest@7289afbd,
	future=java.util.concurrent.CompletableFuture@60b1c62a[Completed normally],
	uri=ws://localhost:64579/devtools/browser/451eea54-e100-40ae-8b03-96cb005ae97c,
	keepAlive=true,
	redirectCount=0,
	timeoutsHolder=null,
	inAuth=0,
	touch=1648629677040}
15:41:36.534 [AsyncHttpClient-1-16] DEBUG org.asynchttpclient.netty.channel.ChannelManager - Closing Channel [id: 0x42414688, L:/127.0.0.1:64586 ! R:localhost/127.0.0.1:64579] 
15:41:36.534 [Driver Command Executor] DEBUG org.asynchttpclient.netty.request.NettyRequestSender - Using pooled Channel '[id: 0xd2977963, L:/127.0.0.1:64578 - R:localhost/127.0.0.1:53094]' for 'DELETE' to 'http://localhost:53094/session/b3b8bf8a5481a981b0bddf858b0141ee'
15:41:36.534 [Driver Command Executor] DEBUG org.asynchttpclient.netty.request.NettyRequestSender - Using open Channel [id: 0xd2977963, L:/127.0.0.1:64578 - R:localhost/127.0.0.1:53094] for DELETE '/session/b3b8bf8a5481a981b0bddf858b0141ee'
15:41:36.563 [AsyncHttpClient-1-15] DEBUG org.asynchttpclient.netty.handler.HttpHandler - Unexpected I/O exception on channel [id: 0x3eccce8e, L:/127.0.0.1:64585 - R:localhost/127.0.0.1:64579]
java.io.IOException: An existing connection was forcibly closed by the remote host
	at sun.nio.ch.SocketDispatcher.read0(Native Method)
	at sun.nio.ch.SocketDispatcher.read(SocketDispatcher.java:43)
	at sun.nio.ch.IOUtil.readIntoNativeBuffer(IOUtil.java:223)
	at sun.nio.ch.IOUtil.read(IOUtil.java:192)
	at sun.nio.ch.SocketChannelImpl.read(SocketChannelImpl.java:380)
	at io.netty.buffer.PooledByteBuf.setBytes(PooledByteBuf.java:258)
	at io.netty.buffer.AbstractByteBuf.writeBytes(AbstractByteBuf.java:1132)
	at io.netty.channel.socket.nio.NioSocketChannel.doReadBytes(NioSocketChannel.java:350)
	at io.netty.channel.nio.AbstractNioByteChannel$NioByteUnsafe.read(AbstractNioByteChannel.java:151)
	at io.netty.channel.nio.NioEventLoop.processSelectedKey(NioEventLoop.java:722)
	at io.netty.channel.nio.NioEventLoop.processSelectedKeysOptimized(NioEventLoop.java:658)
	at io.netty.channel.nio.NioEventLoop.processSelectedKeys(NioEventLoop.java:584)
	at io.netty.channel.nio.NioEventLoop.run(NioEventLoop.java:496)
	at io.netty.util.concurrent.SingleThreadEventExecutor$4.run(SingleThreadEventExecutor.java:986)
	at io.netty.util.internal.ThreadExecutorMap$2.run(ThreadExecutorMap.java:74)
	at io.netty.util.concurrent.FastThreadLocalRunnable.run(FastThreadLocalRunnable.java:30)
	at java.lang.Thread.run(Thread.java:748)
15:41:36.563 [AsyncHttpClient-1-15] DEBUG org.asynchttpclient.netty.channel.ChannelManager - Closing Channel [id: 0x3eccce8e, L:/127.0.0.1:64585 - R:localhost/127.0.0.1:64579] 
15:41:36.564 [AsyncHttpClient-1-15] DEBUG org.asynchttpclient.netty.handler.HttpHandler - Channel Closed: [id: 0x3eccce8e, L:/127.0.0.1:64585 ! R:localhost/127.0.0.1:64579] with attribute DISCARD
15:41:36.576 [AsyncHttpClient-1-14] DEBUG org.asynchttpclient.netty.handler.HttpHandler - 

Request DefaultFullHttpRequest(decodeResult: success, version: HTTP/1.1, content: EmptyByteBufBE)
DELETE /session/b3b8bf8a5481a981b0bddf858b0141ee HTTP/1.1
User-Agent: selenium/4.1.2 (java windows)
Content-Type: application/json; charset=utf-8
host: localhost:53094
accept: */*

Response DefaultHttpResponse(decodeResult: success, version: HTTP/1.1)
HTTP/1.1 200 OK
Content-Type: application/json; charset=utf-8
cache-control: no-cache
content-length: 14

15:41:36.577 [AsyncHttpClient-1-14] DEBUG org.asynchttpclient.netty.channel.ChannelManager - Adding key: http://localhost:53094 for channel [id: 0xd2977963, L:/127.0.0.1:64578 - R:localhost/127.0.0.1:53094]
15:41:36.622 [AsyncHttpClient-1-14] DEBUG org.asynchttpclient.netty.handler.HttpHandler - Channel Closed: [id: 0xd2977963, L:/127.0.0.1:64578 ! R:localhost/127.0.0.1:53094] with attribute DISCARD
15:41:36.716 [AsyncHttpClient-1-1] DEBUG org.asynchttpclient.netty.channel.DefaultChannelPool - Entry count for : http://localhost:64579 : 1
15:41:36.716 [AsyncHttpClient-1-1] DEBUG org.asynchttpclient.netty.channel.DefaultChannelPool - Entry count for : http://localhost:53094 : 1
15:41:36.716 [AsyncHttpClient-1-1] DEBUG org.asynchttpclient.netty.channel.DefaultChannelPool - Adding Candidate expired Channel [id: 0x3eccce8e, L:/127.0.0.1:64585 ! R:localhost/127.0.0.1:64579] isIdleTimeoutExpired=false isRemotelyClosed=true isTtlExpired=false
15:41:36.716 [AsyncHttpClient-1-1] DEBUG org.asynchttpclient.netty.channel.DefaultChannelPool - Closing Idle Channel [id: 0x3eccce8e, L:/127.0.0.1:64585 ! R:localhost/127.0.0.1:64579]
15:41:36.716 [AsyncHttpClient-1-1] DEBUG org.asynchttpclient.netty.channel.DefaultChannelPool - Adding Candidate expired Channel [id: 0xd2977963, L:/127.0.0.1:64578 ! R:localhost/127.0.0.1:53094] isIdleTimeoutExpired=false isRemotelyClosed=true isTtlExpired=false
15:41:36.716 [AsyncHttpClient-1-1] DEBUG org.asynchttpclient.netty.channel.DefaultChannelPool - Closing Idle Channel [id: 0xd2977963, L:/127.0.0.1:64578 ! R:localhost/127.0.0.1:53094]
15:41:36.716 [AsyncHttpClient-1-1] DEBUG org.asynchttpclient.netty.channel.DefaultChannelPool - Closed 2 connections out of 2 in 0 ms
]]></system-out>
    <system-err><![CDATA[Starting ChromeDriver 99.0.4844.51 (d537ec02474b5afe23684e7963d538896c63ac77-refs/branch-heads/4844@{#875}) on port 53094
Only local connections are allowed.
Please see https://chromedriver.chromium.org/security-considerations for suggestions on keeping ChromeDriver safe.
ChromeDriver was started successfully.
Mar 30, 2022 3:41:17 PM org.openqa.selenium.remote.ProtocolHandshake createSession
INFO: Detected dialect: W3C
Mar 30, 2022 3:41:17 PM org.openqa.selenium.devtools.CdpVersionFinder findNearestMatch
WARNING: Unable to find an exact match for CDP version 99, so returning the closest version found: 97
Mar 30, 2022 3:41:17 PM org.openqa.selenium.devtools.CdpVersionFinder findNearestMatch
INFO: Found CDP implementation for version 99 of 97
]]></system-err>
  </testcase>
</testsuite>